0.62423 0
1.26422 0
1.90422 0
2.54421 0
3.1842 0
3.82419 0
4.46419 0
5.10418 0
5.74417 0
6.38417 0
7.02416 0
7.66415 0
8.30415 0
8.94414 0
9.58413 0
10.2241 0
10.8641 0
11.5041 0
12.1441 0
12.7841 0
13.4241 0
14.0641 0
14.7041 0
15.3441 0
15.9841 0
16.6241 0
17.264 0
17.904 0
18.544 0
19.184 0
19.824 0
20.464 0
21.104 0
21.744 0
22.384 0
23.024 0
23.664 0
24.304 0
24.944 0
25.584 0
26.2239 0
26.8639 0
27.5039 0
28.1439 0
28.7839 0
29.4239 0
30.0639 0
30.7039 0
31.3439 0
31.9839 0
32.6239 0
33.2639 0
33.9039 0
34.5439 0
35.1838 0
35.8238 0
36.4638 0
37.1038 0
37.7438 0
38.3838 0
39.0238 0
39.6638 0
40.3038 0
40.9438 0
41.5838 0
42.2238 137.144
42.8638 135.279
43.5038 138.201
44.1438 183.612
44.7837 430.785
45.4237 1133.36
46.0637 2084.59
46.7037 2233.03
47.3437 1493.57
47.9837 591.719
48.6237 148.844
49.2637 38.3837
49.9037 18.778
50.5437 0
51.1837 0
51.8237 0
52.4637 0
53.1037 0
53.7436 0
54.3836 0
55.0236 0
55.6636 0
56.3036 0
56.9436 0
57.5836 0
58.2236 0
58.8636 0
59.5036 0
60.1436 0
60.7836 0
61.4236 0
62.0636 0
62.7035 0
63.3435 0
63.9835 0
64.6235 0
65.2635 0
65.9035 0
66.5435 0
67.1835 0
67.8235 0
68.4635 0
69.1035 0
69.7435 0
70.3835 16.2555
71.0235 16.1274
71.6634 15.9995
72.3034 15.8739
72.9434 15.7596
73.5834 15.6746
74.2234 15.6198
74.8634 15.581
75.5034 15.6669
76.1434 16.0715
76.7834 16.5429
77.4234 16.4079
78.0634 15.6451
78.7034 14.9167
79.3434 14.5303
79.9834 14.3423
80.6233 14.2064
81.2633 14.0777
81.9033 13.9495
82.5433 13.8214
83.1833 13.6936
83.8233 13.5694
84.4633 13.468
85.1033 13.4194
85.7433 13.2725
86.3833 12.4993
87.0233 11.0882
87.6633 10.3586
88.3033 10.9791
88.9433 11.885
89.5833 12.2658
90.2232 12.265
90.8632 12.1545
91.5032 12.0278
92.1432 11.8998
92.7832 0
93.4232 0
94.0632 0
94.7032 0
95.3432 0
95.9832 0
96.6232 0
97.2632 0
97.9032 0
98.5432 0
99.1831 0
99.8231 0
100.463 0
101.103 0
101.743 0
102.383 0
103.023 0
103.663 0
104.303 0
104.943 0
105.583 0
106.223 0
106.863 0
107.503 0
108.143 0
108.783 0
109.423 0
110.063 0
110.703 0
111.343 0
111.983 0
112.623 0
113.263 0
113.903 0
114.543 0
115.183 0
115.823 0
116.463 0
117.103 0
117.743 0
118.383 0
119.023 0
119.663 0
120.303 0
120.943 0
121.583 0
122.223 0
122.863 0
123.503 0
124.143 0
124.783 0
125.423 0
126.063 0
126.703 0
127.343 0
127.983 0
128.623 0
129.263 0
129.903 0
130.543 0
131.183 0
131.823 0
132.463 0
133.103 0
133.743 0
134.383 0
135.023 0
135.663 0
136.303 0
136.943 0
137.583 0
138.223 0
138.863 0
139.503 0
140.143 0
140.783 0
141.423 0
142.063 0
142.703 0
143.343 0
143.983 0
144.623 0
145.263 0
145.903 0
146.543 0
147.183 0
147.823 0
148.463 0
149.103 0
149.743 0
150.383 0
151.023 0
151.663 0
152.303 0
152.943 0
153.583 0
154.223 0
154.863 0
155.503 0
156.143 0
156.783 0
157.423 0
158.062 0
158.702 0
159.342 0
159.982 0
160.622 0
161.262 0
161.902 0
162.542 0
163.182 0
163.822 0
164.462 0
165.102 0
165.742 0
166.382 0
167.022 0
167.662 0
168.302 0
168.942 0
169.582 0
170.222 0
170.862 0
171.502 0
172.142 0
172.782 0
173.422 0
174.062 0
174.702 0
175.342 0
175.982 0
176.622 0
177.262 0
177.902 0
178.542 0
179.182 0
179.822 0
180.462 0
181.102 0
181.742 0
182.382 0
183.022 0
183.662 0
184.302 0
184.942 0
185.582 0
186.222 0
186.862 0
187.502 0
188.142 0
188.782 0
189.422 0
190.062 0
190.702 0
191.342 0
191.982 0
192.622 0
193.262 0
193.902 0
194.542 0
195.182 0
195.822 0
196.462 0
197.102 0
197.742 0
198.382 0
199.022 0
199.662 0
200.302 0
200.942 0
201.582 0
202.222 0
202.862 0
203.502 0
204.142 0
204.782 0
205.422 0
206.062 0
206.702 0
207.342 0
207.982 0
208.622 0
209.262 0
209.902 0
210.542 0
211.182 0
211.822 0
212.462 0
213.102 0
213.742 0
214.382 0
215.022 0
215.662 0
216.302 0
216.942 0
217.582 0
218.222 0
218.862 0
219.502 0
220.142 0
220.782 0
221.422 0
222.062 0
222.702 0
223.342 0
223.982 0
224.622 0
225.262 0
225.902 0
226.542 0
227.182 0
227.822 0
228.462 0
229.102 0
229.742 0
230.382 0
231.022 0
231.662 0
232.302 0
232.942 0
233.582 0
234.222 0
234.862 0
235.502 0
236.142 0
236.782 0
237.422 5.34016
238.062 5.29442
238.702 5.24982
239.342 5.21421
239.982 5.2202
240.622 5.32911
241.262 5.5355
241.902 5.65505
242.542 5.51237
243.182 5.21433
243.822 4.97764
244.462 4.85621
245.102 4.79296
245.742 4.74471
246.382 4.69868
247.022 0
247.662 0
248.302 0
248.941 0
249.581 0
250.221 0
250.861 0
251.501 0
252.141 0
252.781 0
253.421 0
254.061 0
254.701 0
255.341 0
255.981 0
256.621 0
257.261 0
257.901 0
258.541 0
259.181 0
259.821 0
260.461 0
261.101 0
261.741 0
262.381 0
263.021 0
263.661 0
264.301 0
264.941 0
265.581 0
266.221 0
266.861 0
267.501 0
268.141 0
268.781 0
269.421 0
270.061 0
270.701 0
271.341 0
271.981 0
272.621 2.0519
273.261 2.1547
273.901 2.2592
274.541 2.37859
275.181 2.57474
275.821 2.99116
276.461 3.69159
277.101 4.32891
277.741 4.37658
278.381 3.89551
279.021 3.43546
279.661 3.26917
280.301 3.29767
280.941 3.38795
281.581 3.48934
282.221 3.59192
282.861 0
283.501 0
284.141 0
284.781 0
285.421 0
286.061 0
286.701 0
287.341 0
287.981 0
288.621 0
289.261 0
289.901 0
290.541 3.95094
291.181 3.86054
291.821 3.77142
292.461 3.69246
293.101 3.66193
293.741 3.75856
294.381 3.9979
295.021 4.1694
295.661 4.01073
296.301 3.59607
296.941 3.21785
297.581 2.99649
298.221 2.87122
298.861 2.77508
299.501 2.68401
300.141 2.59348
300.781 0
301.421 0
302.061 0
302.701 0
303.341 0
303.981 0
304.621 0
305.261 0
305.901 0
306.541 0
307.181 0
307.821 0
308.461 0
309.101 0
309.741 0
310.381 0
311.021 0
311.661 0
312.301 0
312.941 0
313.581 0
314.221 0
314.861 0
315.501 0
316.141 0
316.781 0
317.421 0
318.061 0
318.701 0
319.341 0
319.981 0
320.621 0
321.261 0
321.901 0
322.541 0
323.181 0
323.821 0
324.461 0
325.101 0
325.741 0
326.381 0
327.021 0
327.661 0
328.301 0
328.941 0
329.581 0
330.221 0
330.861 0
331.501 0
332.141 0
332.781 0
333.421 0
334.061 0
334.701 0
335.341 0
335.981 0
336.621 0
337.261 0
337.901 0
338.541 0
339.181 0
339.82 0
340.46 0
341.1 0
341.74 0
342.38 0
343.02 0
343.66 0
344.3 0
344.94 0
345.58 0
346.22 0
346.86 0
347.5 2.76202
348.14 2.72349
348.78 2.70642
349.42 2.81992
350.06 3.40165
350.7 4.86646
351.34 6.80866
351.98 7.63768
352.62 6.45357
353.26 4.42039
353.9 3.01542
354.54 2.45285
355.18 2.29107
355.82 2.23269
356.46 2.19023
357.1 0
357.74 0
358.38 0
359.02 0
359.66 0
360.3 0
360.94 0
361.58 0
362.22 0
362.86 0
363.5 0
364.14 0
364.78 0
365.42 0
366.06 0
366.7 0
367.34 0
367.98 0
368.62 0
369.26 0
369.9 0
370.54 0
371.18 0
371.82 0
372.46 0
373.1 0
373.74 0
374.38 0
375.02 0
375.66 0
376.3 0
376.94 0
377.58 0
378.22 0
378.86 0
379.5 0
380.14 0
380.78 0
381.42 0
382.06 0
382.7 0
383.34 0
383.98 0
384.62 0
385.26 0
385.9 0
386.54 0
387.18 0
387.82 0
388.46 0
389.1 0
389.74 0
390.38 0
391.02 0
391.66 0
392.3 0
392.94 0
393.58 0
394.22 0
394.86 0
395.5 0
396.14 0
396.78 0
397.42 0
398.06 0
398.7 0
399.34 0
399.98 0
400.62 0
401.26 0
401.9 0
402.54 0
403.18 0
403.82 0
404.46 0
405.1 0
405.74 0
406.38 0
407.02 0
407.66 0
408.3 0
408.94 0
409.58 0
410.22 0
410.86 0
411.5 0
412.14 0
412.78 0
413.42 0
414.06 0
414.7 0
415.34 0
415.98 0
416.62 0
417.26 0
417.9 0
418.54 0
419.18 0
419.82 0
420.46 0
421.1 0
421.74 0
422.38 0
423.02 0
423.66 0
424.3 0
424.94 0
425.58 0
426.22 0
426.86 0
427.5 0
428.14 0
428.78 0
429.42 0
430.06 0
430.699 0
431.339 0
431.979 0
432.619 0
433.259 0
433.899 0
434.539 0
435.179 0
435.819 0
436.459 0
437.099 0
437.739 0
438.379 0
439.019 0
439.659 0
440.299 0
440.939 0
441.579 0
442.219 0
442.859 0
443.499 0
444.139 0
444.779 0
445.419 0
446.059 0
446.699 0
447.339 0
447.979 0
448.619 0
449.259 0
449.899 0
450.539 0
451.179 0
451.819 0
452.459 0
453.099 0
453.739 0
454.379 0
455.019 0
455.659 0
456.299 0
456.939 0
457.579 0
458.219 0
458.859 0
459.499 0
460.139 0
460.779 0
461.419 0
462.059 0
462.699 0
463.339 0
463.979 0
464.619 0
465.259 0
465.899 0
466.539 0
467.179 0
467.819 0
468.459 0
469.099 0
469.739 0
470.379 0
471.019 0
471.659 0
472.299 0
472.939 0
473.579 0
474.219 0
474.859 0
475.499 0
476.139 0
476.779 0
477.419 0
478.059 0
478.699 0
479.339 0
479.979 0
480.619 0
481.259 0
481.899 0
482.539 0
483.179 0
483.819 0
484.459 0
485.099 0
485.739 0
486.379 0
487.019 0
487.659 0
488.299 0
488.939 0
489.579 0
490.219 0
490.859 0
491.499 0
492.139 0
492.779 0
493.419 0
494.059 0
494.699 0
495.339 0
495.979 0
496.619 0
497.259 0
497.899 0
498.539 0
499.179 0
499.819 0
500.459 0
501.099 0
501.739 0
502.379 0
503.019 0
503.659 0
504.299 0
504.939 0
505.579 0
506.219 0
506.859 0
507.499 0
508.139 0
508.779 0
509.419 0
510.059 0
510.699 0
511.339 0
511.979 0
512.619 0
513.259 0
513.899 0
514.539 0
515.179 0
515.819 0
516.459 0
517.099 0
517.739 0
518.379 0
519.019 0
519.659 0
520.299 0
520.939 0
521.578 0
522.218 0
522.858 0
523.498 0
524.138 0
524.778 0
525.418 0
526.058 0
526.698 0
527.338 0
527.978 0
528.618 0
529.258 0
529.898 0
530.538 0
531.178 0
531.818 0
532.458 0
533.098 0
533.738 0
534.378 0
535.018 0
535.658 0
536.298 0
536.938 0
537.578 0
538.218 0
538.858 0
539.498 0
540.138 0
540.778 0
541.418 0
542.058 0
542.698 0
543.338 0
543.978 0
544.618 0
545.258 0
545.898 0
546.538 0
547.178 0
547.818 0
548.458 0
549.098 0
549.738 0
550.378 0
551.018 0
551.658 0
552.298 0
552.938 0
553.578 0
554.218 0
554.858 0
555.498 0
556.138 0
556.778 0
557.418 0
558.058 0
558.698 0
559.338 0
559.978 0
560.618 0
561.258 0
561.898 0
562.538 0
563.178 0
563.818 0
564.458 0
565.098 0
565.738 0
566.378 0
567.018 0
567.658 0
568.298 0
568.938 0
569.578 0
570.218 0
570.858 0
571.498 0
572.138 0
572.778 0
573.418 0
574.058 0
574.698 0
575.338 0
575.978 0
576.618 0
577.258 0
577.898 0
578.538 0.747857
579.178 0.748478
579.818 0.753868
580.458 0.785153
581.098 0.904783
581.738 1.19811
582.378 1.62975
583.018 1.9276
583.658 1.8262
584.298 1.42159
584.938 1.03569
585.578 0.831951
586.218 0.764638
586.858 0.750112
587.498 0.748023
588.138 0.747821
588.778 0
589.418 0
590.058 0
590.698 0
591.338 0
591.978 0
592.618 0
593.258 0
593.898 0
594.538 0
595.178 0
595.818 0
596.458 0
597.098 0
597.738 0
598.378 0
599.018 0
599.658 0
600.298 0
600.938 0
601.578 0
602.218 0
602.858 0
603.498 0
604.138 0
604.778 0.607682
605.418 0.611589
606.058 0.642389
606.698 0.805108
607.338 1.37256
607.978 2.63892
608.618 4.30966
609.258 5.24051
609.898 4.59036
610.538 2.96046
611.178 1.56307
611.818 0.8743
612.457 0.658636
613.097 0.614114
613.737 0.607946
614.377 0
615.017 0
615.657 0
616.297 0
616.937 0
617.577 0
618.217 0
618.857 0
619.497 0
620.137 0
620.777 0
621.417 0
622.057 0
622.697 0
623.337 0
623.977 0
624.617 0
625.257 0
625.897 0
626.537 0
627.177 0
627.817 0
628.457 0
629.097 0
629.737 0
630.377 0
631.017 0
631.657 0
632.297 0
632.937 0
633.577 0
634.217 0
634.857 0
635.497 0
636.137 0
636.777 0
637.417 0
638.057 0
638.697 0
639.337 0
639.977 0
640.617 0
641.257 0
641.897 0
642.537 0
643.177 0
643.817 0
644.457 0
645.097 0
645.737 0
646.377 0
647.017 0
647.657 0
648.297 0
648.937 0
649.577 0
650.217 0
650.857 0
651.497 0
652.137 0
652.777 0
653.417 0
654.057 0
654.697 0
655.337 0
655.977 0
656.617 0
657.257 0.933912
657.897 0.919272
658.537 0.937854
659.177 1.0967
659.817 1.62346
660.457 2.67031
661.097 3.85037
661.737 4.27636
662.377 3.54809
663.017 2.3025
663.657 1.38421
664.297 1.01957
664.937 0.964195
665.577 0.946629
666.217 0.860888
666.857 0.742156
667.497 0.650356
668.137 0.598457
668.777 0.569034
669.417 0.546936
670.057 0.526358
670.697 0
671.337 0
671.977 0
672.617 0
673.257 0
673.897 0
674.537 0
675.177 0
675.817 0
676.457 0
677.097 0
677.737 0
678.377 0
679.017 0
679.657 0
680.297 0
680.937 0
681.577 0
682.217 0
682.857 0
683.497 0
684.137 0
684.777 0
685.417 0
686.057 0
686.697 0
687.337 0
687.977 0
688.617 0
689.257 0
689.897 0
690.537 0
691.177 0
691.817 0
692.457 0
693.097 0
693.737 0
694.377 0
695.017 0
695.657 0
696.297 0
696.937 0
697.577 0
698.217 0
698.857 0
699.497 0
700.137 0
700.777 0
701.417 0
702.057 0
702.697 0
703.336 0
703.976 0
704.616 0
705.256 0
705.896 0
706.536 0
707.176 0
707.816 0
708.456 0
709.096 0
709.736 0
710.376 0
711.016 0
711.656 0
712.296 0
712.936 0
713.576 0
714.216 0
714.856 0
715.496 0
716.136 0
716.776 0
717.416 0
718.056 0
718.696 0
719.336 0
719.976 0
720.616 0
721.256 0
721.896 0
722.536 0
723.176 0
723.816 0
724.456 0
725.096 0
725.736 0
726.376 0
727.016 0
727.656 0
728.296 0
728.936 0
729.576 0
730.216 0
730.856 0
731.496 0
732.136 0
732.776 0
733.416 0
734.056 0
734.696 0
735.336 0
735.976 0
736.616 0
737.256 0
737.896 0
738.536 0
739.176 0
739.816 0
740.456 0
741.096 0
741.736 0
742.376 0
743.016 0
743.656 0
744.296 0
744.936 0
745.576 0
746.216 0
746.856 0
747.496 0
748.136 0
748.776 0
749.416 0
750.056 0
750.696 0
751.336 0
751.976 0
752.616 0
753.256 0
753.896 0
754.536 0
755.176 0
755.816 0
756.456 0
757.096 0
757.736 0
758.376 0
759.016 0
759.656 0
760.296 0
760.936 0
761.576 0
762.216 0
762.856 0
763.496 0
764.136 0
764.776 0
765.416 0
766.056 0
766.696 0
767.336 0
767.976 0
768.616 0
769.256 0
769.896 0
770.536 0
771.176 0
771.816 0
772.456 0
773.096 0
773.736 0
774.376 0
775.016 0
775.656 0
776.296 0
776.936 0
777.576 0
778.216 0
778.856 0
779.496 0
780.136 0
780.776 0
781.416 0
782.056 0
782.696 0
783.336 0
783.976 0
784.616 0
785.256 0
785.896 0
786.536 0
787.176 0
787.816 0
788.456 0
789.096 0
789.736 0
790.376 0
791.016 0
791.656 0
792.296 0
792.936 0
793.576 0
794.215 0
794.855 0
795.495 0
796.135 0
796.775 0
797.415 0
798.055 0
798.695 0
799.335 0
799.975 0
800.615 0
801.255 0
801.895 0
802.535 0
803.175 0
803.815 0
804.455 0
805.095 0
805.735 0
806.375 0
807.015 0
807.655 0
808.295 0
808.935 0
809.575 0
810.215 0
810.855 0
811.495 0
812.135 0
812.775 0
813.415 0
814.055 0
814.695 0
815.335 0
815.975 0
816.615 0
817.255 0
817.895 0
818.535 0
819.175 0
819.815 0
820.455 0
821.095 0
821.735 0
822.375 0
823.015 0
823.655 0
824.295 0
824.935 0
825.575 0
826.215 0
826.855 0
827.495 0
828.135 0
828.775 0
829.415 0
830.055 0
830.695 0
831.335 0
831.975 0
832.615 0
833.255 0
833.895 0
834.535 0
835.175 0
835.815 0
836.455 0
837.095 0
837.735 0
838.375 0
839.015 0
839.655 0
840.295 0
840.935 0
841.575 0
842.215 0
842.855 0
843.495 0
844.135 0
844.775 0
845.415 0
846.055 0
846.695 0
847.335 0
847.975 0
848.615 0
849.255 0
849.895 0
850.535 0
851.175 0
851.815 0
852.455 0
853.095 0
853.735 0
854.375 0
855.015 0
855.655 0
856.295 0
856.935 0
857.575 0
858.215 0
858.855 0
859.495 0
860.135 0
860.775 0
861.415 0
862.055 0
862.695 0
863.335 0
863.975 0
864.615 0
865.255 0
865.895 0
866.535 0
867.175 0
867.815 0
868.455 0
869.095 0
869.735 0
870.375 0
871.015 0
871.655 0
872.295 0
872.935 0
873.575 0
874.215 0
874.855 0
875.495 0
876.135 0
876.775 0
877.415 0
878.055 0
878.695 0
879.335 0
879.975 0
880.615 0
881.255 0
881.895 0
882.535 0
883.175 0
883.815 0
884.455 0
885.095 0
885.734 0
886.374 0
887.014 0
887.654 0
888.294 0
888.934 0
889.574 0
890.214 0
890.854 0
891.494 0
892.134 0
892.774 0
893.414 0
894.054 0
894.694 0
895.334 0
895.974 0
896.614 0
897.254 0
897.894 0
898.534 0
899.174 0
899.814 0
900.454 0
901.094 0
901.734 0
902.374 0
903.014 0
903.654 0
904.294 0
904.934 0
905.574 0
906.214 0
906.854 0
907.494 0
908.134 0
908.774 0
909.414 0
910.054 0
910.694 0
911.334 0
911.974 0
912.614 0
913.254 0
913.894 0
914.534 0
915.174 0
915.814 0
916.454 0
917.094 0
917.734 0
918.374 0
919.014 0
919.654 0
920.294 0
920.934 0
921.574 0
922.214 0
922.854 0
923.494 0
924.134 0
924.774 0
925.414 0
926.054 0
926.694 0
927.334 0
927.974 0
928.614 0
929.254 0
929.894 0
930.534 0
931.174 0
931.814 0
932.454 0
933.094 0
933.734 0
934.374 0
935.014 0
935.654 0
936.294 0
936.934 0
937.574 0
938.214 0
938.854 0
939.494 0
940.134 0
940.774 0
941.414 0
942.054 0
942.694 0
943.334 0
943.974 0
944.614 0
945.254 0
945.894 0
946.534 0
947.174 0
947.814 0
948.454 0
949.094 0
949.734 0
950.374 0
951.014 0
951.654 0
952.294 0
952.934 0
953.574 0
954.214 0
954.854 0
955.494 0
956.134 0
956.774 0
957.414 0
958.054 0
958.694 0
959.334 0
959.974 0
960.614 0
961.254 0
961.894 0
962.534 0
963.174 0
963.814 0
964.454 0
965.094 0
965.734 0
966.374 0
967.014 0
967.654 0
968.294 0
968.934 0
969.574 0
970.214 0
970.854 0
971.494 0
972.134 0
972.774 0
973.414 0
974.054 0
974.694 0
975.334 0
975.974 0
976.613 0
977.253 0
977.893 0
978.533 0
979.173 0
979.813 0
980.453 0
981.093 0
981.733 0
982.373 0
983.013 0
983.653 0
984.293 0
984.933 0
985.573 0
986.213 0
986.853 0
987.493 0
988.133 0
988.773 0
989.413 0
990.053 0
990.693 0
991.333 0
991.973 0
992.613 0
993.253 0
993.893 0
994.533 0
995.173 0
995.813 0
996.453 0
997.093 0
997.733 0
998.373 0
999.013 0
999.653 0
1000.29 0
1000.93 0
1001.57 0
1002.21 0
1002.85 0
1003.49 0
1004.13 0
1004.77 0
1005.41 0
1006.05 0
1006.69 0
1007.33 0
1007.97 0
1008.61 0
1009.25 0
1009.89 0
1010.53 0
1011.17 0
1011.81 0
1012.45 0
1013.09 0
1013.73 0
1014.37 0
1015.01 0
1015.65 0
1016.29 0
1016.93 0
1017.57 0
1018.21 0
1018.85 0
1019.49 0
1020.13 0
1020.77 0
1021.41 0
1022.05 0
1022.69 0
1023.33 0
1023.97 0
1024.61 0
1025.25 0
1025.89 0
1026.53 0
1027.17 0
1027.81 0
1028.45 0
1029.09 0
1029.73 0
1030.37 0
1031.01 0
1031.65 0
1032.29 0
1032.93 0
1033.57 0
1034.21 0
1034.85 0
1035.49 0
1036.13 0
1036.77 0
1037.41 0
1038.05 0
1038.69 0
1039.33 0
1039.97 0
1040.61 0
1041.25 0
1041.89 0
1042.53 0
1043.17 0
1043.81 0
1044.45 0
1045.09 0
1045.73 0
1046.37 0
1047.01 0
1047.65 0
1048.29 0
1048.93 0
1049.57 0
1050.21 0
1050.85 0
1051.49 0
1052.13 0
1052.77 0
1053.41 0
1054.05 0
1054.69 0
1055.33 0
1055.97 0
1056.61 0
1057.25 0
1057.89 0
1058.53 0
1059.17 0
1059.81 0
1060.45 0
1061.09 0
1061.73 0
1062.37 0
1063.01 0
1063.65 0
1064.29 0
1064.93 0
1065.57 0
1066.21 0
1066.85 0
1067.49 0
1068.13 0
1068.77 0
1069.41 0
1070.05 0
1070.69 0
1071.33 0
1071.97 0
1072.61 0
1073.25 0
1073.89 0
1074.53 0
1075.17 0
1075.81 0
1076.45 0
1077.09 0
1077.73 0
1078.37 0
1079.01 0
1079.65 0
1080.29 0
1080.93 0
1081.57 0
1082.21 0
1082.85 0
1083.49 0
1084.13 0
1084.77 0
1085.41 0
1086.05 0
1086.69 0
1087.33 0
1087.97 0
1088.61 0
1089.25 0
1089.89 0
1090.53 0
1091.17 0
1091.81 0
1092.45 0
1093.09 0
1093.73 0
1094.37 0
1095.01 0
1095.65 0
1096.29 0
1096.93 0
1097.57 0
1098.21 0
1098.85 0
1099.49 0
1100.13 0
1100.77 0
1101.41 0
1102.05 0
1102.69 0
1103.33 0
1103.97 0
1104.61 0
1105.25 0
1105.89 0
1106.53 0
1107.17 0
1107.81 0
1108.45 0
1109.09 0
1109.73 0
1110.37 0
1111.01 0
1111.65 0
1112.29 0
1112.93 0
1113.57 0
1114.21 0
1114.85 0
1115.49 0.452205
1116.13 0.454356
1116.77 0.466433
1117.41 0.515755
1118.05 0.660485
1118.69 0.958629
1119.33 1.36767
1119.97 1.68337
1120.61 1.6844
1121.25 1.3702
1121.89 0.961362
1122.53 0.662411
1123.17 0.516698
1123.81 0.46676
1124.45 0.454437
1125.09 0.45222
1125.73 0
1126.37 0
1127.01 0
1127.65 0
1128.29 0
1128.93 0
1129.57 0
1130.21 0
1130.85 0
1131.49 0
1132.13 0
1132.77 0
1133.41 0
1134.05 0
1134.69 0
1135.33 0
1135.97 0
1136.61 0
1137.25 0
1137.89 0
1138.53 0
1139.17 0
1139.81 0
1140.45 0
1141.09 0
1141.73 0
1142.37 0
1143.01 0
1143.65 0
1144.29 0
1144.93 0
1145.57 0
1146.21 0
1146.85 0
1147.49 0
1148.13 0
1148.77 0
1149.41 0
1150.05 0
1150.69 0.277833
1151.33 0.279763
1151.97 0.28895
1152.61 0.32076
1153.25 0.399563
1153.89 0.534772
1154.53 0.682654
1155.17 0.754333
1155.81 0.697
1156.45 0.553441
1157.09 0.413244
1157.73 0.327451
1158.37 0.291252
1159.01 0.280333
1159.65 0.277937
1160.29 0
1160.93 0
1161.57 0
1162.21 0
1162.85 0
1163.49 0
1164.13 0
1164.77 0
1165.41 0
1166.05 0
1166.69 0
1167.33 0
1167.97 0
1168.61 0.382008
1169.25 0.387714
1169.89 0.415861
1170.53 0.517194
1171.17 0.779573
1171.81 1.25434
1172.45 1.8139
1173.09 2.14174
1173.73 2.00174
1174.37 1.49882
1175.01 0.958798
1175.65 0.604901
1176.29 0.446082
1176.93 0.395222
1177.57 0.38337
1178.21 0.381339
1178.85 0
1179.49 0
1180.13 0
1180.77 0
1181.41 0
1182.05 0
1182.69 0
1183.33 0
1183.97 0
1184.61 0
1185.25 0
1185.89 0
1186.53 0
1187.17 0
1187.81 0
1188.45 0
1189.09 0
1189.73 0
1190.37 0
1191.01 0
1191.65 0
1192.29 0
1192.93 0
1193.57 0
1194.21 0
1194.85 0
1195.49 0
1196.13 0
1196.77 0
1197.41 0
1198.05 0
1198.69 0
1199.33 0
1199.97 0
1200.61 0
1201.25 0
1201.89 0
1202.53 0
1203.17 0
1203.81 0
1204.45 0
1205.09 0
1205.73 0
1206.37 0
1207.01 0
1207.65 0
1208.29 0
1208.93 0
1209.57 0
1210.21 0
1210.85 0
1211.49 0
1212.13 0
1212.77 0
1213.41 0
1214.05 0
1214.69 0
1215.33 0
1215.97 0
1216.61 0
1217.25 0
1217.89 0
1218.53 0
1219.17 0
1219.81 0
1220.45 0
1221.09 0
1221.73 0
1222.37 0
1223.01 0
1223.65 0
1224.29 0
1224.93 0
1225.57 0
1226.21 0
1226.85 0
1227.49 0
1228.13 0
1228.77 0
1229.41 0
1230.05 0
1230.69 0
1231.33 0
1231.97 0
1232.61 0
1233.25 0
1233.89 0
1234.53 0
1235.17 0
1235.81 0
1236.45 0
1237.09 0
1237.73 0
1238.37 0
1239.01 0
1239.65 0
1240.29 0
1240.93 0
1241.57 0
1242.21 0
1242.85 0
1243.49 0
1244.13 0
1244.77 0
1245.41 0
1246.05 0
1246.69 0
1247.33 0
1247.97 0
1248.61 0
1249.25 0
1249.89 0
1250.53 0
1251.17 0
1251.81 0
1252.45 0
1253.09 0
1253.73 0
1254.37 0
1255.01 0
1255.65 0
1256.29 0
1256.93 0
1257.57 0
1258.21 0
1258.85 0
1259.49 0
1260.13 0
1260.77 0
1261.41 0
1262.05 0
1262.69 0
1263.33 0
1263.97 0
1264.61 0
1265.25 0
1265.89 0
1266.53 0
1267.17 0
1267.81 0
1268.45 0
1269.09 0
1269.73 0
1270.37 0
1271.01 0
1271.65 0
1272.29 0
1272.93 0
1273.57 0
1274.21 0
1274.85 0
1275.49 0
1276.13 0.395169
1276.77 0.394864
1277.41 0.393307
1278.05 0.387423
1278.69 0.371133
1279.33 0.338831
1279.97 0.295165
1280.61 0.260636
1281.25 0.257957
1281.89 0.28905
1282.53 0.332928
1283.17 0.36749
1283.81 0.385852
1284.45 0.392817
1285.09 0.394751
1285.73 0.39515
1286.37 0
1287.01 0
1287.65 0
1288.29 0
1288.93 0
1289.57 0
1290.21 0
1290.85 0
1291.49 0
1292.13 0
1292.77 0
1293.41 0
1294.05 0
1294.69 0
1295.33 0
1295.97 0
1296.61 0
1297.25 0
1297.89 0
1298.53 0
1299.17 0
1299.81 0
1300.45 0
1301.09 0
1301.73 0
1302.37 0
1303.01 0
1303.65 0
1304.29 0
1304.93 0
1305.57 0
1306.21 0
1306.85 0
1307.49 0
1308.13 0
1308.77 0
1309.41 0
1310.05 0
1310.69 0
1311.33 0
1311.97 0
1312.61 0
1313.25 0
1313.89 0
1314.53 0
1315.17 0
1315.81 0
1316.45 0
1317.09 0
1317.73 0
1318.37 0
1319.01 0
1319.65 0
1320.29 0
1320.93 0
1321.57 0
1322.21 0
1322.85 0
1323.49 0
1324.13 0
1324.77 0
1325.41 0
1326.05 0
1326.69 0
1327.33 0
1327.97 0.0916909
1328.61 0.105352
1329.25 0.163428
1329.89 0.346416
1330.53 0.766971
1331.17 1.44951
1331.81 2.1698
1332.45 2.51498
1333.09 2.24558
1333.73 1.551
1334.37 0.844989
1335.01 0.387214
1335.65 0.178732
1336.29 0.109568
1336.93 0.0925549
1337.57 0
1338.21 0
1338.85 0
1339.49 0
1340.13 0
1340.77 0
1341.41 0
1342.05 0
1342.69 0
1343.33 0
1343.97 0
1344.61 0
1345.25 0
1345.89 0
1346.53 0
1347.17 0
1347.81 0
1348.45 0
1349.09 0
1349.73 0
1350.37 0
1351.01 0
1351.65 0
1352.29 0
1352.93 0
1353.57 0
1354.21 0
1354.85 0
1355.49 0
1356.13 0
1356.77 0
1357.41 0
1358.05 0
1358.69 0
1359.33 0
1359.97 0
1360.61 0
1361.25 0
1361.89 0
1362.53 0
1363.17 0
1363.81 0
1364.45 0
1365.09 0
1365.73 0
1366.37 0
1367.01 0
1367.65 0
1368.29 0
1368.93 0
1369.57 0
1370.21 0
1370.85 0
1371.49 0
1372.13 0
1372.77 0
1373.41 0
1374.05 0
1374.69 0
1375.33 0
1375.97 0
1376.61 0
1377.25 0
1377.89 0
1378.53 0
1379.17 0
1379.81 0
1380.45 0
1381.09 0
1381.73 0
1382.37 0
1383.01 0
1383.65 0
1384.29 0
1384.93 0
1385.57 0
1386.21 0
1386.85 0
1387.49 0
1388.13 0
1388.77 0
1389.41 0
1390.05 0
1390.69 0
1391.33 0
1391.97 0
1392.61 0
1393.25 0
1393.89 0
1394.53 0
1395.17 0
1395.81 0
1396.45 0
1397.09 0
1397.73 0
1398.37 0
1399.01 0
1399.65 0
1400.29 0
1400.93 0
1401.57 0
1402.21 0
1402.85 0
1403.49 0
1404.13 0
1404.77 0
1405.41 0
1406.05 0
1406.69 0
1407.33 0
1407.97 0
1408.61 0
1409.25 0
1409.89 0
1410.53 0
1411.17 0
1411.81 0
1412.45 0
1413.09 0
1413.73 0
1414.37 0
1415.01 0
1415.65 0
1416.29 0
1416.93 0
1417.57 0
1418.21 0
1418.85 0
1419.49 0
1420.13 0
1420.77 0
1421.41 0
1422.05 0
1422.69 0
1423.33 0
1423.97 0
1424.61 0
1425.25 0
1425.89 0
1426.53 0
1427.17 0
1427.81 0
1428.45 0
1429.09 0
1429.73 0
1430.37 0
1431.01 0
1431.65 0
1432.29 0
1432.93 0
1433.57 0
1434.21 0
1434.85 0
1435.49 0
1436.13 0
1436.77 0
1437.41 0
1438.05 0
1438.69 0
1439.33 0
1439.97 0
1440.61 0
1441.25 0
1441.89 0
1442.53 0
1443.17 0
1443.81 0
1444.45 0
1445.09 0
1445.73 0
1446.37 0
1447.01 0
1447.65 0
1448.29 0
1448.93 0
1449.57 0
1450.21 0
1450.85 0
1451.49 0
1452.13 0
1452.77 0
1453.41 0
1454.05 0
1454.69 0
1455.33 0
1455.97 0.157553
1456.61 0.177723
1457.25 0.269659
1457.89 0.585731
1458.53 1.39582
1459.17 2.90981
1459.81 4.87421
1460.45 6.39561
1461.09 6.52694
1461.73 5.1794
1462.37 3.215
1463.01 1.59438
1463.65 0.677619
1464.29 0.300965
1464.93 0.18571
1465.57 0.159093
1466.21 0
1466.85 0
1467.49 0
1468.13 0
1468.77 0
1469.41 0
1470.05 0
1470.69 0
1471.33 0
1471.97 0
1472.61 0
1473.25 0
1473.89 0
1474.53 0
1475.17 0
1475.81 0
1476.45 0
1477.09 0
1477.73 0
1478.37 0
1479.01 0
1479.65 0
1480.29 0
1480.93 0
1481.57 0
1482.21 0
1482.85 0
1483.49 0
1484.13 0
1484.77 0
1485.41 0
1486.05 0
1486.69 0
1487.33 0
1487.97 0
1488.61 0
1489.25 0
1489.89 0
1490.53 0
1491.17 0
1491.81 0
1492.45 0
1493.09 0
1493.73 0
1494.37 0
1495.01 0
1495.65 0
1496.29 0
1496.93 0
1497.57 0
1498.21 0
1498.85 0
1499.49 0
1500.13 0
1500.77 0
1501.41 0
1502.05 0
1502.69 0
1503.33 0
1503.97 0
1504.61 0
1505.25 0
1505.89 0
1506.53 0
1507.17 0
1507.81 0
1508.45 0
1509.09 0
1509.73 0
1510.37 0
1511.01 0
1511.65 0
1512.29 0
1512.93 0
1513.57 0
1514.21 0
1514.85 0
1515.49 0
1516.13 0
1516.77 0
1517.41 0
1518.05 0
1518.69 0
1519.33 0
1519.97 0
1520.61 0
1521.25 0
1521.89 0
1522.53 0
1523.17 0
1523.81 0
1524.45 0
1525.09 0
1525.73 0
1526.37 0
1527.01 0
1527.65 0
1528.29 0
1528.93 0
1529.57 0
1530.21 0
1530.85 0
1531.49 0
1532.13 0
1532.77 0
1533.41 0
1534.05 0
1534.69 0
1535.33 0
1535.97 0
1536.61 0
1537.25 0
1537.89 0
1538.53 0
1539.17 0
1539.81 0
1540.45 0
1541.09 0
1541.73 0
1542.37 0
1543.01 0
1543.65 0
1544.29 0
1544.93 0
1545.57 0
1546.21 0
1546.85 0
1547.49 0
1548.13 0
1548.77 0
1549.41 0
1550.05 0
1550.69 0
1551.33 0
1551.97 0
1552.61 0
1553.25 0
1553.89 0
1554.53 0
1555.17 0
1555.81 0
1556.45 0
1557.09 0
1557.73 0
1558.37 0
1559.01 0
1559.65 0
1560.29 0
1560.93 0
1561.57 0
1562.21 0
1562.85 0
1563.49 0
1564.13 0
1564.77 0
1565.41 0
1566.05 0
1566.69 0
1567.33 0
1567.97 0
1568.61 0
1569.25 0
1569.89 0
1570.53 0
1571.17 0
1571.81 0
1572.45 0
1573.09 0
1573.73 0
1574.37 0
1575.01 0
1575.65 0
1576.29 0
1576.93 0
1577.57 0
1578.21 0
1578.85 0
1579.49 0
1580.13 0
1580.77 0
1581.41 0
1582.05 0
1582.69 0
1583.33 0
1583.97 0
1584.61 0
1585.25 0
1585.89 0
1586.53 0
1587.17 0
1587.81 0
1588.45 0
1589.09 0
1589.73 0
1590.37 0
1591.01 0
1591.65 0
1592.29 0
1592.93 0
1593.57 0
1594.21 0
1594.85 0
1595.49 0
1596.13 0
1596.77 0
1597.41 0
1598.05 0
1598.69 0
1599.33 0
1599.97 0
1600.61 0
1601.25 0
1601.89 0
1602.53 0
1603.17 0
1603.81 0
1604.45 0
1605.09 0
1605.73 0
1606.37 0
1607.01 0
1607.65 0
1608.29 0
1608.93 0
1609.57 0
1610.21 0
1610.85 0
1611.49 0
1612.13 0
1612.77 0
1613.41 0
1614.05 0
1614.69 0
1615.33 0
1615.97 0
1616.61 0
1617.25 0
1617.89 0
1618.53 0
1619.17 0
1619.81 0
1620.45 0
1621.09 0
1621.73 0
1622.37 0
1623.01 0
1623.65 0
1624.29 0
1624.93 0
1625.57 0
1626.21 0
1626.85 0
1627.49 0
1628.13 0
1628.77 0
1629.41 0
1630.05 0
1630.69 0
1631.33 0
1631.97 0
1632.61 0
1633.25 0
1633.89 0
1634.53 0
1635.17 0
1635.81 0
1636.45 0
1637.09 0
1637.73 0
1638.37 0
1639.01 0
1639.65 0
1640.29 0
1640.93 0
1641.57 0
1642.21 0
1642.85 0
1643.49 0
1644.13 0
1644.77 0
1645.41 0
1646.05 0
1646.69 0
1647.33 0
1647.97 0
1648.61 0
1649.25 0
1649.89 0
1650.53 0
1651.17 0
1651.81 0
1652.45 0
1653.09 0
1653.73 0
1654.37 0
1655.01 0
1655.65 0
1656.29 0
1656.93 0
1657.57 0
1658.21 0
1658.85 0
1659.49 0
1660.13 0
1660.77 0
1661.41 0
1662.05 0
1662.69 0
1663.33 0
1663.97 0
1664.61 0
1665.25 0
1665.89 0
1666.53 0
1667.17 0
1667.81 0
1668.45 0
1669.09 0
1669.73 0
1670.37 0
1671.01 0
1671.65 0
1672.29 0
1672.93 0
1673.57 0
1674.21 0
1674.85 0
1675.49 0
1676.13 0
1676.77 0
1677.41 0
1678.05 0
1678.69 0
1679.33 0
1679.97 0
1680.61 0
1681.25 0
1681.89 0
1682.53 0
1683.17 0
1683.81 0
1684.45 0
1685.09 0
1685.73 0
1686.37 0
1687.01 0
1687.65 0
1688.29 0
1688.93 0
1689.57 0
1690.21 0
1690.85 0
1691.49 0
1692.13 0
1692.77 0
1693.41 0
1694.05 0
1694.69 0
1695.33 0
1695.97 0
1696.61 0
1697.25 0
1697.89 0
1698.53 0
1699.17 0
1699.81 0
1700.45 0
1701.09 0
1701.73 0
1702.37 0
1703.01 0
1703.65 0
1704.29 0
1704.93 0
1705.57 0
1706.21 0
1706.85 0
1707.49 0
1708.13 0
1708.77 0
1709.41 0
1710.05 0
1710.69 0
1711.33 0
1711.97 0
1712.61 0
1713.25 0
1713.89 0
1714.53 0
1715.17 0
1715.81 0
1716.45 0
1717.09 0
1717.73 0
1718.37 0
1719.01 0
1719.65 0
1720.29 0
1720.93 0
1721.57 0
1722.21 0
1722.85 0
1723.49 0
1724.13 0
1724.77 0
1725.41 0
1726.05 0
1726.69 0
1727.33 0
1727.97 0
1728.61 0
1729.25 0
1729.89 0
1730.53 0
1731.17 0
1731.81 0
1732.45 0
1733.09 0
1733.73 0
1734.37 0
1735.01 0
1735.65 0
1736.29 0
1736.93 0
1737.57 0
1738.21 0
1738.85 0
1739.49 0
1740.13 0
1740.77 0
1741.41 0
1742.05 0
1742.69 0
1743.33 0
1743.97 0
1744.61 0
1745.25 0
1745.89 0
1746.53 0
1747.17 0
1747.81 0
1748.45 0
1749.08 0
1749.72 0
1750.36 0
1751 0
1751.64 0
1752.28 0
1752.92 0
1753.56 0
1754.2 0
1754.84 0
1755.48 0
1756.12 0
1756.76 0
1757.4 0
1758.04 0
1758.68 0
1759.32 0
1759.96 0.00442441
1760.6 0.0204589
1761.24 0.0749301
1761.88 0.217331
1762.52 0.499251
1763.16 0.908465
1763.8 1.30964
1764.44 1.49594
1765.08 1.35412
1765.72 0.971509
1766.36 0.552518
1767 0.249127
1767.64 0.0890711
1768.28 0.0252567
1768.92 0.00568193
1769.56 0
1770.2 0
1770.84 0
1771.48 0
1772.12 0
1772.76 0
1773.4 0
1774.04 0
1774.68 0
1775.32 0
1775.96 0
1776.6 0
1777.24 0
1777.88 0
1778.52 0
1779.16 0
1779.8 0
1780.44 0
1781.08 0
1781.72 0
1782.36 0
1783 0
1783.64 0
1784.28 0
1784.92 0
1785.56 0
1786.2 0
1786.84 0
1787.48 0
1788.12 0
1788.76 0
1789.4 0
1790.04 0
1790.68 0
1791.32 0
1791.96 0
1792.6 0
1793.24 0
1793.88 0
1794.52 0
1795.16 0
1795.8 0
1796.44 0
1797.08 0
1797.72 0
1798.36 0
1799 0
1799.64 0
1800.28 0
1800.92 0
1801.56 0
1802.2 0
1802.84 0
1803.48 0
1804.12 0
1804.76 0
1805.4 0
1806.04 0
1806.68 0
1807.32 0
1807.96 0
1808.6 0
1809.24 0
1809.88 0
1810.52 0
1811.16 0
1811.8 0
1812.44 0
1813.08 0
1813.72 0
1814.36 0
1815 0
1815.64 0
1816.28 0
1816.92 0
1817.56 0
1818.2 0
1818.84 0
1819.48 0
1820.12 0
1820.76 0
1821.4 0
1822.04 0
1822.68 0
1823.32 0
1823.96 0
1824.6 0
1825.24 0
1825.88 0
1826.52 0
1827.16 0
1827.8 0
1828.44 0
1829.08 0
1829.72 0
1830.36 0
1831 0
1831.64 0
1832.28 0
1832.92 0
1833.56 0
1834.2 0
1834.84 0
1835.48 0
1836.12 0
1836.76 0
1837.4 0
1838.04 0
1838.68 0
1839.32 0
1839.96 0
1840.6 0
1841.24 0
1841.88 0
1842.52 0
1843.16 0
1843.8 0
1844.44 0
1845.08 0
1845.72 0
1846.36 0
1847 0
1847.64 0
1848.28 0
1848.92 0
1849.56 0
1850.2 0
1850.84 0
1851.48 0
1852.12 0
1852.76 0
1853.4 0
1854.04 0
1854.68 0
1855.32 0
1855.96 0
1856.6 0
1857.24 0
1857.88 0
1858.52 0
1859.16 0
1859.8 0
1860.44 0
1861.08 0
1861.72 0
1862.36 0
1863 0
1863.64 0
1864.28 0
1864.92 0
1865.56 0
1866.2 0
1866.84 0
1867.48 0
1868.12 0
1868.76 0
1869.4 0
1870.04 0
1870.68 0
1871.32 0
1871.96 0
1872.6 0
1873.24 0
1873.88 0
1874.52 0
1875.16 0
1875.8 0
1876.44 0
1877.08 0
1877.72 0
1878.36 0
1879 0
1879.64 0
1880.28 0
1880.92 0
1881.56 0
1882.2 0
1882.84 0
1883.48 0
1884.12 0
1884.76 0
1885.4 0
1886.04 0
1886.68 0
1887.32 0
1887.96 0
1888.6 0
1889.24 0
1889.88 0
1890.52 0
1891.16 0
1891.8 0
1892.44 0
1893.08 0
1893.72 0
1894.36 0
1895 0
1895.64 0
1896.28 0
1896.92 0
1897.56 0
1898.2 0
1898.84 0
1899.48 0
1900.12 0
1900.76 0
1901.4 0
1902.04 0
1902.68 0
1903.32 0
1903.96 0
1904.6 0
1905.24 0
1905.88 0
1906.52 0
1907.16 0
1907.8 0
1908.44 0
1909.08 0
1909.72 0
1910.36 0
1911 0
1911.64 0
1912.28 0
1912.92 0
1913.56 0
1914.2 0
1914.84 0
1915.48 0
1916.12 0
1916.76 0
1917.4 0
1918.04 0
1918.68 0
1919.32 0
1919.96 0
1920.6 0
1921.24 0
1921.88 0
1922.52 0
1923.16 0
1923.8 0
1924.44 0
1925.08 0
1925.72 0
1926.36 0
1927 0
1927.64 0
1928.28 0
1928.92 0
1929.56 0
1930.2 0
1930.84 0
1931.48 0
1932.12 0
1932.76 0
1933.4 0
1934.04 0
1934.68 0
1935.32 0
1935.96 0
1936.6 0
1937.24 0
1937.88 0
1938.52 0
1939.16 0
1939.8 0
1940.44 0
1941.08 0
1941.72 0
1942.36 0
1943 0
1943.64 0
1944.28 0
1944.92 0
1945.56 0
1946.2 0
1946.84 0
1947.48 0
1948.12 0
1948.76 0
1949.4 0
1950.04 0
1950.68 0
1951.32 0
1951.96 0
1952.6 0
1953.24 0
1953.88 0
1954.52 0
1955.16 0
1955.8 0
1956.44 0
1957.08 0
1957.72 0
1958.36 0
1959 0
1959.64 0
1960.28 0
1960.92 0
1961.56 0
1962.2 0
1962.84 0
1963.48 0
1964.12 0
1964.76 0
1965.4 0
1966.04 0
1966.68 0
1967.32 0
1967.96 0
1968.6 0
1969.24 0
1969.88 0
1970.52 0
1971.16 0
1971.8 0
1972.44 0
1973.08 0
1973.72 0
1974.36 0
1975 0
1975.64 0
1976.28 0
1976.92 0
1977.56 0
1978.2 0
1978.84 0
1979.48 0
1980.12 0
1980.76 0
1981.4 0
1982.04 0
1982.68 0
1983.32 0
1983.96 0
1984.6 0
1985.24 0
1985.88 0
1986.52 0
1987.16 0
1987.8 0
1988.44 0
1989.08 0
1989.72 0
1990.36 0
1991 0
1991.64 0
1992.28 0
1992.92 0
1993.56 0
1994.2 0
1994.84 0
1995.48 0
1996.12 0
1996.76 0
1997.4 0
1998.04 0
1998.68 0
1999.32 0
1999.96 0
2000.6 0
2001.24 0
2001.88 0
2002.52 0
2003.16 0
2003.8 0
2004.44 0
2005.08 0
2005.72 0
2006.36 0
2007 0
2007.64 0
2008.28 0
2008.92 0
2009.56 0
2010.2 0
2010.84 0
2011.48 0
2012.12 0
2012.76 0
2013.4 0
2014.04 0
2014.68 0
2015.32 0
2015.96 0
2016.6 0
2017.24 0
2017.88 0
2018.52 0
2019.16 0
2019.8 0
2020.44 0
2021.08 0
2021.72 0
2022.36 0
2023 0
2023.64 0
2024.28 0
2024.92 0
2025.56 0
2026.2 0
2026.84 0
2027.48 0
2028.12 0
2028.76 0
2029.4 0
2030.04 0
2030.68 0
2031.32 0
2031.96 0
2032.6 0
2033.24 0
2033.88 0
2034.52 0
2035.16 0
2035.8 0
2036.44 0
2037.08 0
2037.72 0
2038.36 0
2039 0
2039.64 0
2040.28 0
2040.92 0
2041.56 0
2042.2 0
2042.84 0
2043.48 0
2044.12 0
2044.76 0
2045.4 0
2046.04 0
2046.68 0
2047.32 0
2047.96 0
2048.6 0
2049.24 0
2049.88 0
2050.52 0
2051.16 0
2051.8 0
2052.44 0
2053.08 0
2053.72 0
2054.36 0
2055 0
2055.64 0
2056.28 0
2056.92 0
2057.56 0
2058.2 0
2058.84 0
2059.48 0
2060.12 0
2060.76 0
2061.4 0
2062.04 0
2062.68 0
2063.32 0
2063.96 0
2064.6 0
2065.24 0
2065.88 0
2066.52 0
2067.16 0
2067.8 0
2068.44 0
2069.08 0
2069.72 0
2070.36 0
2071 0
2071.64 0
2072.28 0
2072.92 0
2073.56 0
2074.2 0
2074.84 0
2075.48 0
2076.12 0
2076.76 0
2077.4 0
2078.04 0
2078.68 0
2079.32 0
2079.96 0
2080.6 0
2081.24 0
2081.88 0
2082.52 0
2083.16 0
2083.8 0
2084.44 0
2085.08 0
2085.72 0
2086.36 0
2087 0
2087.64 0
2088.28 0
2088.92 0
2089.56 0
2090.2 0
2090.84 0
2091.48 0
2092.12 0
2092.76 0
2093.4 0
2094.04 0
2094.68 0
2095.32 0
2095.96 0
2096.6 0
2097.24 0
2097.88 0
2098.52 0
2099.16 0
2099.8 0
2100.44 0
2101.08 0
2101.72 0
2102.36 0
2103 0
2103.64 0
2104.28 0
2104.92 0
2105.56 0
2106.2 0
2106.84 0
2107.48 0
2108.12 0
2108.76 0
2109.4 0
2110.04 0
2110.68 0
2111.32 0
2111.96 0
2112.6 0
2113.24 0
2113.88 0
2114.52 0
2115.16 0
2115.8 0
2116.44 0
2117.08 0
2117.72 0
2118.36 0
2119 0
2119.64 0
2120.28 0
2120.92 0
2121.56 0
2122.2 0
2122.84 0
2123.48 0
2124.12 0
2124.76 0
2125.4 0
2126.04 0
2126.68 0
2127.32 0
2127.96 0
2128.6 0
2129.24 0
2129.88 0
2130.52 0
2131.16 0
2131.8 0
2132.44 0
2133.08 0
2133.72 0
2134.36 0
2135 0
2135.64 0
2136.28 0
2136.92 0
2137.56 0
2138.2 0
2138.84 0
2139.48 0
2140.12 0
2140.76 0
2141.4 0
2142.04 0
2142.68 0
2143.32 0
2143.96 0
2144.6 0
2145.24 0
2145.88 0
2146.52 0
2147.16 0
2147.8 0
2148.44 0
2149.08 0
2149.72 0
2150.36 0
2151 0
2151.64 0
2152.28 0
2152.92 0
2153.56 0
2154.2 0
2154.84 0
2155.48 0
2156.12 0
2156.76 0
2157.4 0
2158.04 0
2158.68 0
2159.32 0
2159.96 0
2160.6 0
2161.24 0
2161.88 0
2162.52 0
2163.16 0
2163.8 0
2164.44 0
2165.08 0
2165.72 0
2166.36 0
2167 0
2167.64 0
2168.28 0
2168.92 0
2169.56 0
2170.2 0
2170.84 0
2171.48 0
2172.12 0
2172.76 0
2173.4 0
2174.04 0
2174.68 0
2175.32 0
2175.96 0
2176.6 0
2177.24 0
2177.88 0
2178.52 0
2179.16 0
2179.8 0
2180.44 0
2181.08 0
2181.72 0
2182.36 0
2183 0
2183.64 0
2184.28 0
2184.92 0
2185.56 0
2186.2 0
2186.84 0
2187.48 0
2188.12 0
2188.76 0
2189.4 0
2190.04 0
2190.68 0
2191.32 0
2191.96 0
2192.6 0
2193.24 0
2193.88 0
2194.52 0
2195.16 0
2195.8 0
2196.44 0
2197.08 0
2197.72 0
2198.36 0
2199 0
2199.64 0
2200.28 0
2200.92 0
2201.56 0
2202.2 0
2202.84 0
2203.48 0
2204.12 0
2204.76 0
2205.4 0
2206.04 0
2206.68 0
2207.32 0
2207.96 0
2208.6 0
2209.24 0
2209.88 0
2210.52 0
2211.16 0
2211.8 0
2212.44 0
2213.08 0
2213.72 0
2214.36 0
2215 0
2215.64 0
2216.28 0
2216.92 0
2217.56 0
2218.2 0
2218.84 0
2219.48 0
2220.12 0
2220.76 0
2221.4 0
2222.04 0
2222.68 0
2223.32 0
2223.96 0
2224.6 0
2225.24 0
2225.88 0
2226.52 0
2227.16 0
2227.8 0
2228.44 0
2229.08 0
2229.72 0
2230.36 0
2231 0
2231.64 0
2232.28 0
2232.92 0
2233.56 0
2234.2 0
2234.84 0
2235.48 0
2236.12 0
2236.76 0
2237.4 0
2238.04 0
2238.68 0
2239.32 0
2239.96 0
2240.6 0
2241.24 0
2241.88 0
2242.52 0
2243.16 0
2243.8 0
2244.44 0
2245.08 0
2245.72 0
2246.36 0
2247 0
2247.64 0
2248.28 0
2248.92 0
2249.56 0
2250.2 0
2250.84 0
2251.48 0
2252.12 0
2252.76 0
2253.4 0
2254.04 0
2254.68 0
2255.32 0
2255.96 0
2256.6 0
2257.24 0
2257.88 0
2258.52 0
2259.16 0
2259.8 0
2260.44 0
2261.08 0
2261.72 0
2262.36 0
2263 0
2263.64 0
2264.28 0
2264.92 0
2265.56 0
2266.2 0
2266.84 0
2267.48 0
2268.12 0
2268.76 0
2269.4 0
2270.04 0
2270.68 0
2271.32 0
2271.96 0
2272.6 0
2273.24 0
2273.88 0
2274.52 0
2275.16 0
2275.8 0
2276.44 0
2277.08 0
2277.72 0
2278.36 0
2279 0
2279.64 0
2280.28 0
2280.92 0
2281.56 0
2282.2 0
2282.84 0
2283.48 0
2284.12 0
2284.76 0
2285.4 0
2286.04 0
2286.68 0
2287.32 0
2287.96 0
2288.6 0
2289.24 0
2289.88 0
2290.52 0
2291.16 0
2291.8 0
2292.44 0
2293.08 0
2293.72 0
2294.36 0
2295 0
2295.64 0
2296.28 0
2296.92 0
2297.56 0
2298.2 0
2298.84 0
2299.48 0
2300.12 0
2300.76 0
2301.4 0
2302.04 0
2302.68 0
2303.32 0
2303.96 0
2304.6 0
2305.24 0
2305.88 0
2306.52 0
2307.16 0
2307.8 0
2308.44 0
2309.08 0
2309.72 0
2310.36 0
2311 0
2311.64 0
2312.28 0
2312.92 0
2313.56 0
2314.2 0
2314.84 0
2315.48 0
2316.12 0
2316.76 0
2317.4 0
2318.04 0
2318.68 0
2319.32 0
2319.96 0
2320.6 0
2321.24 0
2321.88 0
2322.52 0
2323.16 0
2323.8 0
2324.44 0
2325.08 0
2325.72 0
2326.36 0
2327 0
2327.64 0
2328.28 0
2328.92 0
2329.56 0
2330.2 0
2330.84 0
2331.48 0
2332.12 0
2332.76 0
2333.4 0
2334.04 0
2334.68 0
2335.32 0
2335.96 0
2336.6 0
2337.24 0
2337.88 0
2338.52 0
2339.16 0
2339.8 0
2340.44 0
2341.08 0
2341.72 0
2342.36 0
2343 0
2343.64 0
2344.28 0
2344.92 0
2345.56 0
2346.2 0
2346.84 0
2347.48 0
2348.12 0
2348.76 0
2349.4 0
2350.04 0
2350.68 0
2351.32 0
2351.96 0
2352.6 0
2353.24 0
2353.88 0
2354.52 0
2355.16 0
2355.8 0
2356.44 0
2357.08 0
2357.72 0
2358.36 0
2359 0
2359.64 0
2360.28 0
2360.92 0
2361.56 0
2362.2 0
2362.84 0
2363.48 0
2364.12 0
2364.76 0
2365.4 0
2366.04 0
2366.68 0
2367.32 0
2367.96 0
2368.6 0
2369.24 0
2369.88 0
2370.52 0
2371.16 0
2371.8 0
2372.44 0
2373.08 0
2373.72 0
2374.36 0
2375 0
2375.64 0
2376.28 0
2376.92 0
2377.56 0
2378.2 0
2378.84 0
2379.48 0
2380.12 0
2380.76 0
2381.4 0
2382.04 0
2382.68 0
2383.32 0
2383.96 0
2384.6 0
2385.24 0
2385.88 0
2386.52 0
2387.16 0
2387.8 0
2388.44 0
2389.08 0
2389.72 0
2390.36 0
2391 0
2391.64 0
2392.28 0
2392.92 0
2393.56 0
2394.2 0
2394.84 0
2395.48 0
2396.12 0
2396.76 0
2397.4 0
2398.04 0
2398.68 0
2399.32 0
2399.96 0
2400.6 0
2401.24 0
2401.88 0
2402.52 0
2403.16 0
2403.8 0
2404.44 0
2405.08 0
2405.72 0
2406.36 0
2407 0
2407.64 0
2408.28 0
2408.92 0
2409.56 0
2410.2 0
2410.84 0
2411.48 0
2412.12 0
2412.76 0
2413.4 0
2414.04 0
2414.68 0
2415.32 0
2415.96 0
2416.6 0
2417.24 0
2417.88 0
2418.52 0
2419.16 0
2419.8 0
2420.44 0
2421.08 0
2421.72 0
2422.36 0
2423 0
2423.64 0
2424.28 0
2424.92 0
2425.56 0
2426.2 0
2426.84 0
2427.48 0
2428.12 0
2428.76 0
2429.4 0
2430.04 0
2430.68 0
2431.32 0
2431.96 0
2432.6 0
2433.24 0
2433.88 0
2434.52 0
2435.16 0
2435.8 0
2436.44 0
2437.08 0
2437.72 0
2438.36 0
2439 0
2439.64 0
2440.28 0
2440.92 0
2441.56 0
2442.2 0
2442.84 0
2443.48 0
2444.12 0
2444.76 0
2445.4 0
2446.04 0
2446.68 0
2447.32 0
2447.96 0
2448.6 0
2449.24 0
2449.88 0
2450.52 0
2451.16 0
2451.8 0
2452.44 0
2453.08 0
2453.72 0
2454.36 0
2455 0
2455.64 0
2456.28 0
2456.92 0
2457.56 0
2458.2 0
2458.84 0
2459.48 0
2460.12 0
2460.76 0
2461.4 0
2462.04 0
2462.68 0
2463.32 0
2463.96 0
2464.6 0
2465.24 0
2465.88 0
2466.52 0
2467.16 0
2467.8 0
2468.44 0
2469.08 0
2469.72 0
2470.36 0
2471 0
2471.64 0
2472.28 0
2472.92 0
2473.56 0
2474.2 0
2474.84 0
2475.48 0
2476.12 0
2476.76 0
2477.4 0
2478.04 0
2478.68 0
2479.32 0
2479.96 0
2480.6 0
2481.24 0
2481.88 0
2482.52 0
2483.16 0
2483.8 0
2484.44 0
2485.08 0
2485.72 0
2486.36 0
2487 0
2487.64 0
2488.28 0
2488.92 0
2489.56 0
2490.2 0
2490.84 0
2491.48 0
2492.12 0
2492.76 0
2493.4 0
2494.04 0
2494.68 0
2495.32 0
2495.96 0
2496.6 0
2497.24 0
2497.88 0
2498.52 0
2499.16 0
2499.8 0
2500.44 0
2501.08 0
2501.72 0
2502.36 0
2503 0
2503.64 0
2504.28 0
2504.92 0
2505.56 0
2506.2 0
2506.84 0
2507.48 0
2508.12 0
2508.76 0
2509.4 0
2510.04 0
2510.68 0
2511.32 0
2511.96 0
2512.6 0
2513.24 0
2513.88 0
2514.52 0
2515.16 0
2515.8 0
2516.44 0
2517.08 0
2517.72 0
2518.36 0
2519 0
2519.64 0
2520.28 0
2520.92 0
2521.56 0
2522.2 0
2522.84 0
2523.48 0
2524.12 0
2524.76 0
2525.4 0
2526.04 0
2526.68 0
2527.32 0
2527.96 0
2528.6 0
2529.24 0
2529.88 0
2530.52 0
2531.16 0
2531.8 0
2532.44 0
2533.08 0
2533.72 0
2534.36 0
2535 0
2535.64 0
2536.28 0
2536.92 0
2537.56 0
2538.2 0
2538.84 0
2539.48 0
2540.12 0
2540.76 0
2541.4 0
2542.04 0
2542.68 0
2543.32 0
2543.96 0
2544.6 0
2545.24 0
2545.88 0
2546.52 0
2547.16 0
2547.8 0
2548.44 0
2549.08 0
2549.72 0
2550.36 0
2551 0
2551.64 0
2552.28 0
2552.92 0
2553.56 0
2554.2 0
2554.84 0
2555.48 0
2556.12 0
2556.76 0
2557.4 0
2558.04 0
2558.68 0
2559.32 0
2559.96 0
2560.6 0
2561.24 0
2561.88 0
2562.52 0
2563.16 0
2563.8 0
2564.44 0
2565.08 0
2565.72 0
2566.36 0
2567 0
2567.64 0
2568.28 0
2568.92 0
2569.56 0
2570.2 0
2570.84 0
2571.48 0
2572.12 0
2572.76 0
2573.4 0
2574.04 0
2574.68 0
2575.32 0
2575.96 0
2576.6 0
2577.24 0
2577.88 0
2578.52 0
2579.16 0
2579.8 0
2580.44 0
2581.08 0
2581.72 0
2582.36 0
2583 0
2583.64 0
2584.28 0
2584.92 0
2585.56 0
2586.2 0
2586.84 0
2587.48 0
2588.12 0
2588.76 0
2589.4 0
2590.04 0
2590.68 0
2591.32 0
2591.96 0
2592.6 0
2593.24 0
2593.88 0
2594.52 0
2595.16 0
2595.8 0
2596.44 0
2597.08 0
2597.72 0
2598.36 0
2599 0
2599.64 0
2600.28 0
2600.92 0
2601.56 0
2602.2 0
2602.84 0
2603.48 0
2604.12 0
2604.76 0
2605.4 0
2606.04 0
2606.68 0
2607.32 0
2607.96 0
2608.6 0
2609.24 0
2609.88 0.0376657
2610.52 0.0598849
2611.16 0.117826
2611.8 0.240249
2612.44 0.446812
2613.08 0.717319
2613.72 0.97407
2614.36 1.11071
2615 1.06125
2615.64 0.850338
2616.28 0.573907
2616.92 0.330374
2617.56 0.167852
2618.2 0.0821428
2618.84 0.0457049
2619.48 0.0330785
2620.12 0
2620.76 0
2621.4 0
2622.04 0
2622.68 0
2623.32 0
2623.96 0
2624.6 0
2625.24 0
2625.88 0
2626.52 0
2627.16 0
2627.8 0
2628.44 0
2629.08 0
2629.72 0
2630.36 0
2631 0
2631.64 0
2632.28 0
2632.92 0
2633.56 0
2634.2 0
2634.84 0
2635.48 0
2636.12 0
2636.76 0
2637.4 0
2638.04 0
2638.68 0
2639.32 0
2639.96 0
2640.6 0
2641.24 0
2641.88 0
2642.52 0
2643.16 0
2643.8 0
2644.44 0
2645.08 0
2645.72 0
2646.36 0
2647 0
2647.64 0
2648.28 0
2648.92 0
2649.56 0
2650.2 0
2650.84 0
2651.48 0
2652.12 0
2652.76 0
2653.4 0
2654.04 0
2654.68 0
2655.32 0
2655.96 0
2656.6 0
2657.24 0
2657.87 0
2658.51 0
2659.15 0
2659.79 0
2660.43 0
2661.07 0
2661.71 0
2662.35 0
2662.99 0
2663.63 0
2664.27 0
2664.91 0
2665.55 0
2666.19 0
2666.83 0
2667.47 0
2668.11 0
2668.75 0
2669.39 0
2670.03 0
2670.67 0
2671.31 0
2671.95 0
2672.59 0
2673.23 0
2673.87 0
2674.51 0
2675.15 0
2675.79 0
2676.43 0
2677.07 0
2677.71 0
2678.35 0
2678.99 0
2679.63 0
2680.27 0
2680.91 0
2681.55 0
2682.19 0
2682.83 0
2683.47 0
2684.11 0
2684.75 0
2685.39 0
2686.03 0
2686.67 0
2687.31 0
2687.95 0
2688.59 0
2689.23 0
2689.87 0
2690.51 0
2691.15 0
2691.79 0
2692.43 0
2693.07 0
2693.71 0
2694.35 0
2694.99 0
2695.63 0
2696.27 0
2696.91 0
2697.55 0
2698.19 0
2698.83 0
2699.47 0
2700.11 0
2700.75 0
2701.39 0
2702.03 0
2702.67 0
2703.31 0
2703.95 0
2704.59 0
2705.23 0
2705.87 0
2706.51 0
2707.15 0
2707.79 0
2708.43 0
2709.07 0
2709.71 0
2710.35 0
2710.99 0
2711.63 0
2712.27 0
2712.91 0
2713.55 0
2714.19 0
2714.83 0
2715.47 0
2716.11 0
2716.75 0
2717.39 0
2718.03 0
2718.67 0
2719.31 0
2719.95 0
2720.59 0
2721.23 0
2721.87 0
2722.51 0
2723.15 0
2723.79 0
2724.43 0
2725.07 0
2725.71 0
2726.35 0
2726.99 0
2727.63 0
2728.27 0
2728.91 0
2729.55 0
2730.19 0
2730.83 0
2731.47 0
2732.11 0
2732.75 0
2733.39 0
2734.03 0
2734.67 0
2735.31 0
2735.95 0
2736.59 0
2737.23 0
2737.87 0
2738.51 0
2739.15 0
2739.79 0
2740.43 0
2741.07 0
2741.71 0
2742.35 0
2742.99 0
2743.63 0
2744.27 0
2744.91 0
2745.55 0
2746.19 0
2746.83 0
2747.47 0
2748.11 0
2748.75 0
2749.39 0
2750.03 0
2750.67 0
2751.31 0
2751.95 0
2752.59 0
2753.23 0
2753.87 0
2754.51 0
2755.15 0
2755.79 0
2756.43 0
2757.07 0
2757.71 0
2758.35 0
2758.99 0
2759.63 0
2760.27 0
2760.91 0
2761.55 0
2762.19 0
2762.83 0
2763.47 0
2764.11 0
2764.75 0
2765.39 0
2766.03 0
2766.67 0
2767.31 0
2767.95 0
2768.59 0
2769.23 0
2769.87 0
2770.51 0
2771.15 0
2771.79 0
2772.43 0
2773.07 0
2773.71 0
2774.35 0
2774.99 0
2775.63 0
2776.27 0
2776.91 0
2777.55 0
2778.19 0
2778.83 0
2779.47 0
2780.11 0
2780.75 0
2781.39 0
2782.03 0
2782.67 0
2783.31 0
2783.95 0
2784.59 0
2785.23 0
2785.87 0
2786.51 0
2787.15 0
2787.79 0
2788.43 0
2789.07 0
2789.71 0
2790.35 0
2790.99 0
2791.63 0
2792.27 0
2792.91 0
2793.55 0
2794.19 0
2794.83 0
2795.47 0
2796.11 0
2796.75 0
2797.39 0
2798.03 0
2798.67 0
2799.31 0
2799.95 0
2800.59 0
2801.23 0
2801.87 0
2802.51 0
2803.15 0
2803.79 0
2804.43 0
2805.07 0
2805.71 0
2806.35 0
2806.99 0
2807.63 0
2808.27 0
2808.91 0
2809.55 0
2810.19 0
2810.83 0
2811.47 0
2812.11 0
2812.75 0
2813.39 0
2814.03 0
2814.67 0
2815.31 0
2815.95 0
2816.59 0
2817.23 0
2817.87 0
2818.51 0
2819.15 0
2819.79 0
2820.43 0
2821.07 0
2821.71 0
2822.35 0
2822.99 0
2823.63 0
2824.27 0
2824.91 0
2825.55 0
2826.19 0
2826.83 0
2827.47 0
2828.11 0
2828.75 0
2829.39 0
2830.03 0
2830.67 0
2831.31 0
2831.95 0
2832.59 0
2833.23 0
2833.87 0
2834.51 0
2835.15 0
2835.79 0
2836.43 0
2837.07 0
2837.71 0
2838.35 0
2838.99 0
2839.63 0
2840.27 0
2840.91 0
2841.55 0
2842.19 0
2842.83 0
2843.47 0
2844.11 0
2844.75 0
2845.39 0
2846.03 0
2846.67 0
2847.31 0
2847.95 0
2848.59 0
2849.23 0
2849.87 0
2850.51 0
2851.15 0
2851.79 0
2852.43 0
2853.07 0
2853.71 0
2854.35 0
2854.99 0
2855.63 0
2856.27 0
2856.91 0
2857.55 0
2858.19 0
2858.83 0
2859.47 0
2860.11 0
2860.75 0
2861.39 0
2862.03 0
2862.67 0
2863.31 0
2863.95 0
2864.59 0
2865.23 0
2865.87 0
2866.51 0
2867.15 0
2867.79 0
2868.43 0
2869.07 0
2869.71 0
2870.35 0
2870.99 0
2871.63 0
2872.27 0
2872.91 0
2873.55 0
2874.19 0
2874.83 0
2875.47 0
2876.11 0
2876.75 0
2877.39 0
2878.03 0
2878.67 0
2879.31 0
2879.95 0
2880.59 0
2881.23 0
2881.87 0
2882.51 0
2883.15 0
2883.79 0
2884.43 0
2885.07 0
2885.71 0
2886.35 0
2886.99 0
2887.63 0
2888.27 0
2888.91 0
2889.55 0
2890.19 0
2890.83 0
2891.47 0
2892.11 0
2892.75 0
2893.39 0
2894.03 0
2894.67 0
2895.31 0
2895.95 0
2896.59 0
2897.23 0
2897.87 0
2898.51 0
2899.15 0
2899.79 0
2900.43 0
2901.07 0
2901.71 0
2902.35 0
2902.99 0
2903.63 0
2904.27 0
2904.91 0
2905.55 0
2906.19 0
2906.83 0
2907.47 0
2908.11 0
2908.75 0
2909.39 0
2910.03 0
2910.67 0
2911.31 0
2911.95 0
2912.59 0
2913.23 0
2913.87 0
2914.51 0
2915.15 0
2915.79 0
2916.43 0
2917.07 0
2917.71 0
2918.35 0
2918.99 0
2919.63 0
2920.27 0
2920.91 0
2921.55 0
2922.19 0
2922.83 0
2923.47 0
2924.11 0
2924.75 0
2925.39 0
2926.03 0
2926.67 0
2927.31 0
2927.95 0
2928.59 0
2929.23 0
2929.87 0
2930.51 0
2931.15 0
2931.79 0
2932.43 0
2933.07 0
2933.71 0
2934.35 0
2934.99 0
2935.63 0
2936.27 0
2936.91 0
2937.55 0
2938.19 0
2938.83 0
2939.47 0
2940.11 0
2940.75 0
2941.39 0
2942.03 0
2942.67 0
2943.31 0
2943.95 0
2944.59 0
2945.23 0
2945.87 0
2946.51 0
2947.15 0
2947.79 0
2948.43 0
2949.07 0
2949.71 0
2950.35 0
2950.99 0
2951.63 0
2952.27 0
2952.91 0
2953.55 0
2954.19 0
2954.83 0
2955.47 0
2956.11 0
2956.75 0
2957.39 0
2958.03 0
2958.67 0
2959.31 0
2959.95 0
2960.59 0
2961.23 0
2961.87 0
2962.51 0
2963.15 0
2963.79 0
2964.43 0
2965.07 0
2965.71 0
2966.35 0
2966.99 0
2967.63 0
2968.27 0
2968.91 0
2969.55 0
2970.19 0
2970.83 0
2971.47 0
2972.11 0
2972.75 0
2973.39 0
2974.03 0
2974.67 0
2975.31 0
2975.95 0
2976.59 0
2977.23 0
2977.87 0
2978.51 0
2979.15 0
2979.79 0
2980.43 0
2981.07 0
2981.71 0
2982.35 0
2982.99 0
2983.63 0
2984.27 0
2984.91 0
2985.55 0
2986.19 0
2986.83 0
2987.47 0
2988.11 0
2988.75 0
2989.39 0
2990.03 0
2990.67 0
2991.31 0
2991.95 0
2992.59 0
2993.23 0
2993.87 0
2994.51 0
2995.15 0
2995.79 0
2996.43 0
2997.07 0
2997.71 0
2998.35 0
2998.99 0
2999.63 0
3000.27 0
3000.91 0
3001.55 0
3002.19 0
3002.83 0
3003.47 0
3004.11 0
3004.75 0
3005.39 0
3006.03 0
3006.67 0
3007.31 0
3007.95 0
3008.59 0
3009.23 0
3009.87 0
3010.51 0
3011.15 0
3011.79 0
3012.43 0
3013.07 0
3013.71 0
3014.35 0
3014.99 0
3015.63 0
3016.27 0
3016.91 0
3017.55 0
3018.19 0
3018.83 0
3019.47 0
3020.11 0
3020.75 0
3021.39 0
3022.03 0
3022.67 0
3023.31 0
3023.95 0
3024.59 0
3025.23 0
3025.87 0
3026.51 0
3027.15 0
3027.79 0
3028.43 0
3029.07 0
3029.71 0
3030.35 0
3030.99 0
3031.63 0
3032.27 0
3032.91 0
3033.55 0
3034.19 0
3034.83 0
3035.47 0
3036.11 0
3036.75 0
3037.39 0
3038.03 0
3038.67 0
3039.31 0
3039.95 0
3040.59 0
3041.23 0
3041.87 0
3042.51 0
3043.15 0
3043.79 0
3044.43 0
3045.07 0
3045.71 0
3046.35 0
3046.99 0
3047.63 0
3048.27 0
3048.91 0
3049.55 0
3050.19 0
3050.83 0
3051.47 0
3052.11 0
3052.75 0
3053.39 0
3054.03 0
3054.67 0
3055.31 0
3055.95 0
3056.59 0
3057.23 0
3057.87 0
3058.51 0
3059.15 0
3059.79 0
3060.43 0
3061.07 0
3061.71 0
3062.35 0
3062.99 0
3063.63 0
3064.27 0
3064.91 0
3065.55 0
3066.19 0
3066.83 0
3067.47 0
3068.11 0
3068.75 0
3069.39 0
3070.03 0
3070.67 0
3071.31 0
3071.95 0
3072.59 0
3073.23 0
3073.87 0
3074.51 0
3075.15 0
3075.79 0
3076.43 0
3077.07 0
3077.71 0
3078.35 0
3078.99 0
3079.63 0
3080.27 0
3080.91 0
3081.55 0
3082.19 0
3082.83 0
3083.47 0
3084.11 0
3084.75 0
3085.39 0
3086.03 0
3086.67 0
3087.31 0
3087.95 0
3088.59 0
3089.23 0
3089.87 0
3090.51 0
3091.15 0
3091.79 0
3092.43 0
3093.07 0
3093.71 0
3094.35 0
3094.99 0
3095.63 0
3096.27 0
3096.91 0
3097.55 0
3098.19 0
3098.83 0
3099.47 0
3100.11 0
3100.75 0
3101.39 0
3102.03 0
3102.67 0
3103.31 0
3103.95 0
3104.59 0
3105.23 0
3105.87 0
3106.51 0
3107.15 0
3107.79 0
3108.43 0
3109.07 0
3109.71 0
3110.35 0
3110.99 0
3111.63 0
3112.27 0
3112.91 0
3113.55 0
3114.19 0
3114.83 0
3115.47 0
3116.11 0
3116.75 0
3117.39 0
3118.03 0
3118.67 0
3119.31 0
3119.95 0
3120.59 0
3121.23 0
3121.87 0
3122.51 0
3123.15 0
3123.79 0
3124.43 0
3125.07 0
3125.71 0
3126.35 0
3126.99 0
3127.63 0
3128.27 0
3128.91 0
3129.55 0
3130.19 0
3130.83 0
3131.47 0
3132.11 0
3132.75 0
3133.39 0
3134.03 0
3134.67 0
3135.31 0
3135.95 0
3136.59 0
3137.23 0
3137.87 0
3138.51 0
3139.15 0
3139.79 0
3140.43 0
3141.07 0
3141.71 0
3142.35 0
3142.99 0
3143.63 0
3144.27 0
3144.91 0
3145.55 0
3146.19 0
3146.83 0
3147.47 0
3148.11 0
3148.75 0
3149.39 0
3150.03 0
3150.67 0
3151.31 0
3151.95 0
3152.59 0
3153.23 0
3153.87 0
3154.51 0
3155.15 0
3155.79 0
3156.43 0
3157.07 0
3157.71 0
3158.35 0
3158.99 0
3159.63 0
3160.27 0
3160.91 0
3161.55 0
3162.19 0
3162.83 0
3163.47 0
3164.11 0
3164.75 0
3165.39 0
3166.03 0
3166.67 0
3167.31 0
3167.95 0
3168.59 0
3169.23 0
3169.87 0
3170.51 0
3171.15 0
3171.79 0
3172.43 0
3173.07 0
3173.71 0
3174.35 0
3174.99 0
3175.63 0
3176.27 0
3176.91 0
3177.55 0
3178.19 0
3178.83 0
3179.47 0
3180.11 0
3180.75 0
3181.39 0
3182.03 0
3182.67 0
3183.31 0
3183.95 0
3184.59 0
3185.23 0
3185.87 0
3186.51 0
3187.15 0
3187.79 0
3188.43 0
3189.07 0
3189.71 0
3190.35 0
3190.99 0
3191.63 0
3192.27 0
3192.91 0
3193.55 0
3194.19 0
3194.83 0
3195.47 0
3196.11 0
3196.75 0
3197.39 0
3198.03 0
3198.67 0
3199.31 0
3199.95 0
