29.9735 0
30.6071 0
31.2407 0
31.8743 0
32.5079 0
33.1415 0
33.7751 0
34.4087 0
35.0423 0
35.6759 0
36.3094 0
36.943 0
37.5766 0
38.2102 0
38.8438 0
39.4774 0
40.111 0
40.7446 0
41.3782 0
42.0118 71.6654
42.6453 71.8319
43.2789 72.0311
43.9125 72.4334
44.5461 73.5984
45.1797 76.3478
45.8133 80.3283
46.4469 82.864
47.0805 81.643
47.7141 78.0638
48.3477 75.1446
48.9813 73.9166
49.6148 73.709
50.2484 73.9098
50.882 74.6265
51.5156 76.6846
52.1492 80.7078
52.7828 85.044
53.4164 86.1395
54.05 83.0514
54.6836 78.858
55.3172 76.3209
55.9508 75.5061
56.5844 75.4483
57.218 75.5794
57.8515 75.7394
58.4851 0
59.1187 0
59.7523 0
60.3859 0
61.0195 0
61.6531 0
62.2867 0
62.9203 0
63.5539 0
64.1875 0
64.8211 0
65.4547 0
66.0883 0
66.7219 0
67.3554 0
67.989 0
68.6226 0
69.2562 0
69.8898 0
70.5234 0
71.157 0
71.7906 0
72.4242 0
73.0578 0
73.6914 0
74.325 0
74.9586 0
75.5922 0
76.2258 0
76.8594 0
77.493 0
78.1266 0
78.7602 0
79.3938 0
80.0273 0
80.6609 0
81.2945 0
81.9281 0
82.5617 0
83.1953 0
83.8289 0
84.4625 0
85.0961 0
85.7297 0
86.3633 0
86.9969 0
87.6305 0
88.2641 0
88.8977 0
89.5313 0
90.1649 0
90.7985 0
91.4321 0
92.0657 0
92.6993 0
93.3329 0
93.9665 0
94.6001 0
95.2337 0
95.8673 0
96.5009 0
97.1345 0
97.7681 0
98.4017 0
99.0353 0
99.6689 0
100.302 0
100.936 0
101.57 0
102.203 0
102.837 0
103.47 0
104.104 0
104.738 0
105.371 0
106.005 0
106.638 0
107.272 0
107.906 0
108.539 0
109.173 0
109.806 0
110.44 0
111.074 0
111.707 0
112.341 0
112.974 0
113.608 0
114.242 0
114.875 0
115.509 0
116.142 0
116.776 0
117.41 0
118.043 0
118.677 0
119.31 0
119.944 0
120.578 0
121.211 0
121.845 0
122.478 0
123.112 0
123.746 0
124.379 0
125.013 0
125.647 0
126.28 0
126.914 0
127.547 0
128.181 0
128.815 0
129.448 0
130.082 0
130.715 0
131.349 0
131.983 0
132.616 0
133.25 0
133.883 0
134.517 0
135.151 0
135.784 0
136.418 0
137.051 0
137.685 0
138.319 0
138.952 0
139.586 0
140.219 0
140.853 0
141.487 0
142.12 0
142.754 0
143.387 0
144.021 0
144.655 0
145.288 0
145.922 0
146.555 0
147.189 0
147.823 0
148.456 0
149.09 0
149.723 0
150.357 0
150.991 0
151.624 0
152.258 0
152.892 0
153.525 0
154.159 0
154.792 0
155.426 0
156.06 0
156.693 0
157.327 0
157.96 0
158.594 0
159.228 0
159.861 0
160.495 0
161.128 0
161.762 0
162.396 0
163.029 0
163.663 0
164.296 0
164.93 0
165.564 0
166.197 0
166.831 0
167.464 0
168.098 0
168.732 0
169.365 0
169.999 0
170.633 0
171.266 0
171.9 0
172.533 0
173.167 0
173.801 0
174.434 0
175.068 0
175.701 0
176.335 0
176.969 0
177.602 0
178.236 0
178.869 0
179.503 0
180.137 0
180.77 0
181.404 184.445
182.038 184.503
182.671 184.954
183.305 187.887
183.938 200.841
184.572 237.969
185.206 303.585
185.839 365.152
186.473 371.249
187.106 316.122
187.74 247.805
188.374 205.335
189.007 189.265
189.641 185.353
190.274 184.734
190.908 184.681
191.542 0
192.175 0
192.809 0
193.443 0
194.076 0
194.71 0
195.343 0
195.977 0
196.611 0
197.244 0
197.878 0
198.511 0
199.145 0
199.779 0
200.412 0
201.046 0
201.68 0
202.313 0
202.947 0
203.58 0
204.214 0
204.848 0
205.481 0
206.115 0
206.748 0
207.382 0
208.016 0
208.649 0
209.283 0
209.917 0
210.55 0
211.184 0
211.817 0
212.451 0
213.085 0
213.718 0
214.352 0
214.985 0
215.619 0
216.253 0
216.886 0
217.52 0
218.154 0
218.787 0
219.421 0
220.054 0
220.688 0
221.322 0
221.955 0
222.589 0
223.222 0
223.856 0
224.49 0
225.123 0
225.757 0
226.391 0
227.024 0
227.658 0
228.291 0
228.925 0
229.559 0
230.192 0
230.826 0
231.459 0
232.093 0
232.727 0
233.36 0
233.994 0
234.628 0
235.261 0
235.895 0
236.528 0
237.162 116.578
237.796 115.822
238.429 115.858
239.063 120.686
239.697 144.145
240.33 211.465
240.964 330.13
241.597 443.038
242.231 458.253
242.865 360.94
243.498 233.851
244.132 150.56
244.766 116.684
245.399 107.216
246.033 104.863
246.666 103.835
247.3 0
247.934 0
248.567 0
249.201 0
249.834 0
250.468 0
251.102 0
251.735 0
252.369 0
253.003 0
253.636 0
254.27 89.6995
254.903 89.7025
255.537 89.8158
256.171 90.4841
256.804 92.9249
257.438 98.6439
258.072 106.747
258.705 112.128
259.339 110.091
259.972 102.497
260.606 95.206
261.24 91.2617
261.873 89.9019
262.507 89.5839
263.141 89.5244
263.774 89.5068
264.408 0
265.041 0
265.675 0
266.309 0
266.942 0
267.576 0
268.21 0
268.843 0
269.477 0
270.11 88.245
270.744 87.6943
271.378 87.1987
272.011 86.9944
272.645 87.7785
273.279 90.5505
273.912 95.0882
274.546 98.4373
275.179 97.1266
275.813 91.4224
276.447 84.9707
277.08 80.7121
277.714 79.1268
278.348 79.1682
278.981 79.5459
279.615 79.5774
280.248 79.2452
280.882 78.7438
281.516 78.1952
282.149 77.6381
282.783 0
283.417 0
284.05 0
284.684 0
285.317 0
285.951 0
286.585 0
287.218 0
287.852 0
288.486 0
289.119 0
289.753 0
290.386 78.0966
291.02 77.2775
291.654 78.5578
292.287 91.8061
292.921 149.392
293.555 307.25
294.188 578.23
294.822 832.91
295.456 869.097
296.089 653.19
296.723 365.607
297.356 172.356
297.99 91.4413
298.624 68.5377
299.257 63.4258
299.891 61.8314
300.525 0
301.158 0
301.792 0
302.425 0
303.059 0
303.693 0
304.326 0
304.96 0
305.594 0
306.227 0
306.861 0
307.494 0
308.128 0
308.762 0
309.395 0
310.029 0
310.663 0
311.296 0
311.93 0
312.564 0
313.197 0
313.831 0
314.464 0
315.098 0
315.732 0
316.365 0
316.999 0
317.633 0
318.266 0
318.9 0
319.533 0
320.167 0
320.801 0
321.434 0
322.068 0
322.702 0
323.335 0
323.969 0
324.603 0
325.236 0
325.87 0
326.503 0
327.137 0
327.771 0
328.404 0
329.038 0
329.672 0
330.305 0
330.939 0
331.573 0
332.206 0
332.84 0
333.473 0
334.107 0
334.741 0
335.374 0
336.008 0
336.642 0
337.275 0
337.909 0
338.543 0
339.176 0
339.81 0
340.443 0
341.077 0
341.711 0
342.344 0
342.978 0
343.612 0
344.245 0
344.879 0
345.513 0
346.146 0
346.78 0
347.413 55.9959
348.047 56.8649
348.681 68.1444
349.314 124.855
349.948 308.424
350.582 695.405
351.215 1190.66
351.849 1471.54
352.483 1298.38
353.116 822.015
353.75 385.115
354.383 150.18
355.017 67.686
355.651 47.5872
356.284 43.5821
356.918 42.3333
357.552 0
358.185 0
358.819 0
359.453 0
360.086 0
360.72 0
361.353 0
361.987 0
362.621 0
363.254 0
363.888 0
364.522 0
365.155 0
365.789 0
366.423 0
367.056 0
367.69 0
368.323 0
368.957 0
369.591 0
370.224 0
370.858 0
371.492 0
372.125 0
372.759 0
373.393 0
374.026 0
374.66 0
375.294 0
375.927 0
376.561 0
377.194 0
377.828 0
378.462 0
379.095 0
379.729 0
380.363 0
380.996 0
381.63 0
382.264 38.677
382.897 38.6773
383.531 38.7616
384.165 39.2003
384.798 40.6077
385.432 43.5849
386.065 47.6759
386.699 51.2871
387.333 53.7203
387.966 55.7933
388.6 56.9821
389.234 54.968
389.867 49.6193
390.501 43.9438
391.135 40.3884
391.768 38.9366
392.402 38.528
393.036 38.4391
393.669 38.4147
394.303 0
394.936 0
395.57 0
396.204 0
396.837 0
397.471 0
398.105 0
398.738 0
399.372 0
400.006 0
400.639 0
401.273 0
401.907 0
402.54 0
403.174 0
403.808 0
404.441 0
405.075 0
405.708 0
406.342 0
406.976 0
407.609 0
408.243 0
408.877 0
409.51 0
410.144 0
410.778 0
411.411 0
412.045 0
412.679 0
413.312 0
413.946 0
414.58 0
415.213 0
415.847 0
416.48 0
417.114 0
417.748 0
418.381 0
419.015 0
419.649 0
420.282 0
420.916 0
421.55 0
422.183 0
422.817 0
423.451 0
424.084 0
424.718 0
425.352 0
425.985 0
426.619 0
427.253 0
427.886 0
428.52 0
429.153 0
429.787 0
430.421 0
431.054 0
431.688 0
432.322 0
432.955 0
433.589 0
434.223 0
434.856 0
435.49 0
436.124 0
436.757 0
437.391 0
438.025 0
438.658 0
439.292 0
439.926 0
440.559 0
441.193 0
441.827 0
442.46 0
443.094 0
443.727 0
444.361 0
444.995 0
445.628 0
446.262 0
446.896 0
447.529 0
448.163 0
448.797 0
449.43 0
450.064 25.2477
450.698 25.2039
451.331 25.2173
451.965 25.4894
452.599 26.5356
453.232 28.996
453.866 32.6235
454.5 35.4527
455.133 35.2523
455.767 32.1492
456.401 28.4636
457.034 26.028
457.668 24.9678
458.302 24.6471
458.935 24.6684
459.569 25.1275
460.203 26.4701
460.836 28.8895
461.47 31.4415
462.103 32.314
462.737 30.7362
463.371 27.949
464.004 25.6748
464.638 24.5018
465.272 24.07
465.905 23.9283
466.539 23.8604
467.173 0
467.806 0
468.44 0
469.074 0
469.707 0
470.341 0
470.975 0
471.608 0
472.242 0
472.876 0
473.509 0
474.143 0
474.777 0
475.41 0
476.044 21.1302
476.678 21.1111
477.311 21.2373
477.945 21.8836
478.579 23.7228
479.212 27.0753
479.846 30.7182
480.48 32.1451
481.113 30.1399
481.747 26.2927
482.381 23.0405
483.014 21.3322
483.648 20.7743
484.282 20.9484
484.915 22.1059
485.549 24.8801
486.182 29.0258
486.816 32.3841
487.45 32.3757
488.083 28.9678
488.717 24.7127
489.351 21.7971
489.984 20.4841
490.618 20.054
491.252 19.9236
491.885 19.8611
492.519 0
493.153 0
493.786 0
494.42 0
495.054 0
495.687 0
496.321 0
496.955 0
497.588 0
498.222 0
498.856 0
499.489 0
500.123 0
500.757 0
501.39 0
502.024 0
502.658 0
503.291 0
503.925 0
504.559 0
505.192 0
505.826 0
506.46 0
507.093 0
507.727 0
508.361 0
508.994 0
509.628 0
510.262 0
510.895 0
511.529 0
512.163 0
512.796 0
513.43 0
514.064 0
514.697 0
515.331 0
515.965 0
516.598 0
517.232 0
517.866 0
518.499 0
519.133 0
519.767 0
520.4 0
521.034 0
521.668 0
522.301 0
522.935 0
523.569 0
524.202 0
524.836 0
525.47 0
526.103 0
526.737 0
527.371 0
528.004 0
528.638 0
529.272 0
529.905 0
530.539 0
531.173 0
531.806 0
532.44 0
533.074 0
533.707 0
534.341 0
534.975 0
535.608 0
536.242 0
536.876 0
537.509 0
538.143 0
538.777 0
539.41 0
540.044 0
540.678 0
541.311 0
541.945 0
542.579 0
543.212 0
543.846 0
544.48 0
545.113 0
545.747 0
546.381 0
547.014 0
547.648 0
548.282 0
548.915 0
549.549 0
550.183 0
550.816 0
551.45 0
552.084 0
552.717 0
553.351 0
553.985 0
554.618 0
555.252 0
555.886 0
556.519 0
557.153 0
557.787 0
558.42 0
559.054 0
559.688 0
560.322 0
560.955 0
561.589 0
562.223 0
562.856 0
563.49 0
564.124 0
564.757 0
565.391 0
566.025 0
566.658 0
567.292 0
567.926 0
568.559 0
569.193 0
569.827 0
570.46 0
571.094 0
571.728 0
572.361 0
572.995 0
573.629 0
574.262 0
574.896 0
575.53 13.8671
576.163 13.8503
576.797 13.926
577.431 14.3524
578.064 15.6629
578.698 18.3119
579.332 21.7092
579.965 23.8833
580.599 23.1553
581.233 20.0904
581.866 16.8101
582.5 14.7343
583.134 13.8398
583.768 13.536
584.401 13.4182
585.035 13.3472
585.669 13.2946
586.302 13.2523
586.936 13.2145
587.57 13.178
588.203 0
588.837 0
589.471 0
590.104 0
590.738 0
591.372 0
592.005 0
592.639 0
593.273 0
593.906 0
594.54 0
595.174 0
595.807 0
596.441 0
597.075 0
597.708 0
598.342 0
598.976 0
599.609 0
600.243 0
600.877 0
601.511 0
602.144 0
602.778 0
603.412 0
604.045 0
604.679 13.4519
605.313 15.6037
605.946 28.7097
606.58 83.1492
607.214 241.958
607.847 560.679
608.481 974.431
609.115 1252.36
609.748 1186.56
610.382 829.346
611.016 429.923
611.649 168.807
612.283 54.7957
612.917 19.9415
613.55 12.2413
614.184 10.9
614.818 0
615.452 0
616.085 0
616.719 0
617.353 0
617.986 0
618.62 0
619.254 0
619.887 0
620.521 0
621.155 0
621.788 0
622.422 0
623.056 0
623.689 0
624.323 0
624.957 0
625.59 0
626.224 0
626.858 0
627.492 0
628.125 0
628.759 0
629.393 0
630.026 0
630.66 0
631.294 0
631.927 0
632.561 0
633.195 0
633.828 0
634.462 0
635.096 0
635.729 0
636.363 0
636.997 0
637.631 0
638.264 0
638.898 0
639.532 0
640.165 0
640.799 0
641.433 0
642.066 0
642.7 0
643.334 0
643.967 0
644.601 0
645.235 0
645.868 0
646.502 0
647.136 0
647.77 0
648.403 0
649.037 0
649.671 0
650.304 0
650.938 0
651.572 0
652.205 0
652.839 0
653.473 0
654.106 0
654.74 0
655.374 0
656.007 0
656.641 0
657.275 8.40817
657.909 8.38631
658.542 8.37447
659.176 8.39372
659.81 8.47633
660.443 8.63245
661.077 8.81561
661.711 9.02482
662.344 9.68458
662.978 12.1471
663.612 18.4384
664.245 29.0088
664.879 39.7974
665.513 43.7596
666.147 37.8139
666.78 26.4204
667.414 16.4304
668.048 10.8465
668.681 8.68515
669.315 8.07646
669.949 7.93654
670.582 0
671.216 0
671.85 0
672.483 0
673.117 0
673.751 0
674.385 0
675.018 0
675.652 0
676.286 0
676.919 0
677.553 0
678.187 0
678.82 0
679.454 0
680.088 0
680.722 0
681.355 0
681.989 0
682.623 0
683.256 0
683.89 0
684.524 0
685.157 0
685.791 0
686.425 0
687.058 0
687.692 0
688.326 0
688.96 0
689.593 0
690.227 0
690.861 0
691.494 0
692.128 0
692.762 0
693.395 0
694.029 0
694.663 0
695.297 0
695.93 0
696.564 0
697.198 0
697.831 0
698.465 8.97084
699.099 8.98822
699.732 9.10776
700.366 9.58744
701 10.9257
701.634 13.5148
702.267 16.7926
702.901 18.9697
703.535 18.4702
704.168 15.6733
704.802 12.469
705.436 10.2976
706.069 9.30134
706.703 8.97503
707.337 8.89407
707.971 8.87508
708.604 0
709.238 0
709.872 0
710.505 0
711.139 0
711.773 0
712.406 0
713.04 0
713.674 0
714.308 0
714.941 8.43913
715.575 8.44907
716.209 8.50347
716.842 8.73957
717.476 9.48979
718.11 11.1844
718.743 13.7913
719.377 16.2222
720.011 16.882
720.645 15.2733
721.278 12.5699
721.912 10.307
722.546 9.07597
723.179 8.60939
723.813 8.48307
724.447 8.45888
725.08 0
725.714 0
726.348 0
726.982 0
727.615 0
728.249 0
728.883 0
729.516 0
730.15 0
730.784 0
731.417 0
732.051 0
732.685 0
733.319 0
733.952 0
734.586 0
735.22 0
735.853 0
736.487 0
737.121 0
737.755 0
738.388 0
739.022 0
739.656 0
740.289 0
740.923 0
741.557 0
742.19 0
742.824 0
743.458 0
744.092 0
744.725 0
745.359 0
745.993 0
746.626 0
747.26 0
747.894 0
748.528 0
749.161 0
749.795 0
750.429 0
751.062 0
751.696 0
752.33 0
752.964 0
753.597 0
754.231 0
754.865 0
755.498 0
756.132 0
756.766 0
757.399 0
758.033 0
758.667 7.73533
759.301 7.76154
759.934 7.80971
760.568 7.92476
761.202 8.17557
761.835 8.58501
762.469 9.02463
763.103 9.24731
763.737 9.14567
764.37 9.07263
765.004 10.2796
765.638 15.8622
766.271 31.1244
766.905 59.596
767.539 94.4178
768.173 116.599
768.806 110.427
769.44 80.5376
770.074 46.6064
770.707 23.4871
771.341 12.7456
771.975 9.19587
772.609 8.35381
773.242 8.22064
773.876 0
774.51 0
775.143 0
775.777 0
776.411 0
777.045 0
777.678 0
778.312 0
778.946 0
779.579 0
780.213 0
780.847 0
781.481 7.43924
782.114 7.6595
782.748 8.28063
783.382 10.1295
784.015 14.5102
784.649 21.9645
785.283 30.2661
785.917 34.702
786.55 32.1948
787.184 24.6636
787.818 16.8701
788.451 11.873
789.085 9.69396
789.719 9.0642
790.353 8.99864
790.986 9.07786
791.62 0
792.254 0
792.887 0
793.521 0
794.155 0
794.789 0
795.422 0
796.056 0
796.69 0
797.323 0
797.957 0
798.591 0
799.225 0
799.858 0
800.492 0
801.126 0
801.759 7.25775
802.393 7.46881
803.027 8.38124
803.661 11.3186
804.294 18.1497
804.928 29.2059
805.562 40.5669
806.195 45.3574
806.829 40.1163
807.463 28.6336
808.097 17.7554
808.73 11.16
809.364 8.37036
809.998 7.52107
810.631 7.3347
811.265 0
811.899 0
812.533 0
813.166 0
813.8 0
814.434 0
815.068 0
815.701 0
816.335 0
816.969 0
817.602 0
818.236 0
818.87 0
819.504 0
820.137 0
820.771 0
821.405 0
822.038 0
822.672 0
823.306 0
823.94 0
824.573 0
825.207 0
825.841 0
826.475 0
827.108 0
827.742 0
828.376 0
829.009 0
829.643 0
830.277 0
830.911 0
831.544 0
832.178 0
832.812 0
833.445 0
834.079 6.89911
834.713 6.95988
835.347 7.10756
835.98 7.59188
836.614 8.99385
837.248 12.0511
837.882 16.7344
838.515 21.2514
839.149 22.8412
839.783 20.3901
840.416 15.6606
841.05 11.3789
841.684 8.86817
842.318 7.849
842.951 7.57053
843.585 7.54116
844.219 0
844.853 0
845.486 0
846.12 0
846.754 0
847.387 0
848.021 0
848.655 0
849.289 0
849.922 0
850.556 0
851.19 0
851.824 0
852.457 0
853.091 0
853.725 0
854.358 0
854.992 0
855.626 8.84607
856.26 8.88605
856.893 8.91948
857.527 8.92871
858.161 8.87507
858.795 8.71421
859.428 8.45779
860.062 8.22887
860.696 8.19722
861.329 8.41524
861.963 8.76039
862.597 9.06587
863.231 9.25896
863.864 9.36215
864.498 9.42194
865.132 9.46743
865.766 0
866.399 0
867.033 0
867.667 0
868.3 0
868.934 0
869.568 0
870.202 0
870.835 0
871.469 0
872.103 0
872.737 0
873.37 0
874.004 0
874.638 0
875.272 0
875.905 0
876.539 0
877.173 0
877.806 0
878.44 0
879.074 0
879.708 0
880.341 0
880.975 0
881.609 0
882.243 0
882.876 0
883.51 0
884.144 0
884.778 0
885.411 0
886.045 0
886.679 0
887.312 0
887.946 0
888.58 0
889.214 0
889.847 0
890.481 0
891.115 0
891.749 0
892.382 0
893.016 0
893.65 0
894.284 0
894.917 0
895.551 0
896.185 0
896.818 0
897.452 0
898.086 0
898.72 0
899.353 0
899.987 0
900.621 0
901.255 0
901.888 0
902.522 0
903.156 0
903.79 0
904.423 0
905.057 0
905.691 0
906.325 0
906.958 0
907.592 0
908.226 0
908.859 0
909.493 0
910.127 0
910.761 0
911.394 0
912.028 0
912.662 0
913.296 0
913.929 0
914.563 0
915.197 0
915.831 0
916.464 0
917.098 0
917.732 0
918.366 0
918.999 0
919.633 0
920.267 0
920.901 0
921.534 0
922.168 0
922.802 0
923.436 0
924.069 0
924.703 0
925.337 0
925.97 0
926.604 0
927.238 0
927.872 0
928.505 0
929.139 8.44883
929.773 8.56943
930.407 9.16486
931.04 11.421
931.674 17.78
932.308 30.8098
932.942 49.4105
933.575 65.8312
934.209 69.9392
934.843 58.8658
935.477 40.0893
936.11 23.659
936.744 14.0636
937.378 10.059
938.012 8.83165
938.645 8.5536
939.279 0
939.913 0
940.547 0
941.18 0
941.814 0
942.448 0
943.082 0
943.715 0
944.349 0
944.983 0
945.617 0
946.25 0
946.884 0
947.518 0
948.152 0
948.785 0
949.419 0
950.053 0
950.687 0
951.32 0
951.954 0
952.588 0
953.222 0
953.855 0
954.489 0
955.123 0
955.757 0
956.39 0
957.024 0
957.658 0
958.291 0
958.925 0
959.559 8.09215
960.193 8.03197
960.826 8.07541
961.46 8.40706
962.094 9.28608
962.728 10.7793
963.361 12.3953
963.995 13.1907
964.629 12.5657
965.263 10.8883
965.896 9.10297
966.53 7.86332
967.164 7.22331
967.798 6.9394
968.431 6.79682
969.065 6.69421
969.699 0
970.333 0
970.966 0
971.6 0
972.234 0
972.868 0
973.502 0
974.135 0
974.769 0
975.403 0
976.037 0
976.67 0
977.304 0
977.938 0
978.572 0
979.205 0
979.839 0
980.473 0
981.107 0
981.74 0
982.374 0
983.008 0
983.642 0
984.275 0
984.909 0
985.543 0
986.177 0
986.81 0
987.444 0
988.078 0
988.712 0
989.345 0
989.979 0
990.613 0
991.247 0
991.88 0
992.514 0
993.148 0
993.782 0
994.415 0
995.049 0
995.683 0
996.317 0
996.95 0
997.584 0
998.218 0
998.852 0
999.485 0
1000.12 0
1000.75 0
1001.39 0
1002.02 0
1002.65 0
1003.29 0
1003.92 0
1004.56 0
1005.19 0
1005.82 0
1006.46 0
1007.09 0
1007.72 0
1008.36 0
1008.99 0
1009.63 0
1010.26 0
1010.89 0
1011.53 0
1012.16 0
1012.79 0
1013.43 0
1014.06 0
1014.7 0
1015.33 0
1015.96 0
1016.6 0
1017.23 0
1017.86 0
1018.5 0
1019.13 0
1019.77 0
1020.4 0
1021.03 0
1021.67 0
1022.3 0
1022.93 0
1023.57 0
1024.2 0
1024.84 0
1025.47 0
1026.1 0
1026.74 0
1027.37 0
1028 0
1028.64 0
1029.27 0
1029.91 0
1030.54 0
1031.17 0
1031.81 0
1032.44 0
1033.07 0
1033.71 0
1034.34 0
1034.98 0
1035.61 0
1036.24 0
1036.88 0
1037.51 0
1038.14 0
1038.78 0
1039.41 0
1040.05 0
1040.68 0
1041.31 0
1041.95 0
1042.58 0
1043.21 0
1043.85 0
1044.48 0
1045.12 0
1045.75 0
1046.38 0
1047.02 6.47133
1047.65 6.42988
1048.29 6.44672
1048.92 6.65566
1049.55 7.3171
1050.19 8.68796
1050.82 10.6358
1051.45 12.3547
1052.09 12.7955
1052.72 11.6244
1053.36 9.5682
1053.99 7.68195
1054.62 6.49986
1055.26 5.94319
1055.89 5.72117
1056.52 5.62304
1057.16 0
1057.79 0
1058.43 0
1059.06 0
1059.69 0
1060.33 0
1060.96 0
1061.59 0
1062.23 0
1062.86 0
1063.5 0
1064.13 0
1064.76 0
1065.4 5.66766
1066.03 5.69452
1066.66 5.78933
1067.3 6.0665
1067.93 6.68208
1068.57 7.67524
1069.2 8.75522
1069.83 9.35588
1070.47 9.09084
1071.1 8.14047
1071.73 7.06542
1072.37 6.29754
1073 5.91032
1073.64 5.76804
1074.27 5.73095
1074.9 5.72626
1075.54 0
1076.17 0
1076.8 0
1077.44 0
1078.07 0
1078.71 0
1079.34 0
1079.97 0
1080.61 0
1081.24 0
1081.87 0
1082.51 0
1083.14 0
1083.78 0
1084.41 0
1085.04 0
1085.68 0
1086.31 0
1086.95 0
1087.58 0
1088.21 0
1088.85 0
1089.48 0
1090.11 0
1090.75 0
1091.38 0
1092.02 0
1092.65 0
1093.28 0
1093.92 0
1094.55 0
1095.18 0
1095.82 0
1096.45 0
1097.09 0
1097.72 0
1098.35 0
1098.99 0
1099.62 0
1100.25 0
1100.89 0
1101.52 0
1102.16 0
1102.79 0
1103.42 0
1104.06 0
1104.69 0
1105.32 0
1105.96 0
1106.59 0
1107.23 0
1107.86 0
1108.49 0
1109.13 0
1109.76 0
1110.39 0
1111.03 0
1111.66 0
1112.3 0
1112.93 0
1113.56 0
1114.2 0
1114.83 0
1115.47 5.76396
1116.1 6.6686
1116.73 10.6356
1117.37 23.7757
1118 56.4849
1118.63 116.439
1119.27 193.627
1119.9 254.109
1120.54 261.557
1121.17 211.074
1121.8 134.164
1122.44 68.2732
1123.07 29.3546
1123.7 12.5278
1124.34 7.05863
1124.97 5.69857
1125.61 0
1126.24 0
1126.87 0
1127.51 0
1128.14 0
1128.77 4.70414
1129.41 4.79304
1130.04 4.93573
1130.68 5.24292
1131.31 5.91039
1131.94 7.09942
1132.58 8.65529
1133.21 9.95632
1133.84 10.2803
1134.48 9.46319
1135.11 8.06486
1135.75 6.82384
1136.38 6.09414
1137.01 5.80915
1137.65 5.76236
1138.28 5.80492
1138.92 0
1139.55 0
1140.18 0
1140.82 0
1141.45 0
1142.08 0
1142.72 0
1143.35 0
1143.99 0
1144.62 0
1145.25 0
1145.89 0
1146.52 0
1147.15 0
1147.79 0
1148.42 0
1149.06 0
1149.69 0
1150.32 7.44499
1150.96 7.32218
1151.59 7.50302
1152.22 8.60228
1152.86 11.6938
1153.49 17.6457
1154.13 25.5884
1154.76 32.1156
1155.39 33.2889
1156.03 28.2078
1156.66 19.9141
1157.3 12.4467
1157.93 7.7712
1158.56 5.55006
1159.2 4.65737
1159.83 4.26874
1160.46 0
1161.1 0
1161.73 0
1162.37 0
1163 0
1163.63 0
1164.27 0
1164.9 0
1165.53 0
1166.17 0
1166.8 0
1167.44 0
1168.07 0
1168.7 5.67556
1169.34 5.56382
1169.97 5.46704
1170.6 5.40758
1171.24 5.41258
1171.87 5.48337
1172.51 5.56097
1173.14 5.54343
1173.77 5.36787
1174.41 5.07191
1175.04 4.75613
1175.67 4.49636
1176.31 4.30566
1176.94 4.16017
1177.58 4.03465
1178.21 3.91553
1178.84 0
1179.48 0
1180.11 0
1180.75 0
1181.38 0
1182.01 0
1182.65 0
1183.28 0
1183.91 0
1184.55 0
1185.18 0
1185.82 0
1186.45 0
1187.08 0
1187.72 0
1188.35 0
1188.98 0
1189.62 0
1190.25 0
1190.89 0
1191.52 0
1192.15 0
1192.79 0
1193.42 0
1194.06 0
1194.69 0
1195.32 0
1195.96 0
1196.59 0
1197.22 0
1197.86 0
1198.49 0
1199.13 0
1199.76 0
1200.39 0
1201.03 0
1201.66 0
1202.29 0
1202.93 4.01546
1203.56 4.1512
1204.2 4.37008
1204.83 4.81778
1205.46 5.71378
1206.1 7.17336
1206.73 8.90679
1207.36 10.1705
1208 10.2744
1208.63 9.22173
1209.27 7.70554
1209.9 6.46604
1210.53 5.78906
1211.17 5.55845
1211.8 5.5557
1212.44 5.6359
1213.07 0
1213.7 0
1214.34 0
1214.97 0
1215.6 0
1216.24 0
1216.87 0
1217.51 0
1218.14 0
1218.77 0
1219.41 0
1220.04 0
1220.67 0
1221.31 0
1221.94 0
1222.58 0
1223.21 0
1223.84 0
1224.48 0
1225.11 0
1225.75 0
1226.38 0
1227.01 0
1227.65 0
1228.28 0
1228.91 0
1229.55 0
1230.18 0
1230.82 0
1231.45 0
1232.08 0
1232.72 0
1233.35 5.66997
1233.98 6.07279
1234.62 7.86417
1235.25 13.4565
1235.89 26.4802
1236.52 48.8848
1237.15 76.002
1237.79 95.6234
1238.42 96.1515
1239.06 77.2199
1239.69 50.0438
1240.32 27.0631
1240.96 13.3981
1241.59 7.34706
1242.22 5.27991
1242.86 4.69915
1243.49 0
1244.13 0
1244.76 0
1245.39 0
1246.03 0
1246.66 0
1247.29 0
1247.93 0
1248.56 0
1249.2 0
1249.83 0
1250.46 0
1251.1 0
1251.73 0
1252.37 0
1253 0
1253.63 0
1254.27 0
1254.9 0
1255.53 0
1256.17 0
1256.8 0
1257.44 0
1258.07 0
1258.7 0
1259.34 0
1259.97 0
1260.6 0
1261.24 0
1261.87 0
1262.51 0
1263.14 0
1263.77 0
1264.41 0
1265.04 0
1265.68 0
1266.31 0
1266.94 0
1267.58 0
1268.21 0
1268.84 0
1269.48 0
1270.11 0
1270.75 0
1271.38 0
1272.01 0
1272.65 0
1273.28 0
1273.91 0
1274.55 0
1275.18 0
1275.82 0
1276.45 4.49967
1277.08 4.72172
1277.72 5.5006
1278.35 7.59982
1278.99 11.8805
1279.62 18.2857
1280.25 24.8025
1280.89 28.1107
1281.52 26.1932
1282.15 20.2465
1282.79 13.523
1283.42 8.56851
1284.06 5.92495
1284.69 4.8632
1285.32 4.53618
1285.96 4.45813
1286.59 0
1287.22 0
1287.86 0
1288.49 0
1289.13 0
1289.76 0
1290.39 0
1291.03 0
1291.66 0
1292.3 0
1292.93 0
1293.56 0
1294.2 0
1294.83 0
1295.46 0
1296.1 0
1296.73 0
1297.37 0
1298 0
1298.63 0
1299.27 0
1299.9 0
1300.54 0
1301.17 0
1301.8 0
1302.44 0
1303.07 0
1303.7 0
1304.34 0
1304.97 0
1305.61 0
1306.24 0
1306.87 0
1307.51 0
1308.14 0
1308.77 0
1309.41 0
1310.04 0
1310.68 0
1311.31 0
1311.94 0
1312.58 0
1313.21 0
1313.85 0
1314.48 0
1315.11 0
1315.75 0
1316.38 0
1317.01 0
1317.65 0
1318.28 0
1318.92 0
1319.55 0
1320.18 0
1320.82 0
1321.45 0
1322.09 0
1322.72 0
1323.35 0
1323.99 0
1324.62 0
1325.25 0
1325.89 0
1326.52 0
1327.16 0
1327.79 4.40603
1328.42 4.40307
1329.06 4.39199
1329.69 4.36037
1330.32 4.29169
1330.96 4.18064
1331.59 4.05439
1332.23 3.97109
1332.86 3.97928
1333.49 4.0739
1334.13 4.20117
1334.76 4.30623
1335.4 4.36816
1336.03 4.39555
1336.66 4.40489
1337.3 4.4074
1337.93 0
1338.56 0
1339.2 0
1339.83 0
1340.47 0
1341.1 0
1341.73 0
1342.37 0
1343 0
1343.64 0
1344.27 0
1344.9 0
1345.54 0
1346.17 0
1346.8 0
1347.44 0
1348.07 0
1348.71 0
1349.34 0
1349.97 0
1350.61 0
1351.24 0
1351.88 0
1352.51 0
1353.14 0
1353.78 0
1354.41 0
1355.04 0
1355.68 0
1356.31 0
1356.95 0
1357.58 0
1358.21 0
1358.85 0
1359.48 0
1360.11 0
1360.75 0
1361.38 0
1362.02 0
1362.65 0
1363.28 0
1363.92 0
1364.55 0
1365.19 0
1365.82 0
1366.45 0
1367.09 0
1367.72 0
1368.35 0
1368.99 0
1369.62 0
1370.26 0
1370.89 0
1371.52 0
1372.16 0
1372.79 3.74861
1373.43 4.06029
1374.06 5.27055
1374.69 8.90065
1375.33 17.2679
1375.96 31.8049
1376.59 50.0207
1377.23 64.4853
1377.86 67.2308
1378.5 56.5919
1379.13 38.7738
1379.76 22.2154
1380.4 11.4724
1381.03 6.32531
1381.67 4.62353
1382.3 4.76087
1382.93 6.25536
1383.57 9.08996
1384.2 12.7341
1384.83 15.7224
1385.47 16.4242
1386.1 14.413
1386.74 10.8643
1387.37 7.48355
1388 5.24389
1388.64 4.13864
1389.27 3.71934
1389.91 3.59359
1390.54 0
1391.17 0
1391.81 0
1392.44 0
1393.07 0
1393.71 0
1394.34 0
1394.98 0
1395.61 0
1396.24 0
1396.88 3.00478
1397.51 3.19413
1398.15 3.80537
1398.78 5.41886
1399.41 8.72496
1400.05 13.7982
1400.68 19.2577
1401.31 22.5461
1401.95 21.774
1402.58 17.4279
1403.22 11.9399
1403.85 7.71713
1404.48 5.98023
1405.12 7.25742
1405.75 12.1279
1406.39 20.6336
1407.02 30.685
1407.65 37.8403
1408.29 38.0775
1408.92 31.265
1409.55 21.2699
1410.19 12.5417
1410.82 7.12507
1411.46 4.60567
1412.09 3.71161
1412.72 3.47391
1413.36 0
1413.99 0
1414.63 0
1415.26 0
1415.89 0
1416.53 0
1417.16 0
1417.79 0
1418.43 0
1419.06 0
1419.7 0
1420.33 0
1420.96 0
1421.6 0
1422.23 0
1422.87 0
1423.5 0
1424.13 0
1424.77 0
1425.4 0
1426.03 0
1426.67 0
1427.3 0
1427.94 0
1428.57 0
1429.2 0
1429.84 0
1430.47 0
1431.11 0
1431.74 0
1432.37 0
1433.01 0
1433.64 0
1434.27 0
1434.91 0
1435.54 0
1436.18 0
1436.81 0
1437.44 0
1438.08 0
1438.71 0
1439.35 0
1439.98 0
1440.61 0
1441.25 0
1441.88 0
1442.51 0
1443.15 0
1443.78 0
1444.42 0
1445.05 0
1445.68 0
1446.32 0
1446.95 0
1447.59 0
1448.22 0
1448.85 0
1449.49 0
1450.12 0
1450.75 0
1451.39 0
1452.02 0
1452.66 0
1453.29 0
1453.92 0
1454.56 0
1455.19 0
1455.83 4.08864
1456.46 4.14422
1457.09 4.20623
1457.73 4.28584
1458.36 4.4009
1458.99 4.56481
1459.63 4.76357
1460.26 4.9436
1460.9 5.03904
1461.53 5.02513
1462.16 4.9409
1462.8 4.85383
1463.43 4.80858
1464.07 4.81042
1464.7 4.8431
1465.33 4.88997
1465.97 0
1466.6 0
1467.24 0
1467.87 0
1468.5 0
1469.14 0
1469.77 0
1470.4 0
1471.04 0
1471.67 0
1472.31 0
1472.94 0
1473.57 0
1474.21 0
1474.84 0
1475.48 0
1476.11 0
1476.74 0
1477.38 0
1478.01 0
1478.64 0
1479.28 0
1479.91 0
1480.55 0
1481.18 0
1481.81 0
1482.45 0
1483.08 0
1483.72 0
1484.35 0
1484.98 0
1485.62 0
1486.25 0
1486.88 0
1487.52 0
1488.15 0
1488.79 0
1489.42 0
1490.05 0
1490.69 0
1491.32 0
1491.96 0
1492.59 0
1493.22 0
1493.86 0
1494.49 0
1495.13 0
1495.76 0
1496.39 0
1497.03 0
1497.66 0
1498.29 0
1498.93 0
1499.56 0
1500.2 0
1500.83 0
1501.46 0
1502.1 0
1502.73 0
1503.37 0
1504 0
1504.63 5.31157
1505.27 5.47955
1505.9 6.31893
1506.53 8.63862
1507.17 13.2721
1507.8 20.0751
1508.44 26.9893
1509.07 30.6836
1509.7 28.9908
1510.34 22.8227
1510.97 15.3394
1511.61 9.36477
1512.24 5.82908
1512.87 4.18154
1513.51 3.52281
1514.14 3.24545
1514.77 0
1515.41 0
1516.04 0
1516.68 0
1517.31 0
1517.94 0
1518.58 0
1519.21 0
1519.85 0
1520.48 0
1521.11 0
1521.75 0
1522.38 0
1523.02 0
1523.65 0
1524.28 0
1524.92 0
1525.55 0
1526.18 0
1526.82 0
1527.45 0
1528.09 0
1528.72 0
1529.35 0
1529.99 0
1530.62 0
1531.26 0
1531.89 0
1532.52 0
1533.16 0
1533.79 6.38961
1534.43 6.32508
1535.06 6.36386
1535.69 6.64573
1536.33 7.34153
1536.96 8.48923
1537.59 9.7891
1538.23 10.6322
1538.86 10.5049
1539.5 9.43754
1540.13 8.00055
1540.76 6.85399
1541.4 6.32989
1542.03 6.3486
1542.67 6.5737
1543.3 6.63807
1543.93 6.35332
1544.57 5.79188
1545.2 5.17469
1545.83 4.68055
1546.47 4.35545
1547.1 4.15363
1547.74 4.01396
1548.37 0
1549 0
1549.64 0
1550.27 0
1550.91 0
1551.54 0
1552.17 0
1552.81 0
1553.44 0
1554.08 0
1554.71 0
1555.34 0
1555.98 0
1556.61 0
1557.24 0
1557.88 0
1558.51 0
1559.15 0
1559.78 0
1560.41 0
1561.05 0
1561.68 0
1562.32 0
1562.95 0
1563.58 0
1564.22 0
1564.85 0
1565.49 0
1566.12 0
1566.75 0
1567.39 0
1568.02 0
1568.65 0
1569.29 0
1569.92 0
1570.56 0
1571.19 0
1571.82 0
1572.46 0
1573.09 0
1573.73 0
1574.36 0
1574.99 0
1575.63 0
1576.26 0
1576.9 0
1577.53 0
1578.16 0
1578.8 3.38967
1579.43 3.479
1580.06 3.89401
1580.7 4.95048
1581.33 6.88131
1581.97 9.44616
1582.6 11.7199
1583.23 12.5344
1583.87 11.3842
1584.5 8.87308
1585.14 6.18233
1585.77 4.17695
1586.4 3.0358
1587.04 2.50416
1587.67 2.27348
1588.31 0
1588.94 0
1589.57 0
1590.21 2.00807
1590.84 2.05284
1591.47 2.19695
1592.11 2.54941
1592.74 3.21126
1593.38 4.1428
1594.01 5.0576
1594.64 5.52974
1595.28 5.31862
1595.91 4.61279
1596.55 3.92257
1597.18 3.72219
1597.81 4.14512
1598.45 4.90504
1599.08 5.46862
1599.72 5.41236
1600.35 4.7192
1600.98 3.74178
1601.62 2.88366
1602.25 2.33615
1602.88 2.06844
1603.52 1.96487
1604.15 1.93156
1604.79 0
1605.42 0
1606.05 0
1606.69 0
1607.32 0
1607.96 0
1608.59 0
1609.22 0
1609.86 0
1610.49 0
1611.13 0
1611.76 0
1612.39 0
1613.03 0
1613.66 0
1614.29 0
1614.93 0
1615.56 0
1616.2 0
1616.83 0
1617.46 0
1618.1 0
1618.73 0
1619.37 0
1620 0
1620.63 0
1621.27 0
1621.9 0
1622.54 0
1623.17 0
1623.8 0
1624.44 0
1625.07 0
1625.7 0
1626.34 0
1626.97 0
1627.61 0
1628.24 0
1628.87 0
1629.51 0
1630.14 0
1630.78 0
1631.41 0
1632.04 0
1632.68 0
1633.31 0
1633.95 0
1634.58 0
1635.21 0
1635.85 0
1636.48 0
1637.11 0
1637.75 0
1638.38 0
1639.02 0
1639.65 0
1640.28 0
1640.92 0
1641.55 0
1642.19 0
1642.82 0
1643.45 0
1644.09 0
1644.72 0
1645.36 0
1645.99 0
1646.62 0
1647.26 0
1647.89 0
1648.53 0
1649.16 0
1649.79 0
1650.43 0
1651.06 0
1651.69 0
1652.33 0
1652.96 0
1653.6 0
1654.23 0
1654.86 0
1655.5 0
1656.13 0
1656.77 2.60436
1657.4 2.75572
1658.03 3.33204
1658.67 4.76321
1659.3 7.40788
1659.94 11.0364
1660.57 14.4744
1661.2 16.0748
1661.84 14.9246
1662.47 11.6279
1663.1 7.77947
1663.74 4.73319
1664.37 2.91776
1665.01 2.05715
1665.64 1.70663
1666.27 0
1666.91 0
1667.54 0
1668.18 0
1668.81 0
1669.44 0
1670.08 0
1670.71 0
1671.35 0
1671.98 0
1672.61 0
1673.25 0
1673.88 0
1674.52 0
1675.15 0
1675.78 0
1676.42 0
1677.05 0
1677.68 0
1678.32 0
1678.95 0
1679.59 1.74323
1680.22 1.75309
1680.85 1.83191
1681.49 2.04288
1682.12 2.43011
1682.76 2.94287
1683.39 3.39667
1684.02 3.5596
1684.66 3.32704
1685.29 2.81158
1685.93 2.24623
1686.56 1.81061
1687.19 1.55044
1687.83 1.4198
1688.46 1.35612
1689.1 0
1689.73 0
1690.36 0
1691 0
1691.63 0
1692.26 0
1692.9 0
1693.53 0
1694.17 0
1694.8 0
1695.43 0
1696.07 0
1696.7 0
1697.34 0
1697.97 0
1698.6 0
1699.24 0
1699.87 0
1700.51 0
1701.14 0
1701.77 0
1702.41 0
1703.04 0
1703.68 0
1704.31 0
1704.94 0
1705.58 0
1706.21 0
1706.84 0
1707.48 0
1708.11 0
1708.75 0
1709.38 0
1710.01 0
1710.65 0
1711.28 0
1711.92 0
1712.55 0
1713.18 0
1713.82 0
1714.45 0
1715.09 0
1715.72 0
1716.35 0
1716.99 0
1717.62 0
1718.26 0
1718.89 0
1719.52 0
1720.16 0
1720.79 0
1721.43 0
1722.06 0
1722.69 0
1723.33 0
1723.96 0
1724.59 0.810862
1725.23 1.04781
1725.86 1.85963
1726.5 4.08
1727.13 8.87953
1727.76 16.9317
1728.4 27.0292
1729.03 35.5796
1729.67 38.4296
1730.3 34.027
1730.93 24.744
1731.57 14.8756
1732.2 7.53912
1732.84 3.41231
1733.47 1.59941
1734.1 0.967465
1734.74 0
1735.37 0
1736.01 0
1736.64 0
1737.27 0
1737.91 0
1738.54 0
1739.17 0
1739.81 0
1740.44 0
1741.08 0
1741.71 0
1742.34 0
1742.98 0
1743.61 0
1744.25 0
1744.88 0
1745.51 0
1746.15 0
1746.78 0
1747.42 0
1748.05 0
1748.68 0
1749.32 0
1749.95 0
1750.59 0
1751.22 0
1751.85 0
1752.49 0
1753.12 0
1753.76 0
1754.39 0
1755.02 0
1755.66 0
1756.29 0
1756.92 0
1757.56 0
1758.19 0
1758.83 0
1759.46 0
1760.09 2.1866
1760.73 6.26912
1761.36 17.4189
1762 41.5498
1762.63 82.2157
1763.26 133.679
1763.9 178.109
1764.53 194.299
1765.17 173.533
1765.8 126.935
1766.43 76.1361
1767.07 37.576
1767.7 15.4328
1768.34 5.49206
1768.97 1.9456
1769.6 0
1770.24 0
1770.87 0
1771.51 0
1772.14 0
1772.77 0
1773.41 0
1774.04 0
1774.67 0
1775.31 0
1775.94 0
1776.58 0
1777.21 0
1777.84 0
1778.48 0
1779.11 0
1779.75 0
1780.38 0
1781.01 0
1781.65 0
1782.28 0
1782.92 0
1783.55 0
1784.18 0
1784.82 0
1785.45 0
1786.09 0
1786.72 0
1787.35 0
1787.99 0
1788.62 0
1789.26 0
1789.89 0
1790.52 0
1791.16 0
1791.79 0
1792.43 0
1793.06 0
1793.69 0
1794.33 0
1794.96 0
1795.59 0
1796.23 0
1796.86 0
1797.5 0
1798.13 0
1798.76 0
1799.4 0
1800.03 0
1800.67 0
1801.3 0
1801.93 0
1802.57 0
1803.2 0
1803.84 0
1804.47 0
1805.1 0
1805.74 0
1806.37 0
1807.01 0
1807.64 0
1808.27 0
1808.91 0
1809.54 0
1810.18 0
1810.81 0
1811.44 0
1812.08 0
1812.71 0
1813.35 0
1813.98 0
1814.61 0
1815.25 0
1815.88 0
1816.51 0
1817.15 0
1817.78 0
1818.42 0
1819.05 0
1819.68 0
1820.32 0
1820.95 0
1821.59 0
1822.22 0
1822.85 0
1823.49 0
1824.12 0
1824.76 0
1825.39 0
1826.02 0
1826.66 0
1827.29 0
1827.93 0
1828.56 0
1829.19 0
1829.83 0
1830.46 0
1831.1 0
1831.73 0
1832.36 0
1833 0
1833.63 1.31013
1834.27 1.35482
1834.9 1.48877
1835.53 1.80952
1836.17 2.41611
1836.8 3.30076
1837.44 4.24236
1838.07 4.85286
1838.7 4.82358
1839.34 4.17038
1839.97 3.22016
1840.61 2.35394
1841.24 1.77458
1841.87 1.48332
1842.51 1.4101
1843.14 1.56981
1843.77 2.19789
1844.41 3.82893
1845.04 7.1451
1845.68 12.3906
1846.31 18.5881
1846.94 23.4474
1847.58 24.6218
1848.21 21.4891
1848.85 15.6685
1849.48 9.7066
1850.11 5.34157
1850.75 2.89375
1851.38 1.81161
1852.02 1.42879
1852.65 0
1853.28 0
1853.92 0
1854.55 0
1855.19 0
1855.82 0
1856.45 0
1857.09 0
1857.72 0
1858.36 0
1858.99 0
1859.62 0
1860.26 0
1860.89 0
1861.53 0
1862.16 0
1862.79 0
1863.43 0
1864.06 0
1864.7 0
1865.33 0
1865.96 0
1866.6 0
1867.23 0
1867.87 0
1868.5 0.845862
1869.13 0.891805
1869.77 1.02431
1870.4 1.33048
1871.03 1.88961
1871.67 2.67574
1872.3 3.47611
1872.94 3.95276
1873.57 3.864
1874.2 3.2571
1874.84 2.42876
1875.47 1.69718
1876.11 1.21723
1876.74 0.972198
1877.37 0.872736
1878.01 0.840259
1878.64 0
1879.28 0
1879.91 0
1880.54 0
1881.18 0
1881.81 0
1882.45 0
1883.08 0
1883.71 0
1884.35 0
1884.98 0
1885.62 0
1886.25 0
1886.88 0
1887.52 0
1888.15 0
1888.79 0
1889.42 0
1890.05 0
1890.69 0
1891.32 0
1891.96 0
1892.59 0
1893.22 0
1893.86 0
1894.49 0
1895.13 0
1895.76 0
1896.39 0
1897.03 0
1897.66 0
1898.3 0
1898.93 0
1899.56 0
1900.2 0
1900.83 0
1901.47 0
1902.1 0
1902.73 0
1903.37 0
1904 0
1904.63 0
1905.27 0
1905.9 0
1906.54 0
1907.17 0
1907.8 0
1908.44 0
1909.07 0
1909.71 0
1910.34 0
1910.97 0
1911.61 0
1912.24 0
1912.88 0
1913.51 0
1914.14 0
1914.78 0
1915.41 0
1916.05 0
1916.68 0
1917.31 0
1917.95 0
1918.58 0
1919.22 0
1919.85 0
1920.48 0
1921.12 0
1921.75 0
1922.39 0
1923.02 0
1923.65 0
1924.29 0
1924.92 0
1925.56 0
1926.19 0
1926.82 0
1927.46 0
1928.09 0
1928.73 0
1929.36 0
1929.99 0
1930.63 0
1931.26 0
1931.9 0
1932.53 0
1933.16 0
1933.8 0
1934.43 0
1935.07 0
1935.7 0
1936.33 0
1936.97 0
1937.6 0
1938.24 0
1938.87 0
1939.5 0
1940.14 0
1940.77 0
1941.41 0
1942.04 0
1942.67 0
1943.31 0
1943.94 0
1944.58 0
1945.21 0
1945.84 0
1946.48 0
1947.11 0
1947.75 0
1948.38 0
1949.01 0
1949.65 0
1950.28 0
1950.92 0
1951.55 0
1952.18 0
1952.82 0
1953.45 0
1954.08 0
1954.72 0
1955.35 0
1955.99 0
1956.62 0
1957.25 0
1957.89 0
1958.52 0
1959.16 0
1959.79 0
1960.42 0
1961.06 0
1961.69 0
1962.33 0
1962.96 0
1963.59 0
1964.23 0
1964.86 0
1965.5 0
1966.13 0
1966.76 0
1967.4 0
1968.03 0
1968.67 0
1969.3 0
1969.93 0
1970.57 0
1971.2 0
1971.84 0
1972.47 0
1973.1 0
1973.74 0
1974.37 0
1975.01 0
1975.64 0
1976.27 0
1976.91 0
1977.54 0
1978.18 0
1978.81 0
1979.44 0
1980.08 0
1980.71 0
1981.35 0
1981.98 0
1982.61 0
1983.25 0
1983.88 0
1984.52 0
1985.15 0
1985.78 0
1986.42 0
1987.05 0
1987.69 0
1988.32 0
1988.95 0
1989.59 0
1990.22 0
1990.86 0
1991.49 0
1992.12 0
1992.76 0
1993.39 0
1994.03 0
1994.66 0
1995.29 0
1995.93 0
1996.56 0
1997.2 0
1997.83 0
1998.46 0
1999.1 0
1999.73 0
2000.37 0
2001 0
2001.63 0
2002.27 0
2002.9 0
2003.54 0
2004.17 0
2004.8 0
2005.44 0
2006.07 0
2006.71 0
2007.34 0
2007.97 0
2008.61 0
2009.24 0
2009.88 0
2010.51 0
2011.14 0
2011.78 0
2012.41 0
2013.05 0
2013.68 0
2014.31 0
2014.95 0
2015.58 0
2016.22 0
2016.85 0
2017.48 0
2018.12 0
2018.75 0
2019.39 0
2020.02 0
2020.65 0
2021.29 0
2021.92 0
2022.56 0
2023.19 0
2023.82 0
2024.46 0
2025.09 0
2025.73 0
2026.36 0
2026.99 0
2027.63 0
2028.26 0
2028.9 0
2029.53 0
2030.16 0
2030.8 0
2031.43 0
2032.07 0
2032.7 0
2033.33 0
2033.97 0
2034.6 0
2035.24 0
2035.87 0
2036.5 0
2037.14 0
2037.77 0
2038.41 0
2039.04 0
2039.67 0
2040.31 0
2040.94 0
2041.58 0
2042.21 0
2042.84 0
2043.48 0
2044.11 0
2044.75 0
2045.38 0
2046.01 0
2046.65 0
2047.28 0
2047.92 0
2048.55 0
2049.18 0
2049.82 0
2050.45 0
2051.09 0
2051.72 0
2052.35 0
2052.99 0
2053.62 0
2054.26 0
2054.89 0
2055.52 0
2056.16 0
2056.79 0
2057.43 0
2058.06 0
2058.69 0
2059.33 0
2059.96 0
2060.6 0
2061.23 0
2061.86 0
2062.5 0
2063.13 0
2063.77 0
2064.4 0
2065.03 0
2065.67 0
2066.3 0
2066.94 0
2067.57 0
2068.2 0
2068.84 0
2069.47 0
2070.11 0
2070.74 0
2071.37 0
2072.01 0
2072.64 0
2073.28 0
2073.91 0
2074.54 0
2075.18 0
2075.81 0
2076.45 0
2077.08 0
2077.71 0
2078.35 0
2078.98 0
2079.62 0
2080.25 0
2080.88 0
2081.52 0
2082.15 0
2082.79 0
2083.42 0
2084.05 0
2084.69 0
2085.32 0
2085.96 0
2086.59 0
2087.22 0
2087.86 0
2088.49 0
2089.13 0
2089.76 0
2090.39 0
2091.03 0
2091.66 0
2092.3 0
2092.93 0
2093.56 0
2094.2 0
2094.83 0
2095.47 0
2096.1 0
2096.74 0
2097.37 0
2098 0
2098.64 0
2099.27 0
2099.91 0
2100.54 0
2101.17 0
2101.81 0
2102.44 0
2103.08 0
2103.71 0
2104.34 0
2104.98 0
2105.61 0
2106.25 0
2106.88 0
2107.51 0
2108.15 0
2108.78 0
2109.42 0
2110.05 0
2110.68 0
2111.32 0
2111.95 0
2112.59 0
2113.22 0
2113.85 0.381115
2114.49 0.598209
2115.12 1.17584
2115.76 2.42293
2116.39 4.57794
2117.02 7.48125
2117.66 10.3491
2118.29 12.0259
2118.93 11.7109
2119.56 9.56163
2120.19 6.56973
2120.83 3.8394
2121.46 1.96499
2122.1 0.950913
2122.73 0.509192
2123.36 0.352457
2124 0
2124.63 0
2125.27 0
2125.9 0
2126.53 0
2127.17 0
2127.8 0
2128.44 0
2129.07 0
2129.7 0
2130.34 0
2130.97 0
2131.61 0
2132.24 0
2132.87 0
2133.51 0
2134.14 0
2134.78 0
2135.41 0
2136.04 0
2136.68 0
2137.31 0
2137.95 0
2138.58 0
2139.21 0
2139.85 0
2140.48 0
2141.12 0
2141.75 0
2142.38 0
2143.02 0
2143.65 0
2144.29 0
2144.92 0
2145.56 0
2146.19 0
2146.82 0
2147.46 0
2148.09 0
2148.73 0
2149.36 0
2149.99 0
2150.63 0
2151.26 0
2151.9 0
2152.53 0
2153.16 0
2153.8 0
2154.43 0
2155.07 0
2155.7 0
2156.33 0
2156.97 0
2157.6 0
2158.24 0
2158.87 0
2159.5 0
2160.14 0
2160.77 0
2161.41 0
2162.04 0
2162.67 0
2163.31 0
2163.94 0
2164.58 0
2165.21 0
2165.84 0
2166.48 0
2167.11 0
2167.75 0
2168.38 0
2169.01 0
2169.65 0
2170.28 0
2170.92 0
2171.55 0
2172.18 0
2172.82 0
2173.45 0
2174.09 0
2174.72 0
2175.35 0
2175.99 0
2176.62 0
2177.26 0
2177.89 0
2178.53 0
2179.16 0
2179.79 0
2180.43 0
2181.06 0
2181.7 0
2182.33 0
2182.96 0
2183.6 0
2184.23 0
2184.87 0
2185.5 0
2186.13 0
2186.77 0
2187.4 0
2188.04 0
2188.67 0
2189.3 0
2189.94 0
2190.57 0
2191.21 0
2191.84 0
2192.47 0
2193.11 0
2193.74 0
2194.38 0
2195.01 0
2195.64 0
2196.28 0
2196.91 0
2197.55 0
2198.18 0
2198.81 0
2199.45 1.04759
2200.08 2.09376
2200.72 4.7646
2201.35 10.315
2201.98 19.5708
2202.62 31.6164
2203.25 43.0627
2203.89 49.2834
2204.52 47.3467
2205.15 38.1972
2205.79 25.9299
2206.42 14.8959
2207.06 7.35944
2207.69 3.27725
2208.33 1.48775
2208.96 0.845741
2209.59 0
2210.23 0
2210.86 0
2211.5 0
2212.13 0
2212.76 0
2213.4 0
2214.03 0
2214.67 0
2215.3 0
2215.93 0
2216.57 0
2217.2 0
2217.84 0
2218.47 0
2219.1 0
2219.74 0
2220.37 0
2221.01 0
2221.64 0
2222.27 0
2222.91 0
2223.54 0
2224.18 0
2224.81 0
2225.44 0
2226.08 0
2226.71 0
2227.35 0
2227.98 0
2228.61 0
2229.25 0
2229.88 0
2230.52 0
2231.15 0
2231.79 0
2232.42 0
2233.05 0
2233.69 0
2234.32 0
2234.96 0
2235.59 0
2236.22 0
2236.86 0
2237.49 0
2238.13 0
2238.76 0
2239.39 0
2240.03 0
2240.66 0
2241.3 0
2241.93 0
2242.56 0
2243.2 0
2243.83 0
2244.47 0
2245.1 0
2245.73 0
2246.37 0
2247 0
2247.64 0
2248.27 0
2248.9 0
2249.54 0
2250.17 0
2250.81 0
2251.44 0
2252.08 0
2252.71 0
2253.34 0
2253.98 0
2254.61 0
2255.25 0
2255.88 0
2256.51 0
2257.15 0
2257.78 0
2258.42 0
2259.05 0
2259.68 0
2260.32 0
2260.95 0
2261.59 0
2262.22 0
2262.85 0
2263.49 0
2264.12 0
2264.76 0
2265.39 0
2266.02 0
2266.66 0
2267.29 0
2267.93 0
2268.56 0
2269.19 0
2269.83 0
2270.46 0
2271.1 0
2271.73 0
2272.37 0
2273 0
2273.63 0
2274.27 0
2274.9 0
2275.54 0
2276.17 0
2276.8 0
2277.44 0
2278.07 0
2278.71 0
2279.34 0
2279.97 0
2280.61 0
2281.24 0
2281.88 0
2282.51 0
2283.14 0
2283.78 0
2284.41 0
2285.05 0
2285.68 0
2286.31 0
2286.95 0
2287.58 0
2288.22 0
2288.85 0.117308
2289.49 0.199594
2290.12 0.399302
2290.75 0.794881
2291.39 1.42455
2292.02 2.20562
2292.66 2.90527
2293.29 3.23765
2293.92 3.04785
2294.56 2.42598
2295.19 1.63968
2295.83 0.952085
2296.46 0.489997
2297.09 0.241895
2297.73 0.133461
2298.36 0.0944793
2299 0
2299.63 0
2300.26 0
2300.9 0
2301.53 0
2302.17 0
2302.8 0
2303.43 0
2304.07 0
2304.7 0
2305.34 0
2305.97 0
2306.61 0
2307.24 0
2307.87 0
2308.51 0
2309.14 0
2309.78 0
2310.41 0
2311.04 0
2311.68 0
2312.31 0
2312.95 0
2313.58 0
2314.21 0
2314.85 0
2315.48 0
2316.12 0
2316.75 0
2317.38 0
2318.02 0
2318.65 0
2319.29 0
2319.92 0
2320.56 0
2321.19 0
2321.82 0
2322.46 0
2323.09 0
2323.73 0
2324.36 0
2324.99 0
2325.63 0
2326.26 0
2326.9 0
2327.53 0
2328.16 0
2328.8 0
2329.43 0
2330.07 0
2330.7 0
2331.33 0
2331.97 0
2332.6 0
2333.24 0
2333.87 0
2334.5 0
2335.14 0
2335.77 0
2336.41 0
2337.04 0
2337.68 0
2338.31 0
2338.94 0
2339.58 0
2340.21 0
2340.85 0
2341.48 0
2342.11 0
2342.75 0
2343.38 0
2344.02 0
2344.65 0
2345.28 0
2345.92 0
2346.55 0
2347.19 0
2347.82 0
2348.45 0
2349.09 0
2349.72 0
2350.36 0
2350.99 0
2351.63 0
2352.26 0
2352.89 0
2353.53 0
2354.16 0
2354.8 0
2355.43 0
2356.06 0
2356.7 0
2357.33 0
2357.97 0
2358.6 0
2359.23 0
2359.87 0
2360.5 0
2361.14 0
2361.77 0
2362.4 0
2363.04 0
2363.67 0
2364.31 0
2364.94 0
2365.58 0
2366.21 0
2366.84 0
2367.48 0
2368.11 0
2368.75 0
2369.38 0
2370.01 0
2370.65 0
2371.28 0
2371.92 0
2372.55 0
2373.18 0
2373.82 0
2374.45 0
2375.09 0
2375.72 0
2376.36 0
2376.99 0
2377.62 0
2378.26 0
2378.89 0
2379.53 0
2380.16 0
2380.79 0
2381.43 0
2382.06 0
2382.7 0
2383.33 0
2383.96 0
2384.6 0
2385.23 0
2385.87 0
2386.5 0
2387.13 0
2387.77 0
2388.4 0
2389.04 0
2389.67 0
2390.31 0
2390.94 0
2391.57 0
2392.21 0
2392.84 0
2393.48 0
2394.11 0
2394.74 0
2395.38 0
2396.01 0
2396.65 0
2397.28 0
2397.91 0
2398.55 0
2399.18 0
2399.82 0
2400.45 0
2401.09 0
2401.72 0
2402.35 0
2402.99 0
2403.62 0
2404.26 0
2404.89 0
2405.52 0
2406.16 0
2406.79 0
2407.43 0
2408.06 0
2408.69 0
2409.33 0
2409.96 0
2410.6 0
2411.23 0
2411.86 0
2412.5 0
2413.13 0
2413.77 0
2414.4 0
2415.04 0
2415.67 0
2416.3 0
2416.94 0
2417.57 0
2418.21 0
2418.84 0
2419.47 0
2420.11 0
2420.74 0
2421.38 0
2422.01 0
2422.64 0
2423.28 0
2423.91 0
2424.55 0
2425.18 0
2425.82 0
2426.45 0
2427.08 0
2427.72 0
2428.35 0
2428.99 0
2429.62 0
2430.25 0
2430.89 0
2431.52 0
2432.16 0
2432.79 0
2433.42 0
2434.06 0
2434.69 0
2435.33 0
2435.96 0
2436.6 0
2437.23 0
2437.86 0
2438.5 0
2439.13 0
2439.77 0
2440.4 0
2441.03 0
2441.67 0
2442.3 0
2442.94 0.203388
2443.57 0.4837
2444.2 1.18492
2444.84 2.63144
2445.47 5.06167
2446.11 8.30993
2446.74 11.5871
2447.38 13.6992
2448.01 13.7257
2448.64 11.6553
2449.28 8.39353
2449.91 5.13548
2450.55 2.68264
2451.18 1.21377
2451.81 0.497108
2452.45 0.208568
2453.08 0
2453.72 0
2454.35 0
2454.98 0
2455.62 0
2456.25 0
2456.89 0
2457.52 0
2458.16 0
2458.79 0
2459.42 0
2460.06 0
2460.69 0
2461.33 0
2461.96 0
2462.59 0
2463.23 0
2463.86 0
2464.5 0
2465.13 0
2465.76 0
2466.4 0
2467.03 0
2467.67 0
2468.3 0
2468.94 0
2469.57 0
2470.2 0
2470.84 0
2471.47 0
2472.11 0
2472.74 0
2473.37 0
2474.01 0
2474.64 0
2475.28 0
2475.91 0
2476.54 0
2477.18 0
2477.81 0
2478.45 0
2479.08 0
2479.72 0
2480.35 0
2480.98 0
2481.62 0
2482.25 0
2482.89 0
2483.52 0
2484.15 0
2484.79 0
2485.42 0
2486.06 0
2486.69 0
2487.33 0
2487.96 0
2488.59 0
2489.23 0
2489.86 0
2490.5 0
2491.13 0
2491.76 0
2492.4 0
2493.03 0
2493.67 0
2494.3 0
2494.93 0
2495.57 0
2496.2 0
2496.84 0
2497.47 0
2498.11 0
2498.74 0
2499.37 0
2500.01 0
2500.64 0
2501.28 0
2501.91 0
2502.54 0
2503.18 0
2503.81 0
2504.45 0
2505.08 0
2505.72 0
2506.35 0
2506.98 0
2507.62 0
2508.25 0
2508.89 0
2509.52 0
2510.15 0
2510.79 0
2511.42 0
2512.06 0
2512.69 0
2513.32 0
2513.96 0
2514.59 0
2515.23 0
2515.86 0
2516.5 0
2517.13 0
2517.76 0
2518.4 0
2519.03 0
2519.67 0
2520.3 0
2520.93 0
2521.57 0
2522.2 0
2522.84 0
2523.47 0
2524.11 0
2524.74 0
2525.37 0
2526.01 0
2526.64 0
2527.28 0
2527.91 0
2528.54 0
2529.18 0
2529.81 0
2530.45 0
2531.08 0
2531.71 0
2532.35 0
2532.98 0
2533.62 0
2534.25 0
2534.89 0
2535.52 0
2536.15 0
2536.79 0
2537.42 0
2538.06 0
2538.69 0
2539.32 0
2539.96 0
2540.59 0
2541.23 0
2541.86 0
2542.5 0
2543.13 0
2543.76 0
2544.4 0
2545.03 0
2545.67 0
2546.3 0
2546.93 0
2547.57 0
2548.2 0
2548.84 0
2549.47 0
2550.11 0
2550.74 0
2551.37 0
2552.01 0
2552.64 0
2553.28 0
2553.91 0
2554.54 0
2555.18 0
2555.81 0
2556.45 0
2557.08 0
2557.71 0
2558.35 0
2558.98 0
2559.62 0
2560.25 0
2560.89 0
2561.52 0
2562.15 0
2562.79 0
2563.42 0
2564.06 0
2564.69 0
2565.32 0
2565.96 0
2566.59 0
2567.23 0
2567.86 0
2568.5 0
2569.13 0
2569.76 0
2570.4 0
2571.03 0
2571.67 0
2572.3 0
2572.93 0
2573.57 0
2574.2 0
2574.84 0
2575.47 0
2576.11 0
2576.74 0
2577.37 0
2578.01 0
2578.64 0
2579.28 0
2579.91 0
2580.54 0
2581.18 0
2581.81 0
2582.45 0
2583.08 0
2583.72 0
2584.35 0
2584.98 0
2585.62 0
2586.25 0
2586.89 0
2587.52 0
2588.15 0
2588.79 0
2589.42 0
2590.06 0
2590.69 0
2591.33 0
2591.96 0
2592.59 0
2593.23 0
2593.86 0
2594.5 0
2595.13 0
2595.76 0
2596.4 0
2597.03 0
2597.67 0
2598.3 0
2598.94 0
2599.57 0
2600.2 0
2600.84 0
2601.47 0
2602.11 0
2602.74 0
2603.37 0
2604.01 0
2604.64 0
2605.28 0
2605.91 0
2606.55 0
2607.18 0
2607.81 0
2608.45 0
2609.08 0
2609.72 0
2610.35 0
2610.98 0
2611.62 0
2612.25 0
2612.89 0
2613.52 0
2614.16 0
2614.79 0
2615.42 0
2616.06 0
2616.69 0
2617.33 0
2617.96 0
2618.59 0
2619.23 0
2619.86 0
2620.5 0
2621.13 0
2621.77 0
2622.4 0
2623.03 0
2623.67 0
2624.3 0
2624.94 0
2625.57 0
2626.2 0
2626.84 0
2627.47 0
2628.11 0
2628.74 0
2629.38 0
2630.01 0
2630.64 0
2631.28 0
2631.91 0
2632.55 0
2633.18 0
2633.81 0
2634.45 0
2635.08 0
2635.72 0
2636.35 0
2636.99 0
2637.62 0
2638.25 0
2638.89 0
2639.52 0
2640.16 0
2640.79 0
2641.42 0
2642.06 0
2642.69 0
2643.33 0
2643.96 0
2644.6 0
2645.23 0
2645.86 0
2646.5 0
2647.13 0
2647.77 0
2648.4 0
2649.04 0
2649.67 0
2650.3 0
2650.94 0
2651.57 0
2652.21 0
2652.84 0
2653.47 0
2654.11 0
2654.74 0
2655.38 0
2656.01 0
2656.65 0
2657.28 0
2657.91 0
2658.55 0
2659.18 0
2659.82 0
2660.45 0
2661.08 0
2661.72 0
2662.35 0
2662.99 0
2663.62 0
2664.26 0
2664.89 0
2665.52 0
2666.16 0
2666.79 0
2667.43 0
2668.06 0
2668.69 0
2669.33 0
2669.96 0
2670.6 0
2671.23 0
2671.87 0
2672.5 0
2673.13 0
2673.77 0
2674.4 0
2675.04 0
2675.67 0
2676.3 0
2676.94 0
2677.57 0
2678.21 0
2678.84 0
2679.48 0
2680.11 0
2680.74 0
2681.38 0
2682.01 0
2682.65 0
2683.28 0
2683.92 0
2684.55 0
2685.18 0
2685.82 0
2686.45 0
2687.09 0
2687.72 0
2688.35 0
2688.99 0
2689.62 0
2690.26 0
2690.89 0
2691.53 0
2692.16 0
2692.79 0
2693.43 0
2694.06 0
2694.7 0
2695.33 0
2695.96 0
2696.6 0
2697.23 0
2697.87 0
2698.5 0
2699.14 0
2699.77 0
2700.4 0
2701.04 0
2701.67 0
2702.31 0
2702.94 0
2703.58 0
2704.21 0
2704.84 0
2705.48 0
2706.11 0
2706.75 0
2707.38 0
2708.01 0
2708.65 0
2709.28 0
2709.92 0
2710.55 0
2711.19 0
2711.82 0
2712.45 0
2713.09 0
2713.72 0
2714.36 0
2714.99 0
2715.63 0
2716.26 0
2716.89 0
2717.53 0
2718.16 0
2718.8 0
2719.43 0
2720.06 0
2720.7 0
2721.33 0
2721.97 0
2722.6 0
2723.24 0
2723.87 0
2724.5 0
2725.14 0
2725.77 0
2726.41 0
2727.04 0
2727.67 0
2728.31 0
2728.94 0
2729.58 0
2730.21 0
2730.85 0
2731.48 0
2732.11 0
2732.75 0
2733.38 0
2734.02 0
2734.65 0
2735.29 0
2735.92 0
2736.55 0
2737.19 0
2737.82 0
2738.46 0
2739.09 0
2739.72 0
2740.36 0
2740.99 0
2741.63 0
2742.26 0
2742.9 0
2743.53 0
2744.16 0
2744.8 0
2745.43 0
2746.07 0
2746.7 0
2747.34 0
2747.97 0
2748.6 0
2749.24 0
2749.87 0
2750.51 0
2751.14 0
2751.77 0
2752.41 0
2753.04 0
2753.68 0
2754.31 0
2754.95 0
2755.58 0
2756.21 0
2756.85 0
2757.48 0
2758.12 0
2758.75 0
2759.39 0
2760.02 0
2760.65 0
2761.29 0
2761.92 0
2762.56 0
2763.19 0
2763.82 0
2764.46 0
2765.09 0
2765.73 0
2766.36 0
2767 0
2767.63 0
2768.26 0
2768.9 0
2769.53 0
2770.17 0
2770.8 0
2771.44 0
2772.07 0
2772.7 0
2773.34 0
2773.97 0
2774.61 0
2775.24 0
2775.88 0
2776.51 0
2777.14 0
2777.78 0
2778.41 0
2779.05 0
2779.68 0
2780.31 0
2780.95 0
2781.58 0
2782.22 0
2782.85 0
2783.49 0
2784.12 0
2784.75 0
2785.39 0
2786.02 0
2786.66 0
2787.29 0
2787.93 0
2788.56 0
2789.19 0
2789.83 0
2790.46 0
2791.1 0
2791.73 0
2792.36 0
2793 0
2793.63 0
2794.27 0
2794.9 0
2795.54 0
2796.17 0
2796.8 0
2797.44 0
2798.07 0
2798.71 0
2799.34 0
2799.98 0
2800.61 0
2801.24 0
2801.88 0
2802.51 0
2803.15 0
2803.78 0
2804.42 0
2805.05 0
2805.68 0
2806.32 0
2806.95 0
2807.59 0
2808.22 0
2808.85 0
2809.49 0
2810.12 0
2810.76 0
2811.39 0
2812.03 0
2812.66 0
2813.29 0
2813.93 0
2814.56 0
2815.2 0
2815.83 0
2816.47 0
2817.1 0
2817.73 0
2818.37 0
2819 0
2819.64 0
2820.27 0
2820.91 0
2821.54 0
2822.17 0
2822.81 0
2823.44 0
2824.08 0
2824.71 0
2825.34 0
2825.98 0
2826.61 0
2827.25 0
2827.88 0
2828.52 0
2829.15 0
2829.78 0
2830.42 0
2831.05 0
2831.69 0
2832.32 0
2832.96 0
2833.59 0
2834.22 0
2834.86 0
2835.49 0
2836.13 0
2836.76 0
2837.4 0
2838.03 0
2838.66 0
2839.3 0
2839.93 0
2840.57 0
2841.2 0
2841.84 0
2842.47 0
2843.1 0
2843.74 0
2844.37 0
2845.01 0
2845.64 0
2846.27 0
2846.91 0
2847.54 0
2848.18 0
2848.81 0
2849.45 0
2850.08 0
2850.71 0
2851.35 0
2851.98 0
2852.62 0
2853.25 0
2853.89 0
2854.52 0
2855.15 0
2855.79 0
2856.42 0
2857.06 0
2857.69 0
2858.33 0
2858.96 0
2859.59 0
2860.23 0
2860.86 0
2861.5 0
2862.13 0
2862.77 0
2863.4 0
2864.03 0
2864.67 0
2865.3 0
2865.94 0
2866.57 0
2867.21 0
2867.84 0
2868.47 0
2869.11 0
2869.74 0
2870.38 0
2871.01 0
2871.64 0
2872.28 0
2872.91 0
2873.55 0
2874.18 0
2874.82 0
2875.45 0
2876.08 0
2876.72 0
2877.35 0
2877.99 0
2878.62 0
2879.26 0
2879.89 0
2880.52 0
2881.16 0
2881.79 0
2882.43 0
2883.06 0
2883.7 0
2884.33 0
2884.96 0
2885.6 0
2886.23 0
2886.87 0
2887.5 0
2888.14 0
2888.77 0
2889.4 0
2890.04 0
2890.67 0
2891.31 0
2891.94 0
2892.58 0
2893.21 0
2893.84 0
2894.48 0
2895.11 0
2895.75 0
2896.38 0
2897.02 0
2897.65 0
2898.28 0
2898.92 0
2899.55 0
2900.19 0
2900.82 0
2901.45 0
2902.09 0
2902.72 0
2903.36 0
2903.99 0
2904.63 0
2905.26 0
2905.89 0
2906.53 0
2907.16 0
2907.8 0
2908.43 0
2909.07 0
2909.7 0
2910.33 0
2910.97 0
2911.6 0
2912.24 0
2912.87 0
2913.51 0
2914.14 0
2914.77 0
2915.41 0
2916.04 0
2916.68 0
2917.31 0
2917.95 0
2918.58 0
2919.21 0
2919.85 0
2920.48 0
2921.12 0
2921.75 0
2922.39 0
2923.02 0
2923.65 0
2924.29 0
2924.92 0
2925.56 0
2926.19 0
2926.83 0
2927.46 0
2928.09 0
2928.73 0
2929.36 0
2930 0
2930.63 0
2931.27 0
2931.9 0
2932.53 0
2933.17 0
2933.8 0
2934.44 0
2935.07 0
2935.71 0
2936.34 0
2936.97 0
2937.61 0
2938.24 0
2938.88 0
2939.51 0
2940.15 0
2940.78 0
2941.41 0
2942.05 0
2942.68 0
2943.32 0
2943.95 0
2944.59 0
2945.22 0
2945.85 0
2946.49 0
2947.12 0
2947.76 0
2948.39 0
2949.02 0
2949.66 0
2950.29 0
2950.93 0
2951.56 0
2952.2 0
2952.83 0
2953.46 0
2954.1 0
2954.73 0
2955.37 0
2956 0
2956.64 0
2957.27 0
2957.9 0
2958.54 0
2959.17 0
2959.81 0
2960.44 0
2961.08 0
2961.71 0
2962.34 0
2962.98 0
2963.61 0
2964.25 0
2964.88 0
2965.52 0
2966.15 0
2966.78 0
2967.42 0
2968.05 0
2968.69 0
2969.32 0
2969.96 0
2970.59 0
2971.22 0
2971.86 0
2972.49 0
2973.13 0
2973.76 0
2974.4 0
2975.03 0
2975.66 0
2976.3 0
2976.93 0
2977.57 0
2978.2 0
2978.84 0
2979.47 0
2980.1 0
2980.74 0
2981.37 0
2982.01 0
2982.64 0
2983.28 0
2983.91 0
2984.54 0
2985.18 0
2985.81 0
2986.45 0
2987.08 0
2987.72 0
2988.35 0
2988.98 0
2989.62 0
2990.25 0
2990.89 0
2991.52 0
2992.16 0
2992.79 0
2993.42 0
2994.06 0
2994.69 0
2995.33 0
2995.96 0
2996.6 0
2997.23 0
2997.86 0
2998.5 0
2999.13 0
2999.77 0
3000.4 0
3001.04 0
3001.67 0
3002.3 0
3002.94 0
3003.57 0
3004.21 0
3004.84 0
3005.48 0
3006.11 0
3006.75 0
3007.38 0
3008.01 0
3008.65 0
3009.28 0
3009.92 0
3010.55 0
3011.19 0
3011.82 0
3012.45 0
3013.09 0
3013.72 0
3014.36 0
3014.99 0
3015.63 0
3016.26 0
3016.89 0
3017.53 0
3018.16 0
3018.8 0
3019.43 0
3020.07 0
3020.7 0
3021.33 0
3021.97 0
3022.6 0
3023.24 0
3023.87 0
3024.51 0
3025.14 0
3025.77 0
3026.41 0
3027.04 0
3027.68 0
3028.31 0
3028.95 0
3029.58 0
3030.21 0
3030.85 0
3031.48 0
3032.12 0
3032.75 0
3033.39 0
3034.02 0
3034.65 0
3035.29 0
3035.92 0
3036.56 0
3037.19 0
3037.83 0
3038.46 0
3039.09 0
3039.73 0
3040.36 0
3041 0
3041.63 0
3042.27 0
3042.9 0
3043.53 0
3044.17 0
3044.8 0
3045.44 0
3046.07 0
3046.71 0
3047.34 0
3047.97 0
3048.61 0
3049.24 0
3049.88 0
3050.51 0
3051.15 0
3051.78 0
3052.41 0
3053.05 0
3053.68 0
3054.32 0
3054.95 0
3055.59 0
3056.22 0
3056.86 0
3057.49 0
3058.12 0
3058.76 0
3059.39 0
3060.03 0
3060.66 0
3061.3 0
3061.93 0
3062.56 0
3063.2 0
3063.83 0
3064.47 0
3065.1 0
3065.74 0
3066.37 0
3067 0
3067.64 0
3068.27 0
3068.91 0
3069.54 0
3070.18 0
3070.81 0
3071.44 0
3072.08 0
3072.71 0
3073.35 0
3073.98 0
3074.62 0
3075.25 0
3075.88 0
3076.52 0
3077.15 0
3077.79 0
3078.42 0
3079.06 0
3079.69 0
3080.32 0
3080.96 0
3081.59 0
3082.23 0
3082.86 0
3083.5 0
3084.13 0
3084.77 0
3085.4 0
3086.03 0
3086.67 0
3087.3 0
3087.94 0
3088.57 0
3089.21 0
3089.84 0
3090.47 0
3091.11 0
3091.74 0
3092.38 0
3093.01 0
3093.65 0
3094.28 0
3094.91 0
3095.55 0
3096.18 0
3096.82 0
3097.45 0
3098.09 0
3098.72 0
3099.35 0
3099.99 0
3100.62 0
3101.26 0
3101.89 0
3102.53 0
3103.16 0
3103.79 0
3104.43 0
3105.06 0
3105.7 0
3106.33 0
3106.97 0
3107.6 0
3108.24 0
3108.87 0
3109.5 0
3110.14 0
3110.77 0
3111.41 0
3112.04 0
3112.68 0
3113.31 0
3113.94 0
3114.58 0
3115.21 0
3115.85 0
3116.48 0
3117.12 0
3117.75 0
3118.38 0
3119.02 0
3119.65 0
3120.29 0
3120.92 0
3121.56 0
3122.19 0
3122.82 0
3123.46 0
3124.09 0
3124.73 0
3125.36 0
3126 0
3126.63 0
3127.27 0
3127.9 0
3128.53 0
3129.17 0
3129.8 0
3130.44 0
3131.07 0
3131.71 0
3132.34 0
3132.97 0
3133.61 0
3134.24 0
3134.88 0
3135.51 0
3136.15 0
3136.78 0
3137.41 0
3138.05 0
3138.68 0
3139.32 0
3139.95 0
3140.59 0
3141.22 0
3141.85 0
3142.49 0
3143.12 0
3143.76 0
3144.39 0
3145.03 0
3145.66 0
3146.3 0
3146.93 0
3147.56 0
3148.2 0
3148.83 0
3149.47 0
3150.1 0
3150.74 0
3151.37 0
3152 0
3152.64 0
3153.27 0
3153.91 0
3154.54 0
3155.18 0
3155.81 0
3156.44 0
3157.08 0
3157.71 0
3158.35 0
3158.98 0
3159.62 0
3160.25 0
3160.89 0
3161.52 0
3162.15 0
3162.79 0
3163.42 0
3164.06 0
3164.69 0
3165.33 0
3165.96 0
3166.59 0
3167.23 0
3167.86 0
3168.5 0
3169.13 0
3169.77 0
3170.4 0
3171.03 0
3171.67 0
3172.3 0
3172.94 0
3173.57 0
3174.21 0
3174.84 0
3175.48 0
3176.11 0
3176.74 0
3177.38 0
3178.01 0
3178.65 0
3179.28 0
3179.92 0
3180.55 0
3181.18 0
3181.82 0
3182.45 0
3183.09 0
3183.72 0
3184.36 0
3184.99 0
3185.62 0
3186.26 0
3186.89 0
3187.53 0
3188.16 0
3188.8 0
3189.43 0
3190.07 0
3190.7 0
3191.33 0
3191.97 0
3192.6 0
3193.24 0
3193.87 0
3194.51 0
3195.14 0
3195.77 0
3196.41 0
3197.04 0
3197.68 0
3198.31 0
3198.95 0
3199.58 0
