0.627685 0
1.26769 0
1.90769 0
2.54769 0
3.18769 0
3.82769 0
4.46769 0
5.10769 0
5.74769 0
6.3877 0
7.0277 0
7.6677 0
8.3077 0
8.9477 0
9.5877 0
10.2277 0
10.8677 0
11.5077 0
12.1477 0
12.7877 0
13.4277 0
14.0677 0
14.7077 0
15.3477 0
15.9877 0
16.6277 0
17.2677 0
17.9077 0
18.5477 0
19.1877 0
19.8277 0
20.4677 0
21.1077 0
21.7477 0
22.3877 0
23.0277 0
23.6677 0
24.3077 0.424485
24.9477 0.249075
25.5877 0
26.2277 0
26.8677 0
27.5077 0.151947
28.1477 0.376291
28.7877 0.471817
29.4277 0
30.0677 0
30.7077 0
31.3477 0
31.9877 0
32.6277 0
33.2677 0
33.9077 0
34.5478 0
35.1878 0
35.8278 0
36.4678 0
37.1078 0
37.7478 0
38.3878 0
39.0278 0
39.6678 0
40.3078 0
40.9478 0
41.5878 0
42.2278 0
42.8678 0
43.5078 0
44.1478 0
44.7878 0
45.4278 0
46.0678 0
46.7078 0
47.3478 0
47.9878 0
48.6278 0
49.2678 0
49.9078 0
50.5478 0
51.1878 0
51.8278 0
52.4678 0
53.1078 0
53.7478 0
54.3878 0
55.0278 1.99246
55.6678 2.00645
56.3078 2.16093
56.9478 3.2372
57.5878 7.89642
58.2278 20.0395
58.8678 37.5771
59.5078 47.28
60.1478 37.2229
60.7878 19.7689
61.4278 6.78808
62.0678 1.50779
62.7078 0.216773
63.3478 0.0201827
63.9878 0.0012176
64.6278 4.76296e-05
65.2678 0
65.9078 0
66.5478 0
67.1878 0
67.8278 0
68.4678 0
69.1078 0
69.7478 0
70.3878 0
71.0278 0
71.6678 0
72.3078 0
72.9478 0
73.5878 0
74.2278 0
74.8678 0
75.5078 0
76.1478 0
76.7878 0
77.4278 0
78.0678 0
78.7078 0
79.3478 0
79.9878 0
80.6278 0
81.2678 0
81.9078 0
82.5478 0
83.1878 0
83.8278 0
84.4678 0
85.1078 0
85.7479 0
86.3879 0
87.0279 0
87.6679 0
88.3079 0
88.9479 0
89.5879 0
90.2279 0
90.8679 0
91.5079 0
92.1479 0
92.7879 0
93.4279 0
94.0679 0
94.7079 0
95.3479 0
95.9879 0
96.6279 0
97.2679 0
97.9079 0
98.5479 0
99.1879 0
99.8279 0
100.468 0
101.108 0
101.748 0
102.388 0
103.028 0
103.668 0
104.308 0
104.948 0
105.588 0
106.228 0
106.868 0
107.508 0
108.148 0
108.788 0
109.428 0
110.068 0
110.708 0
111.348 0
111.988 0
112.628 0
113.268 0
113.908 0
114.548 0
115.188 0
115.828 0
116.468 0
117.108 0
117.748 0
118.388 0
119.028 0
119.668 0
120.308 0
120.948 0
121.588 0
122.228 0
122.868 0
123.508 0
124.148 0
124.788 0
125.428 0
126.068 0
126.708 0
127.348 0
127.988 0
128.628 0
129.268 0
129.908 0
130.548 0
131.188 0
131.828 0
132.468 0
133.108 0
133.748 0
134.388 0
135.028 0
135.668 0
136.308 0
136.948 0
137.588 0
138.228 0
138.868 0
139.508 0
140.148 0
140.788 0
141.428 0
142.068 0
142.708 0
143.348 0
143.988 0
144.628 0
145.268 0
145.908 0
146.548 0
147.188 0
147.828 0
148.468 0
149.108 0
149.748 0
150.388 0
151.028 0
151.668 0
152.308 0
152.948 0
153.588 0
154.228 0
154.868 0
155.508 0
156.148 0
156.788 0
157.428 0
158.068 0
158.708 0
159.348 0
159.988 0
160.628 0
161.268 0
161.908 0
162.548 0
163.188 0
163.828 0
164.468 0
165.108 0
165.748 0
166.388 0
167.028 0
167.668 0
168.308 0
168.948 0
169.588 0
170.228 0
170.868 0
171.508 0
172.148 0
172.788 0
173.428 0
174.068 0
174.708 0
175.348 0
175.988 0
176.628 0
177.268 0
177.908 0
178.548 0
179.188 0
179.828 0
180.468 0
181.108 0
181.748 0
182.388 0
183.028 0
183.668 0
184.308 0
184.948 0
185.588 0
186.228 0
186.868 0
187.508 0
188.148 0
188.788 0
189.428 0
190.068 0
190.708 0
191.348 0
191.988 0
192.628 0
193.268 0
193.908 0
194.548 0
195.188 0
195.828 0
196.468 0
197.108 0
197.748 0
198.388 0
199.028 0
199.668 0
200.308 0
200.948 0
201.588 0
202.228 0
202.868 0
203.508 0
204.148 0
204.788 0
205.428 0
206.068 0
206.708 0
207.348 0
207.988 0
208.628 0
209.268 0
209.908 0
210.548 0
211.188 0
211.828 0
212.468 0
213.108 0
213.748 0
214.388 0
215.028 0
215.668 0
216.308 0
216.948 0
217.588 0
218.228 0
218.868 0
219.508 0
220.148 0
220.788 0
221.428 0
222.068 0
222.708 0
223.348 0
223.988 0
224.628 0
225.268 0
225.908 0
226.548 0
227.188 0
227.828 0
228.468 0
229.108 0
229.748 0
230.388 0
231.028 0
231.668 0
232.308 0
232.948 0
233.588 0
234.228 0
234.868 0
235.508 0
236.148 0
236.788 0
237.428 0
238.068 0
238.708 0
239.348 0
239.988 0
240.628 0
241.268 0
241.908 0
242.548 0
243.188 0
243.828 0
244.468 0
245.108 0
245.748 0
246.388 0
247.028 0
247.668 0
248.308 0
248.948 0
249.588 0
250.228 0
250.868 0
251.508 0
252.148 0
252.788 0
253.428 0
254.068 0
254.708 0
255.348 0
255.988 0
256.628 0
257.268 0
257.908 0
258.548 0
259.188 0
259.828 0
260.468 0
261.108 0
261.748 0
262.388 0
263.028 0
263.668 0
264.308 0
264.948 0
265.588 0
266.228 0
266.868 0
267.508 0
268.148 0
268.788 0
269.428 0
270.068 0
270.708 0
271.348 0
271.988 0
272.628 0
273.268 0
273.908 0
274.548 0
275.188 0
275.828 0
276.468 0
277.108 0
277.748 0
278.388 0
279.028 0
279.668 0
280.308 0
280.948 0
281.588 0
282.228 0
282.868 0
283.508 0
284.148 0
284.788 0
285.428 0
286.068 0
286.708 0
287.348 0
287.988 0
288.628 0
289.268 0
289.908 0
290.548 0
291.188 0
291.828 0
292.468 0
293.108 0
293.748 0
294.388 0
295.028 0
295.668 0
296.308 0
296.948 0
297.588 0
298.228 0
298.868 0
299.508 0
300.148 0
300.788 0
301.428 0
302.068 0
302.708 0
303.348 0
303.988 0
304.628 0
305.268 0
305.908 0
306.548 0
307.188 0
307.828 0
308.468 0
309.108 0
309.748 0
310.388 0
311.028 0
311.668 0
312.308 0
312.948 0
313.588 0
314.228 0
314.868 0
315.508 0
316.148 0
316.788 0
317.428 0
318.068 0
318.708 0
319.348 0
319.988 0
320.628 0
321.268 0
321.908 0
322.548 0
323.188 0
323.828 0
324.468 0
325.108 0
325.748 0
326.388 0
327.028 0
327.668 0
328.308 0
328.948 0
329.588 0
330.228 0
330.868 0
331.508 0
332.148 0
332.788 0
333.428 0
334.068 0
334.708 0
335.348 0
335.988 0
336.628 0
337.268 0
337.908 0
338.548 0
339.188 0
339.828 0
340.468 0
341.108 0
341.748 0
342.388 0
343.028 0
343.668 0
344.308 0
344.948 0
345.588 0
346.228 0
346.868 0
347.508 0
348.148 0
348.788 0
349.428 0
350.068 0
350.708 0
351.348 0
351.988 0
352.628 0
353.268 0
353.908 0
354.548 0
355.188 0
355.828 0
356.468 0
357.108 0
357.748 0
358.388 0
359.028 0
359.668 0
360.308 0
360.948 0
361.588 0
362.228 0
362.868 0
363.508 0
364.148 0
364.788 0
365.428 0
366.068 0
366.708 0
367.348 0
367.988 0
368.628 0
369.268 0
369.908 0
370.548 0
371.188 0
371.828 0
372.468 0
373.108 0
373.748 0
374.388 0
375.028 0
375.668 0
376.308 0
376.948 0
377.588 0
378.228 0
378.868 0
379.508 0
380.148 0
380.788 0
381.428 0
382.068 0
382.708 0
383.348 0
383.988 0
384.628 0
385.268 0
385.908 0
386.548 0
387.188 0
387.828 0
388.468 0
389.108 0
389.748 0
390.388 0
391.028 0
391.668 0
392.308 0
392.948 0
393.588 0
394.228 0
394.868 0
395.508 0
396.148 0
396.788 0
397.428 0
398.068 0
398.708 0
399.348 0
399.988 0
400.628 0
401.268 0
401.908 0
402.548 0
403.188 0
403.828 0
404.468 0
405.108 0
405.748 0
406.388 0
407.028 0
407.668 0
408.308 0
408.948 0
409.588 0
410.228 0
410.868 0
411.508 0
412.148 0
412.788 0
413.428 0
414.068 0
414.708 0
415.348 0
415.988 0
416.628 0
417.268 0
417.909 0
418.549 0
419.189 0
419.829 0
420.469 0
421.109 0
421.749 0
422.389 0
423.029 0
423.669 0
424.309 0
424.949 0
425.589 0
426.229 0
426.869 0
427.509 0
428.149 0
428.789 0
429.429 0
430.069 0
430.709 0
431.349 0
431.989 0
432.629 0
433.269 0
433.909 0
434.549 0
435.189 0
435.829 0
436.469 0
437.109 0
437.749 0
438.389 0
439.029 0
439.669 0
440.309 0
440.949 0
441.589 0
442.229 0
442.869 0
443.509 0
444.149 0
444.789 0
445.429 0
446.069 0
446.709 0
447.349 0
447.989 0
448.629 0
449.269 0
449.909 0
450.549 0
451.189 0
451.829 0
452.469 0
453.109 0
453.749 0
454.389 0
455.029 0
455.669 0
456.309 0
456.949 0
457.589 0
458.229 0
458.869 0
459.509 0
460.149 0
460.789 0
461.429 0
462.069 0
462.709 0
463.349 0
463.989 0
464.629 0
465.269 0
465.909 0
466.549 0
467.189 0
467.829 0
468.469 0
469.109 0
469.749 0
470.389 0
471.029 0
471.669 0
472.309 0
472.949 0
473.589 0
474.229 0
474.869 0
475.509 0
476.149 0
476.789 0
477.429 0
478.069 0
478.709 0
479.349 0
479.989 0
480.629 0
481.269 0
481.909 0
482.549 0
483.189 0
483.829 0
484.469 0
485.109 0
485.749 0
486.389 0
487.029 0
487.669 0
488.309 0
488.949 0
489.589 0
490.229 0
490.869 0
491.509 0
492.149 0
492.789 0
493.429 0
494.069 0
494.709 0
495.349 0
495.989 0
496.629 0
497.269 0
497.909 0
498.549 0
499.189 0
499.829 0
500.469 0
501.109 0
501.749 0
502.389 0
503.029 0
503.669 0
504.309 0
504.949 0
505.589 0
506.229 0
506.869 0
507.509 0
508.149 0
508.789 0
509.429 0
510.069 0
510.709 0
511.349 0
511.989 0
512.629 0
513.269 0
513.909 0
514.549 0
515.189 0
515.829 0
516.469 0
517.109 0
517.749 0
518.389 0
519.029 0
519.669 0
520.309 0
520.949 0
521.589 0
522.229 0
522.869 0
523.509 0
524.149 0
524.789 0
525.429 0
526.069 0
526.709 0
527.349 0
527.989 0
528.629 0
529.269 0
529.909 0
530.549 0
531.189 0
531.829 0
532.469 0
533.109 0
533.749 0
534.389 0
535.029 0
535.669 0
536.309 0
536.949 0
537.589 0
538.229 0
538.869 0
539.509 0
540.149 0
540.789 0
541.429 0
542.069 0
542.709 0
543.349 0
543.989 0
544.629 0
545.269 0
545.909 0
546.549 0
547.189 0
547.829 0
548.469 0
549.109 0
549.749 0
550.389 0
551.029 0
551.669 0
552.309 0
552.949 0
553.589 0
554.229 0
554.869 0
555.509 0
556.149 0
556.789 0
557.429 0
558.069 0
558.709 0
559.349 0
559.989 0
560.629 0
561.269 0
561.909 0
562.549 0
563.189 0
563.829 0
564.469 0
565.109 0
565.749 0
566.389 0
567.029 0
567.669 0
568.309 0
568.949 0
569.589 0
570.229 0
570.869 0
571.509 0
572.149 0
572.789 0
573.429 0
574.069 0
574.709 0
575.349 0
575.989 0
576.629 0
577.269 0
577.909 0
578.549 0
579.189 0
579.829 0
580.469 0
581.109 0
581.749 0
582.389 0
583.029 0
583.669 0
584.309 0
584.949 0
585.589 0
586.229 0
586.869 0
587.509 0
588.149 0
588.789 0
589.429 0
590.069 0
590.709 0
591.349 0
591.989 0
592.629 0
593.269 0
593.909 0
594.549 0
595.189 0
595.829 0
596.469 0
597.109 0
597.749 0
598.389 0
599.029 0
599.669 0
600.309 0
600.949 0
601.589 0
602.229 0
602.869 0
603.509 0
604.149 0
604.789 0
605.429 0
606.069 0
606.709 0
607.349 0
607.989 0
608.629 0
609.269 0
609.909 0
610.549 0
611.189 0
611.829 0
612.469 0
613.109 0
613.749 0
614.389 0
615.029 0
615.669 0
616.309 0
616.949 0
617.589 0
618.229 0
618.869 0
619.509 0
620.149 0
620.789 0
621.429 0
622.069 0
622.709 0
623.349 0
623.989 0
624.629 0
625.269 0
625.909 0
626.549 0
627.189 0
627.829 0
628.469 0
629.109 0
629.749 0
630.389 0
631.029 0
631.669 0
632.309 0
632.949 0
633.589 0
634.229 0
634.869 0
635.509 0
636.149 0
636.789 0
637.429 0
638.069 0
638.709 0
639.349 0
639.989 0
640.629 0
641.269 0
641.909 0
642.549 0
643.189 0
643.829 0
644.469 0
645.109 0
645.749 0
646.389 0
647.029 0
647.669 0
648.309 0
648.949 0
649.589 0
650.229 0
650.869 0
651.509 0
652.149 0
652.789 0
653.429 0
654.069 0
654.709 0
655.349 0
655.989 0
656.629 0
657.269 0
657.909 0
658.549 0
659.189 0
659.829 0
660.469 0
661.109 0
661.749 0
662.389 0
663.029 0
663.669 0
664.309 0
664.949 0
665.589 0
666.229 0
666.869 0
667.509 0
668.149 0
668.789 0
669.429 0
670.069 0
670.709 0
671.349 0
671.989 0
672.629 0
673.269 0
673.909 0
674.549 0
675.189 0
675.829 0
676.469 0
677.109 0
677.749 0
678.389 0
679.029 0
679.669 0
680.309 0
680.949 0
681.589 0
682.229 0
682.869 0
683.509 0
684.149 0
684.789 0
685.429 0
686.069 0
686.709 0
687.349 0
687.989 0
688.629 0
689.269 0
689.909 0
690.549 0
691.189 0
691.829 0
692.469 0
693.109 0
693.749 0
694.389 0
695.029 0
695.669 0
696.309 0
696.949 0
697.589 0
698.229 0
698.869 0
699.509 0
700.149 0
700.789 0
701.429 0
702.069 0
702.709 0
703.349 0
703.989 0
704.629 0
705.269 0
705.909 0
706.549 0
707.189 0
707.829 0
708.469 0
709.109 0
709.749 0
710.389 0
711.029 0
711.669 0
712.309 0
712.949 0
713.589 0
714.229 0
714.869 0
715.509 0
716.149 0
716.789 0
717.429 0
718.069 0
718.709 0
719.349 0
719.989 0
720.629 0
721.269 0
721.909 0
722.549 0
723.189 0
723.829 0
724.469 0
725.109 0
725.749 0
726.389 0
727.029 0
727.669 0
728.309 0
728.949 0
729.589 0
730.229 0
730.869 0
731.509 0
732.149 0
732.789 0
733.429 0
734.069 0
734.709 0
735.349 0
735.989 0
736.629 0
737.269 0
737.909 0
738.549 0
739.189 0
739.829 0
740.469 0
741.109 0
741.749 0
742.389 0
743.029 0
743.669 0
744.309 0
744.949 0
745.589 0
746.229 0
746.869 0
747.509 0
748.149 0
748.789 0
749.429 0
750.069 0
750.709 0
751.349 0
751.989 0
752.629 0
753.269 0
753.909 0
754.549 0
755.189 0
755.829 0
756.469 0
757.109 0
757.749 0
758.389 0
759.029 0
759.669 0
760.309 0
760.949 0
761.589 0
762.229 0
762.869 0
763.509 0
764.149 0
764.789 0
765.429 0
766.069 0
766.709 0
767.349 0
767.989 0
768.629 0
769.269 0
769.909 0
770.549 0
771.189 0
771.829 0
772.469 0
773.109 0
773.749 0
774.389 0
775.029 0
775.669 0
776.309 0
776.949 0
777.589 0
778.229 0
778.869 0
779.509 0
780.149 0
780.789 0
781.429 0
782.069 0
782.709 0
783.349 0
783.989 0
784.629 0
785.269 0
785.909 0
786.549 0
787.189 0
787.829 0
788.469 0
789.109 0
789.749 0
790.389 0
791.029 0
791.669 0
792.309 0
792.949 0
793.589 0
794.229 0
794.869 0
795.509 0
796.149 0
796.789 0
797.429 0
798.069 0
798.709 0
799.349 0
799.989 0
800.629 0
801.269 0
801.909 0
802.549 0
803.189 0
803.829 0
804.469 0
805.109 0
805.749 0
806.389 0
807.029 0
807.669 0
808.309 0
808.949 0
809.589 0
810.229 0
810.869 0
811.509 0
812.149 0
812.789 0
813.429 0
814.069 0
814.709 0
815.349 0
815.989 0
816.629 0
817.269 0
817.909 0
818.549 0
819.189 0
819.829 0
820.469 0
821.109 0
821.749 0
822.389 0
823.029 0
823.669 0
824.309 0
824.949 0
825.589 0
826.229 0
826.869 0
827.509 0
828.149 0
828.789 0
829.429 0
830.069 0
830.709 0
831.349 0
831.989 0
832.629 0
833.269 0
833.909 0
834.549 0
835.189 0
835.829 0
836.469 0
837.109 0
837.749 0
838.389 0
839.029 0
839.669 0
840.309 0
840.949 0
841.589 0
842.229 0
842.869 0
843.509 0
844.149 0
844.789 0
845.429 0
846.069 0
846.709 0
847.349 0
847.989 0
848.629 0
849.269 0
849.909 0
850.549 0
851.189 0
851.829 0
852.469 0
853.109 0
853.749 0
854.389 0
855.029 0
855.669 0
856.309 0
856.949 0
857.589 0
858.229 0
858.869 0
859.509 0
860.149 0
860.789 0
861.429 0
862.069 0
862.709 0
863.349 0
863.989 0
864.629 0
865.269 0
865.909 0
866.549 0
867.189 0
867.829 0
868.469 0
869.109 0
869.749 0
870.389 0
871.029 0
871.669 0
872.309 0
872.949 0
873.589 0
874.229 0
874.869 0
875.509 0
876.149 0
876.789 0
877.429 0
878.069 0
878.709 0
879.349 0
879.989 0
880.629 0
881.269 0
881.909 0
882.549 0
883.189 0
883.829 0
884.469 0
885.109 0
885.749 0
886.389 0
887.029 0
887.669 0
888.309 0
888.949 0
889.589 0
890.229 0
890.869 0
891.509 0
892.149 0
892.789 0
893.429 0
894.069 0
894.709 0
895.349 0
895.989 0
896.629 0
897.269 0
897.909 0
898.549 0
899.189 0
899.829 0
900.469 0
901.109 0
901.749 0
902.389 0
903.029 0
903.669 0
904.309 0
904.949 0
905.589 0
906.229 0
906.869 0
907.509 0
908.149 0
908.789 0
909.429 0
910.069 0
910.709 0
911.349 0
911.989 0
912.629 0
913.269 0
913.909 0
914.549 0
915.189 0
915.829 0
916.469 0
917.109 0
917.749 0
918.389 0
919.029 0
919.669 0
920.309 0
920.949 0
921.589 0
922.229 0
922.869 0
923.509 0
924.149 0
924.789 0
925.429 0
926.069 0
926.709 0
927.349 0
927.989 0
928.629 0
929.27 0
929.91 0
930.55 0
931.19 0
931.83 0
932.47 0
933.11 0
933.75 0
934.39 0
935.03 0
935.67 0
936.31 0
936.95 0
937.59 0
938.23 0
938.87 0
939.51 0
940.15 0
940.79 0
941.43 0
942.07 0
942.71 0
943.35 0
943.99 0
944.63 0
945.27 0
945.91 0
946.55 0
947.19 0
947.83 0
948.47 0
949.11 0
949.75 0
950.39 0
951.03 0
951.67 0
952.31 0
952.95 0
953.59 0
954.23 0
954.87 0
955.51 0
956.15 0
956.79 0
957.43 0
958.07 0
958.71 0
959.35 0
959.99 0
960.63 0
961.27 0
961.91 0
962.55 0
963.19 0
963.83 0
964.47 0
965.11 0
965.75 0
966.39 0
967.03 0
967.67 0
968.31 0
968.95 0
969.59 0
970.23 0
970.87 0
971.51 0
972.15 0
972.79 0
973.43 0
974.07 0
974.71 0
975.35 0
975.99 0
976.63 0
977.27 0
977.91 0
978.55 0
979.19 0
979.83 0
980.47 0
981.11 0
981.75 0
982.39 0
983.03 0
983.67 0
984.31 0
984.95 0
985.59 0
986.23 0
986.87 0
987.51 0
988.15 0
988.79 0
989.43 0
990.07 0
990.71 0
991.35 0
991.99 0
992.63 0
993.27 0
993.91 0
994.55 0
995.19 0
995.83 0
996.47 0
997.11 0
997.75 0
998.39 0
999.03 0
999.67 0
1000.31 0
1000.95 0
1001.59 0
1002.23 0
1002.87 0
1003.51 0
1004.15 0
1004.79 0
1005.43 0
1006.07 0
1006.71 0
1007.35 0
1007.99 0
1008.63 0
1009.27 0
1009.91 0
1010.55 0
1011.19 0
1011.83 0
1012.47 0
1013.11 0
1013.75 0
1014.39 0
1015.03 0
1015.67 0
1016.31 0
1016.95 0
1017.59 0
1018.23 0
1018.87 0
1019.51 0
1020.15 0
1020.79 0
1021.43 0
1022.07 0
1022.71 0
1023.35 0
1023.99 0
1024.63 0
1025.27 0
1025.91 0
1026.55 0
1027.19 0
1027.83 0
1028.47 0
1029.11 0
1029.75 0
1030.39 0
1031.03 0
1031.67 0
1032.31 0
1032.95 0
1033.59 0
1034.23 0
1034.87 0
1035.51 0
1036.15 0
1036.79 0
1037.43 0
1038.07 0
1038.71 0
1039.35 0
1039.99 0
1040.63 0
1041.27 0
1041.91 0
1042.55 0
1043.19 0
1043.83 0
1044.47 0
1045.11 0
1045.75 0
1046.39 0
1047.03 0
1047.67 0
1048.31 0
1048.95 0
1049.59 0
1050.23 0
1050.87 0
1051.51 0
1052.15 0
1052.79 0
1053.43 0
1054.07 0
1054.71 0
1055.35 0
1055.99 0
1056.63 0
1057.27 0
1057.91 0
1058.55 0
1059.19 0
1059.83 0
1060.47 0
1061.11 0
1061.75 0
1062.39 0
1063.03 0
1063.67 0
1064.31 0
1064.95 0
1065.59 0
1066.23 0
1066.87 0
1067.51 0
1068.15 0
1068.79 0
1069.43 0
1070.07 0
1070.71 0
1071.35 0
1071.99 0
1072.63 0
1073.27 0
1073.91 0
1074.55 0
1075.19 0
1075.83 0
1076.47 0
1077.11 0
1077.75 0
1078.39 0
1079.03 0
1079.67 0
1080.31 0
1080.95 0
1081.59 0
1082.23 0
1082.87 0
1083.51 0
1084.15 0
1084.79 0
1085.43 0
1086.07 0
1086.71 0
1087.35 0
1087.99 0
1088.63 0
1089.27 0
1089.91 0
1090.55 0
1091.19 0
1091.83 0
1092.47 0
1093.11 0
1093.75 0
1094.39 0
1095.03 0
1095.67 0
1096.31 0
1096.95 0
1097.59 0
1098.23 0
1098.87 0
1099.51 0
1100.15 0
1100.79 0
1101.43 0
1102.07 0
1102.71 0
1103.35 0
1103.99 0
1104.63 0
1105.27 0
1105.91 0
1106.55 0
1107.19 0
1107.83 0
1108.47 0
1109.11 0
1109.75 0
1110.39 0
1111.03 0
1111.67 0
1112.31 0
1112.95 0
1113.59 0
1114.23 0
1114.87 0
1115.51 0
1116.15 0
1116.79 0
1117.43 0
1118.07 0
1118.71 0
1119.35 0
1119.99 0
1120.63 0
1121.27 0
1121.91 0
1122.55 0
1123.19 0
1123.83 0
1124.47 0
1125.11 0
1125.75 0
1126.39 0
1127.03 0
1127.67 0
1128.31 0
1128.95 0
1129.59 0
1130.23 0
1130.87 0
1131.51 0
1132.15 0
1132.79 0
1133.43 0
1134.07 0
1134.71 0
1135.35 0
1135.99 0
1136.63 0
1137.27 0
1137.91 0
1138.55 0
1139.19 0
1139.83 0
1140.47 0
1141.11 0
1141.75 0
1142.39 0
1143.03 0
1143.67 0
1144.31 0
1144.95 0
1145.59 0
1146.23 0
1146.87 0
1147.51 0
1148.15 0
1148.79 0
1149.43 0
1150.07 0
1150.71 0
1151.35 0
1151.99 0
1152.63 0
1153.27 0
1153.91 0
1154.55 0
1155.19 0
1155.83 0
1156.47 0
1157.11 0
1157.75 0
1158.39 0
1159.03 0
1159.67 0
1160.31 0
1160.95 0
1161.59 0
1162.23 0
1162.87 0
1163.51 0
1164.15 0
1164.79 0
1165.43 0
1166.07 0
1166.71 0
1167.35 0
1167.99 0
1168.63 0
1169.27 0
1169.91 0
1170.55 0
1171.19 0
1171.83 0
1172.47 0
1173.11 0
1173.75 0
1174.39 0
1175.03 0
1175.67 0
1176.31 0
1176.95 0
1177.59 0
1178.23 0
1178.87 0
1179.51 0
1180.15 0
1180.79 0
1181.43 0
1182.07 0
1182.71 0
1183.35 0
1183.99 0
1184.63 0
1185.27 0
1185.91 0
1186.55 0
1187.19 0
1187.83 0
1188.47 0
1189.11 0
1189.75 0
1190.39 0
1191.03 0
1191.67 0
1192.31 0
1192.95 0
1193.59 0
1194.23 0
1194.87 0
1195.51 0
1196.15 0
1196.79 0
1197.43 0
1198.07 0
1198.71 0
1199.35 0
1199.99 0
1200.63 0
1201.27 0
1201.91 0
1202.55 0
1203.19 0
1203.83 0
1204.47 0
1205.11 0
1205.75 0
1206.39 0
1207.03 0
1207.67 0
1208.31 0
1208.95 0
1209.59 0
1210.23 0
1210.87 0
1211.51 0
1212.15 0
1212.79 0
1213.43 0
1214.07 0
1214.71 0
1215.35 0
1215.99 0
1216.63 0
1217.27 0
1217.91 0
1218.55 0
1219.19 0
1219.83 0
1220.47 0
1221.11 0
1221.75 0
1222.39 0
1223.03 0
1223.67 0
1224.31 0
1224.95 0
1225.59 0
1226.23 0
1226.87 0
1227.51 0
1228.15 0
1228.79 0
1229.43 0
1230.07 0
1230.71 0
1231.35 0
1231.99 0
1232.63 0
1233.27 0
1233.91 0
1234.55 0
1235.19 0
1235.83 0
1236.47 0
1237.11 0
1237.75 0
1238.39 0
1239.03 0
1239.67 0
1240.31 0
1240.95 0
1241.59 0
1242.23 0
1242.87 0
1243.51 0
1244.15 0
1244.79 0
1245.43 0
1246.07 0
1246.71 0
1247.35 0
1247.99 0
1248.63 0
1249.27 0
1249.91 0
1250.55 0
1251.19 0
1251.83 0
1252.47 0
1253.11 0
1253.75 0
1254.39 0
1255.03 0
1255.67 0
1256.31 0
1256.95 0
1257.59 0
1258.23 0
1258.87 0
1259.51 0
1260.15 0
1260.79 0
1261.43 0
1262.07 0
1262.71 0
1263.35 0
1263.99 0
1264.63 0
1265.27 0
1265.91 0
1266.55 0
1267.19 0
1267.83 0
1268.47 0
1269.11 0
1269.75 0
1270.39 0
1271.03 0
1271.67 0
1272.31 0
1272.95 0
1273.59 0
1274.23 0
1274.87 0
1275.51 0
1276.15 0
1276.79 0
1277.43 0
1278.07 0
1278.71 0
1279.35 0
1279.99 0
1280.63 0
1281.27 0
1281.91 0
1282.55 0
1283.19 0
1283.83 0
1284.47 0
1285.11 0
1285.75 0
1286.39 0
1287.03 0
1287.67 0
1288.31 0
1288.95 0
1289.59 0
1290.23 0
1290.87 0
1291.51 0
1292.15 0
1292.79 0
1293.43 0
1294.07 0
1294.71 0
1295.35 0
1295.99 0
1296.63 0
1297.27 0
1297.91 0
1298.55 0
1299.19 0
1299.83 0
1300.47 0
1301.11 0
1301.75 0
1302.39 0
1303.03 0
1303.67 0
1304.31 0
1304.95 0
1305.59 0
1306.23 0
1306.87 0
1307.51 0
1308.15 0
1308.79 0
1309.43 0
1310.07 0
1310.71 0
1311.35 0
1311.99 0
1312.63 0
1313.27 0
1313.91 0
1314.55 0
1315.19 0
1315.83 0
1316.47 0
1317.11 0
1317.75 0
1318.39 0
1319.03 0
1319.67 0
1320.31 0
1320.95 0
1321.59 0
1322.23 0
1322.87 0
1323.51 0
1324.15 0
1324.79 0
1325.43 0
1326.07 0
1326.71 0
1327.35 0
1327.99 0
1328.63 0
1329.27 0
1329.91 0
1330.55 0
1331.19 0
1331.83 0
1332.47 0
1333.11 0
1333.75 0
1334.39 0
1335.03 0
1335.67 0
1336.31 0
1336.95 0
1337.59 0
1338.23 0
1338.87 0
1339.51 0
1340.15 0
1340.79 0
1341.43 0
1342.07 0
1342.71 0
1343.35 0
1343.99 0
1344.63 0
1345.27 0
1345.91 0
1346.55 0
1347.19 0
1347.83 0
1348.47 0
1349.11 0
1349.75 0
1350.39 0
1351.03 0
1351.67 0
1352.31 0
1352.95 0
1353.59 0
1354.23 0
1354.87 0
1355.51 0
1356.15 0
1356.79 0
1357.43 0
1358.07 0
1358.71 0
1359.35 0
1359.99 0
1360.63 0
1361.27 0
1361.91 0
1362.55 0
1363.19 0
1363.83 0
1364.47 0
1365.11 0
1365.75 0
1366.39 0
1367.03 0
1367.67 0
1368.31 0
1368.95 0
1369.59 0
1370.23 0
1370.87 0
1371.51 0
1372.15 0
1372.79 0
1373.43 0
1374.07 0
1374.71 0
1375.35 0
1375.99 0
1376.63 0
1377.27 0
1377.91 0
1378.55 0
1379.19 0
1379.83 0
1380.47 0
1381.11 0
1381.75 0
1382.39 0
1383.03 0
1383.67 0
1384.31 0
1384.95 0
1385.59 0
1386.23 0
1386.87 0
1387.51 0
1388.15 0
1388.79 0
1389.43 0
1390.07 0
1390.71 0
1391.35 0
1391.99 0
1392.63 0
1393.27 0
1393.91 0
1394.55 0
1395.19 0
1395.83 0
1396.47 0
1397.11 0
1397.75 0
1398.39 0
1399.03 0
1399.67 0
1400.31 0
1400.95 0
1401.59 0
1402.23 0
1402.87 0
1403.51 0
1404.15 0
1404.79 0
1405.43 0
1406.07 0
1406.71 0
1407.35 0
1407.99 0
1408.63 0
1409.27 0
1409.91 0
1410.55 0
1411.19 0
1411.83 0
1412.47 0
1413.11 0
1413.75 0
1414.39 0
1415.03 0
1415.67 0
1416.31 0
1416.95 0
1417.59 0
1418.23 0
1418.87 0
1419.51 0
1420.15 0
1420.79 0
1421.43 0
1422.07 0
1422.71 0
1423.35 0
1423.99 0
1424.63 0
1425.27 0
1425.91 0
1426.55 0
1427.19 0
1427.83 0
1428.47 0
1429.11 0
1429.75 0
1430.39 0
1431.03 0
1431.67 0
1432.31 0
1432.95 0
1433.59 0
1434.23 0
1434.87 0
1435.51 0
1436.15 0
1436.79 0
1437.43 0
1438.07 0
1438.71 0
1439.35 0
1439.99 0
1440.63 0
1441.27 0
1441.91 0
1442.55 0
1443.19 0
1443.83 0
1444.47 0
1445.11 0
1445.75 0
1446.39 0
1447.03 0
1447.67 0
1448.31 0
1448.95 0
1449.59 0
1450.23 0
1450.87 0
1451.51 0
1452.15 0
1452.79 0
1453.43 0
1454.07 0
1454.71 0
1455.35 0
1455.99 0
1456.63 0
1457.27 0
1457.91 0
1458.55 0
1459.19 0
1459.83 0
1460.47 0
1461.11 0
1461.75 0
1462.39 0
1463.03 0
1463.67 0
1464.31 0
1464.95 0
1465.59 0
1466.23 0
1466.87 0
1467.51 0
1468.15 0
1468.79 0
1469.43 0
1470.07 0
1470.71 0
1471.35 0
1471.99 0
1472.63 0
1473.27 0
1473.91 0
1474.55 0
1475.19 0
1475.83 0
1476.47 0
1477.11 0
1477.75 0
1478.39 0
1479.03 0
1479.67 0
1480.31 0
1480.95 0
1481.59 0
1482.23 0
1482.87 0
1483.51 0
1484.15 0
1484.79 0
1485.43 0
1486.07 0
1486.71 0
1487.35 0
1487.99 0
1488.63 0
1489.27 0
1489.91 0
1490.55 0
1491.19 0
1491.83 0
1492.47 0
1493.11 0
1493.75 0
1494.39 0
1495.03 0
1495.67 0
1496.31 0
1496.95 0
1497.59 0
1498.23 0
1498.87 0
1499.51 0
1500.15 0
1500.79 0
1501.43 0
1502.07 0
1502.71 0
1503.35 0
1503.99 0
1504.63 0
1505.27 0
1505.91 0
1506.55 0
1507.19 0
1507.83 0
1508.47 0
1509.11 0
1509.75 0
1510.39 0
1511.03 0
1511.67 0
1512.31 0
1512.95 0
1513.59 0
1514.23 0
1514.87 0
1515.51 0
1516.15 0
1516.79 0
1517.43 0
1518.07 0
1518.71 0
1519.35 0
1519.99 0
1520.63 0
1521.27 0
1521.91 0
1522.55 0
1523.19 0
1523.83 0
1524.47 0
1525.11 0
1525.75 0
1526.39 0
1527.03 0
1527.67 0
1528.31 0
1528.95 0
1529.59 0
1530.23 0
1530.87 0
1531.51 0
1532.15 0
1532.79 0
1533.43 0
1534.07 0
1534.71 0
1535.35 0
1535.99 0
1536.63 0
1537.27 0
1537.91 0
1538.55 0
1539.19 0
1539.83 0
1540.47 0
1541.11 0
1541.75 0
1542.39 0
1543.03 0
1543.67 0
1544.31 0
1544.95 0
1545.59 0
1546.23 0
1546.87 0
1547.51 0
1548.15 0
1548.79 0
1549.43 0
1550.07 0
1550.71 0
1551.35 0
1551.99 0
1552.63 0
1553.27 0
1553.91 0
1554.55 0
1555.19 0
1555.83 0
1556.47 0
1557.11 0
1557.75 0
1558.39 0
1559.03 0
1559.67 0
1560.31 0
1560.95 0
1561.59 0
1562.23 0
1562.87 0
1563.51 0
1564.15 0
1564.79 0
1565.43 0
1566.07 0
1566.71 0
1567.35 0
1567.99 0
1568.63 0
1569.27 0
1569.91 0
1570.55 0
1571.19 0
1571.83 0
1572.47 0
1573.11 0
1573.75 0
1574.39 0
1575.03 0
1575.67 0
1576.31 0
1576.95 0
1577.59 0
1578.23 0
1578.87 0
1579.51 0
1580.15 0
1580.79 0
1581.43 0
1582.07 0
1582.71 0
1583.35 0
1583.99 0
1584.63 0
1585.27 0
1585.91 0
1586.55 0
1587.19 0
1587.83 0
1588.47 0
1589.11 0
1589.75 0
1590.39 0
1591.03 0
1591.67 0
1592.31 0
1592.95 0
1593.59 0
1594.23 0
1594.87 0
1595.51 0
1596.15 0
1596.79 0
1597.43 0
1598.07 0
1598.71 0
1599.35 0
1599.99 0
1600.63 0
1601.27 0
1601.91 0
1602.55 0
1603.19 0
1603.83 0
1604.47 0
1605.11 0
1605.75 0
1606.39 0
1607.03 0
1607.67 0
1608.31 0
1608.95 0
1609.59 0
1610.23 0
1610.87 0
1611.51 0
1612.15 0
1612.79 0
1613.43 0
1614.07 0
1614.71 0
1615.35 0
1615.99 0
1616.63 0
1617.27 0
1617.91 0
1618.55 0
1619.19 0
1619.83 0
1620.47 0
1621.11 0
1621.75 0
1622.39 0
1623.03 0
1623.67 0
1624.31 0
1624.95 0
1625.59 0
1626.23 0
1626.87 0
1627.51 0
1628.15 0
1628.79 0
1629.43 0
1630.07 0
1630.71 0
1631.35 0
1631.99 0
1632.63 0
1633.27 0
1633.91 0
1634.55 0
1635.19 0
1635.83 0
1636.47 0
1637.11 0
1637.75 0
1638.39 0
1639.03 0
1639.67 0
1640.31 0
1640.95 0
1641.59 0
1642.23 0
1642.87 0
1643.51 0
1644.15 0
1644.79 0
1645.43 0
1646.07 0
1646.71 0
1647.35 0
1647.99 0
1648.63 0
1649.27 0
1649.91 0
1650.55 0
1651.19 0
1651.83 0
1652.47 0
1653.11 0
1653.75 0
1654.39 0
1655.03 0
1655.67 0
1656.31 0
1656.95 0
1657.59 0
1658.23 0
1658.87 0
1659.51 0
1660.15 0
1660.79 0
1661.43 0
1662.07 0
1662.71 0
1663.35 0
1663.99 0
1664.63 0
1665.27 0
1665.91 0
1666.55 0
1667.19 0
1667.83 0
1668.47 0
1669.11 0
1669.75 0
1670.39 0
1671.03 0
1671.67 0
1672.31 0
1672.95 0
1673.59 0
1674.23 0
1674.87 0
1675.51 0
1676.15 0
1676.79 0
1677.43 0
1678.07 0
1678.71 0
1679.35 0
1679.99 0
1680.63 0
1681.27 0
1681.91 0
1682.55 0
1683.19 0
1683.83 0
1684.47 0
1685.11 0
1685.75 0
1686.39 0
1687.03 0
1687.67 0
1688.31 0
1688.95 0
1689.59 0
1690.23 0
1690.87 0
1691.51 0
1692.15 0
1692.79 0
1693.43 0
1694.07 0
1694.71 0
1695.35 0
1695.99 0
1696.63 0
1697.27 0
1697.91 0
1698.55 0
1699.19 0
1699.83 0
1700.47 0
1701.11 0
1701.75 0
1702.39 0
1703.03 0
1703.67 0
1704.31 0
1704.95 0
1705.59 0
1706.23 0
1706.87 0
1707.51 0
1708.15 0
1708.79 0
1709.43 0
1710.07 0
1710.71 0
1711.35 0
1711.99 0
1712.63 0
1713.27 0
1713.91 0
1714.55 0
1715.19 0
1715.83 0
1716.47 0
1717.11 0
1717.75 0
1718.39 0
1719.03 0
1719.67 0
1720.31 0
1720.95 0
1721.59 0
1722.23 0
1722.87 0
1723.51 0
1724.15 0
1724.79 0
1725.43 0
1726.07 0
1726.71 0
1727.35 0
1727.99 0
1728.63 0
1729.27 0
1729.91 0
1730.55 0
1731.19 0
1731.83 0
1732.47 0
1733.11 0
1733.75 0
1734.39 0
1735.03 0
1735.67 0
1736.31 0
1736.95 0
1737.59 0
1738.23 0
1738.87 0
1739.51 0
1740.15 0
1740.79 0
1741.43 0
1742.07 0
1742.71 0
1743.35 0
1743.99 0
1744.63 0
1745.27 0
1745.91 0
1746.55 0
1747.19 0
1747.83 0
1748.47 0
1749.11 0
1749.75 0
1750.39 0
1751.03 0
1751.67 0
1752.31 0
1752.95 0
1753.59 0
1754.23 0
1754.87 0
1755.51 0
1756.15 0
1756.79 0
1757.43 0
1758.07 0
1758.71 0
1759.35 0
1759.99 0
1760.63 0
1761.27 0
1761.91 0
1762.55 0
1763.19 0
1763.83 0
1764.47 0
1765.11 0
1765.75 0
1766.39 0
1767.03 0
1767.67 0
1768.31 0
1768.95 0
1769.59 0
1770.23 0
1770.87 0
1771.51 0
1772.15 0
1772.79 0
1773.43 0
1774.07 0
1774.71 0
1775.35 0
1775.99 0
1776.63 0
1777.27 0
1777.91 0
1778.55 0
1779.19 0
1779.83 0
1780.47 0
1781.11 0
1781.75 0
1782.39 0
1783.03 0
1783.67 0
1784.31 0
1784.95 0
1785.59 0
1786.23 0
1786.87 0
1787.51 0
1788.15 0
1788.79 0
1789.43 0
1790.07 0
1790.71 0
1791.35 0
1791.99 0
1792.63 0
1793.27 0
1793.91 0
1794.55 0
1795.19 0
1795.83 0
1796.47 0
1797.11 0
1797.75 0
1798.39 0
1799.03 0
1799.67 0
1800.31 0
1800.95 0
1801.59 0
1802.23 0
1802.87 0
1803.51 0
1804.15 0
1804.79 0
1805.43 0
1806.07 0
1806.71 0
1807.35 0
1807.99 0
1808.63 0
1809.27 0
1809.91 0
1810.55 0
1811.19 0
1811.83 0
1812.47 0
1813.11 0
1813.75 0
1814.39 0
1815.03 0
1815.67 0
1816.31 0
1816.95 0
1817.59 0
1818.23 0
1818.87 0
1819.51 0
1820.15 0
1820.79 0
1821.43 0
1822.07 0
1822.71 0
1823.35 0
1823.99 0
1824.63 0
1825.27 0
1825.91 0
1826.55 0
1827.19 0
1827.83 0
1828.47 0
1829.11 0
1829.75 0
1830.39 0
1831.03 0
1831.67 0
1832.31 0
1832.95 0
1833.59 0
1834.23 0
1834.87 0
1835.51 0
1836.15 0
1836.79 0
1837.43 0
1838.07 0
1838.71 0
1839.35 0
1839.99 0
1840.63 0
1841.27 0
1841.91 0
1842.55 0
1843.19 0
1843.83 0
1844.47 0
1845.11 0
1845.75 0
1846.39 0
1847.03 0
1847.67 0
1848.31 0
1848.95 0
1849.59 0
1850.23 0
1850.87 0
1851.51 0
1852.15 0
1852.79 0
1853.43 0
1854.07 0
1854.71 0
1855.35 0
1855.99 0
1856.63 0
1857.27 0
1857.91 0
1858.55 0
1859.19 0
1859.83 0
1860.47 0
1861.11 0
1861.75 0
1862.39 0
1863.03 0
1863.67 0
1864.31 0
1864.95 0
1865.59 0
1866.23 0
1866.87 0
1867.51 0
1868.15 0
1868.79 0
1869.43 0
1870.07 0
1870.71 0
1871.35 0
1871.99 0
1872.63 0
1873.27 0
1873.91 0
1874.55 0
1875.19 0
1875.83 0
1876.47 0
1877.11 0
1877.75 0
1878.39 0
1879.03 0
1879.67 0
1880.31 0
1880.95 0
1881.59 0
1882.23 0
1882.87 0
1883.51 0
1884.15 0
1884.79 0
1885.43 0
1886.07 0
1886.71 0
1887.35 0
1887.99 0
1888.63 0
1889.27 0
1889.91 0
1890.55 0
1891.19 0
1891.83 0
1892.47 0
1893.11 0
1893.75 0
1894.39 0
1895.03 0
1895.67 0
1896.31 0
1896.95 0
1897.59 0
1898.23 0
1898.87 0
1899.51 0
1900.15 0
1900.79 0
1901.43 0
1902.07 0
1902.71 0
1903.35 0
1903.99 0
1904.63 0
1905.27 0
1905.91 0
1906.55 0
1907.19 0
1907.83 0
1908.47 0
1909.11 0
1909.75 0
1910.39 0
1911.03 0
1911.67 0
1912.31 0
1912.95 0
1913.59 0
1914.23 0
1914.87 0
1915.51 0
1916.15 0
1916.79 0
1917.43 0
1918.07 0
1918.71 0
1919.35 0
1919.99 0
1920.63 0
1921.27 0
1921.91 0
1922.55 0
1923.19 0
1923.83 0
1924.47 0
1925.11 0
1925.75 0
1926.39 0
1927.03 0
1927.67 0
1928.31 0
1928.95 0
1929.59 0
1930.23 0
1930.87 0
1931.51 0
1932.15 0
1932.79 0
1933.43 0
1934.07 0
1934.71 0
1935.35 0
1935.99 0
1936.63 0
1937.27 0
1937.91 0
1938.55 0
1939.19 0
1939.83 0
1940.47 0
1941.11 0
1941.75 0
1942.39 0
1943.03 0
1943.67 0
1944.31 0
1944.95 0
1945.59 0
1946.23 0
1946.87 0
1947.51 0
1948.15 0
1948.79 0
1949.43 0
1950.07 0
1950.71 0
1951.35 0
1951.99 0
1952.63 0
1953.27 0
1953.91 0
1954.55 0
1955.19 0
1955.83 0
1956.47 0
1957.11 0
1957.75 0
1958.39 0
1959.03 0
1959.67 0
1960.31 0
1960.95 0
1961.59 0
1962.23 0
1962.87 0
1963.51 0
1964.15 0
1964.79 0
1965.43 0
1966.07 0
1966.71 0
1967.35 0
1967.99 0
1968.63 0
1969.27 0
1969.91 0
1970.55 0
1971.19 0
1971.83 0
1972.47 0
1973.11 0
1973.75 0
1974.39 0
1975.03 0
1975.67 0
1976.31 0
1976.95 0
1977.59 0
1978.23 0
1978.87 0
1979.51 0
1980.15 0
1980.79 0
1981.43 0
1982.07 0
1982.71 0
1983.35 0
1983.99 0
1984.63 0
1985.27 0
1985.91 0
1986.55 0
1987.19 0
1987.83 0
1988.47 0
1989.11 0
1989.75 0
1990.39 0
1991.03 0
1991.67 0
1992.31 0
1992.95 0
1993.59 0
1994.23 0
1994.87 0
1995.51 0
1996.15 0
1996.79 0
1997.43 0
1998.07 0
1998.71 0
1999.35 0
1999.99 0
2000.63 0
2001.27 0
2001.91 0
2002.55 0
2003.19 0
2003.83 0
2004.47 0
2005.11 0
2005.75 0
2006.39 0
2007.03 0
2007.67 0
2008.31 0
2008.95 0
2009.59 0
2010.23 0
2010.87 0
2011.51 0
2012.15 0
2012.79 0
2013.43 0
2014.07 0
2014.71 0
2015.35 0
2015.99 0
2016.63 0
2017.27 0
2017.91 0
2018.55 0
2019.19 0
2019.83 0
2020.47 0
2021.11 0
2021.75 0
2022.39 0
2023.03 0
2023.67 0
2024.31 0
2024.95 0
2025.59 0
2026.23 0
2026.87 0
2027.51 0
2028.15 0
2028.79 0
2029.43 0
2030.07 0
2030.71 0
2031.35 0
2031.99 0
2032.63 0
2033.27 0
2033.91 0
2034.55 0
2035.19 0
2035.83 0
2036.47 0
2037.11 0
2037.75 0
2038.39 0
2039.03 0
2039.67 0
2040.31 0
2040.95 0
2041.59 0
2042.23 0
2042.87 0
2043.51 0
2044.15 0
2044.79 0
2045.43 0
2046.07 0
2046.71 0
2047.35 0
2047.99 0
2048.63 0
2049.27 0
2049.91 0
2050.55 0
2051.19 0
2051.83 0
2052.47 0
2053.11 0
2053.75 0
2054.39 0
2055.03 0
2055.67 0
2056.31 0
2056.95 0
2057.59 0
2058.23 0
2058.87 0
2059.51 0
2060.15 0
2060.79 0
2061.43 0
2062.07 0
2062.71 0
2063.35 0
2063.99 0
2064.63 0
2065.27 0
2065.91 0
2066.55 0
2067.19 0
2067.83 0
2068.47 0
2069.11 0
2069.75 0
2070.39 0
2071.03 0
2071.67 0
2072.31 0
2072.95 0
2073.59 0
2074.23 0
2074.87 0
2075.51 0
2076.15 0
2076.79 0
2077.43 0
2078.07 0
2078.71 0
2079.35 0
2079.99 0
2080.63 0
2081.27 0
2081.91 0
2082.55 0
2083.19 0
2083.83 0
2084.47 0
2085.11 0
2085.75 0
2086.39 0
2087.03 0
2087.67 0
2088.31 0
2088.95 0
2089.59 0
2090.23 0
2090.87 0
2091.51 0
2092.15 0
2092.79 0
2093.43 0
2094.07 0
2094.71 0
2095.35 0
2095.99 0
2096.63 0
2097.27 0
2097.91 0
2098.55 0
2099.19 0
2099.83 0
2100.47 0
2101.11 0
2101.75 0
2102.39 0
2103.03 0
2103.67 0
2104.31 0
2104.95 0
2105.59 0
2106.23 0
2106.87 0
2107.51 0
2108.15 0
2108.79 0
2109.43 0
2110.07 0
2110.71 0
2111.35 0
2111.99 0
2112.63 0
2113.27 0
2113.91 0
2114.55 0
2115.19 0
2115.83 0
2116.47 0
2117.11 0
2117.75 0
2118.39 0
2119.03 0
2119.67 0
2120.31 0
2120.95 0
2121.59 0
2122.23 0
2122.87 0
2123.51 0
2124.15 0
2124.79 0
2125.43 0
2126.07 0
2126.71 0
2127.35 0
2127.99 0
2128.63 0
2129.27 0
2129.91 0
2130.55 0
2131.19 0
2131.83 0
2132.47 0
2133.11 0
2133.75 0
2134.39 0
2135.03 0
2135.67 0
2136.31 0
2136.95 0
2137.59 0
2138.23 0
2138.87 0
2139.51 0
2140.15 0
2140.79 0
2141.43 0
2142.07 0
2142.71 0
2143.35 0
2143.99 0
2144.63 0
2145.27 0
2145.91 0
2146.55 0
2147.19 0
2147.83 0
2148.47 0
2149.11 0
2149.75 0
2150.39 0
2151.03 0
2151.67 0
2152.31 0
2152.95 0
2153.59 0
2154.23 0
2154.87 0
2155.51 0
2156.15 0
2156.79 0
2157.43 0
2158.07 0
2158.71 0
2159.35 0
2159.99 0
2160.63 0
2161.27 0
2161.91 0
2162.55 0
2163.19 0
2163.83 0
2164.47 0
2165.11 0
2165.75 0
2166.39 0
2167.03 0
2167.67 0
2168.31 0
2168.95 0
2169.59 0
2170.23 0
2170.87 0
2171.51 0
2172.15 0
2172.79 0
2173.43 0
2174.07 0
2174.71 0
2175.35 0
2175.99 0
2176.63 0
2177.27 0
2177.91 0
2178.55 0
2179.19 0
2179.83 0
2180.47 0
2181.11 0
2181.75 0
2182.39 0
2183.03 0
2183.67 0
2184.31 0
2184.95 0
2185.59 0
2186.23 0
2186.87 0
2187.51 0
2188.15 0
2188.79 0
2189.43 0
2190.07 0
2190.71 0
2191.35 0
2191.99 0
2192.63 0
2193.27 0
2193.91 0
2194.55 0
2195.19 0
2195.83 0
2196.47 0
2197.11 0
2197.75 0
2198.39 0
2199.03 0
2199.67 0
2200.31 0
2200.95 0
2201.59 0
2202.23 0
2202.87 0
2203.51 0
2204.15 0
2204.79 0
2205.43 0
2206.07 0
2206.71 0
2207.35 0
2207.99 0
2208.63 0
2209.27 0
2209.91 0
2210.55 0
2211.19 0
2211.83 0
2212.47 0
2213.11 0
2213.75 0
2214.39 0
2215.03 0
2215.67 0
2216.31 0
2216.95 0
2217.59 0
2218.23 0
2218.87 0
2219.51 0
2220.15 0
2220.79 0
2221.43 0
2222.07 0
2222.71 0
2223.35 0
2223.99 0
2224.63 0
2225.27 0
2225.91 0
2226.55 0
2227.19 0
2227.83 0
2228.47 0
2229.11 0
2229.75 0
2230.39 0
2231.03 0
2231.67 0
2232.31 0
2232.95 0
2233.59 0
2234.23 0
2234.87 0
2235.51 0
2236.15 0
2236.79 0
2237.43 0
2238.07 0
2238.71 0
2239.35 0
2239.99 0
2240.63 0
2241.27 0
2241.91 0
2242.55 0
2243.19 0
2243.83 0
2244.47 0
2245.11 0
2245.75 0
2246.39 0
2247.03 0
2247.67 0
2248.31 0
2248.95 0
2249.59 0
2250.23 0
2250.87 0
2251.51 0
2252.15 0
2252.79 0
2253.43 0
2254.07 0
2254.71 0
2255.35 0
2255.99 0
2256.63 0
2257.27 0
2257.91 0
2258.55 0
2259.19 0
2259.83 0
2260.47 0
2261.11 0
2261.75 0
2262.39 0
2263.03 0
2263.67 0
2264.31 0
2264.95 0
2265.59 0
2266.23 0
2266.87 0
2267.51 0
2268.15 0
2268.79 0
2269.43 0
2270.07 0
2270.71 0
2271.35 0
2271.99 0
2272.63 0
2273.27 0
2273.91 0
2274.55 0
2275.19 0
2275.83 0
2276.47 0
2277.11 0
2277.75 0
2278.39 0
2279.03 0
2279.67 0
2280.31 0
2280.95 0
2281.59 0
2282.23 0
2282.87 0
2283.51 0
2284.15 0
2284.79 0
2285.43 0
2286.07 0
2286.71 0
2287.35 0
2287.99 0
2288.63 0
2289.27 0
2289.91 0
2290.55 0
2291.19 0
2291.83 0
2292.47 0
2293.11 0
2293.75 0
2294.39 0
2295.03 0
2295.67 0
2296.31 0
2296.95 0
2297.59 0
2298.23 0
2298.87 0
2299.51 0
2300.15 0
2300.79 0
2301.43 0
2302.07 0
2302.71 0
2303.35 0
2303.99 0
2304.63 0
2305.27 0
2305.91 0
2306.55 0
2307.19 0
2307.83 0
2308.47 0
2309.11 0
2309.75 0
2310.39 0
2311.03 0
2311.67 0
2312.31 0
2312.95 0
2313.59 0
2314.23 0
2314.87 0
2315.51 0
2316.15 0
2316.79 0
2317.43 0
2318.07 0
2318.71 0
2319.35 0
2319.99 0
2320.63 0
2321.27 0
2321.91 0
2322.55 0
2323.19 0
2323.83 0
2324.47 0
2325.11 0
2325.75 0
2326.39 0
2327.03 0
2327.67 0
2328.31 0
2328.95 0
2329.59 0
2330.23 0
2330.87 0
2331.51 0
2332.15 0
2332.79 0
2333.43 0
2334.07 0
2334.71 0
2335.35 0
2335.99 0
2336.63 0
2337.27 0
2337.91 0
2338.55 0
2339.19 0
2339.83 0
2340.47 0
2341.11 0
2341.75 0
2342.39 0
2343.03 0
2343.67 0
2344.31 0
2344.95 0
2345.59 0
2346.23 0
2346.87 0
2347.51 0
2348.15 0
2348.79 0
2349.43 0
2350.07 0
2350.71 0
2351.35 0
2351.99 0
2352.63 0
2353.27 0
2353.91 0
2354.55 0
2355.19 0
2355.83 0
2356.47 0
2357.11 0
2357.75 0
2358.39 0
2359.03 0
2359.67 0
2360.31 0
2360.95 0
2361.59 0
2362.23 0
2362.87 0
2363.51 0
2364.15 0
2364.79 0
2365.43 0
2366.07 0
2366.71 0
2367.35 0
2367.99 0
2368.63 0
2369.27 0
2369.91 0
2370.55 0
2371.19 0
2371.83 0
2372.47 0
2373.11 0
2373.75 0
2374.39 0
2375.03 0
2375.67 0
2376.31 0
2376.95 0
2377.59 0
2378.23 0
2378.87 0
2379.51 0
2380.15 0
2380.79 0
2381.43 0
2382.07 0
2382.71 0
2383.35 0
2383.99 0
2384.63 0
2385.27 0
2385.91 0
2386.55 0
2387.19 0
2387.83 0
2388.47 0
2389.11 0
2389.75 0
2390.39 0
2391.03 0
2391.67 0
2392.31 0
2392.95 0
2393.59 0
2394.23 0
2394.87 0
2395.51 0
2396.15 0
2396.79 0
2397.43 0
2398.07 0
2398.71 0
2399.35 0
2399.99 0
2400.63 0
2401.27 0
2401.91 0
2402.55 0
2403.19 0
2403.83 0
2404.47 0
2405.11 0
2405.75 0
2406.39 0
2407.03 0
2407.67 0
2408.31 0
2408.95 0
2409.59 0
2410.23 0
2410.87 0
2411.51 0
2412.15 0
2412.79 0
2413.43 0
2414.07 0
2414.71 0
2415.35 0
2415.99 0
2416.63 0
2417.27 0
2417.91 0
2418.55 0
2419.19 0
2419.83 0
2420.47 0
2421.11 0
2421.75 0
2422.39 0
2423.03 0
2423.67 0
2424.31 0
2424.95 0
2425.59 0
2426.23 0
2426.87 0
2427.51 0
2428.15 0
2428.79 0
2429.43 0
2430.07 0
2430.71 0
2431.35 0
2431.99 0
2432.63 0
2433.27 0
2433.91 0
2434.55 0
2435.19 0
2435.83 0
2436.47 0
2437.11 0
2437.75 0
2438.39 0
2439.03 0
2439.67 0
2440.31 0
2440.95 0
2441.59 0
2442.23 0
2442.87 0
2443.51 0
2444.15 0
2444.79 0
2445.43 0
2446.07 0
2446.71 0
2447.35 0
2447.99 0
2448.63 0
2449.27 0
2449.91 0
2450.55 0
2451.19 0
2451.83 0
2452.47 0
2453.11 0
2453.75 0
2454.39 0
2455.03 0
2455.67 0
2456.31 0
2456.95 0
2457.59 0
2458.23 0
2458.87 0
2459.51 0
2460.15 0
2460.79 0
2461.43 0
2462.07 0
2462.71 0
2463.35 0
2463.99 0
2464.63 0
2465.27 0
2465.91 0
2466.55 0
2467.19 0
2467.83 0
2468.47 0
2469.11 0
2469.75 0
2470.39 0
2471.03 0
2471.67 0
2472.31 0
2472.95 0
2473.59 0
2474.23 0
2474.87 0
2475.51 0
2476.15 0
2476.79 0
2477.43 0
2478.07 0
2478.71 0
2479.35 0
2479.99 0
2480.63 0
2481.27 0
2481.91 0
2482.55 0
2483.19 0
2483.83 0
2484.47 0
2485.11 0
2485.75 0
2486.39 0
2487.03 0
2487.67 0
2488.31 0
2488.95 0
2489.59 0
2490.23 0
2490.87 0
2491.51 0
2492.15 0
2492.79 0
2493.43 0
2494.07 0
2494.71 0
2495.35 0
2495.99 0
2496.63 0
2497.27 0
2497.91 0
2498.55 0
2499.19 0
2499.83 0
2500.47 0
2501.11 0
2501.75 0
2502.39 0
2503.03 0
2503.67 0
2504.31 0
2504.95 0
2505.59 0
2506.23 0
2506.87 0
2507.51 0
2508.15 0
2508.79 0
2509.43 0
2510.07 0
2510.71 0
2511.35 0
2511.99 0
2512.63 0
2513.27 0
2513.91 0
2514.55 0
2515.19 0
2515.83 0
2516.47 0
2517.11 0
2517.75 0
2518.39 0
2519.03 0
2519.67 0
2520.31 0
2520.95 0
2521.59 0
2522.23 0
2522.87 0
2523.51 0
2524.15 0
2524.79 0
2525.43 0
2526.07 0
2526.71 0
2527.35 0
2527.99 0
2528.63 0
2529.27 0
2529.91 0
2530.55 0
2531.19 0
2531.83 0
2532.47 0
2533.11 0
2533.75 0
2534.39 0
2535.03 0
2535.67 0
2536.31 0
2536.95 0
2537.59 0
2538.23 0
2538.87 0
2539.51 0
2540.15 0
2540.79 0
2541.43 0
2542.07 0
2542.71 0
2543.35 0
2543.99 0
2544.63 0
2545.27 0
2545.91 0
2546.55 0
2547.19 0
2547.83 0
2548.47 0
2549.11 0
2549.75 0
2550.39 0
2551.03 0
2551.67 0
2552.31 0
2552.95 0
2553.59 0
2554.23 0
2554.87 0
2555.51 0
2556.15 0
2556.79 0
2557.43 0
2558.07 0
2558.71 0
2559.35 0
2559.99 0
2560.63 0
2561.27 0
2561.91 0
2562.55 0
2563.19 0
2563.83 0
2564.47 0
2565.11 0
2565.75 0
2566.39 0
2567.03 0
2567.67 0
2568.31 0
2568.95 0
2569.59 0
2570.23 0
2570.87 0
2571.51 0
2572.15 0
2572.79 0
2573.43 0
2574.07 0
2574.71 0
2575.35 0
2575.99 0
2576.63 0
2577.27 0
2577.91 0
2578.55 0
2579.19 0
2579.83 0
2580.47 0
2581.11 0
2581.75 0
2582.39 0
2583.03 0
2583.67 0
2584.31 0
2584.95 0
2585.59 0
2586.23 0
2586.87 0
2587.51 0
2588.15 0
2588.79 0
2589.43 0
2590.07 0
2590.71 0
2591.35 0
2591.99 0
2592.63 0
2593.27 0
2593.91 0
2594.55 0
2595.19 0
2595.83 0
2596.47 0
2597.11 0
2597.75 0
2598.39 0
2599.03 0
2599.67 0
2600.31 0
2600.95 0
2601.59 0
2602.23 0
2602.87 0
2603.51 0
2604.15 0
2604.79 0
2605.43 0
2606.07 0
2606.71 0
2607.35 0
2607.99 0
2608.63 0
2609.27 0
2609.91 0
2610.55 0
2611.19 0
2611.83 0
2612.47 0
2613.11 0
2613.75 0
2614.39 0
2615.03 0
2615.67 0
2616.31 0
2616.95 0
2617.59 0
2618.23 0
2618.87 0
2619.51 0
2620.15 0
2620.79 0
2621.43 0
2622.07 0
2622.71 0
2623.35 0
2623.99 0
2624.63 0
2625.27 0
2625.91 0
2626.55 0
2627.19 0
2627.83 0
2628.47 0
2629.11 0
2629.75 0
2630.39 0
2631.03 0
2631.67 0
2632.31 0
2632.95 0
2633.59 0
2634.23 0
2634.87 0
2635.51 0
2636.15 0
2636.79 0
2637.43 0
2638.07 0
2638.71 0
2639.35 0
2639.99 0
2640.63 0
2641.27 0
2641.91 0
2642.55 0
2643.19 0
2643.83 0
2644.47 0
2645.11 0
2645.75 0
2646.39 0
2647.03 0
2647.67 0
2648.31 0
2648.95 0
2649.59 0
2650.23 0
2650.87 0
2651.51 0
2652.15 0
2652.79 0
2653.43 0
2654.07 0
2654.71 0
2655.35 0
2655.99 0
2656.63 0
2657.27 0
2657.91 0
2658.55 0
2659.19 0
2659.83 0
2660.47 0
2661.11 0
2661.75 0
2662.39 0
2663.03 0
2663.67 0
2664.31 0
2664.95 0
2665.59 0
2666.23 0
2666.87 0
2667.51 0
2668.15 0
2668.79 0
2669.43 0
2670.07 0
2670.71 0
2671.35 0
2671.99 0
2672.63 0
2673.27 0
2673.91 0
2674.55 0
2675.19 0
2675.83 0
2676.47 0
2677.11 0
2677.75 0
2678.39 0
2679.03 0
2679.67 0
2680.31 0
2680.95 0
2681.59 0
2682.23 0
2682.87 0
2683.51 0
2684.15 0
2684.79 0
2685.43 0
2686.07 0
2686.71 0
2687.35 0
2687.99 0
2688.63 0
2689.27 0
2689.91 0
2690.55 0
2691.19 0
2691.83 0
2692.47 0
2693.11 0
2693.75 0
2694.39 0
2695.03 0
2695.67 0
2696.31 0
2696.95 0
2697.59 0
2698.23 0
2698.87 0
2699.51 0
2700.15 0
2700.79 0
2701.43 0
2702.07 0
2702.71 0
2703.35 0
2703.99 0
2704.63 0
2705.27 0
2705.91 0
2706.55 0
2707.19 0
2707.83 0
2708.47 0
2709.11 0
2709.75 0
2710.39 0
2711.03 0
2711.67 0
2712.31 0
2712.95 0
2713.59 0
2714.23 0
2714.87 0
2715.51 0
2716.15 0
2716.79 0
2717.43 0
2718.07 0
2718.71 0
2719.35 0
2719.99 0
2720.63 0
2721.27 0
2721.91 0
2722.55 0
2723.19 0
2723.83 0
2724.47 0
2725.11 0
2725.75 0
2726.39 0
2727.03 0
2727.67 0
2728.31 0
2728.95 0
2729.59 0
2730.23 0
2730.87 0
2731.51 0
2732.15 0
2732.79 0
2733.43 0
2734.07 0
2734.71 0
2735.35 0
2735.99 0
2736.63 0
2737.27 0
2737.91 0
2738.55 0
2739.19 0
2739.83 0
2740.47 0
2741.11 0
2741.75 0
2742.39 0
2743.03 0
2743.67 0
2744.31 0
2744.95 0
2745.59 0
2746.23 0
2746.87 0
2747.51 0
2748.15 0
2748.79 0
2749.43 0
2750.07 0
2750.71 0
2751.35 0
2751.99 0
2752.63 0
2753.27 0
2753.91 0
2754.55 0
2755.19 0
2755.83 0
2756.47 0
2757.11 0
2757.75 0
2758.39 0
2759.03 0
2759.67 0
2760.31 0
2760.95 0
2761.59 0
2762.23 0
2762.87 0
2763.51 0
2764.15 0
2764.79 0
2765.43 0
2766.07 0
2766.71 0
2767.35 0
2767.99 0
2768.63 0
2769.27 0
2769.91 0
2770.55 0
2771.19 0
2771.83 0
2772.47 0
2773.11 0
2773.75 0
2774.39 0
2775.03 0
2775.67 0
2776.31 0
2776.95 0
2777.59 0
2778.23 0
2778.87 0
2779.51 0
2780.15 0
2780.79 0
2781.43 0
2782.07 0
2782.71 0
2783.35 0
2783.99 0
2784.63 0
2785.27 0
2785.91 0
2786.55 0
2787.19 0
2787.83 0
2788.47 0
2789.11 0
2789.75 0
2790.39 0
2791.03 0
2791.67 0
2792.31 0
2792.95 0
2793.59 0
2794.23 0
2794.87 0
2795.51 0
2796.15 0
2796.79 0
2797.43 0
2798.07 0
2798.71 0
2799.35 0
2799.99 0
2800.63 0
2801.27 0
2801.91 0
2802.55 0
2803.19 0
2803.83 0
2804.47 0
2805.11 0
2805.75 0
2806.39 0
2807.03 0
2807.67 0
2808.31 0
2808.95 0
2809.59 0
2810.23 0
2810.87 0
2811.51 0
2812.15 0
2812.79 0
2813.43 0
2814.07 0
2814.71 0
2815.35 0
2815.99 0
2816.63 0
2817.27 0
2817.91 0
2818.55 0
2819.19 0
2819.83 0
2820.47 0
2821.11 0
2821.75 0
2822.39 0
2823.03 0
2823.67 0
2824.31 0
2824.95 0
2825.59 0
2826.23 0
2826.87 0
2827.51 0
2828.15 0
2828.79 0
2829.43 0
2830.07 0
2830.71 0
2831.35 0
2831.99 0
2832.63 0
2833.27 0
2833.91 0
2834.55 0
2835.19 0
2835.83 0
2836.47 0
2837.11 0
2837.75 0
2838.39 0
2839.03 0
2839.67 0
2840.31 0
2840.95 0
2841.59 0
2842.23 0
2842.87 0
2843.51 0
2844.15 0
2844.79 0
2845.43 0
2846.07 0
2846.71 0
2847.35 0
2847.99 0
2848.63 0
2849.27 0
2849.91 0
2850.55 0
2851.19 0
2851.83 0
2852.47 0
2853.11 0
2853.75 0
2854.39 0
2855.03 0
2855.67 0
2856.31 0
2856.95 0
2857.59 0
2858.23 0
2858.87 0
2859.51 0
2860.15 0
2860.79 0
2861.43 0
2862.07 0
2862.71 0
2863.35 0
2863.99 0
2864.63 0
2865.27 0
2865.91 0
2866.55 0
2867.19 0
2867.83 0
2868.47 0
2869.11 0
2869.75 0
2870.39 0
2871.03 0
2871.67 0
2872.31 0
2872.95 0
2873.59 0
2874.23 0
2874.87 0
2875.51 0
2876.15 0
2876.79 0
2877.43 0
2878.07 0
2878.71 0
2879.35 0
2879.99 0
2880.63 0
2881.27 0
2881.91 0
2882.55 0
2883.19 0
2883.83 0
2884.47 0
2885.11 0
2885.75 0
2886.39 0
2887.03 0
2887.67 0
2888.31 0
2888.95 0
2889.59 0
2890.23 0
2890.87 0
2891.51 0
2892.15 0
2892.79 0
2893.43 0
2894.07 0
2894.71 0
2895.35 0
2895.99 0
2896.63 0
2897.27 0
2897.91 0
2898.55 0
2899.19 0
2899.83 0
2900.47 0
2901.11 0
2901.75 0
2902.39 0
2903.03 0
2903.67 0
2904.31 0
2904.95 0
2905.59 0
2906.23 0
2906.87 0
2907.51 0
2908.15 0
2908.79 0
2909.43 0
2910.07 0
2910.71 0
2911.35 0
2911.99 0
2912.63 0
2913.27 0
2913.91 0
2914.55 0
2915.19 0
2915.83 0
2916.47 0
2917.11 0
2917.75 0
2918.39 0
2919.03 0
2919.67 0
2920.31 0
2920.95 0
2921.59 0
2922.23 0
2922.87 0
2923.51 0
2924.15 0
2924.79 0
2925.43 0
2926.07 0
2926.71 0
2927.35 0
2927.99 0
2928.63 0
2929.27 0
2929.91 0
2930.55 0
2931.19 0
2931.83 0
2932.47 0
2933.11 0
2933.75 0
2934.39 0
2935.03 0
2935.67 0
2936.31 0
2936.95 0
2937.59 0
2938.23 0
2938.87 0
2939.51 0
2940.15 0
2940.79 0
2941.43 0
2942.07 0
2942.71 0
2943.35 0
2943.99 0
2944.63 0
2945.27 0
2945.91 0
2946.55 0
2947.19 0
2947.83 0
2948.47 0
2949.11 0
2949.75 0
2950.39 0
2951.03 0
2951.67 0
2952.31 0
2952.95 0
2953.59 0
2954.23 0
2954.87 0
2955.51 0
2956.15 0
2956.79 0
2957.43 0
2958.07 0
2958.71 0
2959.35 0
2959.99 0
2960.63 0
2961.27 0
2961.91 0
2962.55 0
2963.19 0
2963.83 0
2964.47 0
2965.11 0
2965.75 0
2966.39 0
2967.03 0
2967.67 0
2968.31 0
2968.95 0
2969.59 0
2970.23 0
2970.87 0
2971.51 0
2972.15 0
2972.79 0
2973.43 0
2974.07 0
2974.71 0
2975.35 0
2975.99 0
2976.63 0
2977.27 0
2977.91 0
2978.55 0
2979.19 0
2979.83 0
2980.47 0
2981.11 0
2981.75 0
2982.39 0
2983.03 0
2983.67 0
2984.31 0
2984.95 0
2985.59 0
2986.23 0
2986.87 0
2987.51 0
2988.15 0
2988.79 0
2989.43 0
2990.07 0
2990.71 0
2991.35 0
2991.99 0
2992.63 0
2993.27 0
2993.91 0
2994.55 0
2995.19 0
2995.83 0
2996.47 0
2997.11 0
2997.75 0
2998.39 0
2999.03 0
2999.67 0
3000.31 0
3000.95 0
3001.59 0
3002.23 0
3002.87 0
3003.51 0
3004.15 0
3004.79 0
3005.43 0
3006.07 0
3006.71 0
3007.35 0
3007.99 0
3008.63 0
3009.27 0
3009.91 0
3010.55 0
3011.19 0
3011.83 0
3012.47 0
3013.11 0
3013.75 0
3014.39 0
3015.03 0
3015.67 0
3016.31 0
3016.95 0
3017.59 0
3018.23 0
3018.87 0
3019.51 0
3020.15 0
3020.79 0
3021.43 0
3022.07 0
3022.71 0
3023.35 0
3023.99 0
3024.63 0
3025.27 0
3025.91 0
3026.55 0
3027.19 0
3027.83 0
3028.47 0
3029.11 0
3029.75 0
3030.39 0
3031.03 0
3031.67 0
3032.31 0
3032.95 0
3033.59 0
3034.23 0
3034.87 0
3035.51 0
3036.15 0
3036.79 0
3037.43 0
3038.07 0
3038.71 0
3039.35 0
3039.99 0
3040.63 0
3041.27 0
3041.91 0
3042.55 0
3043.19 0
3043.83 0
3044.47 0
3045.11 0
3045.75 0
3046.39 0
3047.03 0
3047.67 0
3048.31 0
3048.95 0
3049.59 0
3050.23 0
3050.87 0
3051.51 0
3052.15 0
3052.79 0
3053.43 0
3054.07 0
3054.71 0
3055.35 0
3055.99 0
3056.63 0
3057.27 0
3057.91 0
3058.55 0
3059.19 0
3059.83 0
3060.47 0
3061.11 0
3061.75 0
3062.39 0
3063.03 0
3063.67 0
3064.31 0
3064.95 0
3065.59 0
3066.23 0
3066.87 0
3067.51 0
3068.15 0
3068.79 0
3069.43 0
3070.07 0
3070.71 0
3071.35 0
3071.99 0
3072.63 0
3073.27 0
3073.91 0
3074.55 0
3075.19 0
3075.83 0
3076.47 0
3077.11 0
3077.75 0
3078.39 0
3079.03 0
3079.67 0
3080.31 0
3080.95 0
3081.59 0
3082.23 0
3082.87 0
3083.51 0
3084.15 0
3084.79 0
3085.43 0
3086.07 0
3086.71 0
3087.35 0
3087.99 0
3088.63 0
3089.27 0
3089.91 0
3090.55 0
3091.19 0
3091.83 0
3092.47 0
3093.11 0
3093.75 0
3094.39 0
3095.03 0
3095.67 0
3096.31 0
3096.95 0
3097.59 0
3098.23 0
3098.87 0
3099.51 0
3100.15 0
3100.79 0
3101.43 0
3102.07 0
3102.71 0
3103.35 0
3103.99 0
3104.63 0
3105.27 0
3105.91 0
3106.55 0
3107.19 0
3107.83 0
3108.47 0
3109.11 0
3109.75 0
3110.39 0
3111.03 0
3111.67 0
3112.31 0
3112.95 0
3113.59 0
3114.23 0
3114.87 0
3115.51 0
3116.15 0
3116.79 0
3117.43 0
3118.07 0
3118.71 0
3119.35 0
3119.99 0
3120.63 0
3121.27 0
3121.91 0
3122.55 0
3123.19 0
3123.83 0
3124.47 0
3125.11 0
3125.75 0
3126.39 0
3127.03 0
3127.67 0
3128.31 0
3128.95 0
3129.59 0
3130.23 0
3130.87 0
3131.51 0
3132.15 0
3132.79 0
3133.43 0
3134.07 0
3134.71 0
3135.35 0
3135.99 0
3136.63 0
3137.27 0
3137.91 0
3138.55 0
3139.19 0
3139.83 0
3140.47 0
3141.11 0
3141.75 0
3142.39 0
3143.03 0
3143.67 0
3144.31 0
3144.95 0
3145.59 0
3146.23 0
3146.87 0
3147.51 0
3148.15 0
3148.79 0
3149.43 0
3150.07 0
3150.71 0
3151.35 0
3151.99 0
3152.63 0
3153.27 0
3153.91 0
3154.55 0
3155.19 0
3155.83 0
3156.47 0
3157.11 0
3157.75 0
3158.39 0
3159.03 0
3159.67 0
3160.31 0
3160.95 0
3161.59 0
3162.23 0
3162.87 0
3163.51 0
3164.15 0
3164.79 0
3165.43 0
3166.07 0
3166.71 0
3167.35 0
3167.99 0
3168.63 0
3169.27 0
3169.91 0
3170.55 0
3171.19 0
3171.83 0
3172.47 0
3173.11 0
3173.75 0
3174.39 0
3175.03 0
3175.67 0
3176.31 0
3176.95 0
3177.59 0
3178.23 0
3178.87 0
3179.51 0
3180.15 0
3180.79 0
3181.43 0
3182.07 0
3182.71 0
3183.35 0
3183.99 0
3184.63 0
3185.27 0
3185.91 0
3186.55 0
3187.19 0
3187.83 0
3188.47 0
3189.11 0
3189.75 0
3190.39 0
3191.03 0
3191.67 0
3192.31 0
3192.95 0
3193.59 0
3194.23 0
3194.87 0
3195.51 0
3196.15 0
3196.79 0
3197.43 0
3198.07 0
3198.71 0
3199.35 0
3199.99 0
