0.63544 0
1.27519 0
1.91493 0
2.55468 0
3.19442 0
3.83417 0
4.47391 0
5.11366 0
5.75341 0
6.39315 0
7.0329 0
7.67264 0
8.31239 0
8.95213 0
9.59188 0
10.2316 0
10.8714 0
11.5111 0
12.1509 0
12.7906 0
13.4304 0
14.0701 0
14.7098 0
15.3496 0
15.9893 0
16.6291 0
17.2688 0
17.9086 0
18.5483 0
19.1881 0
19.8278 0
20.4676 0
21.1073 0
21.747 0
22.3868 0
23.0265 0
23.6663 0
24.306 27.4812
24.9458 26.4888
25.5855 25.2187
26.2253 24.0565
26.865 23.4795
27.5048 23.1983
28.1445 22.7337
28.7843 22.0532
29.424 0
30.0637 0
30.7035 0
31.3432 0
31.983 0
32.6227 0
33.2625 0
33.9022 0
34.542 0
35.1817 0
35.8215 0
36.4612 0
37.1009 0
37.7407 0
38.3804 0
39.0202 0
39.6599 0
40.2997 0
40.9394 0
41.5792 0
42.2189 0
42.8587 0
43.4984 0
44.1382 0
44.7779 0
45.4176 0
46.0574 0
46.6971 0
47.3369 0
47.9766 0
48.6164 0
49.2561 0
49.8959 0
50.5356 0
51.1754 0
51.8151 0
52.4548 0
53.0946 0
53.7343 0
54.3741 0
55.0138 52.9173
55.6536 51.7143
56.2933 56.1958
56.9331 78.5041
57.5728 136.995
58.2126 236.651
58.8523 342.544
59.492 391.053
60.1318 319.898
60.7715 218.865
61.4113 117.174
62.051 50.9626
62.6908 20.157
63.3305 9.61934
63.9703 7.10653
64.61 6.93888
65.2498 0
65.8895 0
66.5293 0
67.169 0
67.8087 0
68.4485 0
69.0882 0
69.728 0
70.3677 6.79509
71.0075 6.78103
71.6472 6.76698
72.287 6.75293
72.9267 6.73887
73.5665 6.72482
74.2062 6.71077
74.8459 6.69671
75.4857 6.68266
76.1254 6.66861
76.7652 6.65455
77.4049 6.6405
78.0447 6.62645
78.6844 6.6124
79.3242 6.59834
79.9639 6.58429
80.6037 6.57024
81.2434 6.55618
81.8831 6.54213
82.5229 6.52808
83.1626 6.51402
83.8024 6.49997
84.4421 6.48592
85.0819 6.47186
85.7216 6.45781
86.3614 6.44376
87.0011 6.4297
87.6409 6.41565
88.2806 6.4016
88.9204 6.38754
89.5601 6.37349
90.1998 6.35944
90.8396 6.34538
91.4793 6.33133
92.1191 6.31728
92.7588 0
93.3986 0
94.0383 0
94.6781 0
95.3178 0
95.9576 0
96.5973 0
97.237 0
97.8768 0
98.5165 0
99.1563 0
99.796 0
100.436 0
101.076 0
101.715 0
102.355 0
102.995 0
103.635 0
104.274 0
104.914 0
105.554 0
106.193 0
106.833 0
107.473 0
108.113 0
108.752 0
109.392 0
110.032 0
110.672 0
111.311 0
111.951 0
112.591 0
113.231 0
113.87 0
114.51 0
115.15 0
115.79 0
116.429 0
117.069 0
117.709 0
118.349 0
118.988 0
119.628 0
120.268 0
120.908 0
121.547 0
122.187 0
122.827 0
123.467 0
124.106 0
124.746 0
125.386 0
126.026 0
126.665 0
127.305 0
127.945 0
128.585 0
129.224 0
129.864 0
130.504 0
131.144 0
131.783 0
132.423 0
133.063 0
133.703 0
134.342 0
134.982 0
135.622 0
136.262 0
136.901 0
137.541 0
138.181 0
138.821 0
139.46 0
140.1 0
140.74 0
141.38 0
142.019 0
142.659 0
143.299 0
143.938 0
144.578 0
145.218 0
145.858 0
146.497 0
147.137 0
147.777 0
148.417 0
149.056 0
149.696 0
150.336 0
150.976 0
151.615 0
152.255 0
152.895 0
153.535 0
154.174 0
154.814 0
155.454 0
156.094 0
156.733 0
157.373 0
158.013 0
158.653 0
159.292 0
159.932 0
160.572 0
161.212 0
161.851 0
162.491 0
163.131 0
163.771 0
164.41 0
165.05 0
165.69 0
166.33 0
166.969 0
167.609 0
168.249 0
168.889 0
169.528 0
170.168 0
170.808 0
171.448 0
172.087 0
172.727 0
173.367 0
174.007 0
174.646 0
175.286 0
175.926 0
176.566 0
177.205 0
177.845 0
178.485 0
179.125 0
179.764 0
180.404 0
181.044 0
181.683 0
182.323 0
182.963 0
183.603 0
184.242 0
184.882 0
185.522 0
186.162 0
186.801 0
187.441 0
188.081 0
188.721 0
189.36 0
190 0
190.64 0
191.28 0
191.919 0
192.559 0
193.199 0
193.839 0
194.478 0
195.118 0
195.758 0
196.398 0
197.037 0
197.677 0
198.317 0
198.957 0
199.596 0
200.236 0
200.876 0
201.516 0
202.155 0
202.795 0
203.435 0
204.075 0
204.714 0
205.354 0
205.994 0
206.634 0
207.273 0
207.913 0
208.553 0
209.193 0
209.832 0
210.472 0
211.112 0
211.752 0
212.391 0
213.031 0
213.671 0
214.311 0
214.95 0
215.59 0
216.23 0
216.87 0
217.509 0
218.149 0
218.789 0
219.428 0
220.068 0
220.708 0
221.348 0
221.987 0
222.627 0
223.267 0
223.907 0
224.546 0
225.186 0
225.826 0
226.466 0
227.105 0
227.745 0
228.385 0
229.025 0
229.664 0
230.304 0
230.944 0
231.584 0
232.223 0
232.863 0
233.503 0
234.143 0
234.782 0
235.422 0
236.062 0
236.702 0
237.341 4.20584
237.981 4.18984
238.621 4.20961
239.261 4.25739
239.9 4.31535
240.54 4.3575
241.18 4.35528
241.82 4.2853
242.459 4.13637
243.099 3.91295
243.739 3.63352
244.379 3.3247
245.018 3.01362
245.658 2.72159
246.298 2.46081
246.938 2.23452
247.577 0
248.217 0
248.857 0
249.497 0
250.136 0
250.776 0
251.416 0
252.056 0
252.695 0
253.335 0
253.975 0
254.614 0
255.254 0
255.894 0
256.534 0
257.173 0
257.813 0
258.453 0
259.093 0
259.732 0
260.372 0
261.012 0
261.652 0
262.291 0
262.931 0
263.571 0
264.211 0
264.85 0
265.49 0
266.13 0
266.77 0
267.409 0
268.049 0
268.689 0
269.329 0
269.968 0
270.608 0
271.248 0
271.888 0
272.527 2.67227
273.167 2.58971
273.807 2.50253
274.447 2.41181
275.086 2.31976
275.726 2.22953
276.366 2.14461
277.006 2.06805
277.645 2.00162
278.285 1.94534
278.925 1.89751
279.565 1.85518
280.204 1.81494
280.844 1.77372
281.484 1.7293
282.124 1.68056
282.763 0
283.403 0
284.043 0
284.683 0
285.322 0
285.962 0
286.602 0
287.242 0
287.881 0
288.521 0
289.161 0
289.801 0
290.44 1.89176
291.08 2.02873
291.72 2.18745
292.359 2.36132
292.999 2.5385
293.639 2.70331
294.279 2.83909
294.918 2.93205
295.558 2.97466
296.198 2.96761
296.838 2.91951
297.477 2.84458
298.117 2.75914
298.757 2.678
299.397 2.612
300.036 2.567
300.676 0
301.316 0
301.956 0
302.595 0
303.235 0
303.875 0
304.515 0
305.154 0
305.794 0
306.434 0
307.074 0
307.713 0
308.353 0
308.993 0
309.633 0
310.272 0
310.912 0
311.552 0
312.192 0
312.831 0
313.471 0
314.111 0
314.751 0
315.39 0
316.03 0
316.67 0
317.31 0
317.949 0
318.589 0
319.229 0
319.869 0
320.508 0
321.148 0
321.788 0
322.428 0
323.067 0
323.707 0
324.347 0
324.987 0
325.626 0
326.266 0
326.906 0
327.546 0
328.185 0
328.825 0
329.465 0
330.104 0
330.744 0
331.384 0
332.024 0
332.663 0
333.303 0
333.943 0
334.583 0
335.222 0
335.862 0
336.502 0
337.142 0
337.781 0
338.421 0
339.061 0
339.701 0
340.34 0
340.98 0
341.62 0
342.26 0
342.899 0
343.539 0
344.179 0
344.819 0
345.458 0
346.098 0
346.738 0
347.378 1.24004
348.017 1.60034
348.657 1.99652
349.297 2.40655
349.937 2.80042
350.576 3.14447
351.216 3.40746
351.856 3.56701
352.496 3.61439
353.135 3.55637
353.775 3.41359
354.415 3.21591
355.055 2.99624
355.694 2.78458
356.334 2.60369
356.974 0
357.614 0
358.253 0
358.893 0
359.533 0
360.173 0
360.812 0
361.452 0
362.092 0
362.732 0
363.371 0
364.011 0
364.651 0
365.291 0
365.93 0
366.57 0
367.21 0
367.849 0
368.489 0
369.129 0
369.769 0
370.408 0
371.048 0
371.688 0
372.328 0
372.967 0
373.607 0
374.247 0
374.887 0
375.526 0
376.166 0
376.806 0
377.446 0
378.085 0
378.725 0
379.365 0
380.005 0
380.644 0
381.284 0
381.924 0
382.564 0
383.203 0
383.843 0
384.483 0
385.123 0
385.762 0
386.402 0
387.042 0
387.682 0
388.321 0
388.961 0
389.601 0
390.241 0
390.88 0
391.52 0
392.16 0
392.8 0
393.439 0
394.079 0
394.719 0
395.359 0
395.998 0
396.638 0
397.278 0
397.918 0
398.557 0
399.197 0
399.837 0
400.477 0
401.116 0
401.756 0
402.396 0
403.036 0
403.675 0
404.315 0
404.955 0
405.594 0
406.234 0
406.874 0
407.514 0
408.153 0
408.793 0
409.433 0
410.073 0
410.712 0
411.352 0
411.992 0
412.632 0
413.271 0
413.911 0
414.551 0
415.191 0
415.83 0
416.47 0
417.11 0
417.75 0
418.389 0
419.029 0
419.669 0
420.309 0
420.948 0
421.588 0
422.228 0
422.868 0
423.507 0
424.147 0
424.787 0
425.427 0
426.066 0
426.706 0
427.346 0
427.986 0
428.625 0
429.265 0
429.905 0
430.545 0
431.184 0
431.824 0
432.464 0
433.104 0
433.743 0
434.383 0
435.023 0
435.663 0
436.302 0
436.942 0
437.582 0
438.222 0
438.861 0
439.501 0
440.141 0
440.781 0
441.42 0
442.06 0
442.7 0
443.339 0
443.979 0
444.619 0
445.259 0
445.898 0
446.538 0
447.178 0
447.818 0
448.457 0
449.097 0
449.737 0
450.377 0
451.016 0
451.656 0
452.296 0
452.936 0
453.575 0
454.215 0
454.855 0
455.495 0
456.134 0
456.774 0
457.414 0
458.054 0
458.693 0
459.333 0
459.973 0
460.613 0
461.252 0
461.892 0
462.532 0
463.172 0
463.811 0
464.451 0
465.091 0
465.731 0
466.37 0
467.01 0
467.65 0
468.29 0
468.929 0
469.569 0
470.209 0
470.849 0
471.488 0
472.128 0
472.768 0
473.408 0
474.047 0
474.687 0
475.327 0
475.967 0
476.606 0
477.246 0
477.886 0
478.526 0
479.165 0
479.805 0
480.445 0
481.084 0
481.724 0
482.364 0
483.004 0
483.643 0
484.283 0
484.923 0
485.563 0
486.202 0
486.842 0
487.482 0
488.122 0
488.761 0
489.401 0
490.041 0
490.681 0
491.32 0
491.96 0
492.6 0
493.24 0
493.879 0
494.519 0
495.159 0
495.799 0
496.438 0
497.078 0
497.718 0
498.358 0
498.997 0
499.637 0
500.277 0
500.917 0
501.556 0
502.196 0
502.836 0
503.476 0
504.115 0
504.755 0
505.395 0
506.035 0
506.674 0
507.314 0
507.954 0
508.594 0
509.233 0
509.873 0
510.513 0
511.153 0
511.792 0
512.432 0
513.072 0
513.712 0
514.351 0
514.991 0
515.631 0
516.271 0
516.91 0
517.55 0
518.19 0
518.829 0
519.469 0
520.109 0
520.749 0
521.388 0
522.028 0
522.668 0
523.308 0
523.947 0
524.587 0
525.227 0
525.867 0
526.506 0
527.146 0
527.786 0
528.426 0
529.065 0
529.705 0
530.345 0
530.985 0
531.624 0
532.264 0
532.904 0
533.544 0
534.183 0
534.823 0
535.463 0
536.103 0
536.742 0
537.382 0
538.022 0
538.662 0
539.301 0
539.941 0
540.581 0
541.221 0
541.86 0
542.5 0
543.14 0
543.78 0
544.419 0
545.059 0
545.699 0
546.339 0
546.978 0
547.618 0
548.258 0
548.898 0
549.537 0
550.177 0
550.817 0
551.457 0
552.096 0
552.736 0
553.376 0
554.016 0
554.655 0
555.295 0
555.935 0
556.574 0
557.214 0
557.854 0
558.494 0
559.133 0
559.773 0
560.413 0
561.053 0
561.692 0
562.332 0
562.972 0
563.612 0
564.251 0
564.891 0
565.531 0
566.171 0
566.81 0
567.45 0
568.09 0
568.73 0
569.369 0
570.009 0
570.649 0
571.289 0
571.928 0
572.568 0
573.208 0
573.848 0
574.487 0
575.127 0
575.767 0
576.407 0
577.046 0
577.686 0
578.326 0.663126
578.966 0.684989
579.605 0.704822
580.245 0.725819
580.885 0.751602
581.525 0.785848
582.164 0.831853
582.804 0.892119
583.444 0.968013
584.084 1.05959
584.723 1.1656
585.363 1.28364
586.003 1.41052
586.643 1.54265
587.282 1.67644
587.922 1.80872
588.562 0
589.202 0
589.841 0
590.481 0
591.121 0
591.761 0
592.4 0
593.04 0
593.68 0
594.319 0
594.959 0
595.599 0
596.239 0
596.878 0
597.518 0
598.158 0
598.798 0
599.437 0
600.077 0
600.717 0
601.357 0
601.996 0
602.636 0
603.276 0
603.916 0
604.555 0.669902
605.195 0.580024
605.835 0.481216
606.475 0.398512
607.114 0.35942
607.754 0.391086
608.394 0.517165
609.034 0.754909
609.673 1.11296
610.313 1.59024
610.953 2.17617
611.593 2.85205
612.232 3.59358
612.872 4.37374
613.512 5.16586
614.152 5.94623
614.791 0
615.431 0
616.071 0
616.711 0
617.35 0
617.99 0
618.63 0
619.27 0
619.909 0
620.549 0
621.189 0
621.829 0
622.468 0
623.108 0
623.748 0
624.388 0
625.027 0
625.667 0
626.307 0
626.947 0
627.586 0
628.226 0
628.866 0
629.506 0
630.145 0
630.785 0
631.425 0
632.064 0
632.704 0
633.344 0
633.984 0
634.623 0
635.263 0
635.903 0
636.543 0
637.182 0
637.822 0
638.462 0
639.102 0
639.741 0
640.381 0
641.021 0
641.661 0
642.3 0
642.94 0
643.58 0
644.22 0
644.859 0
645.499 0
646.139 0
646.779 0
647.418 0
648.058 0
648.698 0
649.338 0
649.977 0
650.617 0
651.257 0
651.897 0
652.536 0
653.176 0
653.816 0
654.456 0
655.095 0
655.735 0
656.375 0
657.015 0.519192
657.654 0.533709
658.294 0.544513
658.934 0.549852
659.574 0.548166
660.213 0.538321
660.853 0.519824
661.493 0.492973
662.133 0.458917
662.772 0.419587
663.412 0.377528
664.052 0.335615
664.692 0.296739
665.331 0.26347
665.971 0.237784
666.611 0.22087
667.251 0.21306
667.89 0.21387
668.53 0.222147
669.17 0.236276
669.809 0.254419
670.449 0
671.089 0
671.729 0
672.368 0
673.008 0
673.648 0
674.288 0
674.927 0
675.567 0
676.207 0
676.847 0
677.486 0
678.126 0
678.766 0
679.406 0
680.045 0
680.685 0
681.325 0
681.965 0
682.604 0
683.244 0
683.884 0
684.524 0
685.163 0
685.803 0
686.443 0
687.083 0
687.722 0
688.362 0
689.002 0
689.642 0
690.281 0
690.921 0
691.561 0
692.201 0
692.84 0
693.48 0
694.12 0
694.76 0
695.399 0
696.039 0
696.679 0
697.319 0
697.958 0
698.598 0
699.238 0
699.878 0
700.517 0
701.157 0
701.797 0
702.437 0
703.076 0
703.716 0
704.356 0
704.995 0
705.635 0
706.275 0
706.915 0
707.554 0
708.194 0
708.834 0
709.474 0
710.113 0
710.753 0
711.393 0
712.033 0
712.672 0
713.312 0
713.952 0
714.592 0
715.231 0
715.871 0
716.511 0
717.151 0
717.79 0
718.43 0
719.07 0
719.71 0
720.349 0
720.989 0
721.629 0
722.269 0
722.908 0
723.548 0
724.188 0
724.828 0
725.467 0
726.107 0
726.747 0
727.387 0
728.026 0
728.666 0
729.306 0
729.946 0
730.585 0
731.225 0
731.865 0
732.505 0
733.144 0
733.784 0
734.424 0
735.064 0
735.703 0
736.343 0
736.983 0
737.623 0
738.262 0
738.902 0
739.542 0
740.182 0
740.821 0
741.461 0
742.101 0
742.74 0
743.38 0
744.02 0
744.66 0
745.299 0
745.939 0
746.579 0
747.219 0
747.858 0
748.498 0
749.138 0
749.778 0
750.417 0
751.057 0
751.697 0
752.337 0
752.976 0
753.616 0
754.256 0
754.896 0
755.535 0
756.175 0
756.815 0
757.455 0
758.094 0
758.734 0
759.374 0
760.014 0
760.653 0
761.293 0
761.933 0
762.573 0
763.212 0
763.852 0
764.492 0
765.132 0
765.771 0
766.411 0
767.051 0
767.691 0
768.33 0
768.97 0
769.61 0
770.25 0
770.889 0
771.529 0
772.169 0
772.809 0
773.448 0
774.088 0
774.728 0
775.368 0
776.007 0
776.647 0
777.287 0
777.927 0
778.566 0
779.206 0
779.846 0
780.485 0
781.125 0
781.765 0
782.405 0
783.044 0
783.684 0
784.324 0
784.964 0
785.603 0
786.243 0
786.883 0
787.523 0
788.162 0
788.802 0
789.442 0
790.082 0
790.721 0
791.361 0
792.001 0
792.641 0
793.28 0
793.92 0
794.56 0
795.2 0
795.839 0
796.479 0
797.119 0
797.759 0
798.398 0
799.038 0
799.678 0
800.318 0
800.957 0
801.597 0
802.237 0
802.877 0
803.516 0
804.156 0
804.796 0
805.436 0
806.075 0
806.715 0
807.355 0
807.995 0
808.634 0
809.274 0
809.914 0
810.554 0
811.193 0
811.833 0
812.473 0
813.113 0
813.752 0
814.392 0
815.032 0
815.672 0
816.311 0
816.951 0
817.591 0
818.23 0
818.87 0
819.51 0
820.15 0
820.789 0
821.429 0
822.069 0
822.709 0
823.348 0
823.988 0
824.628 0
825.268 0
825.907 0
826.547 0
827.187 0
827.827 0
828.466 0
829.106 0
829.746 0
830.386 0
831.025 0
831.665 0
832.305 0
832.945 0
833.584 0
834.224 0
834.864 0
835.504 0
836.143 0
836.783 0
837.423 0
838.063 0
838.702 0
839.342 0
839.982 0
840.622 0
841.261 0
841.901 0
842.541 0
843.181 0
843.82 0
844.46 0
845.1 0
845.74 0
846.379 0
847.019 0
847.659 0
848.299 0
848.938 0
849.578 0
850.218 0
850.858 0
851.497 0
852.137 0
852.777 0
853.417 0
854.056 0
854.696 0
855.336 0
855.975 0
856.615 0
857.255 0
857.895 0
858.534 0
859.174 0
859.814 0
860.454 0
861.093 0
861.733 0
862.373 0
863.013 0
863.652 0
864.292 0
864.932 0
865.572 0
866.211 0
866.851 0
867.491 0
868.131 0
868.77 0
869.41 0
870.05 0
870.69 0
871.329 0
871.969 0
872.609 0
873.249 0
873.888 0
874.528 0
875.168 0
875.808 0
876.447 0
877.087 0
877.727 0
878.367 0
879.006 0
879.646 0
880.286 0
880.926 0
881.565 0
882.205 0
882.845 0
883.485 0
884.124 0
884.764 0
885.404 0
886.044 0
886.683 0
887.323 0
887.963 0
888.603 0
889.242 0
889.882 0
890.522 0
891.162 0
891.801 0
892.441 0
893.081 0
893.72 0
894.36 0
895 0
895.64 0
896.279 0
896.919 0
897.559 0
898.199 0
898.838 0
899.478 0
900.118 0
900.758 0
901.397 0
902.037 0
902.677 0
903.317 0
903.956 0
904.596 0
905.236 0
905.876 0
906.515 0
907.155 0
907.795 0
908.435 0
909.074 0
909.714 0
910.354 0
910.994 0
911.633 0
912.273 0
912.913 0
913.553 0
914.192 0
914.832 0
915.472 0
916.112 0
916.751 0
917.391 0
918.031 0
918.671 0
919.31 0
919.95 0
920.59 0
921.23 0
921.869 0
922.509 0
923.149 0
923.789 0
924.428 0
925.068 0
925.708 0
926.348 0
926.987 0
927.627 0
928.267 0
928.907 0
929.546 0
930.186 0
930.826 0
931.465 0
932.105 0
932.745 0
933.385 0
934.024 0
934.664 0
935.304 0
935.944 0
936.583 0
937.223 0
937.863 0
938.503 0
939.142 0
939.782 0
940.422 0
941.062 0
941.701 0
942.341 0
942.981 0
943.621 0
944.26 0
944.9 0
945.54 0
946.18 0
946.819 0
947.459 0
948.099 0
948.739 0
949.378 0
950.018 0
950.658 0
951.298 0
951.937 0
952.577 0
953.217 0
953.857 0
954.496 0
955.136 0
955.776 0
956.416 0
957.055 0
957.695 0
958.335 0
958.975 0
959.614 0
960.254 0
960.894 0
961.534 0
962.173 0
962.813 0
963.453 0
964.093 0
964.732 0
965.372 0
966.012 0
966.652 0
967.291 0
967.931 0
968.571 0
969.21 0
969.85 0
970.49 0
971.13 0
971.769 0
972.409 0
973.049 0
973.689 0
974.328 0
974.968 0
975.608 0
976.248 0
976.887 0
977.527 0
978.167 0
978.807 0
979.446 0
980.086 0
980.726 0
981.366 0
982.005 0
982.645 0
983.285 0
983.925 0
984.564 0
985.204 0
985.844 0
986.484 0
987.123 0
987.763 0
988.403 0
989.043 0
989.682 0
990.322 0
990.962 0
991.602 0
992.241 0
992.881 0
993.521 0
994.161 0
994.8 0
995.44 0
996.08 0
996.72 0
997.359 0
997.999 0
998.639 0
999.279 0
999.918 0
1000.56 0
1001.2 0
1001.84 0
1002.48 0
1003.12 0
1003.76 0
1004.4 0
1005.04 0
1005.68 0
1006.32 0
1006.96 0
1007.6 0
1008.23 0
1008.87 0
1009.51 0
1010.15 0
1010.79 0
1011.43 0
1012.07 0
1012.71 0
1013.35 0
1013.99 0
1014.63 0
1015.27 0
1015.91 0
1016.55 0
1017.19 0
1017.83 0
1018.47 0
1019.11 0
1019.75 0
1020.39 0
1021.03 0
1021.67 0
1022.31 0
1022.95 0
1023.59 0
1024.23 0
1024.87 0
1025.51 0
1026.15 0
1026.79 0
1027.43 0
1028.07 0
1028.71 0
1029.35 0
1029.99 0
1030.63 0
1031.27 0
1031.91 0
1032.55 0
1033.19 0
1033.82 0
1034.46 0
1035.1 0
1035.74 0
1036.38 0
1037.02 0
1037.66 0
1038.3 0
1038.94 0
1039.58 0
1040.22 0
1040.86 0
1041.5 0
1042.14 0
1042.78 0
1043.42 0
1044.06 0
1044.7 0
1045.34 0
1045.98 0
1046.62 0
1047.26 0
1047.9 0
1048.54 0
1049.18 0
1049.82 0
1050.46 0
1051.1 0
1051.74 0
1052.38 0
1053.02 0
1053.66 0
1054.3 0
1054.94 0
1055.58 0
1056.22 0
1056.86 0
1057.5 0
1058.14 0
1058.77 0
1059.41 0
1060.05 0
1060.69 0
1061.33 0
1061.97 0
1062.61 0
1063.25 0
1063.89 0
1064.53 0
1065.17 0
1065.81 0
1066.45 0
1067.09 0
1067.73 0
1068.37 0
1069.01 0
1069.65 0
1070.29 0
1070.93 0
1071.57 0
1072.21 0
1072.85 0
1073.49 0
1074.13 0
1074.77 0
1075.41 0
1076.05 0
1076.69 0
1077.33 0
1077.97 0
1078.61 0
1079.25 0
1079.89 0
1080.53 0
1081.17 0
1081.81 0
1082.45 0
1083.09 0
1083.72 0
1084.36 0
1085 0
1085.64 0
1086.28 0
1086.92 0
1087.56 0
1088.2 0
1088.84 0
1089.48 0
1090.12 0
1090.76 0
1091.4 0
1092.04 0
1092.68 0
1093.32 0
1093.96 0
1094.6 0
1095.24 0
1095.88 0
1096.52 0
1097.16 0
1097.8 0
1098.44 0
1099.08 0
1099.72 0
1100.36 0
1101 0
1101.64 0
1102.28 0
1102.92 0
1103.56 0
1104.2 0
1104.84 0
1105.48 0
1106.12 0
1106.76 0
1107.4 0
1108.04 0
1108.68 0
1109.31 0
1109.95 0
1110.59 0
1111.23 0
1111.87 0
1112.51 0
1113.15 0
1113.79 0
1114.43 0
1115.07 0
1115.71 0
1116.35 0
1116.99 0
1117.63 0
1118.27 0
1118.91 0
1119.55 0
1120.19 0
1120.83 0
1121.47 0
1122.11 0
1122.75 0
1123.39 0
1124.03 0
1124.67 0
1125.31 0
1125.95 0
1126.59 0
1127.23 0
1127.87 0
1128.51 0
1129.15 0
1129.79 0
1130.43 0
1131.07 0
1131.71 0
1132.35 0
1132.99 0
1133.63 0
1134.26 0
1134.9 0
1135.54 0
1136.18 0
1136.82 0
1137.46 0
1138.1 0
1138.74 0
1139.38 0
1140.02 0
1140.66 0
1141.3 0
1141.94 0
1142.58 0
1143.22 0
1143.86 0
1144.5 0
1145.14 0
1145.78 0
1146.42 0
1147.06 0
1147.7 0
1148.34 0
1148.98 0
1149.62 0
1150.26 0
1150.9 0
1151.54 0
1152.18 0
1152.82 0
1153.46 0
1154.1 0
1154.74 0
1155.38 0
1156.02 0
1156.66 0
1157.3 0
1157.94 0
1158.58 0
1159.21 0
1159.85 0
1160.49 0
1161.13 0
1161.77 0
1162.41 0
1163.05 0
1163.69 0
1164.33 0
1164.97 0
1165.61 0
1166.25 0
1166.89 0
1167.53 0
1168.17 0
1168.81 0.108283
1169.45 0.118516
1170.09 0.127896
1170.73 0.13608
1171.37 0.142753
1172.01 0.147648
1172.65 0.150565
1173.29 0.151386
1173.93 0.150078
1174.57 0.146701
1175.21 0.141399
1175.85 0.134392
1176.49 0.125961
1177.13 0.116428
1177.77 0.106137
1178.41 0
1179.05 0
1179.69 0
1180.33 0
1180.97 0
1181.61 0
1182.25 0
1182.89 0
1183.53 0
1184.17 0
1184.8 0
1185.44 0
1186.08 0
1186.72 0
1187.36 0
1188 0
1188.64 0
1189.28 0
1189.92 0
1190.56 0
1191.2 0
1191.84 0
1192.48 0
1193.12 0
1193.76 0
1194.4 0
1195.04 0
1195.68 0
1196.32 0
1196.96 0
1197.6 0
1198.24 0
1198.88 0
1199.52 0
1200.16 0
1200.8 0
1201.44 0
1202.08 0
1202.72 0
1203.36 0
1204 0
1204.64 0
1205.28 0
1205.92 0
1206.56 0
1207.2 0
1207.84 0
1208.48 0
1209.12 0
1209.75 0
1210.39 0
1211.03 0
1211.67 0
1212.31 0
1212.95 0
1213.59 0
1214.23 0
1214.87 0
1215.51 0
1216.15 0
1216.79 0
1217.43 0
1218.07 0
1218.71 0
1219.35 0
1219.99 0
1220.63 0
1221.27 0
1221.91 0
1222.55 0
1223.19 0
1223.83 0
1224.47 0
1225.11 0
1225.75 0
1226.39 0
1227.03 0
1227.67 0
1228.31 0
1228.95 0
1229.59 0
1230.23 0
1230.87 0
1231.51 0
1232.15 0
1232.79 0
1233.43 0
1234.07 0
1234.7 0
1235.34 0
1235.98 0
1236.62 0
1237.26 0
1237.9 0
1238.54 0
1239.18 0
1239.82 0
1240.46 0
1241.1 0
1241.74 0
1242.38 0
1243.02 0
1243.66 0
1244.3 0
1244.94 0
1245.58 0
1246.22 0
1246.86 0
1247.5 0
1248.14 0
1248.78 0
1249.42 0
1250.06 0
1250.7 0
1251.34 0
1251.98 0
1252.62 0
1253.26 0
1253.9 0
1254.54 0
1255.18 0
1255.82 0
1256.46 0
1257.1 0
1257.74 0
1258.38 0
1259.02 0
1259.66 0
1260.29 0
1260.93 0
1261.57 0
1262.21 0
1262.85 0
1263.49 0
1264.13 0
1264.77 0
1265.41 0
1266.05 0
1266.69 0
1267.33 0
1267.97 0
1268.61 0
1269.25 0
1269.89 0
1270.53 0
1271.17 0
1271.81 0
1272.45 0
1273.09 0
1273.73 0
1274.37 0
1275.01 0
1275.65 0
1276.29 0
1276.93 0
1277.57 0
1278.21 0
1278.85 0
1279.49 0
1280.13 0
1280.77 0
1281.41 0
1282.05 0
1282.69 0
1283.33 0
1283.97 0
1284.61 0
1285.24 0
1285.88 0
1286.52 0
1287.16 0
1287.8 0
1288.44 0
1289.08 0
1289.72 0
1290.36 0
1291 0
1291.64 0
1292.28 0
1292.92 0
1293.56 0
1294.2 0
1294.84 0
1295.48 0
1296.12 0
1296.76 0
1297.4 0
1298.04 0
1298.68 0
1299.32 0
1299.96 0
1300.6 0
1301.24 0
1301.88 0
1302.52 0
1303.16 0
1303.8 0
1304.44 0
1305.08 0
1305.72 0
1306.36 0
1307 0
1307.64 0
1308.28 0
1308.92 0
1309.56 0
1310.19 0
1310.83 0
1311.47 0
1312.11 0
1312.75 0
1313.39 0
1314.03 0
1314.67 0
1315.31 0
1315.95 0
1316.59 0
1317.23 0
1317.87 0
1318.51 0
1319.15 0
1319.79 0
1320.43 0
1321.07 0
1321.71 0
1322.35 0
1322.99 0
1323.63 0
1324.27 0
1324.91 0
1325.55 0
1326.19 0
1326.83 0
1327.47 0
1328.11 0.160538
1328.75 0.173095
1329.39 0.184466
1330.03 0.194279
1330.67 0.202194
1331.31 0.207931
1331.95 0.211284
1332.59 0.212132
1333.23 0.210446
1333.87 0.206293
1334.51 0.199829
1335.15 0.191292
1335.78 0.180985
1336.42 0.169259
1337.06 0.156495
1337.7 0
1338.34 0
1338.98 0
1339.62 0
1340.26 0
1340.9 0
1341.54 0
1342.18 0
1342.82 0
1343.46 0
1344.1 0
1344.74 0
1345.38 0
1346.02 0
1346.66 0
1347.3 0
1347.94 0
1348.58 0
1349.22 0
1349.86 0
1350.5 0
1351.14 0
1351.78 0
1352.42 0
1353.06 0
1353.7 0
1354.34 0
1354.98 0
1355.62 0
1356.26 0
1356.9 0
1357.54 0
1358.18 0
1358.82 0
1359.46 0
1360.1 0
1360.73 0
1361.37 0
1362.01 0
1362.65 0
1363.29 0
1363.93 0
1364.57 0
1365.21 0
1365.85 0
1366.49 0
1367.13 0
1367.77 0
1368.41 0
1369.05 0
1369.69 0
1370.33 0
1370.97 0
1371.61 0
1372.25 0
1372.89 0
1373.53 0
1374.17 0
1374.81 0
1375.45 0
1376.09 0
1376.73 0
1377.37 0
1378.01 0
1378.65 0
1379.29 0
1379.93 0
1380.57 0
1381.21 0
1381.85 0
1382.49 0
1383.13 0
1383.77 0
1384.41 0
1385.05 0
1385.68 0
1386.32 0
1386.96 0
1387.6 0
1388.24 0
1388.88 0
1389.52 0
1390.16 0
1390.8 0
1391.44 0
1392.08 0
1392.72 0
1393.36 0
1394 0
1394.64 0
1395.28 0
1395.92 0
1396.56 0
1397.2 0
1397.84 0
1398.48 0
1399.12 0
1399.76 0
1400.4 0
1401.04 0
1401.68 0
1402.32 0
1402.96 0
1403.6 0
1404.24 0
1404.88 0
1405.52 0
1406.16 0
1406.8 0
1407.44 0
1408.08 0
1408.72 0
1409.36 0
1410 0
1410.64 0
1411.27 0
1411.91 0
1412.55 0
1413.19 0
1413.83 0
1414.47 0
1415.11 0
1415.75 0
1416.39 0
1417.03 0
1417.67 0
1418.31 0
1418.95 0
1419.59 0
1420.23 0
1420.87 0
1421.51 0
1422.15 0
1422.79 0
1423.43 0
1424.07 0
1424.71 0
1425.35 0
1425.99 0
1426.63 0
1427.27 0
1427.91 0
1428.55 0
1429.19 0
1429.83 0
1430.47 0
1431.11 0
1431.75 0
1432.39 0
1433.03 0
1433.67 0
1434.31 0
1434.95 0
1435.59 0
1436.22 0
1436.86 0
1437.5 0
1438.14 0
1438.78 0
1439.42 0
1440.06 0
1440.7 0
1441.34 0
1441.98 0
1442.62 0
1443.26 0
1443.9 0
1444.54 0
1445.18 0
1445.82 0
1446.46 0
1447.1 0
1447.74 0
1448.38 0
1449.02 0
1449.66 0
1450.3 0
1450.94 0
1451.58 0
1452.22 0
1452.86 0
1453.5 0
1454.14 0
1454.78 0
1455.42 0
1456.06 0.278116
1456.7 0.217797
1457.34 0.16227
1457.98 0.11318
1458.62 0.072044
1459.26 0.040179
1459.9 0.018627
1460.54 0.00810081
1461.17 0.0089444
1461.81 0.0211141
1462.45 0.0441822
1463.09 0.0773614
1463.73 0.11955
1464.37 0.169392
1465.01 0.225348
1465.65 0.285778
1466.29 0
1466.93 0
1467.57 0
1468.21 0
1468.85 0
1469.49 0
1470.13 0
1470.77 0
1471.41 0
1472.05 0
1472.69 0
1473.33 0
1473.97 0
1474.61 0
1475.25 0
1475.89 0
1476.53 0
1477.17 0
1477.81 0
1478.45 0
1479.09 0
1479.73 0
1480.37 0
1481.01 0
1481.65 0
1482.29 0
1482.93 0
1483.57 0
1484.21 0
1484.85 0
1485.49 0
1486.13 0
1486.76 0
1487.4 0
1488.04 0
1488.68 0
1489.32 0
1489.96 0
1490.6 0
1491.24 0
1491.88 0
1492.52 0
1493.16 0
1493.8 0
1494.44 0
1495.08 0
1495.72 0
1496.36 0
1497 0
1497.64 0
1498.28 0
1498.92 0
1499.56 0
1500.2 0
1500.84 0
1501.48 0
1502.12 0
1502.76 0
1503.4 0
1504.04 0
1504.68 0
1505.32 0
1505.96 0
1506.6 0
1507.24 0
1507.88 0
1508.52 0
1509.16 0
1509.8 0
1510.44 0
1511.08 0
1511.71 0
1512.35 0
1512.99 0
1513.63 0
1514.27 0
1514.91 0
1515.55 0
1516.19 0
1516.83 0
1517.47 0
1518.11 0
1518.75 0
1519.39 0
1520.03 0
1520.67 0
1521.31 0
1521.95 0
1522.59 0
1523.23 0
1523.87 0
1524.51 0
1525.15 0
1525.79 0
1526.43 0
1527.07 0
1527.71 0
1528.35 0
1528.99 0
1529.63 0
1530.27 0
1530.91 0
1531.55 0
1532.19 0
1532.83 0
1533.47 0
1534.11 0
1534.75 0
1535.39 0
1536.03 0
1536.66 0
1537.3 0
1537.94 0
1538.58 0
1539.22 0
1539.86 0
1540.5 0
1541.14 0
1541.78 0
1542.42 0
1543.06 0
1543.7 0
1544.34 0
1544.98 0
1545.62 0
1546.26 0
1546.9 0
1547.54 0
1548.18 0
1548.82 0
1549.46 0
1550.1 0
1550.74 0
1551.38 0
1552.02 0
1552.66 0
1553.3 0
1553.94 0
1554.58 0
1555.22 0
1555.86 0
1556.5 0
1557.14 0
1557.78 0
1558.42 0
1559.06 0
1559.7 0
1560.34 0
1560.98 0
1561.62 0
1562.25 0
1562.89 0
1563.53 0
1564.17 0
1564.81 0
1565.45 0
1566.09 0
1566.73 0
1567.37 0
1568.01 0
1568.65 0
1569.29 0
1569.93 0
1570.57 0
1571.21 0
1571.85 0
1572.49 0
1573.13 0
1573.77 0
1574.41 0
1575.05 0
1575.69 0
1576.33 0
1576.97 0
1577.61 0
1578.25 0
1578.89 0
1579.53 0
1580.17 0
1580.81 0
1581.45 0
1582.09 0
1582.73 0
1583.37 0
1584.01 0
1584.65 0
1585.29 0
1585.93 0
1586.57 0
1587.2 0
1587.84 0
1588.48 0
1589.12 0
1589.76 0
1590.4 0
1591.04 0
1591.68 0
1592.32 0
1592.96 0
1593.6 0
1594.24 0
1594.88 0
1595.52 0
1596.16 0
1596.8 0
1597.44 0
1598.08 0
1598.72 0
1599.36 0
1600 0
1600.64 0
1601.28 0
1601.92 0
1602.56 0
1603.2 0
1603.84 0
1604.48 0
1605.12 0
1605.76 0
1606.4 0
1607.04 0
1607.68 0
1608.32 0
1608.96 0
1609.6 0
1610.24 0
1610.88 0
1611.52 0
1612.15 0
1612.79 0
1613.43 0
1614.07 0
1614.71 0
1615.35 0
1615.99 0
1616.63 0
1617.27 0
1617.91 0
1618.55 0
1619.19 0
1619.83 0
1620.47 0
1621.11 0
1621.75 0
1622.39 0
1623.03 0
1623.67 0
1624.31 0
1624.95 0
1625.59 0
1626.23 0
1626.87 0
1627.51 0
1628.15 0
1628.79 0
1629.43 0
1630.07 0
1630.71 0
1631.35 0
1631.99 0
1632.63 0
1633.27 0
1633.91 0
1634.55 0
1635.19 0
1635.83 0
1636.47 0
1637.11 0
1637.74 0
1638.38 0
1639.02 0
1639.66 0
1640.3 0
1640.94 0
1641.58 0
1642.22 0
1642.86 0
1643.5 0
1644.14 0
1644.78 0
1645.42 0
1646.06 0
1646.7 0
1647.34 0
1647.98 0
1648.62 0
1649.26 0
1649.9 0
1650.54 0
1651.18 0
1651.82 0
1652.46 0
1653.1 0
1653.74 0
1654.38 0
1655.02 0
1655.66 0
1656.3 0
1656.94 0
1657.58 0
1658.22 0
1658.86 0
1659.5 0
1660.14 0
1660.78 0
1661.42 0
1662.06 0
1662.69 0
1663.33 0
1663.97 0
1664.61 0
1665.25 0
1665.89 0
1666.53 0
1667.17 0
1667.81 0
1668.45 0
1669.09 0
1669.73 0
1670.37 0
1671.01 0
1671.65 0
1672.29 0
1672.93 0
1673.57 0
1674.21 0
1674.85 0
1675.49 0
1676.13 0
1676.77 0
1677.41 0
1678.05 0
1678.69 0
1679.33 0
1679.97 0
1680.61 0
1681.25 0
1681.89 0
1682.53 0
1683.17 0
1683.81 0
1684.45 0
1685.09 0
1685.73 0
1686.37 0
1687.01 0
1687.64 0
1688.28 0
1688.92 0
1689.56 0
1690.2 0
1690.84 0
1691.48 0
1692.12 0
1692.76 0
1693.4 0
1694.04 0
1694.68 0
1695.32 0
1695.96 0
1696.6 0
1697.24 0
1697.88 0
1698.52 0
1699.16 0
1699.8 0
1700.44 0
1701.08 0
1701.72 0
1702.36 0
1703 0
1703.64 0
1704.28 0
1704.92 0
1705.56 0
1706.2 0
1706.84 0
1707.48 0
1708.12 0
1708.76 0
1709.4 0
1710.04 0
1710.68 0
1711.32 0
1711.96 0
1712.6 0
1713.23 0
1713.87 0
1714.51 0
1715.15 0
1715.79 0
1716.43 0
1717.07 0
1717.71 0
1718.35 0
1718.99 0
1719.63 0
1720.27 0
1720.91 0
1721.55 0
1722.19 0
1722.83 0
1723.47 0
1724.11 0
1724.75 0
1725.39 0
1726.03 0
1726.67 0
1727.31 0
1727.95 0
1728.59 0
1729.23 0
1729.87 0
1730.51 0
1731.15 0
1731.79 0
1732.43 0
1733.07 0
1733.71 0
1734.35 0
1734.99 0
1735.63 0
1736.27 0
1736.91 0
1737.55 0
1738.18 0
1738.82 0
1739.46 0
1740.1 0
1740.74 0
1741.38 0
1742.02 0
1742.66 0
1743.3 0
1743.94 0
1744.58 0
1745.22 0
1745.86 0
1746.5 0
1747.14 0
1747.78 0
1748.42 0
1749.06 0
1749.7 0
1750.34 0
1750.98 0
1751.62 0
1752.26 0
1752.9 0
1753.54 0
1754.18 0
1754.82 0
1755.46 0
1756.1 0
1756.74 0
1757.38 0
1758.02 0
1758.66 0
1759.3 0
1759.94 0
1760.58 0
1761.22 0
1761.86 0
1762.5 0
1763.13 0
1763.77 0
1764.41 0
1765.05 0
1765.69 0
1766.33 0
1766.97 0
1767.61 0
1768.25 0
1768.89 0
1769.53 0
1770.17 0
1770.81 0
1771.45 0
1772.09 0
1772.73 0
1773.37 0
1774.01 0
1774.65 0
1775.29 0
1775.93 0
1776.57 0
1777.21 0
1777.85 0
1778.49 0
1779.13 0
1779.77 0
1780.41 0
1781.05 0
1781.69 0
1782.33 0
1782.97 0
1783.61 0
1784.25 0
1784.89 0
1785.53 0
1786.17 0
1786.81 0
1787.45 0
1788.09 0
1788.72 0
1789.36 0
1790 0
1790.64 0
1791.28 0
1791.92 0
1792.56 0
1793.2 0
1793.84 0
1794.48 0
1795.12 0
1795.76 0
1796.4 0
1797.04 0
1797.68 0
1798.32 0
1798.96 0
1799.6 0
1800.24 0
1800.88 0
1801.52 0
1802.16 0
1802.8 0
1803.44 0
1804.08 0
1804.72 0
1805.36 0
1806 0
1806.64 0
1807.28 0
1807.92 0
1808.56 0
1809.2 0
1809.84 0
1810.48 0
1811.12 0
1811.76 0
1812.4 0
1813.04 0
1813.67 0
1814.31 0
1814.95 0
1815.59 0
1816.23 0
1816.87 0
1817.51 0
1818.15 0
1818.79 0
1819.43 0
1820.07 0
1820.71 0
1821.35 0
1821.99 0
1822.63 0
1823.27 0
1823.91 0
1824.55 0
1825.19 0
1825.83 0
1826.47 0
1827.11 0
1827.75 0
1828.39 0
1829.03 0
1829.67 0
1830.31 0
1830.95 0
1831.59 0
1832.23 0
1832.87 0
1833.51 0
1834.15 0
1834.79 0
1835.43 0
1836.07 0
1836.71 0
1837.35 0
1837.99 0
1838.62 0
1839.26 0
1839.9 0
1840.54 0
1841.18 0
1841.82 0
1842.46 0
1843.1 0
1843.74 0
1844.38 0
1845.02 0
1845.66 0
1846.3 0
1846.94 0
1847.58 0
1848.22 0
1848.86 0
1849.5 0
1850.14 0
1850.78 0
1851.42 0
1852.06 0
1852.7 0
1853.34 0
1853.98 0
1854.62 0
1855.26 0
1855.9 0
1856.54 0
1857.18 0
1857.82 0
1858.46 0
1859.1 0
1859.74 0
1860.38 0
1861.02 0
1861.66 0
1862.3 0
1862.94 0
1863.58 0
1864.21 0
1864.85 0
1865.49 0
1866.13 0
1866.77 0
1867.41 0
1868.05 0
1868.69 0
1869.33 0
1869.97 0
1870.61 0
1871.25 0
1871.89 0
1872.53 0
1873.17 0
1873.81 0
1874.45 0
1875.09 0
1875.73 0
1876.37 0
1877.01 0
1877.65 0
1878.29 0
1878.93 0
1879.57 0
1880.21 0
1880.85 0
1881.49 0
1882.13 0
1882.77 0
1883.41 0
1884.05 0
1884.69 0
1885.33 0
1885.97 0
1886.61 0
1887.25 0
1887.89 0
1888.53 0
1889.16 0
1889.8 0
1890.44 0
1891.08 0
1891.72 0
1892.36 0
1893 0
1893.64 0
1894.28 0
1894.92 0
1895.56 0
1896.2 0
1896.84 0
1897.48 0
1898.12 0
1898.76 0
1899.4 0
1900.04 0
1900.68 0
1901.32 0
1901.96 0
1902.6 0
1903.24 0
1903.88 0
1904.52 0
1905.16 0
1905.8 0
1906.44 0
1907.08 0
1907.72 0
1908.36 0
1909 0
1909.64 0
1910.28 0
1910.92 0
1911.56 0
1912.2 0
1912.84 0
1913.48 0
1914.11 0
1914.75 0
1915.39 0
1916.03 0
1916.67 0
1917.31 0
1917.95 0
1918.59 0
1919.23 0
1919.87 0
1920.51 0
1921.15 0
1921.79 0
1922.43 0
1923.07 0
1923.71 0
1924.35 0
1924.99 0
1925.63 0
1926.27 0
1926.91 0
1927.55 0
1928.19 0
1928.83 0
1929.47 0
1930.11 0
1930.75 0
1931.39 0
1932.03 0
1932.67 0
1933.31 0
1933.95 0
1934.59 0
1935.23 0
1935.87 0
1936.51 0
1937.15 0
1937.79 0
1938.43 0
1939.07 0
1939.7 0
1940.34 0
1940.98 0
1941.62 0
1942.26 0
1942.9 0
1943.54 0
1944.18 0
1944.82 0
1945.46 0
1946.1 0
1946.74 0
1947.38 0
1948.02 0
1948.66 0
1949.3 0
1949.94 0
1950.58 0
1951.22 0
1951.86 0
1952.5 0
1953.14 0
1953.78 0
1954.42 0
1955.06 0
1955.7 0
1956.34 0
1956.98 0
1957.62 0
1958.26 0
1958.9 0
1959.54 0
1960.18 0
1960.82 0
1961.46 0
1962.1 0
1962.74 0
1963.38 0
1964.02 0
1964.65 0
1965.29 0
1965.93 0
1966.57 0
1967.21 0
1967.85 0
1968.49 0
1969.13 0
1969.77 0
1970.41 0
1971.05 0
1971.69 0
1972.33 0
1972.97 0
1973.61 0
1974.25 0
1974.89 0
1975.53 0
1976.17 0
1976.81 0
1977.45 0
1978.09 0
1978.73 0
1979.37 0
1980.01 0
1980.65 0
1981.29 0
1981.93 0
1982.57 0
1983.21 0
1983.85 0
1984.49 0
1985.13 0
1985.77 0
1986.41 0
1987.05 0
1987.69 0
1988.33 0
1988.97 0
1989.6 0
1990.24 0
1990.88 0
1991.52 0
1992.16 0
1992.8 0
1993.44 0
1994.08 0
1994.72 0
1995.36 0
1996 0
1996.64 0
1997.28 0
1997.92 0
1998.56 0
1999.2 0
1999.84 0
2000.48 0
2001.12 0
2001.76 0
2002.4 0
2003.04 0
2003.68 0
2004.32 0
2004.96 0
2005.6 0
2006.24 0
2006.88 0
2007.52 0
2008.16 0
2008.8 0
2009.44 0
2010.08 0
2010.72 0
2011.36 0
2012 0
2012.64 0
2013.28 0
2013.92 0
2014.56 0
2015.19 0
2015.83 0
2016.47 0
2017.11 0
2017.75 0
2018.39 0
2019.03 0
2019.67 0
2020.31 0
2020.95 0
2021.59 0
2022.23 0
2022.87 0
2023.51 0
2024.15 0
2024.79 0
2025.43 0
2026.07 0
2026.71 0
2027.35 0
2027.99 0
2028.63 0
2029.27 0
2029.91 0
2030.55 0
2031.19 0
2031.83 0
2032.47 0
2033.11 0
2033.75 0
2034.39 0
2035.03 0
2035.67 0
2036.31 0
2036.95 0
2037.59 0
2038.23 0
2038.87 0
2039.51 0
2040.14 0
2040.78 0
2041.42 0
2042.06 0
2042.7 0
2043.34 0
2043.98 0
2044.62 0
2045.26 0
2045.9 0
2046.54 0
2047.18 0
2047.82 0
2048.46 0
2049.1 0
2049.74 0
2050.38 0
2051.02 0
2051.66 0
2052.3 0
2052.94 0
2053.58 0
2054.22 0
2054.86 0
2055.5 0
2056.14 0
2056.78 0
2057.42 0
2058.06 0
2058.7 0
2059.34 0
2059.98 0
2060.62 0
2061.26 0
2061.9 0
2062.54 0
2063.18 0
2063.82 0
2064.46 0
2065.09 0
2065.73 0
2066.37 0
2067.01 0
2067.65 0
2068.29 0
2068.93 0
2069.57 0
2070.21 0
2070.85 0
2071.49 0
2072.13 0
2072.77 0
2073.41 0
2074.05 0
2074.69 0
2075.33 0
2075.97 0
2076.61 0
2077.25 0
2077.89 0
2078.53 0
2079.17 0
2079.81 0
2080.45 0
2081.09 0
2081.73 0
2082.37 0
2083.01 0
2083.65 0
2084.29 0
2084.93 0
2085.57 0
2086.21 0
2086.85 0
2087.49 0
2088.13 0
2088.77 0
2089.41 0
2090.05 0
2090.68 0
2091.32 0
2091.96 0
2092.6 0
2093.24 0
2093.88 0
2094.52 0
2095.16 0
2095.8 0
2096.44 0
2097.08 0
2097.72 0
2098.36 0
2099 0
2099.64 0
2100.28 0
2100.92 0
2101.56 0
2102.2 0
2102.84 0
2103.48 0
2104.12 0
2104.76 0
2105.4 0
2106.04 0
2106.68 0
2107.32 0
2107.96 0
2108.6 0
2109.24 0
2109.88 0
2110.52 0
2111.16 0
2111.8 0
2112.44 0
2113.08 0
2113.72 0
2114.36 0
2115 0
2115.63 0
2116.27 0
2116.91 0
2117.55 0
2118.19 0
2118.83 0
2119.47 0
2120.11 0
2120.75 0
2121.39 0
2122.03 0
2122.67 0
2123.31 0
2123.95 0
2124.59 0
2125.23 0
2125.87 0
2126.51 0
2127.15 0
2127.79 0
2128.43 0
2129.07 0
2129.71 0
2130.35 0
2130.99 0
2131.63 0
2132.27 0
2132.91 0
2133.55 0
2134.19 0
2134.83 0
2135.47 0
2136.11 0
2136.75 0
2137.39 0
2138.03 0
2138.67 0
2139.31 0
2139.95 0
2140.58 0
2141.22 0
2141.86 0
2142.5 0
2143.14 0
2143.78 0
2144.42 0
2145.06 0
2145.7 0
2146.34 0
2146.98 0
2147.62 0
2148.26 0
2148.9 0
2149.54 0
2150.18 0
2150.82 0
2151.46 0
2152.1 0
2152.74 0
2153.38 0
2154.02 0
2154.66 0
2155.3 0
2155.94 0
2156.58 0
2157.22 0
2157.86 0
2158.5 0
2159.14 0
2159.78 0
2160.42 0
2161.06 0
2161.7 0
2162.34 0
2162.98 0
2163.62 0
2164.26 0
2164.9 0
2165.54 0
2166.17 0
2166.81 0
2167.45 0
2168.09 0
2168.73 0
2169.37 0
2170.01 0
2170.65 0
2171.29 0
2171.93 0
2172.57 0
2173.21 0
2173.85 0
2174.49 0
2175.13 0
2175.77 0
2176.41 0
2177.05 0
2177.69 0
2178.33 0
2178.97 0
2179.61 0
2180.25 0
2180.89 0
2181.53 0
2182.17 0
2182.81 0
2183.45 0
2184.09 0
2184.73 0
2185.37 0
2186.01 0
2186.65 0
2187.29 0
2187.93 0
2188.57 0
2189.21 0
2189.85 0
2190.49 0
2191.12 0
2191.76 0
2192.4 0
2193.04 0
2193.68 0
2194.32 0
2194.96 0
2195.6 0
2196.24 0
2196.88 0
2197.52 0
2198.16 0
2198.8 0
2199.44 0
2200.08 0
2200.72 0
2201.36 0
2202 0
2202.64 0
2203.28 0
2203.92 0
2204.56 0
2205.2 0
2205.84 0
2206.48 0
2207.12 0
2207.76 0
2208.4 0
2209.04 0
2209.68 0
2210.32 0
2210.96 0
2211.6 0
2212.24 0
2212.88 0
2213.52 0
2214.16 0
2214.8 0
2215.44 0
2216.07 0
2216.71 0
2217.35 0
2217.99 0
2218.63 0
2219.27 0
2219.91 0
2220.55 0
2221.19 0
2221.83 0
2222.47 0
2223.11 0
2223.75 0
2224.39 0
2225.03 0
2225.67 0
2226.31 0
2226.95 0
2227.59 0
2228.23 0
2228.87 0
2229.51 0
2230.15 0
2230.79 0
2231.43 0
2232.07 0
2232.71 0
2233.35 0
2233.99 0
2234.63 0
2235.27 0
2235.91 0
2236.55 0
2237.19 0
2237.83 0
2238.47 0
2239.11 0
2239.75 0
2240.39 0
2241.03 0
2241.66 0
2242.3 0
2242.94 0
2243.58 0
2244.22 0
2244.86 0
2245.5 0
2246.14 0
2246.78 0
2247.42 0
2248.06 0
2248.7 0
2249.34 0
2249.98 0
2250.62 0
2251.26 0
2251.9 0
2252.54 0
2253.18 0
2253.82 0
2254.46 0
2255.1 0
2255.74 0
2256.38 0
2257.02 0
2257.66 0
2258.3 0
2258.94 0
2259.58 0
2260.22 0
2260.86 0
2261.5 0
2262.14 0
2262.78 0
2263.42 0
2264.06 0
2264.7 0
2265.34 0
2265.98 0
2266.61 0
2267.25 0
2267.89 0
2268.53 0
2269.17 0
2269.81 0
2270.45 0
2271.09 0
2271.73 0
2272.37 0
2273.01 0
2273.65 0
2274.29 0
2274.93 0
2275.57 0
2276.21 0
2276.85 0
2277.49 0
2278.13 0
2278.77 0
2279.41 0
2280.05 0
2280.69 0
2281.33 0
2281.97 0
2282.61 0
2283.25 0
2283.89 0
2284.53 0
2285.17 0
2285.81 0
2286.45 0
2287.09 0
2287.73 0
2288.37 0
2289.01 0
2289.65 0
2290.29 0
2290.93 0
2291.56 0
2292.2 0
2292.84 0
2293.48 0
2294.12 0
2294.76 0
2295.4 0
2296.04 0
2296.68 0
2297.32 0
2297.96 0
2298.6 0
2299.24 0
2299.88 0
2300.52 0
2301.16 0
2301.8 0
2302.44 0
2303.08 0
2303.72 0
2304.36 0
2305 0
2305.64 0
2306.28 0
2306.92 0
2307.56 0
2308.2 0
2308.84 0
2309.48 0
2310.12 0
2310.76 0
2311.4 0
2312.04 0
2312.68 0
2313.32 0
2313.96 0
2314.6 0
2315.24 0
2315.88 0
2316.52 0
2317.15 0
2317.79 0
2318.43 0
2319.07 0
2319.71 0
2320.35 0
2320.99 0
2321.63 0
2322.27 0
2322.91 0
2323.55 0
2324.19 0
2324.83 0
2325.47 0
2326.11 0
2326.75 0
2327.39 0
2328.03 0
2328.67 0
2329.31 0
2329.95 0
2330.59 0
2331.23 0
2331.87 0
2332.51 0
2333.15 0
2333.79 0
2334.43 0
2335.07 0
2335.71 0
2336.35 0
2336.99 0
2337.63 0
2338.27 0
2338.91 0
2339.55 0
2340.19 0
2340.83 0
2341.47 0
2342.1 0
2342.74 0
2343.38 0
2344.02 0
2344.66 0
2345.3 0
2345.94 0
2346.58 0
2347.22 0
2347.86 0
2348.5 0
2349.14 0
2349.78 0
2350.42 0
2351.06 0
2351.7 0
2352.34 0
2352.98 0
2353.62 0
2354.26 0
2354.9 0
2355.54 0
2356.18 0
2356.82 0
2357.46 0
2358.1 0
2358.74 0
2359.38 0
2360.02 0
2360.66 0
2361.3 0
2361.94 0
2362.58 0
2363.22 0
2363.86 0
2364.5 0
2365.14 0
2365.78 0
2366.42 0
2367.05 0
2367.69 0
2368.33 0
2368.97 0
2369.61 0
2370.25 0
2370.89 0
2371.53 0
2372.17 0
2372.81 0
2373.45 0
2374.09 0
2374.73 0
2375.37 0
2376.01 0
2376.65 0
2377.29 0
2377.93 0
2378.57 0
2379.21 0
2379.85 0
2380.49 0
2381.13 0
2381.77 0
2382.41 0
2383.05 0
2383.69 0
2384.33 0
2384.97 0
2385.61 0
2386.25 0
2386.89 0
2387.53 0
2388.17 0
2388.81 0
2389.45 0
2390.09 0
2390.73 0
2391.37 0
2392.01 0
2392.64 0
2393.28 0
2393.92 0
2394.56 0
2395.2 0
2395.84 0
2396.48 0
2397.12 0
2397.76 0
2398.4 0
2399.04 0
2399.68 0
2400.32 0
2400.96 0
2401.6 0
2402.24 0
2402.88 0
2403.52 0
2404.16 0
2404.8 0
2405.44 0
2406.08 0
2406.72 0
2407.36 0
2408 0
2408.64 0
2409.28 0
2409.92 0
2410.56 0
2411.2 0
2411.84 0
2412.48 0
2413.12 0
2413.76 0
2414.4 0
2415.04 0
2415.68 0
2416.32 0
2416.96 0
2417.59 0
2418.23 0
2418.87 0
2419.51 0
2420.15 0
2420.79 0
2421.43 0
2422.07 0
2422.71 0
2423.35 0
2423.99 0
2424.63 0
2425.27 0
2425.91 0
2426.55 0
2427.19 0
2427.83 0
2428.47 0
2429.11 0
2429.75 0
2430.39 0
2431.03 0
2431.67 0
2432.31 0
2432.95 0
2433.59 0
2434.23 0
2434.87 0
2435.51 0
2436.15 0
2436.79 0
2437.43 0
2438.07 0
2438.71 0
2439.35 0
2439.99 0
2440.63 0
2441.27 0
2441.91 0
2442.54 0
2443.18 0
2443.82 0
2444.46 0
2445.1 0
2445.74 0
2446.38 0
2447.02 0
2447.66 0
2448.3 0
2448.94 0
2449.58 0
2450.22 0
2450.86 0
2451.5 0
2452.14 0
2452.78 0
2453.42 0
2454.06 0
2454.7 0
2455.34 0
2455.98 0
2456.62 0
2457.26 0
2457.9 0
2458.54 0
2459.18 0
2459.82 0
2460.46 0
2461.1 0
2461.74 0
2462.38 0
2463.02 0
2463.66 0
2464.3 0
2464.94 0
2465.58 0
2466.22 0
2466.86 0
2467.5 0
2468.13 0
2468.77 0
2469.41 0
2470.05 0
2470.69 0
2471.33 0
2471.97 0
2472.61 0
2473.25 0
2473.89 0
2474.53 0
2475.17 0
2475.81 0
2476.45 0
2477.09 0
2477.73 0
2478.37 0
2479.01 0
2479.65 0
2480.29 0
2480.93 0
2481.57 0
2482.21 0
2482.85 0
2483.49 0
2484.13 0
2484.77 0
2485.41 0
2486.05 0
2486.69 0
2487.33 0
2487.97 0
2488.61 0
2489.25 0
2489.89 0
2490.53 0
2491.17 0
2491.81 0
2492.45 0
2493.08 0
2493.72 0
2494.36 0
2495 0
2495.64 0
2496.28 0
2496.92 0
2497.56 0
2498.2 0
2498.84 0
2499.48 0
2500.12 0
2500.76 0
2501.4 0
2502.04 0
2502.68 0
2503.32 0
2503.96 0
2504.6 0
2505.24 0
2505.88 0
2506.52 0
2507.16 0
2507.8 0
2508.44 0
2509.08 0
2509.72 0
2510.36 0
2511 0
2511.64 0
2512.28 0
2512.92 0
2513.56 0
2514.2 0
2514.84 0
2515.48 0
2516.12 0
2516.76 0
2517.4 0
2518.03 0
2518.67 0
2519.31 0
2519.95 0
2520.59 0
2521.23 0
2521.87 0
2522.51 0
2523.15 0
2523.79 0
2524.43 0
2525.07 0
2525.71 0
2526.35 0
2526.99 0
2527.63 0
2528.27 0
2528.91 0
2529.55 0
2530.19 0
2530.83 0
2531.47 0
2532.11 0
2532.75 0
2533.39 0
2534.03 0
2534.67 0
2535.31 0
2535.95 0
2536.59 0
2537.23 0
2537.87 0
2538.51 0
2539.15 0
2539.79 0
2540.43 0
2541.07 0
2541.71 0
2542.35 0
2542.99 0
2543.62 0
2544.26 0
2544.9 0
2545.54 0
2546.18 0
2546.82 0
2547.46 0
2548.1 0
2548.74 0
2549.38 0
2550.02 0
2550.66 0
2551.3 0
2551.94 0
2552.58 0
2553.22 0
2553.86 0
2554.5 0
2555.14 0
2555.78 0
2556.42 0
2557.06 0
2557.7 0
2558.34 0
2558.98 0
2559.62 0
2560.26 0
2560.9 0
2561.54 0
2562.18 0
2562.82 0
2563.46 0
2564.1 0
2564.74 0
2565.38 0
2566.02 0
2566.66 0
2567.3 0
2567.94 0
2568.57 0
2569.21 0
2569.85 0
2570.49 0
2571.13 0
2571.77 0
2572.41 0
2573.05 0
2573.69 0
2574.33 0
2574.97 0
2575.61 0
2576.25 0
2576.89 0
2577.53 0
2578.17 0
2578.81 0
2579.45 0
2580.09 0
2580.73 0
2581.37 0
2582.01 0
2582.65 0
2583.29 0
2583.93 0
2584.57 0
2585.21 0
2585.85 0
2586.49 0
2587.13 0
2587.77 0
2588.41 0
2589.05 0
2589.69 0
2590.33 0
2590.97 0
2591.61 0
2592.25 0
2592.89 0
2593.52 0
2594.16 0
2594.8 0
2595.44 0
2596.08 0
2596.72 0
2597.36 0
2598 0
2598.64 0
2599.28 0
2599.92 0
2600.56 0
2601.2 0
2601.84 0
2602.48 0
2603.12 0
2603.76 0
2604.4 0
2605.04 0
2605.68 0
2606.32 0
2606.96 0
2607.6 0
2608.24 0
2608.88 0
2609.52 0.0603919
2610.16 0.0469117
2610.8 0.0347694
2611.44 0.0241774
2612.08 0.0153256
2612.72 0.00837581
2613.36 0.00345667
2614 0.000659857
2614.64 3.71746e-05
2615.28 0.00159894
2615.92 0.00531372
2616.56 0.0111094
2617.2 0.0188755
2617.84 0.0284666
2618.48 0.039707
2619.11 0.052396
2619.75 0
2620.39 0
2621.03 0
2621.67 0
2622.31 0
2622.95 0
2623.59 0
2624.23 0
2624.87 0
2625.51 0
2626.15 0
2626.79 0
2627.43 0
2628.07 0
2628.71 0
2629.35 0
2629.99 0
2630.63 0
2631.27 0
2631.91 0
2632.55 0
2633.19 0
2633.83 0
2634.47 0
2635.11 0
2635.75 0
2636.39 0
2637.03 0
2637.67 0
2638.31 0
2638.95 0
2639.59 0
2640.23 0
2640.87 0
2641.51 0
2642.15 0
2642.79 0
2643.43 0
2644.06 0
2644.7 0
2645.34 0
2645.98 0
2646.62 0
2647.26 0
2647.9 0
2648.54 0
2649.18 0
2649.82 0
2650.46 0
2651.1 0
2651.74 0
2652.38 0
2653.02 0
2653.66 0
2654.3 0
2654.94 0
2655.58 0
2656.22 0
2656.86 0
2657.5 0
2658.14 0
2658.78 0
2659.42 0
2660.06 0
2660.7 0
2661.34 0
2661.98 0
2662.62 0
2663.26 0
2663.9 0
2664.54 0
2665.18 0
2665.82 0
2666.46 0
2667.1 0
2667.74 0
2668.38 0
2669.01 0
2669.65 0
2670.29 0
2670.93 0
2671.57 0
2672.21 0
2672.85 0
2673.49 0
2674.13 0
2674.77 0
2675.41 0
2676.05 0
2676.69 0
2677.33 0
2677.97 0
2678.61 0
2679.25 0
2679.89 0
2680.53 0
2681.17 0
2681.81 0
2682.45 0
2683.09 0
2683.73 0
2684.37 0
2685.01 0
2685.65 0
2686.29 0
2686.93 0
2687.57 0
2688.21 0
2688.85 0
2689.49 0
2690.13 0
2690.77 0
2691.41 0
2692.05 0
2692.69 0
2693.33 0
2693.97 0
2694.6 0
2695.24 0
2695.88 0
2696.52 0
2697.16 0
2697.8 0
2698.44 0
2699.08 0
2699.72 0
2700.36 0
2701 0
2701.64 0
2702.28 0
2702.92 0
2703.56 0
2704.2 0
2704.84 0
2705.48 0
2706.12 0
2706.76 0
2707.4 0
2708.04 0
2708.68 0
2709.32 0
2709.96 0
2710.6 0
2711.24 0
2711.88 0
2712.52 0
2713.16 0
2713.8 0
2714.44 0
2715.08 0
2715.72 0
2716.36 0
2717 0
2717.64 0
2718.28 0
2718.92 0
2719.55 0
2720.19 0
2720.83 0
2721.47 0
2722.11 0
2722.75 0
2723.39 0
2724.03 0
2724.67 0
2725.31 0
2725.95 0
2726.59 0
2727.23 0
2727.87 0
2728.51 0
2729.15 0
2729.79 0
2730.43 0
2731.07 0
2731.71 0
2732.35 0
2732.99 0
2733.63 0
2734.27 0
2734.91 0
2735.55 0
2736.19 0
2736.83 0
2737.47 0
2738.11 0
2738.75 0
2739.39 0
2740.03 0
2740.67 0
2741.31 0
2741.95 0
2742.59 0
2743.23 0
2743.87 0
2744.5 0
2745.14 0
2745.78 0
2746.42 0
2747.06 0
2747.7 0
2748.34 0
2748.98 0
2749.62 0
2750.26 0
2750.9 0
2751.54 0
2752.18 0
2752.82 0
2753.46 0
2754.1 0
2754.74 0
2755.38 0
2756.02 0
2756.66 0
2757.3 0
2757.94 0
2758.58 0
2759.22 0
2759.86 0
2760.5 0
2761.14 0
2761.78 0
2762.42 0
2763.06 0
2763.7 0
2764.34 0
2764.98 0
2765.62 0
2766.26 0
2766.9 0
2767.54 0
2768.18 0
2768.82 0
2769.46 0
2770.09 0
2770.73 0
2771.37 0
2772.01 0
2772.65 0
2773.29 0
2773.93 0
2774.57 0
2775.21 0
2775.85 0
2776.49 0
2777.13 0
2777.77 0
2778.41 0
2779.05 0
2779.69 0
2780.33 0
2780.97 0
2781.61 0
2782.25 0
2782.89 0
2783.53 0
2784.17 0
2784.81 0
2785.45 0
2786.09 0
2786.73 0
2787.37 0
2788.01 0
2788.65 0
2789.29 0
2789.93 0
2790.57 0
2791.21 0
2791.85 0
2792.49 0
2793.13 0
2793.77 0
2794.41 0
2795.04 0
2795.68 0
2796.32 0
2796.96 0
2797.6 0
2798.24 0
2798.88 0
2799.52 0
2800.16 0
2800.8 0
2801.44 0
2802.08 0
2802.72 0
2803.36 0
2804 0
2804.64 0
2805.28 0
2805.92 0
2806.56 0
2807.2 0
2807.84 0
2808.48 0
2809.12 0
2809.76 0
2810.4 0
2811.04 0
2811.68 0
2812.32 0
2812.96 0
2813.6 0
2814.24 0
2814.88 0
2815.52 0
2816.16 0
2816.8 0
2817.44 0
2818.08 0
2818.72 0
2819.36 0
2819.99 0
2820.63 0
2821.27 0
2821.91 0
2822.55 0
2823.19 0
2823.83 0
2824.47 0
2825.11 0
2825.75 0
2826.39 0
2827.03 0
2827.67 0
2828.31 0
2828.95 0
2829.59 0
2830.23 0
2830.87 0
2831.51 0
2832.15 0
2832.79 0
2833.43 0
2834.07 0
2834.71 0
2835.35 0
2835.99 0
2836.63 0
2837.27 0
2837.91 0
2838.55 0
2839.19 0
2839.83 0
2840.47 0
2841.11 0
2841.75 0
2842.39 0
2843.03 0
2843.67 0
2844.31 0
2844.94 0
2845.58 0
2846.22 0
2846.86 0
2847.5 0
2848.14 0
2848.78 0
2849.42 0
2850.06 0
2850.7 0
2851.34 0
2851.98 0
2852.62 0
2853.26 0
2853.9 0
2854.54 0
2855.18 0
2855.82 0
2856.46 0
2857.1 0
2857.74 0
2858.38 0
2859.02 0
2859.66 0
2860.3 0
2860.94 0
2861.58 0
2862.22 0
2862.86 0
2863.5 0
2864.14 0
2864.78 0
2865.42 0
2866.06 0
2866.7 0
2867.34 0
2867.98 0
2868.62 0
2869.26 0
2869.9 0
2870.53 0
2871.17 0
2871.81 0
2872.45 0
2873.09 0
2873.73 0
2874.37 0
2875.01 0
2875.65 0
2876.29 0
2876.93 0
2877.57 0
2878.21 0
2878.85 0
2879.49 0
2880.13 0
2880.77 0
2881.41 0
2882.05 0
2882.69 0
2883.33 0
2883.97 0
2884.61 0
2885.25 0
2885.89 0
2886.53 0
2887.17 0
2887.81 0
2888.45 0
2889.09 0
2889.73 0
2890.37 0
2891.01 0
2891.65 0
2892.29 0
2892.93 0
2893.57 0
2894.21 0
2894.85 0
2895.48 0
2896.12 0
2896.76 0
2897.4 0
2898.04 0
2898.68 0
2899.32 0
2899.96 0
2900.6 0
2901.24 0
2901.88 0
2902.52 0
2903.16 0
2903.8 0
2904.44 0
2905.08 0
2905.72 0
2906.36 0
2907 0
2907.64 0
2908.28 0
2908.92 0
2909.56 0
2910.2 0
2910.84 0
2911.48 0
2912.12 0
2912.76 0
2913.4 0
2914.04 0
2914.68 0
2915.32 0
2915.96 0
2916.6 0
2917.24 0
2917.88 0
2918.52 0
2919.16 0
2919.8 0
2920.43 0
2921.07 0
2921.71 0
2922.35 0
2922.99 0
2923.63 0
2924.27 0
2924.91 0
2925.55 0
2926.19 0
2926.83 0
2927.47 0
2928.11 0
2928.75 0
2929.39 0
2930.03 0
2930.67 0
2931.31 0
2931.95 0
2932.59 0
2933.23 0
2933.87 0
2934.51 0
2935.15 0
2935.79 0
2936.43 0
2937.07 0
2937.71 0
2938.35 0
2938.99 0
2939.63 0
2940.27 0
2940.91 0
2941.55 0
2942.19 0
2942.83 0
2943.47 0
2944.11 0
2944.75 0
2945.39 0
2946.02 0
2946.66 0
2947.3 0
2947.94 0
2948.58 0
2949.22 0
2949.86 0
2950.5 0
2951.14 0
2951.78 0
2952.42 0
2953.06 0
2953.7 0
2954.34 0
2954.98 0
2955.62 0
2956.26 0
2956.9 0
2957.54 0
2958.18 0
2958.82 0
2959.46 0
2960.1 0
2960.74 0
2961.38 0
2962.02 0
2962.66 0
2963.3 0
2963.94 0
2964.58 0
2965.22 0
2965.86 0
2966.5 0
2967.14 0
2967.78 0
2968.42 0
2969.06 0
2969.7 0
2970.34 0
2970.97 0
2971.61 0
2972.25 0
2972.89 0
2973.53 0
2974.17 0
2974.81 0
2975.45 0
2976.09 0
2976.73 0
2977.37 0
2978.01 0
2978.65 0
2979.29 0
2979.93 0
2980.57 0
2981.21 0
2981.85 0
2982.49 0
2983.13 0
2983.77 0
2984.41 0
2985.05 0
2985.69 0
2986.33 0
2986.97 0
2987.61 0
2988.25 0
2988.89 0
2989.53 0
2990.17 0
2990.81 0
2991.45 0
2992.09 0
2992.73 0
2993.37 0
2994.01 0
2994.65 0
2995.29 0
2995.92 0
2996.56 0
2997.2 0
2997.84 0
2998.48 0
2999.12 0
2999.76 0
3000.4 0
3001.04 0
3001.68 0
3002.32 0
3002.96 0
3003.6 0
3004.24 0
3004.88 0
3005.52 0
3006.16 0
3006.8 0
3007.44 0
3008.08 0
3008.72 0
3009.36 0
3010 0
3010.64 0
3011.28 0
3011.92 0
3012.56 0
3013.2 0
3013.84 0
3014.48 0
3015.12 0
3015.76 0
3016.4 0
3017.04 0
3017.68 0
3018.32 0
3018.96 0
3019.6 0
3020.24 0
3020.88 0
3021.51 0
3022.15 0
3022.79 0
3023.43 0
3024.07 0
3024.71 0
3025.35 0
3025.99 0
3026.63 0
3027.27 0
3027.91 0
3028.55 0
3029.19 0
3029.83 0
3030.47 0
3031.11 0
3031.75 0
3032.39 0
3033.03 0
3033.67 0
3034.31 0
3034.95 0
3035.59 0
3036.23 0
3036.87 0
3037.51 0
3038.15 0
3038.79 0
3039.43 0
3040.07 0
3040.71 0
3041.35 0
3041.99 0
3042.63 0
3043.27 0
3043.91 0
3044.55 0
3045.19 0
3045.83 0
3046.46 0
3047.1 0
3047.74 0
3048.38 0
3049.02 0
3049.66 0
3050.3 0
3050.94 0
3051.58 0
3052.22 0
3052.86 0
3053.5 0
3054.14 0
3054.78 0
3055.42 0
3056.06 0
3056.7 0
3057.34 0
3057.98 0
3058.62 0
3059.26 0
3059.9 0
3060.54 0
3061.18 0
3061.82 0
3062.46 0
3063.1 0
3063.74 0
3064.38 0
3065.02 0
3065.66 0
3066.3 0
3066.94 0
3067.58 0
3068.22 0
3068.86 0
3069.5 0
3070.14 0
3070.78 0
3071.41 0
3072.05 0
3072.69 0
3073.33 0
3073.97 0
3074.61 0
3075.25 0
3075.89 0
3076.53 0
3077.17 0
3077.81 0
3078.45 0
3079.09 0
3079.73 0
3080.37 0
3081.01 0
3081.65 0
3082.29 0
3082.93 0
3083.57 0
3084.21 0
3084.85 0
3085.49 0
3086.13 0
3086.77 0
3087.41 0
3088.05 0
3088.69 0
3089.33 0
3089.97 0
3090.61 0
3091.25 0
3091.89 0
3092.53 0
3093.17 0
3093.81 0
3094.45 0
3095.09 0
3095.73 0
3096.37 0
3097 0
3097.64 0
3098.28 0
3098.92 0
3099.56 0
3100.2 0
3100.84 0
3101.48 0
3102.12 0
3102.76 0
3103.4 0
3104.04 0
3104.68 0
3105.32 0
3105.96 0
3106.6 0
3107.24 0
3107.88 0
3108.52 0
3109.16 0
3109.8 0
3110.44 0
3111.08 0
3111.72 0
3112.36 0
3113 0
3113.64 0
3114.28 0
3114.92 0
3115.56 0
3116.2 0
3116.84 0
3117.48 0
3118.12 0
3118.76 0
3119.4 0
3120.04 0
3120.68 0
3121.32 0
3121.95 0
3122.59 0
3123.23 0
3123.87 0
3124.51 0
3125.15 0
3125.79 0
3126.43 0
3127.07 0
3127.71 0
3128.35 0
3128.99 0
3129.63 0
3130.27 0
3130.91 0
3131.55 0
3132.19 0
3132.83 0
3133.47 0
3134.11 0
3134.75 0
3135.39 0
3136.03 0
3136.67 0
3137.31 0
3137.95 0
3138.59 0
3139.23 0
3139.87 0
3140.51 0
3141.15 0
3141.79 0
3142.43 0
3143.07 0
3143.71 0
3144.35 0
3144.99 0
3145.63 0
3146.27 0
3146.9 0
3147.54 0
3148.18 0
3148.82 0
3149.46 0
3150.1 0
3150.74 0
3151.38 0
3152.02 0
3152.66 0
3153.3 0
3153.94 0
3154.58 0
3155.22 0
3155.86 0
3156.5 0
3157.14 0
3157.78 0
3158.42 0
3159.06 0
3159.7 0
3160.34 0
3160.98 0
3161.62 0
3162.26 0
3162.9 0
3163.54 0
3164.18 0
3164.82 0
3165.46 0
3166.1 0
3166.74 0
3167.38 0
3168.02 0
3168.66 0
3169.3 0
3169.94 0
3170.58 0
3171.22 0
3171.86 0
3172.49 0
3173.13 0
3173.77 0
3174.41 0
3175.05 0
3175.69 0
3176.33 0
3176.97 0
3177.61 0
3178.25 0
3178.89 0
3179.53 0
3180.17 0
3180.81 0
3181.45 0
3182.09 0
3182.73 0
3183.37 0
3184.01 0
3184.65 0
3185.29 0
3185.93 0
3186.57 0
3187.21 0
3187.85 0
3188.49 0
3189.13 0
3189.77 0
3190.41 0
3191.05 0
3191.69 0
3192.33 0
3192.97 0
3193.61 0
3194.25 0
3194.89 0
3195.53 0
3196.17 0
3196.81 0
3197.44 0
3198.08 0
3198.72 0
