30 0
29.994 0
29.988 0
29.982 0
29.976 0
29.97 0
29.964 0
29.958 0
29.952 0
29.946 0
29.94 0
29.934 0
29.928 0
29.922 0
29.916 0
29.91 0
29.904 0
29.898 0
29.892 0
29.886 0
29.88 0
29.874 0
29.868 0
29.862 0
29.856 0
29.85 0
29.844 0
29.838 0
29.832 0
29.826 0
29.82 0
29.814 0
29.808 0
29.802 0
29.796 0
29.79 0
29.784 0
29.778 0
29.772 0
29.766 0
29.76 0
29.754 0
29.748 0
29.742 0
29.736 0
29.73 0
29.724 0
29.718 0
29.712 0
29.706 0
29.7 0
29.694 0
29.688 0
29.682 0
29.676 0
29.67 0
29.664 0
29.658 0
29.652 0
29.646 0
29.64 0
29.634 0
29.628 0
29.622 0
29.616 0
29.61 0
29.604 0
29.598 0
29.592 0
29.586 0
29.58 0
29.574 0
29.568 0
29.562 0
29.556 0
29.55 0
29.544 0
29.538 0
29.532 0
29.526 0
29.52 0
29.514 0
29.508 0
29.502 0
29.496 0
29.49 0
29.484 0
29.478 0
29.472 0
29.466 0
29.46 0
29.454 0
29.448 0
29.442 0
29.436 0
29.43 0
29.424 0
29.418 0
29.412 0
29.406 0
29.4 0
29.394 0
29.388 0
29.382 0
29.376 0
29.37 0
29.364 0
29.358 0
29.352 0
29.346 0
29.34 0
29.334 0
29.328 0
29.322 0
29.316 0
29.31 0
29.304 0
29.298 0
29.292 0
29.286 0
29.28 0
29.274 0
29.268 0
29.262 0
29.256 0
29.25 0
29.244 0
29.238 0
29.232 0
29.226 0
29.22 0
29.214 0
29.208 0
29.202 0
29.196 0
29.19 0
29.184 0
29.178 0
29.172 0
29.166 0
29.16 0
29.154 0
29.148 0
29.142 0
29.136 0
29.13 0
29.124 0
29.118 0
29.112 0
29.106 0
29.1 0
29.094 0
29.088 0
29.082 0
29.076 0
29.07 0
29.064 0
29.058 0
29.052 0
29.046 0
29.04 0
29.034 0
29.028 0
29.022 0
29.016 0
29.01 0
29.004 0
28.998 0
28.992 0
28.986 0
28.98 0
28.974 0
28.968 0
28.962 0
28.956 0
28.95 0
28.944 0
28.938 0
28.932 0
28.926 0
28.92 0
28.914 0
28.908 0
28.902 0
28.896 0
28.89 0
28.884 0
28.878 0
28.872 0
28.866 0
28.86 0
28.854 0
28.848 0
28.842 0
28.836 0
28.83 0
28.824 0
28.818 0
28.812 0
28.806 0
28.8 0
28.794 0
28.788 0
28.782 0
28.776 0
28.77 0
28.764 0
28.758 0
28.752 0
28.746 0
28.74 0
28.734 0
28.728 0
28.722 0
28.716 0
28.71 0
28.704 0
28.698 0
28.692 0
28.686 0
28.68 0
28.674 0
28.668 0
28.662 0
28.656 0
28.65 0
28.644 0
28.638 0
28.632 0
28.626 0
28.62 0
28.614 0
28.608 0
28.602 0
28.596 0
28.59 0
28.584 0
28.578 0
28.572 0
28.566 0
28.56 0
28.554 0
28.548 0
28.542 0
28.536 0
28.53 0
28.524 0
28.518 0
28.512 0
28.506 0
28.5 0
28.494 0
28.488 0
28.482 0
28.476 0
28.47 0
28.464 0
28.458 0
28.452 0
28.446 0
28.44 0
28.434 0
28.428 0
28.422 0
28.416 0
28.41 0
28.404 0
28.398 0
28.392 0
28.386 0
28.38 0
28.374 0
28.368 0
28.362 0
28.356 0
28.35 0
28.344 0
28.338 0
28.332 0
28.326 0
28.32 0
28.314 0
28.308 0
28.302 0
28.296 0
28.29 0
28.284 0
28.278 0
28.272 0
28.266 0
28.26 0
28.254 0
28.248 0
28.242 0
28.236 0
28.23 0
28.224 0
28.218 0
28.212 0
28.206 0
28.2 0
28.194 0
28.188 0
28.182 0
28.176 0
28.17 0
28.164 0
28.158 0
28.152 0
28.146 0
28.14 0
28.134 0
28.128 0
28.122 0
28.116 0
28.11 0
28.104 0
28.098 0
28.092 0
28.086 0
28.08 0
28.074 0
28.068 0
28.062 0
28.056 0
28.05 0
28.044 0
28.038 0
28.032 0
28.026 0
28.02 0
28.014 0
28.008 0
28.002 0
27.996 0
27.99 0
27.984 0
27.978 0
27.972 0
27.966 0
27.96 0
27.954 0
27.948 0
27.942 0
27.936 0
27.93 0
27.924 0
27.918 0
27.912 0
27.906 0
27.9 0
27.894 0
27.888 0
27.882 0
27.876 0
27.87 0
27.864 0
27.858 0
27.852 0
27.846 0
27.84 0
27.834 0
27.828 0
27.822 0
27.816 0
27.81 0
27.804 0
27.798 0
27.792 0
27.786 0
27.78 0
27.774 0
27.768 0
27.762 0
27.756 0
27.75 0
27.744 0
27.738 0
27.732 0
27.726 0
27.72 0
27.714 0
27.708 0
27.702 0
27.696 0
27.69 0
27.684 0
27.678 0
27.672 0
27.666 0
27.66 0
27.654 0
27.648 0
27.642 0
27.636 0
27.63 0
27.624 0
27.618 0
27.612 0
27.606 0
27.6 0
27.594 0
27.588 0
27.582 0
27.576 0
27.57 0
27.564 0
27.558 0
27.552 0
27.546 0
27.54 0
27.534 0
27.528 0
27.522 0
27.516 0
27.51 0
27.504 0
27.498 0
27.492 0
27.486 0
27.48 0
27.474 0
27.468 0
27.462 0
27.456 0
27.45 0
27.444 0
27.438 0
27.432 0
27.426 0
27.42 0
27.414 0
27.408 0
27.402 0
27.396 0
27.39 0
27.384 0
27.378 0
27.372 0
27.366 0
27.36 0
27.354 0
27.348 0
27.342 0
27.336 0
27.33 0
27.324 0
27.318 0
27.312 0
27.306 0
27.3 0
27.294 0
27.288 0
27.282 0
27.276 0
27.27 0
27.264 0
27.258 0
27.252 0
27.246 0
27.24 0
27.234 0
27.228 0
27.222 0
27.216 0
27.21 0
27.204 0
27.198 0
27.192 0
27.186 0
27.18 0
27.174 0
27.168 0
27.162 0
27.156 0
27.15 0
27.144 0
27.138 0
27.132 0
27.126 0
27.12 0
27.114 0
27.108 0
27.102 0
27.096 0
27.09 0
27.084 0
27.078 0
27.072 0
27.066 0
27.06 0
27.054 0
27.048 0
27.042 0
27.036 0
27.03 0
27.024 0
27.018 0
27.012 0
27.006 0
27 0
26.994 0
26.988 0
26.982 0
26.976 0
26.97 0
26.964 0
26.958 0
26.952 0
26.946 0
26.94 0
26.934 0
26.928 0
26.922 0
26.916 0
26.91 0
26.904 0
26.898 0
26.892 0
26.886 0
26.88 0
26.874 0
26.868 0
26.862 0
26.856 0
26.85 0
26.844 0
26.838 0
26.832 0
26.826 0
26.82 0
26.814 0
26.808 0
26.802 0
26.796 0
26.79 0
26.784 0
26.778 0
26.772 0
26.766 0
26.76 0
26.754 0
26.748 0
26.742 0
26.736 0
26.73 0
26.724 0
26.718 0
26.712 0
26.706 0
26.7 0
26.694 0
26.688 0
26.682 0
26.676 0
26.67 0
26.664 0
26.658 0
26.652 0
26.646 0
26.64 0
26.634 0
26.628 0
26.622 0
26.616 0
26.61 0
26.604 0
26.598 0
26.592 0
26.586 0
26.58 0
26.574 0
26.568 0
26.562 0
26.556 0
26.55 0
26.544 0
26.538 0
26.532 0
26.526 0
26.52 0
26.514 0
26.508 0
26.502 0
26.496 0
26.49 0
26.484 0
26.478 0
26.472 0
26.466 0
26.46 0
26.454 0
26.448 0
26.442 0
26.436 0
26.43 0
26.424 0
26.418 0
26.412 0
26.406 0
26.4 0
26.394 0
26.388 0
26.382 0
26.376 0
26.37 0
26.364 0
26.358 0
26.352 0
26.346 0
26.34 0
26.334 0
26.328 0
26.322 0
26.316 0
26.31 0
26.304 0
26.298 0
26.292 0
26.286 0
26.28 0
26.274 0
26.268 0
26.262 0
26.256 0
26.25 0
26.244 0
26.238 0
26.232 0
26.226 0
26.22 0
26.214 0
26.208 0
26.202 0
26.196 0
26.19 0
26.184 0
26.178 0
26.172 0
26.166 0
26.16 0
26.154 0
26.148 0
26.142 0
26.136 0
26.13 0
26.124 0
26.118 0
26.112 0
26.106 0
26.1 0
26.094 0
26.088 0
26.082 0
26.076 0
26.07 0
26.064 0
26.058 0
26.052 0
26.046 0
26.04 0
26.034 0
26.028 0
26.022 0
26.016 0
26.01 0
26.004 0
25.998 0
25.992 0
25.986 0
25.98 0
25.974 0
25.968 0
25.962 0
25.956 0
25.95 0
25.944 0
25.938 0
25.932 0
25.926 0
25.92 0
25.914 0
25.908 0
25.902 0
25.896 0
25.89 0
25.884 0
25.878 0
25.872 0
25.866 0
25.86 0
25.854 0
25.848 0
25.842 0
25.836 0
25.83 0
25.824 0
25.818 0
25.812 0
25.806 0
25.8 0
25.794 0
25.788 0
25.782 0
25.776 0
25.77 0
25.764 0
25.758 0
25.752 0
25.746 0
25.74 0
25.734 0
25.728 0
25.722 0
25.716 0
25.71 0
25.704 0
25.698 0
25.692 0
25.686 0
25.68 0
25.674 0
25.668 0
25.662 0
25.656 0
25.65 0
25.644 0
25.638 0
25.632 0
25.626 0
25.62 0
25.614 0
25.608 0
25.602 0
25.596 0
25.59 0
25.584 0
25.578 0
25.572 0
25.566 0
25.56 0
25.554 0
25.548 0
25.542 0
25.536 0
25.53 0
25.524 0
25.518 0
25.512 0
25.506 0
25.5 0
25.494 0
25.488 0
25.482 0
25.476 0
25.47 0
25.464 0
25.458 0
25.452 0
25.446 0
25.44 0
25.434 0
25.428 0
25.422 0
25.416 0
25.41 0
25.404 0
25.398 0
25.392 0
25.386 0
25.38 0
25.374 0
25.368 0
25.362 0
25.356 0
25.35 0
25.344 0
25.338 0
25.332 0
25.326 0
25.32 0
25.314 0
25.308 0
25.302 0
25.296 0
25.29 0
25.284 0
25.278 0
25.272 0
25.266 0
25.26 0
25.254 0
25.248 0
25.242 0
25.236 0
25.23 0
25.224 0
25.218 0
25.212 0
25.206 0
25.2 0
25.194 0
25.188 0
25.182 0
25.176 0
25.17 0
25.164 0
25.158 0
25.152 0
25.146 0
25.14 0
25.134 0
25.128 0
25.122 0
25.116 0
25.11 0
25.104 0
25.098 0
25.092 0
25.086 0
25.08 0
25.074 0
25.068 0
25.062 0
25.056 0
25.05 0
25.044 0
25.038 0
25.032 0
25.026 0
25.02 0
25.014 0
25.008 0
25.002 0
24.996 0
24.99 0
24.984 0
24.978 0
24.972 0
24.966 0
24.96 0
24.954 0
24.948 0
24.942 0
24.936 0
24.93 0
24.924 0
24.918 0
24.912 0
24.906 0
24.9 0
24.894 0
24.888 0
24.882 0
24.876 0
24.87 0
24.864 0
24.858 0
24.852 0
24.846 0
24.84 0
24.834 0
24.828 0
24.822 0
24.816 0
24.81 0
24.804 0
24.798 0
24.792 0
24.786 0
24.78 0
24.774 0
24.768 0
24.762 0
24.756 0
24.75 0
24.744 0
24.738 0
24.732 0
24.726 0
24.72 0
24.714 0
24.708 0
24.702 0
24.696 0
24.69 0
24.684 0
24.678 0
24.672 0
24.666 0
24.66 0
24.654 0
24.648 0
24.642 0
24.636 0
24.63 0
24.624 0
24.618 0
24.612 0
24.606 0
24.6 0
24.594 0
24.588 0
24.582 0
24.576 0
24.57 0
24.564 0
24.558 0
24.552 0
24.546 0
24.54 0
24.534 0
24.528 0
24.522 0
24.516 0
24.51 0
24.504 0
24.498 0
24.492 0
24.486 0
24.48 0
24.474 0
24.468 0
24.462 0
24.456 0
24.45 0
24.444 0
24.438 0
24.432 0
24.426 0
24.42 0
24.414 0
24.408 0
24.402 0
24.396 0
24.39 0
24.384 0
24.378 0
24.372 0
24.366 0
24.36 0
24.354 0
24.348 0
24.342 0
24.336 0
24.33 0
24.324 0
24.318 0
24.312 0
24.306 0
24.3 0
24.294 0
24.288 0
24.282 0
24.276 0
24.27 0
24.264 0
24.258 0
24.252 0
24.246 0
24.24 0
24.234 0
24.228 0
24.222 0
24.216 0
24.21 0
24.204 0
24.198 0
24.192 0
24.186 0
24.18 0
24.174 0
24.168 0
24.162 0
24.156 0
24.15 0
24.144 0
24.138 0
24.132 0
24.126 0
24.12 0
24.114 0
24.108 0
24.102 0
24.096 0
24.09 0
24.084 0
24.078 0
24.072 0
24.066 0
24.06 0
24.054 0
24.048 0
24.042 0
24.036 0
24.03 0
24.024 0
24.018 0
24.012 0
24.006 0
24 0
23.994 0
23.988 0
23.982 0
23.976 0
23.97 0
23.964 0
23.958 0
23.952 0
23.946 0
23.94 0
23.934 0
23.928 0
23.922 0
23.916 0
23.91 0
23.904 0
23.898 0
23.892 0
23.886 0
23.88 0
23.874 0
23.868 0
23.862 0
23.856 0
23.85 0
23.844 0
23.838 0
23.832 0
23.826 0
23.82 0
23.814 0
23.808 0
23.802 0
23.796 0
23.79 0
23.784 0
23.778 0
23.772 0
23.766 0
23.76 0
23.754 0
23.748 0
23.742 0
23.736 0
23.73 0
23.724 0
23.718 0
23.712 0
23.706 0
23.7 0
23.694 0
23.688 0
23.682 0
23.676 0
23.67 0
23.664 0
23.658 0
23.652 0
23.646 0
23.64 0
23.634 0
23.628 0
23.622 0
23.616 0
23.61 0
23.604 0
23.598 0
23.592 0
23.586 0
23.58 0
23.574 0
23.568 0
23.562 0
23.556 0
23.55 0
23.544 0
23.538 0
23.532 0
23.526 0
23.52 0
23.514 0
23.508 0
23.502 0
23.496 0
23.49 0
23.484 0
23.478 0
23.472 0
23.466 0
23.46 0
23.454 0
23.448 0
23.442 0
23.436 0
23.43 0
23.424 0
23.418 0
23.412 0
23.406 0
23.4 0
23.394 0
23.388 0
23.382 0
23.376 0
23.37 0
23.364 0
23.358 0
23.352 0
23.346 0
23.34 0
23.334 0
23.328 0
23.322 0
23.316 0
23.31 0
23.304 0
23.298 0
23.292 0
23.286 0
23.28 0
23.274 0
23.268 0
23.262 0
23.256 0
23.25 0
23.244 0
23.238 0
23.232 0
23.226 0
23.22 0
23.214 0
23.208 0
23.202 0
23.196 0
23.19 0
23.184 0
23.178 0
23.172 0
23.166 0
23.16 0
23.154 0
23.148 0
23.142 0
23.136 0
23.13 0
23.124 0
23.118 0
23.112 0
23.106 0
23.1 0
23.094 0
23.088 0
23.082 0
23.076 0
23.07 0
23.064 0
23.058 0
23.052 0
23.046 0
23.04 0
23.034 0
23.028 0
23.022 0
23.016 0
23.01 0
23.004 0
22.998 0
22.992 0
22.986 0
22.98 0
22.974 0
22.968 0
22.962 0
22.956 0
22.95 0
22.944 0
22.938 0
22.932 0
22.926 0
22.92 0
22.914 0
22.908 0
22.902 0
22.896 0
22.89 0
22.884 0
22.878 0
22.872 0
22.866 0
22.86 0
22.854 0
22.848 0
22.842 0
22.836 0
22.83 0
22.824 0
22.818 0
22.812 0
22.806 0
22.8 0
22.794 0
22.788 0
22.782 0
22.776 0
22.77 0
22.764 0
22.758 0
22.752 0
22.746 0
22.74 0
22.734 0
22.728 0
22.722 0
22.716 0
22.71 0
22.704 0
22.698 0
22.692 0
22.686 0
22.68 0
22.674 0
22.668 0
22.662 0
22.656 0
22.65 0
22.644 0
22.638 0
22.632 0
22.626 0
22.62 0
22.614 0
22.608 0
22.602 0
22.596 0
22.59 0
22.584 0
22.578 0
22.572 0
22.566 0
22.56 0
22.554 0
22.548 0
22.542 0
22.536 0
22.53 0
22.524 0
22.518 0
22.512 0
22.506 0
22.5 0
22.494 0
22.488 0
22.482 0
22.476 0
22.47 0
22.464 0
22.458 0
22.452 0
22.446 0
22.44 0
22.434 0
22.428 0
22.422 0
22.416 0
22.41 0
22.404 0
22.398 0
22.392 0
22.386 0
22.38 0
22.374 0
22.368 0
22.362 0
22.356 0
22.35 0
22.344 0
22.338 0
22.332 0
22.326 0
22.32 0
22.314 0
22.308 0
22.302 0
22.296 0
22.29 0
22.284 0
22.278 0
22.272 0
22.266 0
22.26 0
22.254 0
22.248 0
22.242 0
22.236 0
22.23 0
22.224 0
22.218 0
22.212 0
22.206 0
22.2 0
22.194 0
22.188 0
22.182 0
22.176 0
22.17 0
22.164 0
22.158 0
22.152 0
22.146 0
22.14 0
22.134 0
22.128 0
22.122 0
22.116 0
22.11 0
22.104 0
22.098 0
22.092 0
22.086 0
22.08 0
22.074 0
22.068 0
22.062 0
22.056 0
22.05 0
22.044 0
22.038 0
22.032 0
22.026 0
22.02 0
22.014 0
22.008 0
22.002 0
21.996 0
21.99 0
21.984 0
21.978 0
21.972 0
21.966 0
21.96 0
21.954 0
21.948 0
21.942 0
21.936 0
21.93 0
21.924 0
21.918 0
21.912 0
21.906 0
21.9 0
21.894 0
21.888 0
21.882 0
21.876 0
21.87 0
21.864 0
21.858 0
21.852 0
21.846 0
21.84 0
21.834 0
21.828 0
21.822 0
21.816 0
21.81 0
21.804 0
21.798 0
21.792 0
21.786 0
21.78 0
21.774 0
21.768 0
21.762 0
21.756 0
21.75 0
21.744 0
21.738 0
21.732 0
21.726 0
21.72 0
21.714 0
21.708 0
21.702 0
21.696 0
21.69 0
21.684 0
21.678 0
21.672 0
21.666 0
21.66 0
21.654 0
21.648 0
21.642 0
21.636 0
21.63 0
21.624 0
21.618 0
21.612 0
21.606 0
21.6 0
21.594 0
21.588 0
21.582 0
21.576 0
21.57 0
21.564 0
21.558 0
21.552 0
21.546 0
21.54 0
21.534 0
21.528 0
21.522 0
21.516 0
21.51 0
21.504 0
21.498 0
21.492 0
21.486 0
21.48 0
21.474 0
21.468 0
21.462 0
21.456 0
21.45 0
21.444 0
21.438 0
21.432 0
21.426 0
21.42 0
21.414 0
21.408 0
21.402 0
21.396 0
21.39 0
21.384 0
21.378 0
21.372 0
21.366 0
21.36 0
21.354 0
21.348 0
21.342 0
21.336 0
21.33 0
21.324 0
21.318 0
21.312 0
21.306 0
21.3 0
21.294 0
21.288 0
21.282 0
21.276 0
21.27 0
21.264 0
21.258 0
21.252 0
21.246 0
21.24 0
21.234 0
21.228 0
21.222 0
21.216 0
21.21 0
21.204 0
21.198 0
21.192 0
21.186 0
21.18 0
21.174 0
21.168 0
21.162 0
21.156 0
21.15 0
21.144 0
21.138 0
21.132 0
21.126 0
21.12 0
21.114 0
21.108 0
21.102 0
21.096 0
21.09 0
21.084 0
21.078 0
21.072 0
21.066 0
21.06 0
21.054 0
21.048 0
21.042 0
21.036 0
21.03 0
21.024 0
21.018 0
21.012 0
21.006 0
21 0
20.994 0
20.988 0
20.982 0
20.976 0
20.97 0
20.964 0
20.958 0
20.952 0
20.946 0
20.94 0
20.934 0
20.928 0
20.922 0
20.916 0
20.91 0
20.904 0
20.898 0
20.892 0
20.886 0
20.88 0
20.874 0
20.868 0
20.862 0
20.856 0
20.85 0
20.844 0
20.838 0
20.832 0
20.826 0
20.82 0
20.814 0
20.808 0
20.802 0
20.796 0
20.79 0
20.784 0
20.778 0
20.772 0
20.766 0
20.76 0
20.754 0
20.748 0
20.742 0
20.736 0
20.73 0
20.724 0
20.718 0
20.712 0
20.706 0
20.7 0
20.694 0
20.688 0
20.682 0
20.676 0
20.67 0
20.664 0
20.658 0
20.652 0
20.646 0
20.64 0
20.634 0
20.628 0
20.622 0
20.616 0
20.61 0
20.604 0
20.598 0
20.592 0
20.586 0
20.58 0
20.574 0
20.568 0
20.562 0
20.556 0
20.55 0
20.544 0
20.538 0
20.532 0
20.526 0
20.52 0
20.514 0
20.508 0
20.502 0
20.496 0
20.49 0
20.484 0
20.478 0
20.472 0
20.466 0
20.46 0
20.454 0
20.448 0
20.442 0
20.436 0
20.43 0
20.424 0
20.418 0
20.412 0
20.406 0
20.4 0
20.394 0
20.388 0
20.382 0
20.376 0
20.37 0
20.364 0
20.358 0
20.352 0
20.346 0
20.34 0
20.334 0
20.328 0
20.322 0
20.316 0
20.31 0
20.304 0
20.298 0
20.292 0
20.286 0
20.28 0
20.274 0
20.268 0
20.262 0
20.256 0
20.25 0
20.244 0
20.238 0
20.232 0
20.226 0
20.22 0
20.214 0
20.208 0
20.202 0
20.196 0
20.19 0
20.184 0
20.178 0
20.172 0
20.166 0
20.16 0
20.154 0
20.148 0
20.142 0
20.136 0
20.13 0
20.124 0
20.118 0
20.112 0
20.106 0
20.1 0
20.094 0
20.088 0
20.082 0
20.076 0
20.07 0
20.064 0
20.058 0
20.052 0
20.046 0
20.04 0
20.034 0
20.028 0
20.022 0
20.016 0
20.01 0
20.004 0
19.998 0
19.992 0
19.986 0
19.98 0
19.974 0
19.968 0
19.962 0
19.956 0
19.95 0
19.944 0
19.938 0
19.932 0
19.926 0
19.92 0
19.914 0
19.908 0
19.902 0
19.896 0
19.89 0
19.884 0
19.878 0
19.872 0
19.866 0
19.86 0
19.854 0
19.848 0
19.842 0
19.836 0
19.83 0
19.824 0
19.818 0
19.812 0
19.806 0
19.8 0
19.794 0
19.788 0
19.782 0
19.776 0
19.77 0
19.764 0
19.758 0
19.752 0
19.746 0
19.74 0
19.734 0
19.728 0
19.722 0
19.716 0
19.71 0
19.704 0
19.698 0
19.692 0
19.686 0
19.68 0
19.674 0
19.668 0
19.662 0
19.656 0
19.65 0
19.644 0
19.638 0
19.632 0
19.626 0
19.62 0
19.614 0
19.608 0
19.602 0
19.596 0
19.59 0
19.584 0
19.578 0
19.572 0
19.566 0
19.56 0
19.554 0
19.548 0
19.542 0
19.536 0
19.53 0
19.524 0
19.518 0
19.512 0
19.506 0
19.5 0
19.494 0
19.488 0
19.482 0
19.476 0
19.47 0
19.464 0
19.458 0
19.452 0
19.446 0
19.44 0
19.434 0
19.428 0
19.422 0
19.416 0
19.41 0
19.404 0
19.398 0
19.392 0
19.386 0
19.38 0
19.374 0
19.368 0
19.362 0
19.356 0
19.35 0
19.344 0
19.338 0
19.332 0
19.326 0
19.32 0
19.314 0
19.308 0
19.302 0
19.296 0
19.29 0
19.284 0
19.278 0
19.272 0
19.266 0
19.26 0
19.254 0
19.248 0
19.242 0
19.236 0
19.23 0
19.224 0
19.218 0
19.212 0
19.206 0
19.2 0
19.194 0
19.188 0
19.182 0
19.176 0
19.17 0
19.164 0
19.158 0
19.152 0
19.146 0
19.14 0
19.134 0
19.128 0
19.122 0
19.116 0
19.11 0
19.104 0
19.098 0
19.092 0
19.086 0
19.08 0
19.074 0
19.068 0
19.062 0
19.056 0
19.05 0
19.044 0
19.038 0
19.032 0
19.026 0
19.02 0
19.014 0
19.008 0
19.002 0
18.996 0
18.99 0
18.984 0
18.978 0
18.972 0
18.966 0
18.96 0
18.954 0
18.948 0
18.942 0
18.936 0
18.93 0
18.924 0
18.918 0
18.912 0
18.906 0
18.9 0
18.894 0
18.888 0
18.882 0
18.876 0
18.87 0
18.864 0
18.858 0
18.852 0
18.846 0
18.84 0
18.834 0
18.828 0
18.822 0
18.816 0
18.81 0
18.804 0
18.798 0
18.792 0
18.786 0
18.78 0
18.774 0
18.768 0
18.762 0
18.756 0
18.75 0
18.744 0
18.738 0
18.732 0
18.726 0
18.72 0
18.714 0
18.708 0
18.702 0
18.696 0
18.69 0
18.684 0
18.678 0
18.672 0
18.666 0
18.66 0
18.654 0
18.648 0
18.642 0
18.636 0
18.63 0
18.624 0
18.618 0
18.612 0
18.606 0
18.6 0
18.594 0
18.588 0
18.582 0
18.576 0
18.57 0
18.564 0
18.558 0
18.552 0
18.546 0
18.54 0
18.534 0
18.528 0
18.522 0
18.516 0
18.51 0
18.504 0
18.498 0
18.492 0
18.486 0
18.48 0
18.474 0
18.468 0
18.462 0
18.456 0
18.45 0
18.444 0
18.438 0
18.432 0
18.426 0
18.42 0
18.414 0
18.408 0
18.402 0
18.396 0
18.39 0
18.384 0
18.378 0
18.372 0
18.366 0
18.36 0
18.354 0
18.348 0
18.342 0
18.336 0
18.33 0
18.324 0
18.318 0
18.312 0
18.306 0
18.3 0
18.294 0
18.288 0
18.282 0
18.276 0
18.27 0
18.264 0
18.258 0
18.252 0
18.246 0
18.24 0
18.234 0
18.228 0
18.222 0
18.216 0
18.21 0
18.204 0
18.198 0
18.192 0
18.186 0
18.18 0
18.174 0
18.168 0
18.162 0
18.156 0
18.15 0
18.144 0
18.138 0
18.132 0
18.126 0
18.12 0
18.114 0
18.108 0
18.102 0
18.096 0
18.09 0
18.084 0
18.078 0
18.072 0
18.066 0
18.06 0
18.054 0
18.048 0
18.042 0
18.036 0
18.03 0
18.024 0
18.018 0
18.012 0
18.006 0
18 0
17.994 0
17.988 0
17.982 0
17.976 0
17.97 0
17.964 0
17.958 0
17.952 0
17.946 0
17.94 0
17.934 0
17.928 0
17.922 0
17.916 0
17.91 0
17.904 0
17.898 0
17.892 0
17.886 0
17.88 0
17.874 0
17.868 0
17.862 0
17.856 0
17.85 0
17.844 0
17.838 0
17.832 0
17.826 0
17.82 0
17.814 0
17.808 0
17.802 0
17.796 0
17.79 0
17.784 0
17.778 0
17.772 0
17.766 0
17.76 0
17.754 0
17.748 0
17.742 0
17.736 0
17.73 0
17.724 0
17.718 0
17.712 0
17.706 0
17.7 0
17.694 0
17.688 0
17.682 0
17.676 0
17.67 0
17.664 0
17.658 0
17.652 0
17.646 0
17.64 0
17.634 0
17.628 0
17.622 0
17.616 0
17.61 0
17.604 0
17.598 0
17.592 0
17.586 0
17.58 0
17.574 0
17.568 0
17.562 0
17.556 0
17.55 0
17.544 0
17.538 0
17.532 0
17.526 0
17.52 0
17.514 0
17.508 0
17.502 0
17.496 0
17.49 0
17.484 0
17.478 0
17.472 0
17.466 0
17.46 0
17.454 0
17.448 0
17.442 0
17.436 0
17.43 0
17.424 0
17.418 0
17.412 0
17.406 0
17.4 0
17.394 0
17.388 0
17.382 0
17.376 0
17.37 0
17.364 0
17.358 0
17.352 0
17.346 0
17.34 0
17.334 0
17.328 0
17.322 0
17.316 0
17.31 0
17.304 0
17.298 0
17.292 0
17.286 0
17.28 0
17.274 0
17.268 0
17.262 0
17.256 0
17.25 0
17.244 0
17.238 0
17.232 0
17.226 0
17.22 0
17.214 0
17.208 0
17.202 0
17.196 0
17.19 0
17.184 0
17.178 0
17.172 0
17.166 0
17.16 0
17.154 0
17.148 0
17.142 0
17.136 0
17.13 0
17.124 0
17.118 0
17.112 0
17.106 0
17.1 0
17.094 0
17.088 0
17.082 0
17.076 0
17.07 0
17.064 0
17.058 0
17.052 0
17.046 0
17.04 0
17.034 0
17.028 0
17.022 0
17.016 0
17.01 0
17.004 0
16.998 0
16.992 0
16.986 0
16.98 0
16.974 0
16.968 0
16.962 0
16.956 0
16.95 0
16.944 0
16.938 0
16.932 0
16.926 0
16.92 0
16.914 0
16.908 0
16.902 0
16.896 0
16.89 0
16.884 0
16.878 0
16.872 0
16.866 0
16.86 0
16.854 0
16.848 0
16.842 0
16.836 0
16.83 0
16.824 0
16.818 0
16.812 0
16.806 0
16.8 0
16.794 0
16.788 0
16.782 0
16.776 0
16.77 0
16.764 0
16.758 0
16.752 0
16.746 0
16.74 0
16.734 0
16.728 0
16.722 0
16.716 0
16.71 0
16.704 0
16.698 0
16.692 0
16.686 0
16.68 0
16.674 0
16.668 0
16.662 0
16.656 0
16.65 0
16.644 0
16.638 0
16.632 0
16.626 0
16.62 0
16.614 0
16.608 0
16.602 0
16.596 0
16.59 0
16.584 0
16.578 0
16.572 0
16.566 0
16.56 0
16.554 0
16.548 0
16.542 0
16.536 0
16.53 0
16.524 0
16.518 0
16.512 0
16.506 0
16.5 0
16.494 0
16.488 0
16.482 0
16.476 0
16.47 0
16.464 0
16.458 0
16.452 0
16.446 0
16.44 0
16.434 0
16.428 0
16.422 0
16.416 0
16.41 0
16.404 0
16.398 0
16.392 0
16.386 0
16.38 0
16.374 0
16.368 0
16.362 0
16.356 0
16.35 0
16.344 0
16.338 0
16.332 0
16.326 0
16.32 0
16.314 0
16.308 0
16.302 0
16.296 0
16.29 0
16.284 0
16.278 0
16.272 0
16.266 0
16.26 0
16.254 0
16.248 0
16.242 0
16.236 0
16.23 0
16.224 0
16.218 0
16.212 0
16.206 0
16.2 0
16.194 0
16.188 0
16.182 0
16.176 0
16.17 0
16.164 0
16.158 0
16.152 0
16.146 0
16.14 0
16.134 0
16.128 0
16.122 0
16.116 0
16.11 0
16.104 0
16.098 0
16.092 0
16.086 0
16.08 0
16.074 0
16.068 0
16.062 0
16.056 0
16.05 0
16.044 0
16.038 0
16.032 0
16.026 0
16.02 0
16.014 0
16.008 0
16.002 0
15.996 0
15.99 0
15.984 0
15.978 0
15.972 0
15.966 0
15.96 0
15.954 0
15.948 0
15.942 0
15.936 0
15.93 0
15.924 0
15.918 0
15.912 0
15.906 0
15.9 0
15.894 0
15.888 0
15.882 0
15.876 0
15.87 0
15.864 0
15.858 0
15.852 0
15.846 0
15.84 0
15.834 0
15.828 0
15.822 0
15.816 0
15.81 0
15.804 0
15.798 0
15.792 0
15.786 0
15.78 0
15.774 0
15.768 0
15.762 0
15.756 0
15.75 0
15.744 0
15.738 0
15.732 0
15.726 0
15.72 0
15.714 0
15.708 0
15.702 0
15.696 0
15.69 0
15.684 0
15.678 0
15.672 0
15.666 0
15.66 0
15.654 0
15.648 0
15.642 0
15.636 0
15.63 0
15.624 0
15.618 0
15.612 0
15.606 0
15.6 0
15.594 0
15.588 0
15.582 0
15.576 0
15.57 0
15.564 0
15.558 0
15.552 0
15.546 0
15.54 0
15.534 0
15.528 0
15.522 0
15.516 0
15.51 0
15.504 0
15.498 0
15.492 0
15.486 0
15.48 0
15.474 0
15.468 0
15.462 0
15.456 0
15.45 0
15.444 0
15.438 0
15.432 0
15.426 0
15.42 0
15.414 0
15.408 0
15.402 0
15.396 0
15.39 0
15.384 0
15.378 0
15.372 0
15.366 0
15.36 0
15.354 0
15.348 0
15.342 0
15.336 0
15.33 0
15.324 0
15.318 0
15.312 0
15.306 0
15.3 0
15.294 0
15.288 0
15.282 0
15.276 0
15.27 0
15.264 0
15.258 0
15.252 0
15.246 0
15.24 0
15.234 0
15.228 0
15.222 0
15.216 0
15.21 0
15.204 0
15.198 0
15.192 0
15.186 0
15.18 0
15.174 0
15.168 0
15.162 0
15.156 0
15.15 0
15.144 0
15.138 0
15.132 0
15.126 0
15.12 0
15.114 0
15.108 0
15.102 0
15.096 0
15.09 0
15.084 0
15.078 0
15.072 0
15.066 0
15.06 0
15.054 0
15.048 0
15.042 0
15.036 0
15.03 0
15.024 0
15.018 0
15.012 0
15.006 0
15 0
14.994 0
14.988 0
14.982 0
14.976 0
14.97 0
14.964 0
14.958 0
14.952 0
14.946 0
14.94 0
14.934 0
14.928 0
14.922 0
14.916 0
14.91 0
14.904 0
14.898 0
14.892 0
14.886 0
14.88 0
14.874 0
14.868 0
14.862 0
14.856 0
14.85 0
14.844 0
14.838 0
14.832 0
14.826 0
14.82 0
14.814 0
14.808 0
14.802 0
14.796 0
14.79 0
14.784 0
14.778 0
14.772 0
14.766 0
14.76 0
14.754 0
14.748 0
14.742 0
14.736 0
14.73 0
14.724 0
14.718 0
14.712 0
14.706 0
14.7 0
14.694 0
14.688 0
14.682 0
14.676 0
14.67 0
14.664 0
14.658 0
14.652 0
14.646 0
14.64 0
14.634 0
14.628 0
14.622 0
14.616 0
14.61 0
14.604 0
14.598 0
14.592 0
14.586 0
14.58 0
14.574 0
14.568 0
14.562 0
14.556 0
14.55 0
14.544 0
14.538 0
14.532 0
14.526 0
14.52 0
14.514 0
14.508 0
14.502 0
14.496 0
14.49 0
14.484 0
14.478 0
14.472 0
14.466 0
14.46 0
14.454 0
14.448 0
14.442 0
14.436 0
14.43 0
14.424 0
14.418 0
14.412 0
14.406 0
14.4 0
14.394 0
14.388 0
14.382 0
14.376 0
14.37 0
14.364 0
14.358 0
14.352 0
14.346 0
14.34 0
14.334 0
14.328 0
14.322 0
14.316 0
14.31 0
14.304 0
14.298 0
14.292 0
14.286 0
14.28 0
14.274 0
14.268 0
14.262 0
14.256 0
14.25 0
14.244 0
14.238 0
14.232 0
14.226 0
14.22 0
14.214 0
14.208 0
14.202 0
14.196 0
14.19 0
14.184 0
14.178 0
14.172 0
14.166 0
14.16 0
14.154 0
14.148 0
14.142 0
14.136 0
14.13 0
14.124 0
14.118 0
14.112 0
14.106 0
14.1 0
14.094 0
14.088 0
14.082 0
14.076 0
14.07 0
14.064 0
14.058 0
14.052 0
14.046 0
14.04 0
14.034 0
14.028 0
14.022 0
14.016 0
14.01 0
14.004 0
13.998 0
13.992 0
13.986 0
13.98 0
13.974 0
13.968 0
13.962 0
13.956 0
13.95 0
13.944 0
13.938 0
13.932 0
13.926 0
13.92 0
13.914 0
13.908 0
13.902 0
13.896 0
13.89 0
13.884 0
13.878 0
13.872 0
13.866 0
13.86 0
13.854 0
13.848 0
13.842 0
13.836 0
13.83 0
13.824 0
13.818 0
13.812 0
13.806 0
13.8 0
13.794 0
13.788 0
13.782 0
13.776 0
13.77 0
13.764 0
13.758 0
13.752 0
13.746 0
13.74 0
13.734 0
13.728 0
13.722 0
13.716 0
13.71 0
13.704 0
13.698 0
13.692 0
13.686 0
13.68 0
13.674 0
13.668 0
13.662 0
13.656 0
13.65 0
13.644 0
13.638 0
13.632 0
13.626 0
13.62 0
13.614 0
13.608 0
13.602 0
13.596 0
13.59 0
13.584 0
13.578 0
13.572 0
13.566 0
13.56 0
13.554 0
13.548 0
13.542 0
13.536 0
13.53 0
13.524 0
13.518 0
13.512 0
13.506 0
13.5 0
13.494 0
13.488 0
13.482 0
13.476 0
13.47 0
13.464 0
13.458 0
13.452 0
13.446 0
13.44 0
13.434 0
13.428 0
13.422 0
13.416 0
13.41 0
13.404 0
13.398 0
13.392 0
13.386 0
13.38 0
13.374 0
13.368 0
13.362 0
13.356 0
13.35 0
13.344 0
13.338 0
13.332 0
13.326 0
13.32 0
13.314 0
13.308 0
13.302 0
13.296 0
13.29 0
13.284 0
13.278 0
13.272 0
13.266 0
13.26 0
13.254 0
13.248 0
13.242 0
13.236 0
13.23 0
13.224 0
13.218 0
13.212 0
13.206 0
13.2 0
13.194 0
13.188 0
13.182 0
13.176 0
13.17 0
13.164 0
13.158 0
13.152 0
13.146 0
13.14 0
13.134 0
13.128 0
13.122 0
13.116 0
13.11 0
13.104 0
13.098 0
13.092 0
13.086 0
13.08 0
13.074 0
13.068 0
13.062 0
13.056 0
13.05 0
13.044 0
13.038 0
13.032 0
13.026 0
13.02 0
13.014 0
13.008 0
13.002 0
12.996 0
12.99 0
12.984 0
12.978 0
12.972 0
12.966 0
12.96 0
12.954 0
12.948 0
12.942 0
12.936 0
12.93 0
12.924 0
12.918 0
12.912 0
12.906 0
12.9 0
12.894 0
12.888 0
12.882 0
12.876 0
12.87 0
12.864 0
12.858 0
12.852 0
12.846 0
12.84 0
12.834 0
12.828 0
12.822 0
12.816 0
12.81 0
12.804 0
12.798 0
12.792 0
12.786 0
12.78 0
12.774 0
12.768 0
12.762 0
12.756 0
12.75 0
12.744 0
12.738 0
12.732 0
12.726 0
12.72 0
12.714 0
12.708 0
12.702 0
12.696 0
12.69 0
12.684 0
12.678 0
12.672 0
12.666 0
12.66 0
12.654 0
12.648 0
12.642 0
12.636 0
12.63 0
12.624 0
12.618 0
12.612 0
12.606 0
12.6 0
12.594 0
12.588 0
12.582 0
12.576 0
12.57 0
12.564 0
12.558 0
12.552 0
12.546 0
12.54 0
12.534 0
12.528 0
12.522 0
12.516 0
12.51 0
12.504 0
12.498 0
12.492 0
12.486 0
12.48 0
12.474 0
12.468 0
12.462 0
12.456 0
12.45 0
12.444 0
12.438 0
12.432 0
12.426 0
12.42 0
12.414 0
12.408 0
12.402 0
12.396 0
12.39 0
12.384 0
12.378 0
12.372 0
12.366 0
12.36 0
12.354 0
12.348 0
12.342 0
12.336 0
12.33 0
12.324 0
12.318 0
12.312 0
12.306 0
12.3 0
12.294 0
12.288 0
12.282 0
12.276 0
12.27 0
12.264 0
12.258 0
12.252 0
12.246 0
12.24 0
12.234 0
12.228 0
12.222 0
12.216 0
12.21 0
12.204 0
12.198 0
12.192 0
12.186 0
12.18 0
12.174 0
12.168 0
12.162 0
12.156 0
12.15 0
12.144 0
12.138 0
12.132 0
12.126 0
12.12 0
12.114 0
12.108 0
12.102 0
12.096 0
12.09 0
12.084 0
12.078 0
12.072 0
12.066 0
12.06 0
12.054 0
12.048 0
12.042 0
12.036 0
12.03 0
12.024 0
12.018 0
12.012 0
12.006 0
12 0
11.994 0
11.988 0
11.982 0
11.976 0
11.97 0
11.964 0
11.958 0
11.952 0
11.946 0
11.94 0
11.934 0
11.928 0
11.922 0
11.916 0
11.91 0
11.904 0
11.898 0
11.892 0
11.886 0
11.88 0
11.874 0
11.868 0
11.862 0
11.856 0
11.85 0
11.844 0
11.838 0
11.832 0
11.826 0
11.82 0
11.814 0
11.808 0
11.802 0
11.796 0
11.79 0
11.784 0
11.778 0
11.772 0
11.766 0
11.76 0
11.754 0
11.748 0
11.742 0
11.736 0
11.73 0
11.724 0
11.718 0
11.712 0
11.706 0
11.7 0
11.694 0
11.688 0
11.682 0
11.676 0
11.67 0
11.664 0
11.658 0
11.652 0
11.646 0
11.64 0
11.634 0
11.628 0
11.622 0
11.616 0
11.61 0
11.604 0
11.598 0
11.592 0
11.586 0
11.58 0
11.574 0
11.568 0
11.562 0
11.556 0
11.55 0
11.544 0
11.538 0
11.532 0
11.526 0
11.52 0
11.514 0
11.508 0
11.502 0
11.496 0
11.49 0
11.484 0
11.478 0
11.472 0
11.466 0
11.46 0
11.454 0
11.448 0
11.442 0
11.436 0
11.43 0
11.424 0
11.418 0
11.412 0
11.406 0
11.4 0
11.394 0
11.388 0
11.382 0
11.376 0
11.37 0
11.364 0
11.358 0
11.352 0
11.346 0
11.34 0
11.334 0
11.328 0
11.322 0
11.316 0
11.31 0
11.304 0
11.298 0
11.292 0
11.286 0
11.28 0
11.274 0
11.268 0
11.262 0
11.256 0
11.25 0
11.244 0
11.238 0
11.232 0
11.226 0
11.22 0
11.214 0
11.208 0
11.202 0
11.196 0
11.19 0
11.184 0
11.178 0
11.172 0
11.166 0
11.16 0
11.154 0
11.148 0
11.142 0
11.136 0
11.13 0
11.124 0
11.118 0
11.112 0
11.106 0
11.1 0
11.094 0
11.088 0
11.082 0
11.076 0
11.07 0
11.064 0
11.058 0
11.052 0
11.046 0
11.04 0
11.034 0
11.028 0
11.022 0
11.016 0
11.01 0
11.004 0
10.998 0
10.992 0
10.986 0
10.98 0
10.974 0
10.968 0
10.962 0
10.956 0
10.95 0
10.944 0
10.938 0
10.932 0
10.926 0
10.92 0
10.914 0
10.908 0
10.902 0
10.896 0
10.89 0
10.884 0
10.878 0
10.872 0
10.866 0
10.86 0
10.854 0
10.848 0
10.842 0
10.836 0
10.83 0
10.824 0
10.818 0
10.812 0
10.806 0
10.8 0
10.794 0
10.788 0
10.782 0
10.776 0
10.77 0
10.764 0
10.758 0
10.752 0
10.746 0
10.74 0
10.734 0
10.728 0
10.722 0
10.716 0
10.71 0
10.704 0
10.698 0
10.692 0
10.686 0
10.68 0
10.674 0
10.668 0
10.662 0
10.656 0
10.65 0
10.644 0
10.638 0
10.632 0
10.626 0
10.62 0
10.614 0
10.608 0
10.602 0
10.596 0
10.59 0
10.584 0
10.578 0
10.572 0
10.566 0
10.56 0
10.554 0
10.548 0
10.542 0
10.536 0
10.53 0
10.524 0
10.518 0
10.512 0
10.506 0
10.5 0
10.494 0
10.488 0
10.482 0
10.476 0
10.47 0
10.464 0
10.458 0
10.452 0
10.446 0
10.44 0
10.434 0
10.428 0
10.422 0
10.416 0
10.41 0
10.404 0
10.398 0
10.392 0
10.386 0
10.38 0
10.374 0
10.368 0
10.362 0
10.356 0
10.35 0
10.344 0
10.338 0
10.332 0
10.326 0
10.32 0
10.314 0
10.308 0
10.302 0
10.296 0
10.29 0
10.284 0
10.278 0
10.272 0
10.266 0
10.26 0
10.254 0
10.248 0
10.242 0
10.236 0
10.23 0
10.224 0
10.218 0
10.212 0
10.206 0
10.2 0
10.194 0
10.188 0
10.182 0
10.176 0
10.17 0
10.164 0
10.158 0
10.152 0
10.146 0
10.14 0
10.134 0
10.128 0
10.122 0
10.116 0
10.11 0
10.104 0
10.098 0
10.092 0
10.086 0
10.08 0
10.074 0
10.068 0
10.062 0
10.056 0
10.05 0
10.044 0
10.038 0
10.032 0
10.026 0
10.02 0
10.014 0
10.008 0
10.002 0
9.996 0
9.99 0
9.984 0
9.978 0
9.972 0
9.966 0
9.96 0
9.954 0
9.948 0
9.942 0
9.936 0
9.93 0
9.924 0
9.918 0
9.912 0
9.906 0
9.9 0
9.894 0
9.888 0
9.882 0
9.876 0
9.87 0
9.864 0
9.858 0
9.852 0
9.846 0
9.84 0
9.834 0
9.828 0
9.822 0
9.816 0
9.81 0
9.804 0
9.798 0
9.792 0
9.786 0
9.78 0
9.774 0
9.768 0
9.762 0
9.756 0
9.75 0
9.744 0
9.738 0
9.732 0
9.726 0
9.72 0
9.714 0
9.708 0
9.702 0
9.696 0
9.69 0
9.684 0
9.678 0
9.672 0
9.666 0
9.66 0
9.654 0
9.648 0
9.642 0
9.636 0
9.63 0
9.624 0
9.618 0
9.612 0
9.606 0
9.6 0
9.594 0
9.588 0
9.582 0
9.576 0
9.57 0
9.564 0
9.558 0
9.552 0
9.546 0
9.54 0
9.534 0
9.528 0
9.522 0
9.516 0
9.51 0
9.504 0
9.498 0
9.492 0
9.486 0
9.48 0
9.474 0
9.468 0
9.462 0
9.456 0
9.45 0
9.444 0
9.438 0
9.432 0
9.426 0
9.42 0
9.414 0
9.408 0
9.402 0
9.396 0
9.39 0
9.384 0
9.378 0
9.372 0
9.366 0
9.36 0
9.354 0
9.348 0
9.342 0
9.336 0
9.33 0
9.324 0
9.318 0
9.312 0
9.306 0
9.3 0
9.294 0
9.288 0
9.282 0
9.276 0
9.27 0
9.264 0
9.258 0
9.252 0
9.246 0
9.24 0
9.234 0
9.228 0
9.222 0
9.216 0
9.21 0
9.204 0
9.198 0
9.192 0
9.186 0
9.18 0
9.174 0
9.168 0
9.162 0
9.156 0
9.15 0
9.144 0
9.138 0
9.132 0
9.126 0
9.12 0
9.114 0
9.108 0
9.102 0
9.096 0
9.09 0
9.084 0
9.078 0
9.072 0
9.066 0
9.06 0
9.054 0
9.048 0
9.042 0
9.036 0
9.03 0
9.024 0
9.018 0
9.012 0
9.006 0
9 0
8.994 0
8.988 0
8.982 0
8.976 0
8.97 0
8.964 0
8.958 0
8.952 0
8.946 0
8.94 0
8.934 0
8.928 0
8.922 0
8.916 0
8.91 0
8.904 0
8.898 0
8.892 0
8.886 0
8.88 0
8.874 0
8.868 0
8.862 0
8.856 0
8.85 0
8.844 0
8.838 0
8.832 0
8.826 0
8.82 0
8.814 0
8.808 0
8.802 0
8.796 0
8.79 0
8.784 0
8.778 0
8.772 0
8.766 0
8.76 0
8.754 0
8.748 0
8.742 0
8.736 0
8.73 0
8.724 0
8.718 0
8.712 0
8.706 0
8.7 0
8.694 0
8.688 0
8.682 0
8.676 0
8.67 0
8.664 0
8.658 0
8.652 0
8.646 0
8.64 0
8.634 0
8.628 0
8.622 0
8.616 0
8.61 0
8.604 0
8.598 0
8.592 0
8.586 0
8.58 0
8.574 0
8.568 0
8.562 0
8.556 0
8.55 0
8.544 0
8.538 0
8.532 0
8.526 0
8.52 0
8.514 0
8.508 0
8.502 0
8.496 0
8.49 0
8.484 0
8.478 0
8.472 0
8.466 0
8.46 0
8.454 0
8.448 0
8.442 0
8.436 0
8.43 0
8.424 0
8.418 0
8.412 0
8.406 0
8.4 0
8.394 0
8.388 0
8.382 0
8.376 0
8.37 0
8.364 0
8.358 0
8.352 0
8.346 0
8.34 0
8.334 0
8.328 0
8.322 0
8.316 0
8.31 0
8.304 0
8.298 0
8.292 0
8.286 0
8.28 0
8.274 0
8.268 0
8.262 0
8.256 0
8.25 0
8.244 0
8.238 0
8.232 0
8.226 0
8.22 0
8.214 0
8.208 0
8.202 0
8.196 0
8.19 0
8.184 0
8.178 0
8.172 0
8.166 0
8.16 0
8.154 0
8.148 0
8.142 0
8.136 0
8.13 0
8.124 0
8.118 0
8.112 0
8.106 0
8.1 0
8.094 0
8.088 0
8.082 0
8.076 0
8.07 0
8.064 0
8.058 0
8.052 0
8.046 0
8.04 0
8.034 0
8.028 0
8.022 0
8.016 0
8.01 0
8.004 0
7.998 0
7.992 0
7.986 0
7.98 0
7.974 0
7.968 0
7.962 0
7.956 0
7.95 0
7.944 0
7.938 0
7.932 0
7.926 0
7.92 0
7.914 0
7.908 0
7.902 0
7.896 0
7.89 0
7.884 0
7.878 0
7.872 0
7.866 0
7.86 0
7.854 0
7.848 0
7.842 0
7.836 0
7.83 0
7.824 0
7.818 0
7.812 0
7.806 0
7.8 0
7.794 0
7.788 0
7.782 0
7.776 0
7.77 0
7.764 0
7.758 0
7.752 0
7.746 0
7.74 0
7.734 0
7.728 0
7.722 0
7.716 0
7.71 0
7.704 0
7.698 0
7.692 0
7.686 0
7.68 0
7.674 0
7.668 0
7.662 0
7.656 0
7.65 0
7.644 0
7.638 0
7.632 0
7.626 0
7.62 0
7.614 0
7.608 0
7.602 0
7.596 0
7.59 0
7.584 0
7.578 0
7.572 0
7.566 0
7.56 0
7.554 0
7.548 0
7.542 0
7.536 0
7.53 0
7.524 0
7.518 0
7.512 0
7.506 0
7.5 0
7.494 0
7.488 0
7.482 0
7.476 0
7.47 0
7.464 0
7.458 0
7.452 0
7.446 0
7.44 0
7.434 0
7.428 0
7.422 0
7.416 0
7.41 0
7.404 0
7.398 0
7.392 0
7.386 0
7.38 0
7.374 0
7.368 0
7.362 0
7.356 0
7.35 0
7.344 0
7.338 0
7.332 0
7.326 0
7.32 0
7.314 0
7.308 0
7.302 0
7.296 0
7.29 0
7.284 0
7.278 0
7.272 0
7.266 0
7.26 0
7.254 0
7.248 0
7.242 0
7.236 0
7.23 0
7.224 0
7.218 0
7.212 0
7.206 0
7.2 0
7.194 0
7.188 0
7.182 0
7.176 0
7.17 0
7.164 0
7.158 0
7.152 0
7.146 0
7.14 0
7.134 0
7.128 0
7.122 0
7.116 0
7.11 0
7.104 0
7.098 0
7.092 0
7.086 0
7.08 0
7.074 0
7.068 0
7.062 0
7.056 0
7.05 0
7.044 0
7.038 0
7.032 0
7.026 0
7.02 0
7.014 0
7.008 0
7.002 0
6.996 0
6.99 0
6.984 0
6.978 0
6.972 0
6.966 0
6.96 0
6.954 0
6.948 0
6.942 0
6.936 0
6.93 0
6.924 0
6.918 0
6.912 0
6.906 0
6.9 0
6.894 0
6.888 0
6.882 0
6.876 0
6.87 0
6.864 0
6.858 0
6.852 0
6.846 0
6.84 0
6.834 0
6.828 0
6.822 0
6.816 0
6.81 0
6.804 0
6.798 0
6.792 0
6.786 0
6.78 0
6.774 0
6.768 0
6.762 0
6.756 0
6.75 0
6.744 0
6.738 0
6.732 0
6.726 0
6.72 0
6.714 0
6.708 0
6.702 0
6.696 0
6.69 0
6.684 0
6.678 0
6.672 0
6.666 0
6.66 0
6.654 0
6.648 0
6.642 0
6.636 0
6.63 0
6.624 0
6.618 0
6.612 0
6.606 0
6.6 0
6.594 0
6.588 0
6.582 0
6.576 0
6.57 0
6.564 0
6.558 0
6.552 0
6.546 0
6.54 0
6.534 0
6.528 0
6.522 0
6.516 0
6.51 0
6.504 0
6.498 0
6.492 0
6.486 0
6.48 0
6.474 0
6.468 0
6.462 0
6.456 0
6.45 0
6.444 0
6.438 0
6.432 0
6.426 0
6.42 0
6.414 0
6.408 0
6.402 0
6.396 0
6.39 0
6.384 0
6.378 0
6.372 0
6.366 0
6.36 0
6.354 0
6.348 0
6.342 0
6.336 0
6.33 0
6.324 0
6.318 0
6.312 0
6.306 0
6.3 0
6.294 0
6.288 0
6.282 0
6.276 0
6.27 0
6.264 0
6.258 0
6.252 0
6.246 0
6.24 0
6.234 0
6.228 0
6.222 0
6.216 0
6.21 0
6.204 0
6.198 0
6.192 0
6.186 0
6.18 0
6.174 0
6.168 0
6.162 0
6.156 0
6.15 0
6.144 0
6.138 0
6.132 0
6.126 0
6.12 0
6.114 0
6.108 0
6.102 0
6.096 0
6.09 0
6.084 0
6.078 0
6.072 0
6.066 0
6.06 0
6.054 0
6.048 0
6.042 0
6.036 0
6.03 0
6.024 0
6.018 0
6.012 0
6.006 0
6 0
5.994 0
5.988 0
5.982 0
5.976 0
5.97 0
5.964 0
5.958 0
5.952 0
5.946 0
5.94 0
5.934 0
5.928 0
5.922 0
5.916 0
5.91 0
5.904 0
5.898 0
5.892 0
5.886 0
5.88 0
5.874 0
5.868 0
5.862 0
5.856 0
5.85 0
5.844 0
5.838 0
5.832 0
5.826 0
5.82 0
5.814 0
5.808 0
5.802 0
5.796 0
5.79 0
5.784 0
5.778 0
5.772 0
5.766 0
5.76 0
5.754 0
5.748 0
5.742 0
5.736 0
5.73 0
5.724 0
5.718 0
5.712 0
5.706 0
5.7 0
5.694 0
5.688 0
5.682 0
5.676 0
5.67 0
5.664 0
5.658 0
5.652 0
5.646 0
5.64 0
5.634 0
5.628 0
5.622 0
5.616 0
5.61 0
5.604 0
5.598 0
5.592 0
5.586 0
5.58 0
5.574 0
5.568 0
5.562 0
5.556 0
5.55 0
5.544 0
5.538 0
5.532 0
5.526 0
5.52 0
5.514 0
5.508 0
5.502 0
5.496 0
5.49 0
5.484 0
5.478 0
5.472 0
5.466 0
5.46 0
5.454 0
5.448 0
5.442 0
5.436 0
5.43 0
5.424 0
5.418 0
5.412 0
5.406 0
5.4 0
5.394 0
5.388 0
5.382 0
5.376 0
5.37 0
5.364 0
5.358 0
5.352 0
5.346 0
5.34 0
5.334 0
5.328 0
5.322 0
5.316 0
5.31 0
5.304 0
5.298 0
5.292 0
5.286 0
5.28 0
5.274 0
5.268 0
5.262 0
5.256 0
5.25 0
5.244 0
5.238 0
5.232 0
5.226 0
5.22 0
5.214 0
5.208 0
5.202 0
5.196 0
5.19 0
5.184 0
5.178 0
5.172 0
5.166 0
5.16 0
5.154 0
5.148 0
5.142 0
5.136 0
5.13 0
5.124 0
5.118 0
5.112 0
5.106 0
5.1 0
5.094 0
5.088 0
5.082 0
5.076 0
5.07 0
5.064 0
5.058 0
5.052 0
5.046 0
5.04 0
5.034 0
5.028 0
5.022 0
5.016 0
5.01 0
5.004 0
4.998 0
4.992 0
4.986 0
4.98 0
4.974 0
4.968 0
4.962 0
4.956 0
4.95 0
4.944 0
4.938 0
4.932 0
4.926 0
4.92 0
4.914 0
4.908 0
4.902 0
4.896 0
4.89 0
4.884 0
4.878 0
4.872 0
4.866 0
4.86 0
4.854 0
4.848 0
4.842 0
4.836 0
4.83 0
4.824 0
4.818 0
4.812 0
4.806 0
4.8 0
4.794 0
4.788 0
4.782 0
4.776 0
4.77 0
4.764 0
4.758 0
4.752 0
4.746 0
4.74 0
4.734 0
4.728 0
4.722 0
4.716 0
4.71 0
4.704 0
4.698 0
4.692 0
4.686 0
4.68 0
4.674 0
4.668 0
4.662 0
4.656 0
4.65 0
4.644 0
4.638 0
4.632 0
4.626 0
4.62 0
4.614 0
4.608 0
4.602 0
4.596 0
4.59 0
4.584 0
4.578 0
4.572 0
4.566 0
4.56 0
4.554 0
4.548 0
4.542 0
4.536 0
4.53 0
4.524 0
4.518 0
4.512 0
4.506 0
4.5 0
4.494 0
4.488 0
4.482 0
4.476 0
4.47 0
4.464 0
4.458 0
4.452 0
4.446 0
4.44 0
4.434 0
4.428 0
4.422 0
4.416 0
4.41 0
4.404 0
4.398 0
4.392 0
4.386 0
4.38 0
4.374 0
4.368 0
4.362 0
4.356 0
4.35 0
4.344 0
4.338 0
4.332 0
4.326 0
4.32 0
4.314 0
4.308 0
4.302 0
4.296 0
4.29 0
4.284 0
4.278 0
4.272 0
4.266 0
4.26 0
4.254 0
4.248 0
4.242 0
4.236 0
4.23 0
4.224 0
4.218 0
4.212 0
4.206 0
4.2 0
4.194 0
4.188 0
4.182 0
4.176 0
4.17 0
4.164 0
4.158 0
4.152 0
4.146 0
4.14 0
4.134 0
4.128 0
4.122 0
4.116 0
4.11 0
4.104 0
4.098 0
4.092 0
4.086 0
4.08 0
4.074 0
4.068 0
4.062 0
4.056 0
4.05 0
4.044 0
4.038 0
4.032 0
4.026 0
4.02 0
4.014 0
4.008 0
4.002 0
3.996 0
3.99 0
3.984 0
3.978 0
3.972 0
3.966 0
3.96 0
3.954 0
3.948 0
3.942 0
3.936 0
3.93 0
3.924 0
3.918 0
3.912 0
3.906 0
3.9 0
3.894 0
3.888 0
3.882 0
3.876 0
3.87 0
3.864 0
3.858 0
3.852 0
3.846 0
3.84 0
3.834 0
3.828 0
3.822 0
3.816 0
3.81 0
3.804 0
3.798 0
3.792 0
3.786 0
3.78 0
3.774 0
3.768 0
3.762 0
3.756 0
3.75 0
3.744 0
3.738 0
3.732 0
3.726 0
3.72 0
3.714 0
3.708 0
3.702 0
3.696 0
3.69 0
3.684 0
3.678 0
3.672 0
3.666 0
3.66 0
3.654 0
3.648 0
3.642 0
3.636 0
3.63 0
3.624 0
3.618 0
3.612 0
3.606 0
3.6 0
3.594 0
3.588 0
3.582 0
3.576 0
3.57 0
3.564 0
3.558 0
3.552 0
3.546 0
3.54 0
3.534 0
3.528 0
3.522 0
3.516 0
3.51 0
3.504 0
3.498 0
3.492 0
3.486 0
3.48 0
3.474 0
3.468 0
3.462 0
3.456 0
3.45 0
3.444 0
3.438 0
3.432 0
3.426 0
3.42 0
3.414 0
3.408 0
3.402 0
3.396 0
3.39 0
3.384 0
3.378 0
3.372 0
3.366 0
3.36 0
3.354 0
3.348 0
3.342 0
3.336 0
3.33 0
3.324 0
3.318 0
3.312 0
3.306 0
3.3 0
3.294 0
3.288 0
3.282 0
3.276 0
3.27 0
3.264 0
3.258 0
3.252 0
3.246 0
3.24 0
3.234 0
3.228 0
3.222 0
3.216 0
3.21 0
3.204 0
3.198 0
3.192 0
3.186 0
3.18 0
3.174 0
3.168 0
3.162 0
3.156 0
3.15 0
3.144 0
3.138 0
3.132 0
3.126 0
3.12 0
3.114 0
3.108 0
3.102 0
3.096 0
3.09 0
3.084 0
3.078 0
3.072 0
3.066 0
3.06 0
3.054 0
3.048 0
3.042 0
3.036 0
3.03 0
3.024 0
3.018 0
3.012 0
3.006 0
3 0
2.994 0
2.988 0
2.982 0
2.976 0
2.97 0
2.964 0
2.958 0
2.952 0
2.946 0
2.94 0
2.934 0
2.928 0
2.922 0
2.916 0
2.91 0
2.904 0
2.898 0
2.892 0
2.886 0
2.88 0
2.874 0
2.868 0
2.862 0
2.856 0
2.85 0
2.844 0
2.838 0
2.832 0
2.826 0
2.82 0
2.814 0
2.808 0
2.802 0
2.796 0
2.79 0
2.784 0
2.778 0
2.772 0
2.766 0
2.76 0
2.754 0
2.748 0
2.742 0
2.736 0
2.73 0
2.724 0
2.718 0
2.712 0
2.706 0
2.7 0
2.694 0
2.688 0
2.682 0
2.676 0
2.67 0
2.664 0
2.658 0
2.652 0
2.646 0
2.64 0
2.634 0
2.628 0
2.622 0
2.616 0
2.61 0
2.604 0
2.598 0
2.592 0
2.586 0
2.58 0
2.574 0
2.568 0
2.562 0
2.556 0
2.55 0
2.544 0
2.538 0
2.532 0
2.526 0
2.52 0
2.514 0
2.508 0
2.502 0
2.496 0
2.49 0
2.484 0
2.478 0
2.472 0
2.466 0
2.46 0
2.454 0
2.448 0
2.442 0
2.436 0
2.43 0
2.424 0
2.418 0
2.412 0
2.406 0
2.4 0
2.394 0
2.388 0
2.382 0
2.376 0
2.37 0
2.364 0
2.358 0
2.352 0
2.346 0
2.34 0
2.334 0
2.328 0
2.322 0
2.316 0
2.31 0
2.304 0
2.298 0
2.292 0
2.286 0
2.28 0
2.274 0
2.268 0
2.262 0
2.256 0
2.25 0
2.244 0
2.238 0
2.232 0
2.226 0
2.22 0
2.214 0
2.208 0
2.202 0
2.196 0
2.19 0
2.184 0
2.178 0
2.172 0
2.166 0
2.16 0
2.154 0
2.148 0
2.142 0
2.136 0
2.13 0
2.124 0
2.118 0
2.112 0
2.106 0
2.1 0
2.094 0
2.088 0
2.082 0
2.076 0
2.07 0
2.064 0
2.058 0
2.052 0
2.046 0
2.04 0
2.034 0
2.028 0
2.022 0
2.016 0
2.01 0
2.004 0
1.998 0
1.992 0
1.986 0
1.98 0
1.974 0
1.968 0
1.962 0
1.956 0
1.95 0
1.944 0
1.938 0
1.932 0
1.926 0
1.92 0
1.914 0
1.908 0
1.902 0
1.896 0
1.89 0
1.884 0
1.878 0
1.872 0
1.866 0
1.86 0
1.854 0
1.848 0
1.842 0
1.836 0
1.83 0
1.824 0
1.818 0
1.812 0
1.806 0
1.8 0
1.794 0
1.788 0
1.782 0
1.776 0
1.77 0
1.764 0
1.758 0
1.752 0
1.746 0
1.74 0
1.734 0
1.728 0
1.722 0
1.716 0
1.71 0
1.704 0
1.698 0
1.692 0
1.686 0
1.68 0
1.674 0
1.668 0
1.662 0
1.656 0
1.65 0
1.644 0
1.638 0
1.632 0
1.626 0
1.62 0
1.614 0
1.608 0
1.602 0
1.596 0
1.59 0
1.584 0
1.578 0
1.572 0
1.566 0
1.56 0
1.554 0
1.548 0
1.542 0
1.536 0
1.53 0
1.524 0
1.518 0
1.512 0
1.506 0
1.5 0
1.494 0
1.488 0
1.482 0
1.476 0
1.47 0
1.464 0
1.458 0
1.452 0
1.446 0
1.44 0
1.434 0
1.428 0
1.422 0
1.416 0
1.41 0
1.404 0
1.398 0
1.392 0
1.386 0
1.38 0
1.374 0
1.368 0
1.362 0
1.356 0
1.35 0
1.344 0
1.338 0
1.332 0
1.326 0
1.32 0
1.314 0
1.308 0
1.302 0
1.296 0
1.29 0
1.284 0
1.278 0
1.272 0
1.266 0
1.26 0
1.254 0
1.248 0
1.242 0
1.236 0
1.23 0
1.224 0
1.218 0
1.212 0
1.206 0
1.2 0
1.194 0
1.188 0
1.182 0
1.176 0
1.17 0
1.164 0
1.158 0
1.152 0
1.146 0
1.14 0
1.134 0
1.128 0
1.122 0
1.116 0
1.11 0
1.104 0
1.098 0
1.092 0
1.086 0
1.08 0
1.074 0
1.068 0
1.062 0
1.056 0
1.05 0
1.044 0
1.038 0
1.032 0
1.026 0
1.02 0
1.014 0
1.008 0
1.002 0
0.996 0
0.99 0
0.984 0
0.978 0
0.972 0
0.966 0
0.96 0
0.954 0
0.948 0
0.942 0
0.936 0
0.93 0
0.924 0
0.918 0
0.912 0
0.906 0
0.9 0
0.894 0
0.888 0
0.882 0
0.876 0
0.87 0
0.864 0
0.858 0
0.852 0
0.846 0
0.84 0
0.834 0
0.828 0
0.822 0
0.816 0
0.81 0
0.804 0
0.798 0
0.792 0
0.786 0
0.78 0
0.774 0
0.768 0
0.762 0
0.756 0
0.75 0
0.744 0
0.738 0
0.732 0
0.726 0
0.72 0
0.714 0
0.708 0
0.702 0
0.696 0
0.69 0
0.684 0
0.678 0
0.672 0
0.666 0
0.66 0
0.654 0
0.648 0
0.642 0
0.636 0
0.63 0
0.624 0
0.618 0
0.612 0
0.606 0
0.6 0
0.594 0
0.588 0
0.582 0
0.576 0
0.57 0
0.564 0
0.558 0
0.552 0
0.546 0
0.54 0
0.534 0
0.528 0
0.522 0
0.516 0
0.51 0
0.504 0
0.498 0
0.492 0
0.486 0
0.48 0
0.474 0
0.468 0
0.462 0
0.456 0
0.45 0
0.444 0
0.438 0
0.432 0
0.426 0
0.42 0
0.414 0
0.408 0
0.402 0
0.396 0
0.39 0
0.384 0
0.378 0
0.372 0
0.366 0
0.36 0
0.354 0
0.348 0
0.342 0
0.336 0
0.33 0
0.324 0
0.318 0
0.312 0
0.306 0
0.3 0
0.294 0
0.288 0
0.282 0
0.276 0
0.27 0
0.264 0
0.258 0
0.252 0
0.246 0
0.24 0
0.234 0
0.228 0
0.222 0
0.216 0
0.21 0
0.204 0
0.198 0
0.192 0
0.186 0
0.18 0
0.174 0
0.168 0
0.162 0
0.156 0
0.15 0
0.144 0
0.138 0
0.132 0
0.126 0
0.12 0
0.114 0
0.108 0
0.102 0
0.096 0
0.09 0
0.084 0
0.078 0
0.072 0
0.066 0
0.06 0
0.054 0
0.048 0
0.042 0
0.036 0
0.03 0
0.024 0
0.018 0
0.012 0
0.006 0
0 0
