reduced chi squared =       -0.00000
convergence status:       0
parameters:         
   1     activ1            +0.0000000000            +0.0000000000
   2     activ2            +0.0000000000            +0.0000000000
   3     activ3            +0.0000000000            +0.0000000000
   4     activ4            +0.0000000000            +0.0000000000
   5     activ5            +0.0000000000            +0.0000000000
   6     activ6            +0.0000000000            +0.0000000000
   7     activ7            +0.0000000000            +0.0000000000
   8     activ8            +0.0000000000            +0.0000000000
   9     activ9            +0.0000000000            +0.0000000000
  10    activ10            +0.0000000000            +0.0000000000
  11    activ11            +0.0000000000            +0.0000000000
  12    activ12            +0.0000000000            +0.0000000000
  13    activ13            +0.0000000000            +0.0000000000
  14    activ14            +0.0000000000            +0.0000000000
  15    activ15            +0.0000000000            +0.0000000000
  16    activ16            +0.0000000000            +0.0000000000
  17    activ17            +0.0000000000            +0.0000000000
  18    activ18            +0.0000000000            +0.0000000000
  19    activ19            +0.0000000000            +0.0000000000
  20    activ20            +0.0000000000            +0.0000000000
  21    activ21            +0.0000000000            +0.0000000000
  22    activ22            +0.0000000000            +0.0000000000
  23    activ23            +0.0000000000            +0.0000000000
  24    activ24            +0.0000000000            +0.0000000000
  25    activ25            +0.0000000000            +0.0000000000
  26    activ26            +0.0000000000            +0.0000000000
  27    activ27            +0.0000000000            +0.0000000000
  28    activ28            +0.0000000000            +0.0000000000
  29    activ29            +0.0000000000            +0.0000000000
  30    activ30            +0.0000000000            +0.0000000000
  31    activ31            +0.0000000000            +0.0000000000
  32    activ32            +0.0000000000            +0.0000000000
  33    activ33            +0.0000000000            +0.0000000000
  34    activ34            +0.0000000000            +0.0000000000
  35    activ35            +0.0000000000            +0.0000000000
  36    activ36            +0.0000000000            +0.0000000000
  37    activ37            +0.0000000000            +0.0000000000
  38    activ38            +0.0000000000            +0.0000000000
  39    activ39            +0.0000000000            +0.0000000000
  40    activ40            +0.0000000000            +0.0000000000
  41    activ41            +0.0000000000            +0.0000000000
  42    activ42            +0.0000000000            +0.0000000000
  43    activ43            +0.0000000000            +0.0000000000
  44    activ44            +0.0000000000            +0.0000000000
  45    activ45            +0.0000000000            +0.0000000000
  46    activ46            +0.0000000000            +0.0000000000
  47    activ47            +0.0000000000            +0.0000000000
  48    activ48            +0.0000000000            +0.0000000000
  49    activ49            +0.0000000000            +0.0000000000
  50    activ50            +0.0000000000            +0.0000000000
  51    activ51            +0.0000000000            +0.0000000000
  52    activ52            +0.0000000000            +0.0000000000
  53    activ53            +0.0000000000            +0.0000000000
  54    activ54            +0.0000000000            +0.0000000000
  55    activ55            +0.0000000000            +0.0000000000
  56    activ56            +0.0000000000            +0.0000000000
  57    activ57            +0.0000000000            +0.0000000000
  58    activ58            +0.0000000000            +0.0000000000
  59    activ59            +0.0000000000            +0.0000000000
  60    activ60            +0.0000000000            +0.0000000000
  61    activ61            +0.0000000000            +0.0000000000
  62    activ62            +0.0000000000            +0.0000000000
  63    activ63            +0.0000000000            +0.0000000000
  64    activ64            +0.0000000000            +0.0000000000
  65    activ65            +0.0000000000            +0.0000000000
  66    activ66            +0.0000000000            +0.0000000000
  67    activ67            +0.0000000000            +0.0000000000
  68    activ68            +0.0000000000            +0.0000000000
  69    activ69            +0.0000000000            +0.0000000000
  70    activ70            +0.0000000000            +0.0000000000
  71    activ71            +0.0000000000            +0.0000000000
  72    activ72            +0.0000000000            +0.0000000000
  73    activ73            +0.0000000000            +0.0000000000
  74    activ74            +0.0000000000            +0.0000000000
  75    activ75            +0.0000000000            +0.0000000000
  76    activ76            +0.0000000000            +0.0000000000
  77    activ77            +0.0000000000            +0.0000000000
  78    activ78            +0.0000000000            +0.0000000000
  79    activ79            +0.0000000000            +0.0000000000
  80    activ80            +0.0000000000            +0.0000000000
  81    activ81            +0.0000000000            +0.0000000000
  82    activ82            +0.0000000000            +0.0000000000
  83    activ83            +0.0000000000            +0.0000000000
  84    activ84            +0.0000000000            +0.0000000000
  85    activ85            +0.0000000000            +0.0000000000
  86    activ86            +0.0000000000            +0.0000000000
  87    activ87            +0.0000000000            +0.0000000000
  88    activ88            +0.0000000000            +0.0000000000
  89    activ89            +0.0000000000            +0.0000000000
  90    activ90            +0.0000000000            +0.0000000000
  91    activ91            +0.0000000000            +0.0000000000
  92    activ92            +0.0000000000            +0.0000000000
  93    activ93            +0.0000000000            +0.0000000000
  94    activ94            +0.0000000000            +0.0000000000
  95    activ95            +0.0000000000            +0.0000000000
  96    activ96            +0.0000000000            +0.0000000000
  97    activ97            +0.0000000000            +0.0000000000
  98    activ98            +0.0000000000            +0.0000000000
  99    activ99            +0.0000000000            +0.0000000000
 100   activ100            +0.0000000000            +0.0000000000
 101   activ101            +0.0000000000            +0.0000000000
 102   activ102            +0.0000000000            +0.0000000000
 103   activ103            +0.0000000000            +0.0000000000
 104   activ104            +0.0000000000            +0.0000000000
 105   activ105            +0.0000000000            +0.0000000000
 106   activ106            +0.0000000000            +0.0000000000
 107   activ107            +0.0000000000            +0.0000000000
 108   activ108            +0.0000000000            +0.0000000000
 109   activ109            +0.0000000000            +0.0000000000
 110   activ110            +0.0000000000            +0.0000000000
 111   activ111            +0.0000000000            +0.0000000000
 112   activ112            +0.0000000000            +0.0000000000
 113   activ113            +0.0000000000            +0.0000000000
 114   activ114            +0.0000000000            +0.0000000000
 115   activ115            +0.0000000000            +0.0000000000
 116   activ116            +0.0000000000            +0.0000000000
 117   activ117            +0.0000000000            +0.0000000000
 118   activ118            +0.0000000000            +0.0000000000
 119   activ119            +0.0000000000            +0.0000000000
 120   activ120            +0.0000000000            +0.0000000000
 121   activ121            +0.0000000000            +0.0000000000
 122   activ122            +0.0000000000            +0.0000000000
 123   activ123            +0.0000000000            +0.0000000000
 124   activ124            +0.0000000000            +0.0000000000
 125   activ125            +0.0000000000            +0.0000000000
 126   activ126            +0.0000000000            +0.0000000000
 127   activ127            +0.0000000000            +0.0000000000
 128   activ128            +0.0000000000            +0.0000000000
 129   activ129            +0.0000000000            +0.0000000000
 130   activ130            +0.0000000000            +0.0000000000
 131   activ131            +0.0000000000            +0.0000000000
 132   activ132            +0.0000000000            +0.0000000000
 133   activ133            +0.0000000000            +0.0000000000
 134   activ134            +0.0000000000            +0.0000000000
 135   activ135            +0.0000000000            +0.0000000000
 136   activ136            +0.0000000000            +0.0000000000
 137   activ137            +0.0000000000            +0.0000000000
 138   activ138            +0.0000000000            +0.0000000000
 139   activ139            +0.0000000000            +0.0000000000
 140   activ140            +0.0000000000            +0.0000000000
 141   activ141            +0.0000000000            +0.0000000000
 142   activ142            +0.0000000000            +0.0000000000
 143   activ143            +0.0000000000            +0.0000000000
 144   activ144            +0.0000000000            +0.0000000000
 145   activ145            +0.0000000000            +0.0000000000
 146   activ146            +0.0000000000            +0.0000000000
 147   activ147            +0.0000000000            +0.0000000000
 148   activ148            +0.0000000000            +0.0000000000
 149   activ149            +0.0000000000            +0.0000000000
 150   activ150            +0.0000000000            +0.0000000000
 151   activ151            +0.0000000000            +0.0000000000
 152   activ152            +0.0000000000            +0.0000000000
 153   activ153            +0.0000000000            +0.0000000000
 154   activ154            +0.0000000000            +0.0000000000
 155   activ155            +0.0000000000            +0.0000000000
 156   activ156            +0.0000000000            +0.0000000000
 157   activ157            +0.0000000000            +0.0000000000
 158   activ158            +0.0000000000            +0.0000000000
 159   activ159            +0.0000000000            +0.0000000000
 160   activ160            +0.0000000000            +0.0000000000
 161   activ161            +0.0000000000            +0.0000000000
 162   activ162            +0.0000000000            +0.0000000000
 163   activ163            +0.0000000000            +0.0000000000
 164   activ164            +0.0000000000            +0.0000000000
 165   activ165            +0.0000000000            +0.0000000000
 166   activ166            +0.0000000000            +0.0000000000
 167   activ167            +0.0000000000            +0.0000000000
 168   activ168            +0.0000000000            +0.0000000000
 169   activ169            +0.0000000000            +0.0000000000
 170   activ170            +0.0000000000            +0.0000000000
 171   activ171            +0.0000000000            +0.0000000000
 172   activ172            +0.0000000000            +0.0000000000
 173   activ173            +0.0000000000            +0.0000000000
 174   activ174            +0.0000000000            +0.0000000000
 175   activ175            +0.0000000000            +0.0000000000
 176   activ176            +0.0000000000            +0.0000000000
 177   activ177            +0.0000000000            +0.0000000000
 178   activ178            +0.0000000000            +0.0000000000
 179   activ179            +0.0000000000            +0.0000000000
 180   activ180            +0.0000000000            +0.0000000000
 181   activ181            +0.0000000000            +0.0000000000
 182   activ182            +0.0000000000            +0.0000000000
 183   activ183            +0.0000000000            +0.0000000000
 184   activ184            +0.0000000000            +0.0000000000
 185   activ185            +0.0000000000            +0.0000000000
 186   activ186            +0.0000000000            +0.0000000000
 187   activ187            +0.0000000000            +0.0000000000
 188   activ188            +0.0000000000            +0.0000000000
 189   activ189            +0.0000000000            +0.0000000000
 190   activ190            +0.0000000000            +0.0000000000
 191   activ191            +0.0000000000            +0.0000000000
 192   activ192            +0.0000000000            +0.0000000000
 193   activ193            +0.0000000000            +0.0000000000
 194   activ194            +0.0000000000            +0.0000000000
 195   activ195            +0.0000000000            +0.0000000000
 196   activ196            +0.0000000000            +0.0000000000
 197   activ197            +0.0000000000            +0.0000000000
 198   activ198            +0.0000000000            +0.0000000000
 199   activ199            +0.0000000000            +0.0000000000
 200   activ200            +0.0000000000            +0.0000000000
 201    bgrate1            +0.0000000000            +0.0000000000
 202    bgrate2            +0.0000000000            +0.0000000000
 203    bgrate3            +0.0000000000            +0.0000000000
 204    bgrate4            +0.0000000000            +0.0000000000
 205    bgrate5            +0.0000000000            +0.0000000000
 206    bgrate6            +0.0000000000            +0.0000000000
 207    bgrate7            +0.0000000000            +0.0000000000
 208    bgrate8            +0.0000000000            +0.0000000000
 209    bgrate9            +0.0000000000            +0.0000000000
 210   bgrate10            +0.0000000000            +0.0000000000
 211   bgrate11            +0.0000000000            +0.0000000000
 212   bgrate12            +0.0000000000            +0.0000000000
 213   bgrate13            +0.0000000000            +0.0000000000
 214   bgrate14            +0.0000000000            +0.0000000000
 215   bgrate15            +0.0000000000            +0.0000000000
 216   bgrate16            +0.0000000000            +0.0000000000
 217   bgrate17            +0.0000000000            +0.0000000000
 218   bgrate18            +0.0000000000            +0.0000000000
 219   bgrate19            +0.0000000000            +0.0000000000
 220   bgrate20            +0.0000000000            +0.0000000000
 221   bgrate21            +0.0000000000            +0.0000000000
 222   bgrate22            +0.0000000000            +0.0000000000
 223   bgrate23            +0.0000000000            +0.0000000000
 224   bgrate24            +0.0000000000            +0.0000000000
 225   bgrate25            +0.0000000000            +0.0000000000
 226   bgrate26            +0.0000000000            +0.0000000000
 227   bgrate27            +0.0000000000            +0.0000000000
 228   bgrate28            +0.0000000000            +0.0000000000
 229   bgrate29            +0.0000000000            +0.0000000000
 230   bgrate30            +0.0000000000            +0.0000000000
 231   bgrate31            +0.0000000000            +0.0000000000
 232   bgrate32            +0.0000000000            +0.0000000000
 233   bgrate33            +0.0000000000            +0.0000000000
 234   bgrate34            +0.0000000000            +0.0000000000
 235   bgrate35            +0.0000000000            +0.0000000000
 236   bgrate36            +0.0000000000            +0.0000000000
 237   bgrate37            +0.0000000000            +0.0000000000
 238   bgrate38            +0.0000000000            +0.0000000000
 239   bgrate39            +0.0000000000            +0.0000000000
 240   bgrate40            +0.0000000000            +0.0000000000
 241   bgrate41            +0.0000000000            +0.0000000000
 242   bgrate42            +0.0000000000            +0.0000000000
 243   bgrate43            +0.0000000000            +0.0000000000
 244   bgrate44            +0.0000000000            +0.0000000000
 245   bgrate45            +0.0000000000            +0.0000000000
 246   bgrate46            +0.0000000000            +0.0000000000
 247   bgrate47            +0.0000000000            +0.0000000000
 248   bgrate48            +0.0000000000            +0.0000000000
 249   bgrate49            +0.0000000000            +0.0000000000
 250   bgrate50            +0.0000000000            +0.0000000000
 251   bgrate51            +0.0000000000            +0.0000000000
 252   bgrate52            +0.0000000000            +0.0000000000
 253   bgrate53            +0.0000000000            +0.0000000000
 254   bgrate54            +0.0000000000            +0.0000000000
 255   bgrate55            +0.0000000000            +0.0000000000
 256   bgrate56            +0.0000000000            +0.0000000000
 257   bgrate57            +0.0000000000            +0.0000000000
 258   bgrate58            +0.0000000000            +0.0000000000
 259   bgrate59            +0.0000000000            +0.0000000000
 260   bgrate60            +0.0000000000            +0.0000000000
 261   bgrate61            +0.0000000000            +0.0000000000
 262   bgrate62            +0.0000000000            +0.0000000000
 263   bgrate63            +0.0000000000            +0.0000000000
 264   bgrate64            +0.0000000000            +0.0000000000
 265   bgrate65            +0.0000000000            +0.0000000000
 266   bgrate66            +0.0000000000            +0.0000000000
 267   bgrate67            +0.0000000000            +0.0000000000
 268   bgrate68            +0.0000000000            +0.0000000000
 269   bgrate69            +0.0000000000            +0.0000000000
 270   bgrate70            +0.0000000000            +0.0000000000
 271   bgrate71            +0.0000000000            +0.0000000000
 272   bgrate72            +0.0000000000            +0.0000000000
 273   bgrate73            +0.0000000000            +0.0000000000
 274   bgrate74            +0.0000000000            +0.0000000000
 275   bgrate75            +0.0000000000            +0.0000000000
 276   bgrate76            +0.0000000000            +0.0000000000
 277   bgrate77            +0.0000000000            +0.0000000000
 278   bgrate78            +0.0000000000            +0.0000000000
 279   bgrate79            +0.0000000000            +0.0000000000
 280   bgrate80            +0.0000000000            +0.0000000000
 281   bgrate81            +0.0000000000            +0.0000000000
 282   bgrate82            +0.0000000000            +0.0000000000
 283   bgrate83            +0.0000000000            +0.0000000000
 284   bgrate84            +0.0000000000            +0.0000000000
 285   bgrate85            +0.0000000000            +0.0000000000
 286   bgrate86            +0.0000000000            +0.0000000000
 287   bgrate87            +0.0000000000            +0.0000000000
 288   bgrate88            +0.0000000000            +0.0000000000
 289   bgrate89            +0.0000000000            +0.0000000000
 290   bgrate90            +0.0000000000            +0.0000000000
 291   bgrate91            +0.0000000000            +0.0000000000
 292   bgrate92            +0.0000000000            +0.0000000000
 293   bgrate93            +0.0000000000            +0.0000000000
 294   bgrate94            +0.0000000000            +0.0000000000
 295   bgrate95            +0.0000000000            +0.0000000000
 296   bgrate96            +0.0000000000            +0.0000000000
 297   bgrate97            +0.0000000000            +0.0000000000
 298   bgrate98            +0.0000000000            +0.0000000000
 299   bgrate99            +0.0000000000            +0.0000000000
 300   bgrate100            +0.0000000000            +0.0000000000
 301   bgrate101            +0.0000000000            +0.0000000000
 302   bgrate102            +0.0000000000            +0.0000000000
 303   bgrate103            +0.0000000000            +0.0000000000
 304   bgrate104            +0.0000000000            +0.0000000000
 305   bgrate105            +0.0000000000            +0.0000000000
 306   bgrate106            +0.0000000000            +0.0000000000
 307   bgrate107            +0.0000000000            +0.0000000000
 308   bgrate108            +0.0000000000            +0.0000000000
 309   bgrate109            +0.0000000000            +0.0000000000
 310   bgrate110            +0.0000000000            +0.0000000000
 311   bgrate111            +0.0000000000            +0.0000000000
 312   bgrate112            +0.0000000000            +0.0000000000
 313   bgrate113            +0.0000000000            +0.0000000000
 314   bgrate114            +0.0000000000            +0.0000000000
 315   bgrate115            +0.0000000000            +0.0000000000
 316   bgrate116            +0.0000000000            +0.0000000000
 317   bgrate117            +0.0000000000            +0.0000000000
 318   bgrate118            +0.0000000000            +0.0000000000
 319   bgrate119            +0.0000000000            +0.0000000000
 320   bgrate120            +0.0000000000            +0.0000000000
 321   bgrate121            +0.0000000000            +0.0000000000
 322   bgrate122            +0.0000000000            +0.0000000000
 323   bgrate123            +0.0000000000            +0.0000000000
 324   bgrate124            +0.0000000000            +0.0000000000
 325   bgrate125            +0.0000000000            +0.0000000000
 326   bgrate126            +0.0000000000            +0.0000000000
 327   bgrate127            +0.0000000000            +0.0000000000
 328   bgrate128            +0.0000000000            +0.0000000000
 329   bgrate129            +0.0000000000            +0.0000000000
 330   bgrate130            +0.0000000000            +0.0000000000
 331   bgrate131            +0.0000000000            +0.0000000000
 332   bgrate132            +0.0000000000            +0.0000000000
 333   bgrate133            +0.0000000000            +0.0000000000
 334   bgrate134            +0.0000000000            +0.0000000000
 335   bgrate135            +0.0000000000            +0.0000000000
 336   bgrate136            +0.0000000000            +0.0000000000
 337   bgrate137            +0.0000000000            +0.0000000000
 338   bgrate138            +0.0000000000            +0.0000000000
 339   bgrate139            +0.0000000000            +0.0000000000
 340   bgrate140            +0.0000000000            +0.0000000000
 341   bgrate141            +0.0000000000            +0.0000000000
 342   bgrate142            +0.0000000000            +0.0000000000
 343   bgrate143            +0.0000000000            +0.0000000000
 344   bgrate144            +0.0000000000            +0.0000000000
 345   bgrate145            +0.0000000000            +0.0000000000
 346   bgrate146            +0.0000000000            +0.0000000000
 347   bgrate147            +0.0000000000            +0.0000000000
 348   bgrate148            +0.0000000000            +0.0000000000
 349   bgrate149            +0.0000000000            +0.0000000000
 350   bgrate150            +0.0000000000            +0.0000000000
 351   bgrate151            +0.0000000000            +0.0000000000
 352   bgrate152            +0.0000000000            +0.0000000000
 353   bgrate153            +0.0000000000            +0.0000000000
 354   bgrate154            +0.0000000000            +0.0000000000
 355   bgrate155            +0.0000000000            +0.0000000000
 356   bgrate156            +0.0000000000            +0.0000000000
 357   bgrate157            +0.0000000000            +0.0000000000
 358   bgrate158            +0.0000000000            +0.0000000000
 359   bgrate159            +0.0000000000            +0.0000000000
 360   bgrate160            +0.0000000000            +0.0000000000
 361   bgrate161            +0.0000000000            +0.0000000000
 362   bgrate162            +0.0000000000            +0.0000000000
 363   bgrate163            +0.0000000000            +0.0000000000
 364   bgrate164            +0.0000000000            +0.0000000000
 365   bgrate165            +0.0000000000            +0.0000000000
 366   bgrate166            +0.0000000000            +0.0000000000
 367   bgrate167            +0.0000000000            +0.0000000000
 368   bgrate168            +0.0000000000            +0.0000000000
 369   bgrate169            +0.0000000000            +0.0000000000
 370   bgrate170            +0.0000000000            +0.0000000000
 371   bgrate171            +0.0000000000            +0.0000000000
 372   bgrate172            +0.0000000000            +0.0000000000
 373   bgrate173            +0.0000000000            +0.0000000000
 374   bgrate174            +0.0000000000            +0.0000000000
 375   bgrate175            +0.0000000000            +0.0000000000
 376   bgrate176            +0.0000000000            +0.0000000000
 377   bgrate177            +0.0000000000            +0.0000000000
 378   bgrate178            +0.0000000000            +0.0000000000
 379   bgrate179            +0.0000000000            +0.0000000000
 380   bgrate180            +0.0000000000            +0.0000000000
 381   bgrate181            +0.0000000000            +0.0000000000
 382   bgrate182            +0.0000000000            +0.0000000000
 383   bgrate183            +0.0000000000            +0.0000000000
 384   bgrate184            +0.0000000000            +0.0000000000
 385   bgrate185            +0.0000000000            +0.0000000000
 386   bgrate186            +0.0000000000            +0.0000000000
 387   bgrate187            +0.0000000000            +0.0000000000
 388   bgrate188            +0.0000000000            +0.0000000000
 389   bgrate189            +0.0000000000            +0.0000000000
 390   bgrate190            +0.0000000000            +0.0000000000
 391   bgrate191            +0.0000000000            +0.0000000000
 392   bgrate192            +0.0000000000            +0.0000000000
 393   bgrate193            +0.0000000000            +0.0000000000
 394   bgrate194            +0.0000000000            +0.0000000000
 395   bgrate195            +0.0000000000            +0.0000000000
 396   bgrate196            +0.0000000000            +0.0000000000
 397   bgrate197            +0.0000000000            +0.0000000000
 398   bgrate198            +0.0000000000            +0.0000000000
 399   bgrate199            +0.0000000000            +0.0000000000
 400   bgrate200            +0.0000000000            +0.0000000000
 401     cnst:1            +0.0000000000            +0.0000000000
 402      lin:1            +0.0000000000            +0.0000000000
 403      x^2:1            +0.0000000000            +0.0000000000
 404     cnst:2            +0.0000000000            +0.0000000000
 405      lin:2            +0.0000000000            +0.0000000000
 406      x^2:2            +0.0000000000            +0.0000000000
 407     cnst:3            +0.0000000000            +0.0000000000
 408      lin:3            +0.0000000000            +0.0000000000
 409      x^2:3            +0.0000000000            +0.0000000000
 410     cnst:4            +0.0000000000            +0.0000000000
 411      lin:4            +0.0000000000            +0.0000000000
 412      x^2:4            +0.0000000000            +0.0000000000
 413     cnst:5            +0.0000000000            +0.0000000000
 414      lin:5            +0.0000000000            +0.0000000000
 415      x^2:5            +0.0000000000            +0.0000000000
 416     cnst:6            +0.0000000000            +0.0000000000
 417      lin:6            +0.0000000000            +0.0000000000
 418      x^2:6            +0.0000000000            +0.0000000000
 419     cnst:7            +0.0000000000            +0.0000000000
 420      lin:7            +0.0000000000            +0.0000000000
 421      x^2:7            +0.0000000000            +0.0000000000
 422     cnst:8            +0.0000000000            +0.0000000000
 423      lin:8            +0.0000000000            +0.0000000000
 424      x^2:8            +0.0000000000            +0.0000000000
 425     cnst:9            +0.0000000000            +0.0000000000
 426      lin:9            +0.0000000000            +0.0000000000
 427      x^2:9            +0.0000000000            +0.0000000000
 428    cnst:10            +0.0000000000            +0.0000000000
 429     lin:10            +0.0000000000            +0.0000000000
 430     x^2:10            +0.0000000000            +0.0000000000
 431    cnst:11            +0.0000000000            +0.0000000000
 432     lin:11            +0.0000000000            +0.0000000000
 433     x^2:11            +0.0000000000            +0.0000000000
 434    cnst:12            +0.0000000000            +0.0000000000
 435     lin:12            +0.0000000000            +0.0000000000
 436     x^2:12            +0.0000000000            +0.0000000000
 437    cnst:13            +0.0000000000            +0.0000000000
 438     lin:13            +0.0000000000            +0.0000000000
 439     x^2:13            +0.0000000000            +0.0000000000
 440    cnst:14            +0.0000000000            +0.0000000000
 441     lin:14            +0.0000000000            +0.0000000000
 442     x^2:14            +0.0000000000            +0.0000000000
 443    cnst:15            +0.0000000000            +0.0000000000
 444     lin:15            +0.0000000000            +0.0000000000
 445     x^2:15            +0.0000000000            +0.0000000000
 446    cnst:16            +0.0000000000            +0.0000000000
 447     lin:16            +0.0000000000            +0.0000000000
 448     x^2:16            +0.0000000000            +0.0000000000
 449    cnst:17            +0.0000000000            +0.0000000000
 450     lin:17            +0.0000000000            +0.0000000000
 451     x^2:17            +0.0000000000            +0.0000000000
 452    cnst:18            +0.0000000000            +0.0000000000
 453     lin:18            +0.0000000000            +0.0000000000
 454     x^2:18            +0.0000000000            +0.0000000000
 455    cnst:19            +0.0000000000            +0.0000000000
 456     lin:19            +0.0000000000            +0.0000000000
 457     x^2:19            +0.0000000000            +0.0000000000
 458    cnst:20            +0.0000000000            +0.0000000000
 459     lin:20            +0.0000000000            +0.0000000000
 460     x^2:20            +0.0000000000            +0.0000000000
 461    cnst:21            +0.0000000000            +0.0000000000
 462     lin:21            +0.0000000000            +0.0000000000
 463     x^2:21            +0.0000000000            +0.0000000000
 464    cnst:22            +0.0000000000            +0.0000000000
 465     lin:22            +0.0000000000            +0.0000000000
 466     x^2:22            +0.0000000000            +0.0000000000
 467    cnst:23            +0.0000000000            +0.0000000000
 468     lin:23            +0.0000000000            +0.0000000000
 469     x^2:23            +0.0000000000            +0.0000000000
 470    cnst:24            +0.0000000000            +0.0000000000
 471     lin:24            +0.0000000000            +0.0000000000
 472     x^2:24            +0.0000000000            +0.0000000000
 473    cnst:25            +0.0000000000            +0.0000000000
 474     lin:25            +0.0000000000            +0.0000000000
 475     x^2:25            +0.0000000000            +0.0000000000
 476    cnst:26            +0.0000000000            +0.0000000000
 477     lin:26            +0.0000000000            +0.0000000000
 478     x^2:26            +0.0000000000            +0.0000000000
 479    cnst:27            +0.0000000000            +0.0000000000
 480     lin:27            +0.0000000000            +0.0000000000
 481     x^2:27            +0.0000000000            +0.0000000000
 482    cnst:28            +0.0000000000            +0.0000000000
 483     lin:28            +0.0000000000            +0.0000000000
 484     x^2:28            +0.0000000000            +0.0000000000
 485    cnst:29            +0.0000000000            +0.0000000000
 486     lin:29            +0.0000000000            +0.0000000000
 487     x^2:29            +0.0000000000            +0.0000000000
 488    cnst:30            +0.0000000000            +0.0000000000
 489     lin:30            +0.0000000000            +0.0000000000
 490     x^2:30            +0.0000000000            +0.0000000000
 491    cnst:31            +0.0000000000            +0.0000000000
 492     lin:31            +0.0000000000            +0.0000000000
 493     x^2:31            +0.0000000000            +0.0000000000
 494    cnst:32            +0.0000000000            +0.0000000000
 495     lin:32            +0.0000000000            +0.0000000000
 496     x^2:32            +0.0000000000            +0.0000000000
 497    cnst:33            +0.0000000000            +0.0000000000
 498     lin:33            +0.0000000000            +0.0000000000
 499     x^2:33            +0.0000000000            +0.0000000000
 500    cnst:34            +0.0000000000            +0.0000000000
 501     lin:34            +0.0000000000            +0.0000000000
 502     x^2:34            +0.0000000000            +0.0000000000
 503    cnst:35            +0.0000000000            +0.0000000000
 504     lin:35            +0.0000000000            +0.0000000000
 505     x^2:35            +0.0000000000            +0.0000000000
 506    cnst:36            +0.0000000000            +0.0000000000
 507     lin:36            +0.0000000000            +0.0000000000
 508     x^2:36            +0.0000000000            +0.0000000000
 509    cnst:37            +0.0000000000            +0.0000000000
 510     lin:37            +0.0000000000            +0.0000000000
 511     x^2:37            +0.0000000000            +0.0000000000
 512    cnst:38            +0.0000000000            +0.0000000000
 513     lin:38            +0.0000000000            +0.0000000000
 514     x^2:38            +0.0000000000            +0.0000000000
 515    cnst:39            +0.0000000000            +0.0000000000
 516     lin:39            +0.0000000000            +0.0000000000
 517     x^2:39            +0.0000000000            +0.0000000000
 518    cnst:40            +0.0000000000            +0.0000000000
 519     lin:40            +0.0000000000            +0.0000000000
 520     x^2:40            +0.0000000000            +0.0000000000
 521    cnst:41            +0.0000000000            +0.0000000000
 522     lin:41            +0.0000000000            +0.0000000000
 523     x^2:41            +0.0000000000            +0.0000000000
 524    cnst:42            +0.0000000000            +0.0000000000
 525     lin:42            +0.0000000000            +0.0000000000
 526     x^2:42            +0.0000000000            +0.0000000000
 527    cnst:43            +0.0000000000            +0.0000000000
 528     lin:43            +0.0000000000            +0.0000000000
 529     x^2:43            +0.0000000000            +0.0000000000
 530    cnst:44            +0.0000000000            +0.0000000000
 531     lin:44            +0.0000000000            +0.0000000000
 532     x^2:44            +0.0000000000            +0.0000000000
 533    cnst:45            +0.0000000000            +0.0000000000
 534     lin:45            +0.0000000000            +0.0000000000
 535     x^2:45            +0.0000000000            +0.0000000000
 536    cnst:46            +0.0000000000            +0.0000000000
 537     lin:46            +0.0000000000            +0.0000000000
 538     x^2:46            +0.0000000000            +0.0000000000
 539    cnst:47            +0.0000000000            +0.0000000000
 540     lin:47            +0.0000000000            +0.0000000000
 541     x^2:47            +0.0000000000            +0.0000000000
 542    cnst:48            +0.0000000000            +0.0000000000
 543     lin:48            +0.0000000000            +0.0000000000
 544     x^2:48            +0.0000000000            +0.0000000000
 545    cnst:49            +0.0000000000            +0.0000000000
 546     lin:49            +0.0000000000            +0.0000000000
 547     x^2:49            +0.0000000000            +0.0000000000
 548    cnst:50            +0.0000000000            +0.0000000000
 549     lin:50            +0.0000000000            +0.0000000000
 550     x^2:50            +0.0000000000            +0.0000000000
 551    cnst:51            +0.0000000000            +0.0000000000
 552     lin:51            +0.0000000000            +0.0000000000
 553     x^2:51            +0.0000000000            +0.0000000000
 554    cnst:52            +0.0000000000            +0.0000000000
 555     lin:52            +0.0000000000            +0.0000000000
 556     x^2:52            +0.0000000000            +0.0000000000
 557    cnst:53            +0.0000000000            +0.0000000000
 558     lin:53            +0.0000000000            +0.0000000000
 559     x^2:53            +0.0000000000            +0.0000000000
 560    cnst:54            +0.0000000000            +0.0000000000
 561     lin:54            +0.0000000000            +0.0000000000
 562     x^2:54            +0.0000000000            +0.0000000000
 563    cnst:55            +0.0000000000            +0.0000000000
 564     lin:55            +0.0000000000            +0.0000000000
 565     x^2:55            +0.0000000000            +0.0000000000
 566    cnst:56            +0.0000000000            +0.0000000000
 567     lin:56            +0.0000000000            +0.0000000000
 568     x^2:56            +0.0000000000            +0.0000000000
 569    cnst:57            +0.0000000000            +0.0000000000
 570     lin:57            +0.0000000000            +0.0000000000
 571     x^2:57            +0.0000000000            +0.0000000000
 572    cnst:58            +0.0000000000            +0.0000000000
 573     lin:58            +0.0000000000            +0.0000000000
 574     x^2:58            +0.0000000000            +0.0000000000
 575    cnst:59            +0.0000000000            +0.0000000000
 576     lin:59            +0.0000000000            +0.0000000000
 577     x^2:59            +0.0000000000            +0.0000000000
 578    cnst:60            +0.0000000000            +0.0000000000
 579     lin:60            +0.0000000000            +0.0000000000
 580     x^2:60            +0.0000000000            +0.0000000000
 581         c1            +0.0000000000            +0.0000000000
 582     sigma1            -1.0000000000           +10.0000000000
 583      norm1            +1.0000000000           +10.0000000000
 584    intens1            +1.0000000000            +0.0000000000
 585         c2            +0.0000000000            +1.0000000000
 586     sigma2            -1.0000000000           +10.0000000000
 587      norm2            +2.0000000000           +10.0000000000
 588    intens2            +1.0000000000            +0.0000000000
 589         c3            +0.0000000000            +1.0000000000
 590     sigma3            -1.0000000000           +10.0000000000
 591      norm3            +3.0000000000           +10.0000000000
 592    intens3            +1.0000000000            +0.0000000000
 593         c4            +0.0000000000            +1.0000000000
 594     sigma4            -1.0000000000           +10.0000000000
 595      norm4            +4.0000000000           +10.0000000000
 596    intens4            +1.0000000000            +0.0000000000
 597         c5            +0.0000000000            +1.0000000000
 598     sigma5            -1.0000000000           +10.0000000000
 599      norm5            +5.0000000000           +10.0000000000
 600    intens5            +1.0000000000            +0.0000000000
 601         c6            +0.0000000000            +1.0000000000
 602     sigma6            -1.0000000000           +10.0000000000
 603      norm6            +6.0000000000           +10.0000000000
 604    intens6            +1.0000000000            +0.0000000000
 605         c7            +0.0000000000            +1.0000000000
 606     sigma7            -1.0000000000           +10.0000000000
 607      norm7            +7.0000000000           +10.0000000000
 608    intens7            +1.0000000000            +0.0000000000
 609         c8            +0.0000000000            +1.0000000000
 610     sigma8            -1.0000000000           +10.0000000000
 611      norm8            +8.0000000000           +10.0000000000
 612    intens8            +1.0000000000            +0.0000000000
 613         c9            +0.0000000000            +1.0000000000
 614     sigma9            -1.0000000000           +10.0000000000
 615      norm9            +9.0000000000           +10.0000000000
 616    intens9            +1.0000000000            +0.0000000000
 617        c10            +0.0000000000            +1.0000000000
 618    sigma10            -1.0000000000           +10.0000000000
 619     norm10           +10.0000000000           +10.0000000000
 620   intens10            +1.0000000000            +0.0000000000
 621        c11            +0.0000000000            +1.0000000000
 622    sigma11            -1.0000000000           +10.0000000000
 623     norm11           +11.0000000000           +10.0000000000
 624   intens11            +1.0000000000            +0.0000000000
 625        c12            +0.0000000000            +1.0000000000
 626    sigma12            -1.0000000000           +10.0000000000
 627     norm12           +12.0000000000           +10.0000000000
 628   intens12            +1.0000000000            +0.0000000000
 629        c13            +0.0000000000            +1.0000000000
 630    sigma13            -1.0000000000           +10.0000000000
 631     norm13           +13.0000000000           +10.0000000000
 632   intens13            +1.0000000000            +0.0000000000
 633        c14            +0.0000000000            +1.0000000000
 634    sigma14            -1.0000000000           +10.0000000000
 635     norm14           +14.0000000000           +10.0000000000
 636   intens14            +1.0000000000            +0.0000000000
 637        c15            +0.0000000000            +1.0000000000
 638    sigma15            -1.0000000000           +10.0000000000
 639     norm15           +15.0000000000           +10.0000000000
 640   intens15            +1.0000000000            +0.0000000000
 641        c16            +0.0000000000            +1.0000000000
 642    sigma16            -1.0000000000           +10.0000000000
 643     norm16           +16.0000000000           +10.0000000000
 644   intens16            +1.0000000000            +0.0000000000
 645        c17            +0.0000000000            +1.0000000000
 646    sigma17            -1.0000000000           +10.0000000000
 647     norm17           +17.0000000000           +10.0000000000
 648   intens17            +1.0000000000            +0.0000000000
 649        c18            +0.0000000000            +1.0000000000
 650    sigma18            -1.0000000000           +10.0000000000
 651     norm18           +18.0000000000           +10.0000000000
 652   intens18            +1.0000000000            +0.0000000000
 653        c19            +0.0000000000            +1.0000000000
 654    sigma19            -1.0000000000           +10.0000000000
 655     norm19           +19.0000000000           +10.0000000000
 656   intens19            +1.0000000000            +0.0000000000
 657        c20            +0.0000000000            +1.0000000000
 658    sigma20            -1.0000000000           +10.0000000000
 659     norm20           +20.0000000000           +10.0000000000
 660   intens20            +1.0000000000            +0.0000000000
 661        c21            +0.0000000000            +1.0000000000
 662    sigma21            -1.0000000000           +10.0000000000
 663     norm21           +21.0000000000           +10.0000000000
 664   intens21            +1.0000000000            +0.0000000000
 665        c22            +0.0000000000            +1.0000000000
 666    sigma22            -1.0000000000           +10.0000000000
 667     norm22           +22.0000000000           +10.0000000000
 668   intens22            +1.0000000000            +0.0000000000
 669        c23            +0.0000000000            +1.0000000000
 670    sigma23            -1.0000000000           +10.0000000000
 671     norm23           +23.0000000000           +10.0000000000
 672   intens23            +1.0000000000            +0.0000000000
 673        c24            +0.0000000000            +1.0000000000
 674    sigma24            -1.0000000000           +10.0000000000
 675     norm24           +24.0000000000           +10.0000000000
 676   intens24            +1.0000000000            +0.0000000000
 677        c25            +0.0000000000            +1.0000000000
 678    sigma25            -1.0000000000           +10.0000000000
 679     norm25           +25.0000000000           +10.0000000000
 680   intens25            +1.0000000000            +0.0000000000
 681        c26            +0.0000000000            +1.0000000000
 682    sigma26            -1.0000000000           +10.0000000000
 683     norm26           +26.0000000000           +10.0000000000
 684   intens26            +1.0000000000            +0.0000000000
 685        c27            +0.0000000000            +1.0000000000
 686    sigma27            -1.0000000000           +10.0000000000
 687     norm27           +27.0000000000           +10.0000000000
 688   intens27            +1.0000000000            +0.0000000000
 689        c28            +0.0000000000            +1.0000000000
 690    sigma28            -1.0000000000           +10.0000000000
 691     norm28           +28.0000000000           +10.0000000000
 692   intens28            +1.0000000000            +0.0000000000
 693        c29            +0.0000000000            +1.0000000000
 694    sigma29            -1.0000000000           +10.0000000000
 695     norm29           +29.0000000000           +10.0000000000
 696   intens29            +1.0000000000            +0.0000000000
 697        c30            +0.0000000000            +1.0000000000
 698    sigma30            -1.0000000000           +10.0000000000
 699     norm30           +30.0000000000           +10.0000000000
 700   intens30            +1.0000000000            +0.0000000000
 701        c31            +0.0000000000            +1.0000000000
 702    sigma31            -1.0000000000           +10.0000000000
 703     norm31           +31.0000000000           +10.0000000000
 704   intens31            +1.0000000000            +0.0000000000
 705        c32            +0.0000000000            +1.0000000000
 706    sigma32            -1.0000000000           +10.0000000000
 707     norm32           +32.0000000000           +10.0000000000
 708   intens32            +1.0000000000            +0.0000000000
 709        c33            +0.0000000000            +1.0000000000
 710    sigma33            -1.0000000000           +10.0000000000
 711     norm33           +33.0000000000           +10.0000000000
 712   intens33            +1.0000000000            +0.0000000000
 713        c34            +0.0000000000            +1.0000000000
 714    sigma34            -1.0000000000           +10.0000000000
 715     norm34           +34.0000000000           +10.0000000000
 716   intens34            +1.0000000000            +0.0000000000
 717        c35            +0.0000000000            +1.0000000000
 718    sigma35            -1.0000000000           +10.0000000000
 719     norm35           +35.0000000000           +10.0000000000
 720   intens35            +1.0000000000            +0.0000000000
 721        c36            +0.0000000000            +1.0000000000
 722    sigma36            -1.0000000000           +10.0000000000
 723     norm36           +36.0000000000           +10.0000000000
 724   intens36            +1.0000000000            +0.0000000000
 725        c37            +0.0000000000            +1.0000000000
 726    sigma37            -1.0000000000           +10.0000000000
 727     norm37           +37.0000000000           +10.0000000000
 728   intens37            +1.0000000000            +0.0000000000
 729        c38            +0.0000000000            +1.0000000000
 730    sigma38            -1.0000000000           +10.0000000000
 731     norm38           +38.0000000000           +10.0000000000
 732   intens38            +1.0000000000            +0.0000000000
 733        c39            +0.0000000000            +1.0000000000
 734    sigma39            -1.0000000000           +10.0000000000
 735     norm39           +39.0000000000           +10.0000000000
 736   intens39            +1.0000000000            +0.0000000000
 737        c40            +0.0000000000            +1.0000000000
 738    sigma40            -1.0000000000           +10.0000000000
 739     norm40           +40.0000000000           +10.0000000000
 740   intens40            +1.0000000000            +0.0000000000
 741        c41            +0.0000000000            +1.0000000000
 742    sigma41            -1.0000000000           +10.0000000000
 743     norm41           +41.0000000000           +10.0000000000
 744   intens41            +1.0000000000            +0.0000000000
 745        c42            +0.0000000000            +1.0000000000
 746    sigma42            -1.0000000000           +10.0000000000
 747     norm42           +42.0000000000           +10.0000000000
 748   intens42            +1.0000000000            +0.0000000000
 749        c43            +0.0000000000            +1.0000000000
 750    sigma43            -1.0000000000           +10.0000000000
 751     norm43           +43.0000000000           +10.0000000000
 752   intens43            +1.0000000000            +0.0000000000
 753        c44            +0.0000000000            +1.0000000000
 754    sigma44            -1.0000000000           +10.0000000000
 755     norm44           +44.0000000000           +10.0000000000
 756   intens44            +1.0000000000            +0.0000000000
 757        c45            +0.0000000000            +1.0000000000
 758    sigma45            -1.0000000000           +10.0000000000
 759     norm45           +45.0000000000           +10.0000000000
 760   intens45            +1.0000000000            +0.0000000000
 761        c46            +0.0000000000            +1.0000000000
 762    sigma46            -1.0000000000           +10.0000000000
 763     norm46           +46.0000000000           +10.0000000000
 764   intens46            +1.0000000000            +0.0000000000
 765        c47            +0.0000000000            +1.0000000000
 766    sigma47            -1.0000000000           +10.0000000000
 767     norm47           +47.0000000000           +10.0000000000
 768   intens47            +1.0000000000            +0.0000000000
 769        c48            +0.0000000000            +1.0000000000
 770    sigma48            -1.0000000000           +10.0000000000
 771     norm48           +48.0000000000           +10.0000000000
 772   intens48            +1.0000000000            +0.0000000000
 773        c49            +0.0000000000            +1.0000000000
 774    sigma49            -1.0000000000           +10.0000000000
 775     norm49           +49.0000000000           +10.0000000000
 776   intens49            +1.0000000000            +0.0000000000
 777        c50            +0.0000000000            +1.0000000000
 778    sigma50            -1.0000000000           +10.0000000000
 779     norm50           +50.0000000000           +10.0000000000
 780   intens50            +1.0000000000            +0.0000000000
 781        c51            +0.0000000000            +1.0000000000
 782    sigma51            -1.0000000000           +10.0000000000
 783     norm51           +51.0000000000           +10.0000000000
 784   intens51            +1.0000000000            +0.0000000000
 785        c52            +0.0000000000            +1.0000000000
 786    sigma52            -1.0000000000           +10.0000000000
 787     norm52           +52.0000000000           +10.0000000000
 788   intens52            +1.0000000000            +0.0000000000
 789        c53            +0.0000000000            +1.0000000000
 790    sigma53            -1.0000000000           +10.0000000000
 791     norm53           +53.0000000000           +10.0000000000
 792   intens53            +1.0000000000            +0.0000000000
 793        c54            +0.0000000000            +1.0000000000
 794    sigma54            -1.0000000000           +10.0000000000
 795     norm54           +54.0000000000           +10.0000000000
 796   intens54            +1.0000000000            +0.0000000000
 797        c55            +0.0000000000            +1.0000000000
 798    sigma55            -1.0000000000           +10.0000000000
 799     norm55           +55.0000000000           +10.0000000000
 800   intens55            +1.0000000000            +0.0000000000
 801        c56            +0.0000000000            +1.0000000000
 802    sigma56            -1.0000000000           +10.0000000000
 803     norm56           +56.0000000000           +10.0000000000
 804   intens56            +1.0000000000            +0.0000000000
 805        c57            +0.0000000000            +1.0000000000
 806    sigma57            -1.0000000000           +10.0000000000
 807     norm57           +57.0000000000           +10.0000000000
 808   intens57            +1.0000000000            +0.0000000000
 809        c58            +0.0000000000            +1.0000000000
 810    sigma58            -1.0000000000           +10.0000000000
 811     norm58           +58.0000000000           +10.0000000000
 812   intens58            +1.0000000000            +0.0000000000
 813        c59            +0.0000000000            +1.0000000000
 814    sigma59            -1.0000000000           +10.0000000000
 815     norm59           +59.0000000000           +10.0000000000
 816   intens59            +1.0000000000            +0.0000000000
 817        c60            +0.0000000000            +1.0000000000
 818    sigma60            -1.0000000000           +10.0000000000
 819     norm60           +60.0000000000           +10.0000000000
 820   intens60            +1.0000000000            +0.0000000000
 821        c61            +0.0000000000            +1.0000000000
 822    sigma61            -1.0000000000           +10.0000000000
 823     norm61           +61.0000000000           +10.0000000000
 824   intens61            +1.0000000000            +0.0000000000
 825        c62            +0.0000000000            +1.0000000000
 826    sigma62            -1.0000000000           +10.0000000000
 827     norm62           +62.0000000000           +10.0000000000
 828   intens62            +1.0000000000            +0.0000000000
 829        c63            +0.0000000000            +1.0000000000
 830    sigma63            -1.0000000000           +10.0000000000
 831     norm63           +63.0000000000           +10.0000000000
 832   intens63            +1.0000000000            +0.0000000000
 833        c64            +0.0000000000            +1.0000000000
 834    sigma64            -1.0000000000           +10.0000000000
 835     norm64           +64.0000000000           +10.0000000000
 836   intens64            +1.0000000000            +0.0000000000
 837        c65            +0.0000000000            +1.0000000000
 838    sigma65            -1.0000000000           +10.0000000000
 839     norm65           +65.0000000000           +10.0000000000
 840   intens65            +1.0000000000            +0.0000000000
 841        c66            +0.0000000000            +1.0000000000
 842    sigma66            -1.0000000000           +10.0000000000
 843     norm66           +66.0000000000           +10.0000000000
 844   intens66            +1.0000000000            +0.0000000000
 845        c67            +0.0000000000            +1.0000000000
 846    sigma67            -1.0000000000           +10.0000000000
 847     norm67           +67.0000000000           +10.0000000000
 848   intens67            +1.0000000000            +0.0000000000
 849        c68            +0.0000000000            +1.0000000000
 850    sigma68            -1.0000000000           +10.0000000000
 851     norm68           +68.0000000000           +10.0000000000
 852   intens68            +1.0000000000            +0.0000000000
 853        c69            +0.0000000000            +1.0000000000
 854    sigma69            -1.0000000000           +10.0000000000
 855     norm69           +69.0000000000           +10.0000000000
 856   intens69            +1.0000000000            +0.0000000000
 857        c70            +0.0000000000            +1.0000000000
 858    sigma70            -1.0000000000           +10.0000000000
 859     norm70           +70.0000000000           +10.0000000000
 860   intens70            +1.0000000000            +0.0000000000
 861        c71            +0.0000000000            +1.0000000000
 862    sigma71            -1.0000000000           +10.0000000000
 863     norm71           +71.0000000000           +10.0000000000
 864   intens71            +1.0000000000            +0.0000000000
 865        c72            +0.0000000000            +1.0000000000
 866    sigma72            -1.0000000000           +10.0000000000
 867     norm72           +72.0000000000           +10.0000000000
 868   intens72            +1.0000000000            +0.0000000000
 869        c73            +0.0000000000            +1.0000000000
 870    sigma73            -1.0000000000           +10.0000000000
 871     norm73           +73.0000000000           +10.0000000000
 872   intens73            +1.0000000000            +0.0000000000
 873        c74            +0.0000000000            +1.0000000000
 874    sigma74            -1.0000000000           +10.0000000000
 875     norm74           +74.0000000000           +10.0000000000
 876   intens74            +1.0000000000            +0.0000000000
 877        c75            +0.0000000000            +1.0000000000
 878    sigma75            -1.0000000000           +10.0000000000
 879     norm75           +75.0000000000           +10.0000000000
 880   intens75            +1.0000000000            +0.0000000000
 881        c76            +0.0000000000            +1.0000000000
 882    sigma76            -1.0000000000           +10.0000000000
 883     norm76           +76.0000000000           +10.0000000000
 884   intens76            +1.0000000000            +0.0000000000
 885        c77            +0.0000000000            +1.0000000000
 886    sigma77            -1.0000000000           +10.0000000000
 887     norm77           +77.0000000000           +10.0000000000
 888   intens77            +1.0000000000            +0.0000000000
 889        c78            +0.0000000000            +1.0000000000
 890    sigma78            -1.0000000000           +10.0000000000
 891     norm78           +78.0000000000           +10.0000000000
 892   intens78            +1.0000000000            +0.0000000000
 893        c79            +0.0000000000            +1.0000000000
 894    sigma79            -1.0000000000           +10.0000000000
 895     norm79           +79.0000000000           +10.0000000000
 896   intens79            +1.0000000000            +0.0000000000
 897        c80            +0.0000000000            +1.0000000000
 898    sigma80            -1.0000000000           +10.0000000000
 899     norm80           +80.0000000000           +10.0000000000
 900   intens80            +1.0000000000            +0.0000000000
 901        c81            +0.0000000000            +1.0000000000
 902    sigma81            -1.0000000000           +10.0000000000
 903     norm81           +81.0000000000           +10.0000000000
 904   intens81            +1.0000000000            +0.0000000000
 905        c82            +0.0000000000            +1.0000000000
 906    sigma82            -1.0000000000           +10.0000000000
 907     norm82           +82.0000000000           +10.0000000000
 908   intens82            +1.0000000000            +0.0000000000
 909        c83            +0.0000000000            +1.0000000000
 910    sigma83            -1.0000000000           +10.0000000000
 911     norm83           +83.0000000000           +10.0000000000
 912   intens83            +1.0000000000            +0.0000000000
 913        c84            +0.0000000000            +1.0000000000
 914    sigma84            -1.0000000000           +10.0000000000
 915     norm84           +84.0000000000           +10.0000000000
 916   intens84            +1.0000000000            +0.0000000000
 917        c85            +0.0000000000            +1.0000000000
 918    sigma85            -1.0000000000           +10.0000000000
 919     norm85           +85.0000000000           +10.0000000000
 920   intens85            +1.0000000000            +0.0000000000
 921        c86            +0.0000000000            +1.0000000000
 922    sigma86            -1.0000000000           +10.0000000000
 923     norm86           +86.0000000000           +10.0000000000
 924   intens86            +1.0000000000            +0.0000000000
 925        c87            +0.0000000000            +1.0000000000
 926    sigma87            -1.0000000000           +10.0000000000
 927     norm87           +87.0000000000           +10.0000000000
 928   intens87            +1.0000000000            +0.0000000000
 929        c88            +0.0000000000            +1.0000000000
 930    sigma88            -1.0000000000           +10.0000000000
 931     norm88           +88.0000000000           +10.0000000000
 932   intens88            +1.0000000000            +0.0000000000
 933        c89            +0.0000000000            +1.0000000000
 934    sigma89            -1.0000000000           +10.0000000000
 935     norm89           +89.0000000000           +10.0000000000
 936   intens89            +1.0000000000            +0.0000000000
 937        c90            +0.0000000000            +1.0000000000
 938    sigma90            -1.0000000000           +10.0000000000
 939     norm90           +90.0000000000           +10.0000000000
 940   intens90            +1.0000000000            +0.0000000000
 941        c91            +0.0000000000            +1.0000000000
 942    sigma91            -1.0000000000           +10.0000000000
 943     norm91           +91.0000000000           +10.0000000000
 944   intens91            +1.0000000000            +0.0000000000
 945        c92            +0.0000000000            +1.0000000000
 946    sigma92            -1.0000000000           +10.0000000000
 947     norm92           +92.0000000000           +10.0000000000
 948   intens92            +1.0000000000            +0.0000000000
 949        c93            +0.0000000000            +1.0000000000
 950    sigma93            -1.0000000000           +10.0000000000
 951     norm93           +93.0000000000           +10.0000000000
 952   intens93            +1.0000000000            +0.0000000000
 953        c94            +0.0000000000            +1.0000000000
 954    sigma94            -1.0000000000           +10.0000000000
 955     norm94           +94.0000000000           +10.0000000000
 956   intens94            +1.0000000000            +0.0000000000
 957        c95            +0.0000000000            +1.0000000000
 958    sigma95            -1.0000000000           +10.0000000000
 959     norm95           +95.0000000000           +10.0000000000
 960   intens95            +1.0000000000            +0.0000000000
 961        c96            +0.0000000000            +1.0000000000
 962    sigma96            -1.0000000000           +10.0000000000
 963     norm96           +96.0000000000           +10.0000000000
 964   intens96            +1.0000000000            +0.0000000000
 965        c97            +0.0000000000            +1.0000000000
 966    sigma97            -1.0000000000           +10.0000000000
 967     norm97           +97.0000000000           +10.0000000000
 968   intens97            +1.0000000000            +0.0000000000
 969        c98            +0.0000000000            +1.0000000000
 970    sigma98            -1.0000000000           +10.0000000000
 971     norm98           +98.0000000000           +10.0000000000
 972   intens98            +1.0000000000            +0.0000000000
 973        c99            +0.0000000000            +1.0000000000
 974    sigma99            -1.0000000000           +10.0000000000
 975     norm99           +99.0000000000           +10.0000000000
 976   intens99            +1.0000000000            +0.0000000000
 977       c100            +0.0000000000            +1.0000000000
 978   sigma100            -1.0000000000           +10.0000000000
 979    norm100          +100.0000000000           +10.0000000000
 980   intens100            +1.0000000000            +0.0000000000
 981       c101            +0.0000000000            +1.0000000000
 982   sigma101            -1.0000000000           +10.0000000000
 983    norm101          +101.0000000000           +10.0000000000
 984   intens101            +1.0000000000            +0.0000000000
 985       c102            +0.0000000000            +1.0000000000
 986   sigma102            -1.0000000000           +10.0000000000
 987    norm102          +102.0000000000           +10.0000000000
 988   intens102            +1.0000000000            +0.0000000000
 989       c103            +0.0000000000            +1.0000000000
 990   sigma103            -1.0000000000           +10.0000000000
 991    norm103          +103.0000000000           +10.0000000000
 992   intens103            +1.0000000000            +0.0000000000
 993       c104            +0.0000000000            +1.0000000000
 994   sigma104            -1.0000000000           +10.0000000000
 995    norm104          +104.0000000000           +10.0000000000
 996   intens104            +1.0000000000            +0.0000000000
 997       c105            +0.0000000000            +1.0000000000
 998   sigma105            -1.0000000000           +10.0000000000
 999    norm105          +105.0000000000           +10.0000000000
1000   intens105            +1.0000000000            +0.0000000000
1001       c106            +0.0000000000            +1.0000000000
1002   sigma106            -1.0000000000           +10.0000000000
1003    norm106          +106.0000000000           +10.0000000000
1004   intens106            +1.0000000000            +0.0000000000
1005       c107            +0.0000000000            +1.0000000000
1006   sigma107            -1.0000000000           +10.0000000000
1007    norm107          +107.0000000000           +10.0000000000
1008   intens107            +1.0000000000            +0.0000000000
1009       c108            +0.0000000000            +1.0000000000
1010   sigma108            -1.0000000000           +10.0000000000
1011    norm108          +108.0000000000           +10.0000000000
1012   intens108            +1.0000000000            +0.0000000000
1013       c109            +0.0000000000            +1.0000000000
1014   sigma109            -1.0000000000           +10.0000000000
1015    norm109          +109.0000000000           +10.0000000000
1016   intens109            +1.0000000000            +0.0000000000
1017       c110            +0.0000000000            +1.0000000000
1018   sigma110            -1.0000000000           +10.0000000000
1019    norm110          +110.0000000000           +10.0000000000
1020   intens110            +1.0000000000            +0.0000000000
1021       c111            +0.0000000000            +1.0000000000
1022   sigma111            -1.0000000000           +10.0000000000
1023    norm111          +111.0000000000           +10.0000000000
1024   intens111            +1.0000000000            +0.0000000000
1025       c112            +0.0000000000            +1.0000000000
1026   sigma112            -1.0000000000           +10.0000000000
1027    norm112          +112.0000000000           +10.0000000000
1028   intens112            +1.0000000000            +0.0000000000
1029       c113            +0.0000000000            +1.0000000000
1030   sigma113            -1.0000000000           +10.0000000000
1031    norm113          +113.0000000000           +10.0000000000
1032   intens113            +1.0000000000            +0.0000000000
1033       c114            +0.0000000000            +1.0000000000
1034   sigma114            -1.0000000000           +10.0000000000
1035    norm114          +114.0000000000           +10.0000000000
1036   intens114            +1.0000000000            +0.0000000000
1037       c115            +0.0000000000            +1.0000000000
1038   sigma115            -1.0000000000           +10.0000000000
1039    norm115          +115.0000000000           +10.0000000000
1040   intens115            +1.0000000000            +0.0000000000
1041       c116            +0.0000000000            +1.0000000000
1042   sigma116            -1.0000000000           +10.0000000000
1043    norm116          +116.0000000000           +10.0000000000
1044   intens116            +1.0000000000            +0.0000000000
1045       c117            +0.0000000000            +1.0000000000
1046   sigma117            -1.0000000000           +10.0000000000
1047    norm117          +117.0000000000           +10.0000000000
1048   intens117            +1.0000000000            +0.0000000000
1049       c118            +0.0000000000            +1.0000000000
1050   sigma118            -1.0000000000           +10.0000000000
1051    norm118          +118.0000000000           +10.0000000000
1052   intens118            +1.0000000000            +0.0000000000
1053       c119            +0.0000000000            +1.0000000000
1054   sigma119            -1.0000000000           +10.0000000000
1055    norm119          +119.0000000000           +10.0000000000
1056   intens119            +1.0000000000            +0.0000000000
1057       c120            +0.0000000000            +1.0000000000
1058   sigma120            -1.0000000000           +10.0000000000
1059    norm120          +120.0000000000           +10.0000000000
1060   intens120            +1.0000000000            +0.0000000000
1061       c121            +0.0000000000            +1.0000000000
1062   sigma121            -1.0000000000           +10.0000000000
1063    norm121          +121.0000000000           +10.0000000000
1064   intens121            +1.0000000000            +0.0000000000
1065       c122            +0.0000000000            +1.0000000000
1066   sigma122            -1.0000000000           +10.0000000000
1067    norm122          +122.0000000000           +10.0000000000
1068   intens122            +1.0000000000            +0.0000000000
1069       c123            +0.0000000000            +1.0000000000
1070   sigma123            -1.0000000000           +10.0000000000
1071    norm123          +123.0000000000           +10.0000000000
1072   intens123            +1.0000000000            +0.0000000000
1073       c124            +0.0000000000            +1.0000000000
1074   sigma124            -1.0000000000           +10.0000000000
1075    norm124          +124.0000000000           +10.0000000000
1076   intens124            +1.0000000000            +0.0000000000
1077       c125            +0.0000000000            +1.0000000000
1078   sigma125            -1.0000000000           +10.0000000000
1079    norm125          +125.0000000000           +10.0000000000
1080   intens125            +1.0000000000            +0.0000000000
1081       c126            +0.0000000000            +1.0000000000
1082   sigma126            -1.0000000000           +10.0000000000
1083    norm126          +126.0000000000           +10.0000000000
1084   intens126            +1.0000000000            +0.0000000000
1085       c127            +0.0000000000            +1.0000000000
1086   sigma127            -1.0000000000           +10.0000000000
1087    norm127          +127.0000000000           +10.0000000000
1088   intens127            +1.0000000000            +0.0000000000
1089       c128            +0.0000000000            +1.0000000000
1090   sigma128            -1.0000000000           +10.0000000000
1091    norm128          +128.0000000000           +10.0000000000
1092   intens128            +1.0000000000            +0.0000000000
1093       c129            +0.0000000000            +1.0000000000
1094   sigma129            -1.0000000000           +10.0000000000
1095    norm129          +129.0000000000           +10.0000000000
1096   intens129            +1.0000000000            +0.0000000000
1097       c130            +0.0000000000            +1.0000000000
1098   sigma130            -1.0000000000           +10.0000000000
1099    norm130          +130.0000000000           +10.0000000000
1100   intens130            +1.0000000000            +0.0000000000
1101       c131            +0.0000000000            +1.0000000000
1102   sigma131            -1.0000000000           +10.0000000000
1103    norm131          +131.0000000000           +10.0000000000
1104   intens131            +1.0000000000            +0.0000000000
1105       c132            +0.0000000000            +1.0000000000
1106   sigma132            -1.0000000000           +10.0000000000
1107    norm132          +132.0000000000           +10.0000000000
1108   intens132            +1.0000000000            +0.0000000000
1109       c133            +0.0000000000            +1.0000000000
1110   sigma133            -1.0000000000           +10.0000000000
1111    norm133          +133.0000000000           +10.0000000000
1112   intens133            +1.0000000000            +0.0000000000
1113       c134            +0.0000000000            +1.0000000000
1114   sigma134            -1.0000000000           +10.0000000000
1115    norm134          +134.0000000000           +10.0000000000
1116   intens134            +1.0000000000            +0.0000000000
1117       c135            +0.0000000000            +1.0000000000
1118   sigma135            -1.0000000000           +10.0000000000
1119    norm135          +135.0000000000           +10.0000000000
1120   intens135            +1.0000000000            +0.0000000000
1121       c136            +0.0000000000            +1.0000000000
1122   sigma136            -1.0000000000           +10.0000000000
1123    norm136          +136.0000000000           +10.0000000000
1124   intens136            +1.0000000000            +0.0000000000
1125       c137            +0.0000000000            +1.0000000000
1126   sigma137            -1.0000000000           +10.0000000000
1127    norm137          +137.0000000000           +10.0000000000
1128   intens137            +1.0000000000            +0.0000000000
1129       c138            +0.0000000000            +1.0000000000
1130   sigma138            -1.0000000000           +10.0000000000
1131    norm138          +138.0000000000           +10.0000000000
1132   intens138            +1.0000000000            +0.0000000000
1133       c139            +0.0000000000            +1.0000000000
1134   sigma139            -1.0000000000           +10.0000000000
1135    norm139          +139.0000000000           +10.0000000000
1136   intens139            +1.0000000000            +0.0000000000
1137       c140            +0.0000000000            +1.0000000000
1138   sigma140            -1.0000000000           +10.0000000000
1139    norm140          +140.0000000000           +10.0000000000
1140   intens140            +1.0000000000            +0.0000000000
1141       c141            +0.0000000000            +1.0000000000
1142   sigma141            -1.0000000000           +10.0000000000
1143    norm141          +141.0000000000           +10.0000000000
1144   intens141            +1.0000000000            +0.0000000000
1145       c142            +0.0000000000            +1.0000000000
1146   sigma142            -1.0000000000           +10.0000000000
1147    norm142          +142.0000000000           +10.0000000000
1148   intens142            +1.0000000000            +0.0000000000
1149       c143            +0.0000000000            +1.0000000000
1150   sigma143            -1.0000000000           +10.0000000000
1151    norm143          +143.0000000000           +10.0000000000
1152   intens143            +1.0000000000            +0.0000000000
1153       c144            +0.0000000000            +1.0000000000
1154   sigma144            -1.0000000000           +10.0000000000
1155    norm144          +144.0000000000           +10.0000000000
1156   intens144            +1.0000000000            +0.0000000000
1157       c145            +0.0000000000            +1.0000000000
1158   sigma145            -1.0000000000           +10.0000000000
1159    norm145          +145.0000000000           +10.0000000000
1160   intens145            +1.0000000000            +0.0000000000
1161       c146            +0.0000000000            +1.0000000000
1162   sigma146            -1.0000000000           +10.0000000000
1163    norm146          +146.0000000000           +10.0000000000
1164   intens146            +1.0000000000            +0.0000000000
1165       c147            +0.0000000000            +1.0000000000
1166   sigma147            -1.0000000000           +10.0000000000
1167    norm147          +147.0000000000           +10.0000000000
1168   intens147            +1.0000000000            +0.0000000000
1169       c148            +0.0000000000            +1.0000000000
1170   sigma148            -1.0000000000           +10.0000000000
1171    norm148          +148.0000000000           +10.0000000000
1172   intens148            +1.0000000000            +0.0000000000
1173       c149            +0.0000000000            +1.0000000000
1174   sigma149            -1.0000000000           +10.0000000000
1175    norm149          +149.0000000000           +10.0000000000
1176   intens149            +1.0000000000            +0.0000000000
1177       c150            +0.0000000000            +1.0000000000
1178   sigma150            -1.0000000000           +10.0000000000
1179    norm150          +150.0000000000           +10.0000000000
1180   intens150            +1.0000000000            +0.0000000000
1181       c151            +0.0000000000            +1.0000000000
1182   sigma151            -1.0000000000           +10.0000000000
1183    norm151          +151.0000000000           +10.0000000000
1184   intens151            +1.0000000000            +0.0000000000
1185       c152            +0.0000000000            +1.0000000000
1186   sigma152            -1.0000000000           +10.0000000000
1187    norm152          +152.0000000000           +10.0000000000
1188   intens152            +1.0000000000            +0.0000000000
1189       c153            +0.0000000000            +1.0000000000
1190   sigma153            -1.0000000000           +10.0000000000
1191    norm153          +153.0000000000           +10.0000000000
1192   intens153            +1.0000000000            +0.0000000000
1193       c154            +0.0000000000            +1.0000000000
1194   sigma154            -1.0000000000           +10.0000000000
1195    norm154          +154.0000000000           +10.0000000000
1196   intens154            +1.0000000000            +0.0000000000
1197       c155            +0.0000000000            +1.0000000000
1198   sigma155            -1.0000000000           +10.0000000000
1199    norm155          +155.0000000000           +10.0000000000
1200   intens155            +1.0000000000            +0.0000000000
1201       c156            +0.0000000000            +1.0000000000
1202   sigma156            -1.0000000000           +10.0000000000
1203    norm156          +156.0000000000           +10.0000000000
1204   intens156            +1.0000000000            +0.0000000000
1205       c157            +0.0000000000            +1.0000000000
1206   sigma157            -1.0000000000           +10.0000000000
1207    norm157          +157.0000000000           +10.0000000000
1208   intens157            +1.0000000000            +0.0000000000
1209       c158            +0.0000000000            +1.0000000000
1210   sigma158            -1.0000000000           +10.0000000000
1211    norm158          +158.0000000000           +10.0000000000
1212   intens158            +1.0000000000            +0.0000000000
1213       c159            +0.0000000000            +1.0000000000
1214   sigma159            -1.0000000000           +10.0000000000
1215    norm159          +159.0000000000           +10.0000000000
1216   intens159            +1.0000000000            +0.0000000000
1217       c160            +0.0000000000            +1.0000000000
1218   sigma160            -1.0000000000           +10.0000000000
1219    norm160          +160.0000000000           +10.0000000000
1220   intens160            +1.0000000000            +0.0000000000
1221       c161            +0.0000000000            +1.0000000000
1222   sigma161            -1.0000000000           +10.0000000000
1223    norm161          +161.0000000000           +10.0000000000
1224   intens161            +1.0000000000            +0.0000000000
1225       c162            +0.0000000000            +1.0000000000
1226   sigma162            -1.0000000000           +10.0000000000
1227    norm162          +162.0000000000           +10.0000000000
1228   intens162            +1.0000000000            +0.0000000000
1229       c163            +0.0000000000            +1.0000000000
1230   sigma163            -1.0000000000           +10.0000000000
1231    norm163          +163.0000000000           +10.0000000000
1232   intens163            +1.0000000000            +0.0000000000
1233       c164            +0.0000000000            +1.0000000000
1234   sigma164            -1.0000000000           +10.0000000000
1235    norm164          +164.0000000000           +10.0000000000
1236   intens164            +1.0000000000            +0.0000000000
1237       c165            +0.0000000000            +1.0000000000
1238   sigma165            -1.0000000000           +10.0000000000
1239    norm165          +165.0000000000           +10.0000000000
1240   intens165            +1.0000000000            +0.0000000000
1241       c166            +0.0000000000            +1.0000000000
1242   sigma166            -1.0000000000           +10.0000000000
1243    norm166          +166.0000000000           +10.0000000000
1244   intens166            +1.0000000000            +0.0000000000
1245       c167            +0.0000000000            +1.0000000000
1246   sigma167            -1.0000000000           +10.0000000000
1247    norm167          +167.0000000000           +10.0000000000
1248   intens167            +1.0000000000            +0.0000000000
1249       c168            +0.0000000000            +1.0000000000
1250   sigma168            -1.0000000000           +10.0000000000
1251    norm168          +168.0000000000           +10.0000000000
1252   intens168            +1.0000000000            +0.0000000000
1253       c169            +0.0000000000            +1.0000000000
1254   sigma169            -1.0000000000           +10.0000000000
1255    norm169          +169.0000000000           +10.0000000000
1256   intens169            +1.0000000000            +0.0000000000
1257       c170            +0.0000000000            +1.0000000000
1258   sigma170            -1.0000000000           +10.0000000000
1259    norm170          +170.0000000000           +10.0000000000
1260   intens170            +1.0000000000            +0.0000000000
1261       c171            +0.0000000000            +1.0000000000
1262   sigma171            -1.0000000000           +10.0000000000
1263    norm171          +171.0000000000           +10.0000000000
1264   intens171            +1.0000000000            +0.0000000000
1265       c172            +0.0000000000            +1.0000000000
1266   sigma172            -1.0000000000           +10.0000000000
1267    norm172          +172.0000000000           +10.0000000000
1268   intens172            +1.0000000000            +0.0000000000
1269       c173            +0.0000000000            +1.0000000000
1270   sigma173            -1.0000000000           +10.0000000000
1271    norm173          +173.0000000000           +10.0000000000
1272   intens173            +1.0000000000            +0.0000000000
1273       c174            +0.0000000000            +1.0000000000
1274   sigma174            -1.0000000000           +10.0000000000
1275    norm174          +174.0000000000           +10.0000000000
1276   intens174            +1.0000000000            +0.0000000000
1277       c175            +0.0000000000            +1.0000000000
1278   sigma175            -1.0000000000           +10.0000000000
1279    norm175          +175.0000000000           +10.0000000000
1280   intens175            +1.0000000000            +0.0000000000
1281       c176            +0.0000000000            +1.0000000000
1282   sigma176            -1.0000000000           +10.0000000000
1283    norm176          +176.0000000000           +10.0000000000
1284   intens176            +1.0000000000            +0.0000000000
1285       c177            +0.0000000000            +1.0000000000
1286   sigma177            -1.0000000000           +10.0000000000
1287    norm177          +177.0000000000           +10.0000000000
1288   intens177            +1.0000000000            +0.0000000000
1289       c178            +0.0000000000            +1.0000000000
1290   sigma178            -1.0000000000           +10.0000000000
1291    norm178          +178.0000000000           +10.0000000000
1292   intens178            +1.0000000000            +0.0000000000
1293       c179            +0.0000000000            +1.0000000000
1294   sigma179            -1.0000000000           +10.0000000000
1295    norm179          +179.0000000000           +10.0000000000
1296   intens179            +1.0000000000            +0.0000000000
1297       c180            +0.0000000000            +1.0000000000
1298   sigma180            -1.0000000000           +10.0000000000
1299    norm180          +180.0000000000           +10.0000000000
1300   intens180            +1.0000000000            +0.0000000000
1301       c181            +0.0000000000            +1.0000000000
1302   sigma181            -1.0000000000           +10.0000000000
1303    norm181          +181.0000000000           +10.0000000000
1304   intens181            +1.0000000000            +0.0000000000
1305       c182            +0.0000000000            +1.0000000000
1306   sigma182            -1.0000000000           +10.0000000000
1307    norm182          +182.0000000000           +10.0000000000
1308   intens182            +1.0000000000            +0.0000000000
1309       c183            +0.0000000000            +1.0000000000
1310   sigma183            -1.0000000000           +10.0000000000
1311    norm183          +183.0000000000           +10.0000000000
1312   intens183            +1.0000000000            +0.0000000000
1313       c184            +0.0000000000            +1.0000000000
1314   sigma184            -1.0000000000           +10.0000000000
1315    norm184          +184.0000000000           +10.0000000000
1316   intens184            +1.0000000000            +0.0000000000
1317       c185            +0.0000000000            +1.0000000000
1318   sigma185            -1.0000000000           +10.0000000000
1319    norm185          +185.0000000000           +10.0000000000
1320   intens185            +1.0000000000            +0.0000000000
1321       c186            +0.0000000000            +1.0000000000
1322   sigma186            -1.0000000000           +10.0000000000
1323    norm186          +186.0000000000           +10.0000000000
1324   intens186            +1.0000000000            +0.0000000000
1325       c187            +0.0000000000            +1.0000000000
1326   sigma187            -1.0000000000           +10.0000000000
1327    norm187          +187.0000000000           +10.0000000000
1328   intens187            +1.0000000000            +0.0000000000
1329       c188            +0.0000000000            +1.0000000000
1330   sigma188            -1.0000000000           +10.0000000000
1331    norm188          +188.0000000000           +10.0000000000
1332   intens188            +1.0000000000            +0.0000000000
1333       c189            +0.0000000000            +1.0000000000
1334   sigma189            -1.0000000000           +10.0000000000
1335    norm189          +189.0000000000           +10.0000000000
1336   intens189            +1.0000000000            +0.0000000000
1337       c190            +0.0000000000            +1.0000000000
1338   sigma190            -1.0000000000           +10.0000000000
1339    norm190          +190.0000000000           +10.0000000000
1340   intens190            +1.0000000000            +0.0000000000
1341       c191            +0.0000000000            +1.0000000000
1342   sigma191            -1.0000000000           +10.0000000000
1343    norm191          +191.0000000000           +10.0000000000
1344   intens191            +1.0000000000            +0.0000000000
1345       c192            +0.0000000000            +1.0000000000
1346   sigma192            -1.0000000000           +10.0000000000
1347    norm192          +192.0000000000           +10.0000000000
1348   intens192            +1.0000000000            +0.0000000000
1349       c193            +0.0000000000            +1.0000000000
1350   sigma193            -1.0000000000           +10.0000000000
1351    norm193          +193.0000000000           +10.0000000000
1352   intens193            +1.0000000000            +0.0000000000
1353       c194            +0.0000000000            +1.0000000000
1354   sigma194            -1.0000000000           +10.0000000000
1355    norm194          +194.0000000000           +10.0000000000
1356   intens194            +1.0000000000            +0.0000000000
1357       c195            +0.0000000000            +1.0000000000
1358   sigma195            -1.0000000000           +10.0000000000
1359    norm195          +195.0000000000           +10.0000000000
1360   intens195            +1.0000000000            +0.0000000000
1361       c196            +0.0000000000            +1.0000000000
1362   sigma196            -1.0000000000           +10.0000000000
1363    norm196          +196.0000000000           +10.0000000000
1364   intens196            +1.0000000000            +0.0000000000
1365       c197            +0.0000000000            +1.0000000000
1366   sigma197            -1.0000000000           +10.0000000000
1367    norm197          +197.0000000000           +10.0000000000
1368   intens197            +1.0000000000            +0.0000000000
1369       c198            +0.0000000000            +1.0000000000
1370   sigma198            -1.0000000000           +10.0000000000
1371    norm198          +198.0000000000           +10.0000000000
1372   intens198            +1.0000000000            +0.0000000000
1373       c199            +0.0000000000            +1.0000000000
1374   sigma199            -1.0000000000           +10.0000000000
1375    norm199          +199.0000000000           +10.0000000000
1376   intens199            +1.0000000000            +0.0000000000
1377       c200            +0.0000000000            +1.0000000000
1378   sigma200            -1.0000000000           +10.0000000000
1379    norm200          +200.0000000000           +10.0000000000
1380   intens200            +1.0000000000            +0.0000000000
1381    kev/chn            +1.0000000000            +0.2000000000
1382      chn_0            +0.0000000000            +0.2000000000
1383   quad_cal            +0.0000000000            +0.2000000000
1384   cube_cal            +0.0000000000            +0.0100000000
1385   sigrootE            +1.0000000000            +0.0010000000
1386    sigofst            +0.0000000000            +0.2000000000
1387       time            +0.0000000000            +0.2000000000
