0.639819 0
1.27982 0
1.91982 0
2.55982 0
3.19982 0
3.83982 0
4.47982 0
5.11982 0
5.75982 0
6.39982 0
7.03982 0
7.67982 0
8.31982 0
8.95982 0
9.59982 0
10.2398 0
10.8798 0
11.5198 0
12.1598 0
12.7998 0
13.4398 0
14.0798 0
14.7198 0
15.3598 0
15.9998 0
16.6398 0
17.2798 0
17.9198 0
18.5598 0
19.1998 0
19.8398 0
20.4798 0
21.1198 0
21.7598 0
22.3998 0
23.0398 0
23.6798 0
24.3198 0
24.9598 0
25.5998 0
26.2398 0
26.8798 0
27.5198 0
28.1598 0
28.7998 0
29.4398 0
30.0798 0
30.7198 0
31.3598 0
31.9998 0
32.6398 0
33.2798 0
33.9198 0
34.5598 0
35.1998 0
35.8398 0
36.4798 0
37.1198 0
37.7598 0
38.3998 0
39.0398 0
39.6798 0
40.3198 0
40.9598 0
41.5998 0
42.2398 0
42.8798 0
43.5198 0
44.1598 0
44.7998 0
45.4398 0
46.0798 0
46.7198 0
47.3598 0
47.9998 0
48.6398 0
49.2798 0
49.9198 0
50.5598 0
51.1998 0
51.8398 0
52.4798 0
53.1198 0
53.7598 0
54.3998 0
55.0398 0
55.6798 0
56.3198 0
56.9598 0
57.5998 0
58.2398 0
58.8798 0
59.5198 0
60.1598 0
60.7998 0
61.4398 0
62.0798 0
62.7198 0
63.3598 0
63.9998 0
64.6398 0
65.2798 0
65.9198 0
66.5598 0
67.1998 0
67.8398 0
68.4798 0
69.1198 0
69.7598 0
70.3998 214.438
71.0398 219.249
71.6798 224.06
72.3198 228.871
72.9598 233.682
73.5998 238.493
74.2398 243.304
74.8798 248.115
75.5198 252.926
76.1598 257.737
76.7998 262.548
77.4398 267.359
78.0798 272.17
78.7198 276.981
79.3598 281.792
79.9998 286.603
80.6398 291.414
81.2798 296.225
81.9198 301.036
82.5598 305.846
83.1998 310.657
83.8398 315.468
84.4798 320.279
85.1198 325.09
85.7598 329.901
86.3998 334.712
87.0398 339.523
87.6798 344.334
88.3198 349.145
88.9598 353.956
89.5998 358.767
90.2398 363.578
90.8798 368.389
91.5198 373.2
92.1598 378.011
92.7998 0
93.4398 0
94.0798 0
94.7198 0
95.3598 0
95.9998 0
96.6398 0
97.2798 0
97.9198 0
98.5598 0
99.1998 0
99.8398 0
100.48 0
101.12 0
101.76 0
102.4 0
103.04 0
103.68 0
104.32 0
104.96 0
105.6 0
106.24 0
106.88 0
107.52 0
108.16 0
108.8 0
109.44 0
110.08 0
110.72 0
111.36 0
112 0
112.64 0
113.28 0
113.92 0
114.56 0
115.2 0
115.84 0
116.48 0
117.12 433.975
117.76 485.869
118.4 541.112
119.04 634.807
119.68 973.964
120.32 2128.12
120.96 4402.42
121.6 6312.11
122.24 5189.29
122.88 2894.35
123.52 1129.9
124.16 488.289
124.8 376.844
125.44 385.176
126.08 408.194
126.72 432.235
127.36 0
128 0
128.64 0
129.28 0
129.92 0
130.56 0
131.2 0
131.84 0
132.48 0
133.12 0
133.76 0
134.4 0
135.04 0
135.68 0
136.32 0
136.96 0
137.6 0
138.24 0
138.88 0
139.52 0
140.16 0
140.8 0
141.44 0
142.08 0
142.72 0
143.36 0
144 0
144.64 0
145.28 0
145.92 0
146.56 0
147.2 0
147.84 0
148.48 0
149.12 0
149.76 0
150.4 0
151.04 0
151.68 0
152.32 0
152.96 0
153.6 0
154.24 0
154.88 0
155.52 0
156.16 0
156.8 0
157.44 0
158.08 0
158.72 0
159.36 0
160 0
160.64 0
161.28 0
161.92 0
162.56 0
163.2 0
163.84 0
164.48 0
165.12 0
165.76 0
166.4 0
167.04 0
167.68 0
168.32 0
168.96 0
169.6 0
170.24 0
170.88 0
171.52 0
172.16 0
172.8 0
173.44 0
174.08 0
174.72 0
175.36 0
176 0
176.64 0
177.28 0
177.92 0
178.56 0
179.2 0
179.84 0
180.48 0
181.12 0
181.76 0
182.4 0
183.04 0
183.68 0
184.32 0
184.96 0
185.6 0
186.24 0
186.88 0
187.52 0
188.16 0
188.8 0
189.44 0
190.08 0
190.72 0
191.36 0
192 0
192.64 0
193.28 0
193.92 0
194.56 0
195.2 0
195.84 0
196.48 0
197.12 0
197.76 0
198.4 0
199.04 0
199.68 0
200.32 0
200.96 0
201.6 0
202.24 0
202.88 0
203.52 0
204.16 0
204.8 0
205.44 0
206.08 0
206.72 0
207.36 0
208 0
208.64 0
209.28 0
209.92 0
210.56 0
211.2 0
211.84 0
212.48 0
213.12 0
213.76 0
214.4 0
215.04 0
215.68 0
216.32 0
216.96 0
217.6 0
218.24 0
218.88 0
219.52 0
220.16 0
220.8 0
221.44 0
222.08 0
222.72 0
223.36 0
224 0
224.64 0
225.28 0
225.92 0
226.56 0
227.2 0
227.84 0
228.48 0
229.12 0
229.76 0
230.4 0
231.04 0
231.68 0
232.32 0
232.96 0
233.6 0
234.24 0
234.88 0
235.52 0
236.16 0
236.8 0
237.44 324.539
238.08 319.034
238.72 313.568
239.36 308.428
240 304.862
240.64 305.384
241.28 311.182
241.92 327.231
242.56 408.314
243.2 706.876
243.84 1292.77
244.48 1790.93
245.12 1690.15
245.76 1086.87
246.4 564.269
247.04 339.702
247.68 284.832
248.32 276.75
248.96 275.894
249.6 275.695
250.24 0
250.88 0
251.52 0
252.16 0
252.8 0
253.44 0
254.08 0
254.72 0
255.36 0
256 0
256.64 0
257.28 0
257.92 0
258.56 0
259.2 0
259.84 0
260.48 0
261.12 0
261.76 0
262.4 0
263.04 0
263.68 0
264.32 0
264.96 0
265.6 0
266.24 0
266.88 0
267.52 0
268.16 0
268.8 0
269.44 0
270.08 0
270.72 0
271.36 0
272 0
272.64 219.035
273.28 217.997
273.92 216.952
274.56 215.854
275.2 214.465
275.84 212.216
276.48 208.845
277.12 205.745
277.76 205.004
278.4 206.286
279.04 207.385
279.68 207.319
280.32 206.533
280.96 205.534
281.6 204.5
282.24 203.462
282.88 0
283.52 0
284.16 0
284.8 0
285.44 0
286.08 0
286.72 0
287.36 0
288 0
288.64 0
289.28 0
289.92 0
290.56 183.912
291.2 183.222
291.84 182.526
292.48 181.827
293.12 181.529
293.76 184.727
294.4 200.686
295.04 236.152
295.68 271.038
296.32 269.646
296.96 233.545
297.6 198.019
298.24 180.857
298.88 175.741
299.52 174.338
300.16 173.579
300.8 172.885
301.44 0
302.08 0
302.72 0
303.36 0
304 0
304.64 0
305.28 0
305.92 0
306.56 0
307.2 0
307.84 0
308.48 0
309.12 0
309.76 0
310.4 0
311.04 0
311.68 0
312.32 0
312.96 0
313.6 0
314.24 0
314.88 0
315.52 0
316.16 0
316.8 0
317.44 0
318.08 0
318.72 0
319.36 0
320 0
320.64 0
321.28 0
321.92 0
322.56 0
323.2 0
323.84 0
324.48 0
325.12 0
325.76 0
326.4 0
327.04 0
327.68 0
328.32 0
328.96 0
329.6 0
330.24 0
330.88 0
331.52 0
332.16 0
332.8 0
333.44 0
334.08 0
334.72 0
335.36 0
336 0
336.64 0
337.28 0
337.92 0
338.56 0
339.2 0
339.84 166.9
340.48 146.916
341.12 143.089
341.76 245.285
342.4 752.817
343.04 2069.87
343.68 3871.35
344.32 4781.44
344.96 3736.45
345.6 1910.95
346.24 685.927
346.88 233.363
347.52 133.276
348.16 119.435
348.8 118.066
349.44 117.981
350.08 118.639
350.72 120.607
351.36 123.274
352 124.242
352.64 122.232
353.28 119.079
353.92 116.93
354.56 115.998
355.2 115.609
355.84 115.35
356.48 115.111
357.12 0
357.76 0
358.4 0
359.04 0
359.68 0
360.32 0
360.96 0
361.6 0
362.24 0
362.88 110.443
363.52 109.647
364.16 108.952
364.8 109.184
365.44 114.553
366.08 136.302
366.72 183.799
367.36 236.105
368 245.585
368.64 201.289
369.28 146.086
369.92 114.117
370.56 103.112
371.2 100.277
371.84 99.2214
372.48 98.3985
373.12 0
373.76 0
374.4 0
375.04 0
375.68 0
376.32 0
376.96 0
377.6 0
378.24 0
378.88 0
379.52 0
380.16 0
380.8 0
381.44 0
382.08 0
382.72 0
383.36 0
384 0
384.64 0
385.28 0
385.92 0
386.56 0
387.2 0
387.84 0
388.48 0
389.12 0
389.76 0
390.4 0
391.04 0
391.68 0
392.32 0
392.96 0
393.6 0
394.24 0
394.88 0
395.52 0
396.16 0
396.8 0
397.44 0
398.08 0
398.72 0
399.36 0
400 0
400.64 0
401.28 0
401.92 0
402.56 0
403.2 0
403.84 0
404.48 0
405.12 0
405.76 0
406.4 90.4186
407.04 90.1388
407.68 90.4501
408.32 95.1493
408.96 119.56
409.6 193.901
410.24 323.931
410.88 430.689
411.52 411.612
412.16 286.456
412.8 166.657
413.44 107.46
414.08 89.9352
414.72 86.4835
415.36 0
416 0
416.64 0
417.28 0
417.92 0
418.56 0
419.2 0
419.84 0
420.48 0
421.12 0
421.76 0
422.4 0
423.04 0
423.68 0
424.32 0
424.96 0
425.6 0
426.24 0
426.88 0
427.52 0
428.16 0
428.8 0
429.44 0
430.08 0
430.72 0
431.36 0
432 0
432.64 0
433.28 0
433.92 0
434.56 0
435.2 0
435.84 0
436.48 0
437.12 0
437.76 0
438.4 0
439.04 0
439.68 0
440.32 0
440.96 0
441.6 0
442.24 0
442.88 0
443.52 0
444.16 0
444.8 0
445.44 0
446.08 0
446.72 0
447.36 0
448 0
448.64 0
449.28 0
449.92 0
450.56 0
451.2 0
451.84 0
452.48 0
453.12 0
453.76 0
454.4 0
455.04 0
455.68 0
456.32 0
456.96 0
457.6 0
458.24 0
458.88 0
459.52 0
460.16 0
460.8 0
461.44 0
462.08 0
462.72 0
463.36 0
464 0
464.64 0
465.28 0
465.92 0
466.56 0
467.2 0
467.84 0
468.48 0
469.12 0
469.76 0
470.4 0
471.04 0
471.68 0
472.32 0
472.96 0
473.6 0
474.24 0
474.88 0
475.52 0
476.16 0
476.8 0
477.44 0
478.08 0
478.72 0
479.36 0
480 0
480.64 0
481.28 0
481.92 0
482.56 0
483.2 0
483.84 65.8215
484.48 66.1746
485.12 66.6191
485.76 67.7319
486.4 71.8779
487.04 84.0589
487.68 106.481
488.32 127.962
488.96 129.827
489.6 110.559
490.24 88.0382
490.88 75.2273
491.52 71.0723
492.16 70.4492
492.8 70.6597
493.44 70.9923
494.08 0
494.72 0
495.36 0
496 0
496.64 0
497.28 0
497.92 0
498.56 0
499.2 0
499.84 0
500.48 0
501.12 0
501.76 0
502.4 0
503.04 0
503.68 0
504.32 0
504.96 0
505.6 0
506.24 0
506.88 0
507.52 0
508.16 0
508.8 0
509.44 0
510.08 0
510.72 0
511.36 0
512 0
512.64 0
513.28 0
513.92 0
514.56 0
515.2 0
515.84 0
516.48 0
517.12 0
517.76 0
518.4 0
519.04 0
519.68 0
520.32 0
520.96 0
521.6 0
522.24 0
522.88 0
523.52 0
524.16 0
524.8 0
525.44 0
526.08 0
526.72 0
527.36 0
528 0
528.64 0
529.28 0
529.92 0
530.56 0
531.2 0
531.84 0
532.48 0
533.12 0
533.76 0
534.4 0
535.04 0
535.68 0
536.32 0
536.96 0
537.6 0
538.24 0
538.88 0
539.52 0
540.16 0
540.8 0
541.44 0
542.08 0
542.72 0
543.36 0
544 0
544.64 0
545.28 0
545.92 0
546.56 0
547.2 0
547.84 0
548.48 0
549.12 0
549.76 0
550.4 0
551.04 0
551.68 0
552.32 0
552.96 0
553.6 0
554.24 0
554.88 0
555.52 0
556.16 0
556.8 0
557.44 0
558.08 0
558.72 0
559.36 63.4897
560 63.441
560.64 63.6236
561.28 65.1301
561.92 71.3398
562.56 87.0555
563.2 110.488
563.84 126.878
564.48 123.128
565.12 107.046
565.76 95.1028
566.4 89.3818
567.04 82.513
567.68 73.4918
568.32 66.6034
568.96 63.4208
569.6 62.4506
570.24 62.2069
570.88 62.1096
571.52 62.0313
572.16 61.9545
572.8 61.8779
573.44 61.8012
574.08 61.7245
574.72 61.6479
575.36 61.5712
576 61.4946
576.64 61.4179
577.28 61.3413
577.92 61.2646
578.56 61.1881
579.2 61.1131
579.84 61.0513
580.48 61.0637
581.12 61.3353
581.76 62.1252
582.4 63.359
583.04 64.4768
583.68 65.9471
584.32 71.4384
584.96 85.5485
585.6 104.893
586.24 114.98
586.88 105.885
587.52 85.9986
588.16 69.9829
588.8 62.5538
589.44 60.3435
590.08 59.8633
590.72 59.736
591.36 59.6551
592 59.5782
592.64 59.5015
593.28 59.4249
593.92 59.3482
594.56 0
595.2 0
595.84 0
596.48 0
597.12 0
597.76 0
598.4 0
599.04 0
599.68 0
600.32 0
600.96 0
601.6 0
602.24 0
602.88 0
603.52 0
604.16 0
604.8 52.8283
605.44 53.098
606.08 53.3868
606.72 53.7724
607.36 54.4604
608 55.6754
608.64 57.1878
609.28 58.1201
609.92 57.8575
610.56 56.8974
611.2 56.1523
611.84 55.9405
612.48 56.0645
613.12 56.3036
613.76 56.567
614.4 0
615.04 0
615.68 0
616.32 0
616.96 0
617.6 0
618.24 0
618.88 0
619.52 0
620.16 0
620.8 0
621.44 0
622.08 0
622.72 0
623.36 0
624 0
624.64 0
625.28 0
625.92 0
626.56 0
627.2 0
627.84 0
628.48 0
629.12 0
629.76 0
630.4 0
631.04 0
631.68 0
632.32 0
632.96 0
633.6 0
634.24 0
634.88 0
635.52 0
636.16 0
636.8 0
637.44 0
638.08 0
638.72 0
639.36 0
640 0
640.64 0
641.28 0
641.92 0
642.56 0
643.2 0
643.84 0
644.48 0
645.12 0
645.76 0
646.4 0
647.04 0
647.68 0
648.32 0
648.96 0
649.6 0
650.24 0
650.88 0
651.52 0
652.16 0
652.8 0
653.44 0
654.08 0
654.72 0
655.36 0
656 0
656.64 0
657.28 0
657.92 0
658.56 0
659.2 0
659.84 0
660.48 0
661.12 0
661.76 0
662.4 0
663.04 0
663.68 0
664.32 0
664.96 0
665.6 0
666.24 0
666.88 0
667.52 0
668.16 0
668.8 0
669.44 0
670.08 0
670.72 0
671.36 0
672 0
672.64 0
673.28 0
673.92 0
674.56 0
675.2 0
675.84 0
676.48 64.7593
677.12 73.7955
677.76 87.9999
678.4 98.2851
679.04 94.84
679.68 79.8165
680.32 64.3374
680.96 55.0873
681.6 51.0684
682.24 49.2604
682.88 48.0216
683.52 46.8782
684.16 49.7174
684.8 49.8301
685.44 50.5956
686.08 54.3807
686.72 66.9238
687.36 93.684
688 127.444
688.64 144.785
689.28 130.194
689.92 96.9024
690.56 68.9197
691.2 55.1947
691.84 50.8832
692.48 49.9902
693.12 49.8732
693.76 0
694.4 0
695.04 0
695.68 0
696.32 0
696.96 0
697.6 0
698.24 0
698.88 0
699.52 0
700.16 0
700.8 0
701.44 0
702.08 0
702.72 0
703.36 0
704 0
704.64 0
705.28 0
705.92 0
706.56 0
707.2 0
707.84 0
708.48 0
709.12 0
709.76 0
710.4 0
711.04 0
711.68 0
712.32 0
712.96 0
713.6 0
714.24 0
714.88 52.3538
715.52 52.4291
716.16 52.7523
716.8 54.1558
717.44 58.5114
718.08 67.3305
718.72 77.8705
719.36 82.6947
720 77.5398
720.64 67.0137
721.28 58.451
721.92 54.3334
722.56 53.0698
723.2 52.8323
723.84 52.8275
724.48 0
725.12 0
725.76 0
726.4 0
727.04 0
727.68 0
728.32 0
728.96 0
729.6 0
730.24 0
730.88 0
731.52 0
732.16 0
732.8 0
733.44 0
734.08 0
734.72 0
735.36 0
736 0
736.64 0
737.28 0
737.92 0
738.56 0
739.2 0
739.84 0
740.48 0
741.12 0
741.76 0
742.4 0
743.04 0
743.68 0
744.32 0
744.96 0
745.6 0
746.24 0
746.88 0
747.52 0
748.16 0
748.8 0
749.44 0
750.08 0
750.72 0
751.36 0
752 0
752.64 0
753.28 0
753.92 0
754.56 0
755.2 0
755.84 0
756.48 0
757.12 0
757.76 0
758.4 0
759.04 0
759.68 0
760.32 0
760.96 0
761.6 0
762.24 0
762.88 0
763.52 0
764.16 0
764.8 0
765.44 0
766.08 0
766.72 0
767.36 0
768 0
768.64 0
769.28 0
769.92 0
770.56 0
771.2 0
771.84 0
772.48 44.2535
773.12 44.1633
773.76 44.0861
774.4 44.1865
775.04 45.9548
775.68 58.3519
776.32 115.743
776.96 294.121
777.6 655.764
778.24 1095.41
778.88 1314.54
779.52 1123.92
780.16 689.699
780.8 315.378
781.44 123.748
782.08 59.77
782.72 45.3146
783.36 43.1193
784 43.1718
784.64 43.844
785.28 44.713
785.92 45.1184
786.56 44.6331
787.2 43.6009
787.84 42.6844
788.48 42.1647
789.12 41.9287
789.76 41.8046
790.4 41.7084
791.04 0
791.68 0
792.32 0
792.96 0
793.6 0
794.24 0
794.88 0
795.52 0
796.16 0
796.8 0
797.44 0
798.08 0
798.72 0
799.36 0
800 0
800.64 0
801.28 41.9683
801.92 42.1493
802.56 42.3265
803.2 42.4841
803.84 42.5724
804.48 42.5107
805.12 42.2855
805.76 42.0887
806.4 42.2358
807.04 42.942
807.68 44.6326
808.32 48.8006
808.96 57.4725
809.6 69.5281
810.24 78.1075
810.88 76.365
811.52 65.9988
812.16 55.0271
812.8 48.5687
813.44 46.2059
814.08 45.7307
814.72 45.7957
815.36 45.9628
816 0
816.64 0
817.28 0
817.92 0
818.56 0
819.2 0
819.84 0
820.48 0
821.12 0
821.76 0
822.4 0
823.04 0
823.68 0
824.32 0
824.96 0
825.6 0
826.24 0
826.88 0
827.52 0
828.16 0
828.8 0
829.44 0
830.08 0
830.72 0
831.36 0
832 0
832.64 0
833.28 0
833.92 0
834.56 0
835.2 0
835.84 0
836.48 0
837.12 0
837.76 0
838.4 0
839.04 0
839.68 0
840.32 0
840.96 0
841.6 0
842.24 0
842.88 0
843.52 0
844.16 0
844.8 0
845.44 0
846.08 0
846.72 0
847.36 0
848 0
848.64 0
849.28 0
849.92 0
850.56 0
851.2 0
851.84 0
852.48 0
853.12 0
853.76 0
854.4 0
855.04 0
855.68 0
856.32 0
856.96 0
857.6 0
858.24 0
858.88 0
859.52 0
860.16 0
860.8 0
861.44 0
862.08 41.4979
862.72 43.2372
863.36 44.4233
864 47.6152
864.64 61.62
865.28 106.644
865.92 203.745
866.56 335.027
867.2 422.575
867.84 395.667
868.48 277.341
869.12 154.634
869.76 81.5012
870.4 53.0951
871.04 45.5761
871.68 44.182
872.32 43.9874
872.96 0
873.6 0
874.24 0
874.88 0
875.52 0
876.16 0
876.8 0
877.44 0
878.08 0
878.72 0
879.36 0
880 0
880.64 0
881.28 0
881.92 0
882.56 0
883.2 0
883.84 0
884.48 0
885.12 0
885.76 0
886.4 0
887.04 0
887.68 0
888.32 0
888.96 0
889.6 0
890.24 0
890.88 0
891.52 0
892.16 0
892.8 0
893.44 0
894.08 0
894.72 0
895.36 0
896 0
896.64 0
897.28 0
897.92 0
898.56 0
899.2 0
899.84 0
900.48 0
901.12 0
901.76 0
902.4 0
903.04 0
903.68 0
904.32 0
904.96 0
905.6 0
906.24 0
906.88 0
907.52 0
908.16 0
908.8 0
909.44 0
910.08 0
910.72 0
911.36 0
912 0
912.64 0
913.28 0
913.92 0
914.56 32.3337
915.2 32.3603
915.84 32.5799
916.48 33.6585
917.12 37.274
917.76 45.4764
918.4 57.4321
919.04 66.7987
919.68 66.3856
920.32 56.5416
920.96 44.7043
921.6 36.8549
922.24 33.5027
922.88 32.6717
923.52 33.2147
924.16 35.5804
924.8 40.7678
925.44 47.9305
926.08 53.0323
926.72 52.0879
927.36 45.886
928 38.9869
928.64 34.6195
929.28 32.8089
929.92 32.2871
930.56 32.1505
931.2 31.9932
931.84 31.5341
932.48 30.5129
933.12 29.0368
933.76 27.8839
934.4 27.9293
935.04 29.1289
935.68 30.5758
936.32 31.5376
936.96 31.95
937.6 32.0674
938.24 32.0865
938.88 32.0838
939.52 0
940.16 0
940.8 0
941.44 0
942.08 0
942.72 0
943.36 0
944 0
944.64 0
945.28 0
945.92 0
946.56 0
947.2 0
947.84 0
948.48 0
949.12 0
949.76 0
950.4 0
951.04 0
951.68 0
952.32 0
952.96 0
953.6 0
954.24 0
954.88 0
955.52 0
956.16 0
956.8 0
957.44 0
958.08 0
958.72 0
959.36 30.1376
960 31.1042
960.64 40.9479
961.28 87.0889
961.92 231.547
962.56 536.842
963.2 948.736
963.84 1234.29
964.48 1174.77
965.12 816.814
965.76 420.88
966.4 169.155
967.04 63.8006
967.68 33.3885
968.32 27.1781
968.96 26.2396
969.6 0
970.24 0
970.88 0
971.52 0
972.16 0
972.8 0
973.44 0
974.08 0
974.72 0
975.36 0
976 0
976.64 0
977.28 0
977.92 0
978.56 0
979.2 0
979.84 0
980.48 0
981.12 0
981.76 0
982.4 0
983.04 0
983.68 0
984.32 0
984.96 0
985.6 0
986.24 0
986.88 0
987.52 0
988.16 0
988.8 0
989.44 0
990.08 0
990.72 0
991.36 0
992 0
992.64 0
993.28 0
993.92 0
994.56 0
995.2 0
995.84 0
996.48 0
997.12 0
997.76 0
998.4 0
999.04 0
999.68 0
1000.32 18.7017
1000.96 18.9728
1001.6 19.4931
1002.24 21.1585
1002.88 26.3913
1003.52 38.6995
1004.16 58.2929
1004.8 76.7593
1005.44 81.325
1006.08 68.4942
1006.72 48.3251
1007.36 32.6378
1008 24.9266
1008.64 22.4475
1009.28 22.0271
1009.92 22.1449
1010.56 0
1011.2 0
1011.84 0
1012.48 0
1013.12 0
1013.76 0
1014.4 0
1015.04 0
1015.68 0
1016.32 0
1016.96 0
1017.6 0
1018.24 0
1018.88 0
1019.52 0
1020.16 0
1020.8 0
1021.44 0
1022.08 0
1022.72 0
1023.36 0
1024 0
1024.64 0
1025.28 0
1025.92 0
1026.56 0
1027.2 0
1027.84 0
1028.48 0
1029.12 0
1029.76 0
1030.4 0
1031.04 0
1031.68 0
1032.32 0
1032.96 0
1033.6 0
1034.24 0
1034.88 0
1035.52 0
1036.16 0
1036.8 0
1037.44 0
1038.08 0
1038.72 0
1039.36 0
1040 0
1040.64 0
1041.28 0
1041.92 0
1042.56 0
1043.2 0
1043.84 0
1044.48 0
1045.12 0
1045.76 0
1046.4 0
1047.04 0
1047.68 0
1048.32 0
1048.96 0
1049.6 0
1050.24 0
1050.88 0
1051.52 0
1052.16 0
1052.8 0
1053.44 0
1054.08 0
1054.72 0
1055.36 0
1056 0
1056.64 0
1057.28 0
1057.92 0
1058.56 0
1059.2 0
1059.84 0
1060.48 0
1061.12 0
1061.76 0
1062.4 0
1063.04 0
1063.68 0
1064.32 0
1064.96 0
1065.6 0
1066.24 0
1066.88 0
1067.52 0
1068.16 0
1068.8 0
1069.44 0
1070.08 0
1070.72 0
1071.36 0
1072 0
1072.64 0
1073.28 0
1073.92 0
1074.56 0
1075.2 0
1075.84 0
1076.48 0
1077.12 0
1077.76 0
1078.4 0
1079.04 0
1079.68 0
1080.32 0
1080.96 0
1081.6 0
1082.24 0
1082.88 0
1083.52 0
1084.16 0
1084.8 0
1085.44 0
1086.08 0
1086.72 0
1087.36 0
1088 0
1088.64 0
1089.28 0
1089.92 0
1090.56 0
1091.2 0
1091.84 0
1092.48 0
1093.12 0
1093.76 0
1094.4 0
1095.04 0
1095.68 0
1096.32 0
1096.96 0
1097.6 0
1098.24 0
1098.88 0
1099.52 0
1100.16 0
1100.8 0
1101.44 0
1102.08 0
1102.72 0
1103.36 0
1104 0
1104.64 0
1105.28 0
1105.92 0
1106.56 0
1107.2 25.4443
1107.84 26.5385
1108.48 33.7676
1109.12 65.859
1109.76 166.764
1110.4 388.561
1111.04 714.09
1111.68 990.629
1112.32 1025.68
1112.96 792.003
1113.6 459.74
1114.24 206.941
1114.88 80.7511
1115.52 36.8421
1116.16 25.8584
1116.8 23.7913
1117.44 23.432
1118.08 23.334
1118.72 23.307
1119.36 23.3153
1120 23.292
1120.64 23.1687
1121.28 22.949
1121.92 22.7042
1122.56 22.4962
1123.2 22.3355
1123.84 22.2029
1124.48 22.0809
1125.12 21.9616
1125.76 0
1126.4 0
1127.04 0
1127.68 0
1128.32 0
1128.96 0
1129.6 0
1130.24 0
1130.88 0
1131.52 0
1132.16 0
1132.8 0
1133.44 0
1134.08 0
1134.72 0
1135.36 0
1136 0
1136.64 0
1137.28 0
1137.92 0
1138.56 0
1139.2 0
1139.84 0
1140.48 0
1141.12 0
1141.76 0
1142.4 0
1143.04 0
1143.68 0
1144.32 0
1144.96 0
1145.6 0
1146.24 0
1146.88 0
1147.52 0
1148.16 0
1148.8 0
1149.44 0
1150.08 0
1150.72 0
1151.36 0
1152 0
1152.64 0
1153.28 0
1153.92 0
1154.56 0
1155.2 0
1155.84 0
1156.48 0
1157.12 0
1157.76 0
1158.4 0
1159.04 0
1159.68 0
1160.32 0
1160.96 0
1161.6 0
1162.24 0
1162.88 0
1163.52 0
1164.16 0
1164.8 0
1165.44 0
1166.08 0
1166.72 0
1167.36 0
1168 0
1168.64 22.6697
1169.28 22.7192
1169.92 22.813
1170.56 23.0525
1171.2 23.6138
1171.84 24.5961
1172.48 25.7335
1173.12 26.3874
1173.76 26.1059
1174.4 25.1317
1175.04 24.121
1175.68 23.4933
1176.32 23.2427
1176.96 23.1919
1177.6 23.2104
1178.24 0
1178.88 0
1179.52 0
1180.16 0
1180.8 0
1181.44 0
1182.08 0
1182.72 0
1183.36 0
1184 0
1184.64 0
1185.28 0
1185.92 0
1186.56 0
1187.2 0
1187.84 0
1188.48 0
1189.12 0
1189.76 0
1190.4 0
1191.04 0
1191.68 0
1192.32 0
1192.96 0
1193.6 0
1194.24 0
1194.88 0
1195.52 0
1196.16 0
1196.8 0
1197.44 0
1198.08 0
1198.72 0
1199.36 0
1200 0
1200.64 0
1201.28 0
1201.92 0
1202.56 0
1203.2 0
1203.84 0
1204.48 0
1205.12 0
1205.76 0
1206.4 0
1207.04 0
1207.68 0
1208.32 14.2013
1208.96 14.4806
1209.6 15.9939
1210.24 21.5602
1210.88 36.1194
1211.52 62.6801
1212.16 94.2787
1212.8 113.146
1213.44 105.698
1214.08 77.4989
1214.72 46.8851
1215.36 26.667
1216 17.5218
1216.64 14.5556
1217.28 13.8364
1217.92 13.6861
1218.56 0
1219.2 0
1219.84 0
1220.48 0
1221.12 0
1221.76 0
1222.4 0
1223.04 0
1223.68 0
1224.32 0
1224.96 0
1225.6 0
1226.24 0
1226.88 0
1227.52 0
1228.16 0
1228.8 0
1229.44 0
1230.08 0
1230.72 0
1231.36 0
1232 0
1232.64 0
1233.28 0
1233.92 0
1234.56 0
1235.2 0
1235.84 0
1236.48 0
1237.12 0
1237.76 0
1238.4 0
1239.04 0
1239.68 0
1240.32 0
1240.96 0
1241.6 0
1242.24 0
1242.88 0
1243.52 0
1244.16 0
1244.8 0
1245.44 0
1246.08 0
1246.72 0
1247.36 0
1248 0
1248.64 0
1249.28 0
1249.92 0
1250.56 0
1251.2 0
1251.84 0
1252.48 0
1253.12 0
1253.76 0
1254.4 0
1255.04 0
1255.68 0
1256.32 0
1256.96 0
1257.6 0
1258.24 0
1258.88 0
1259.52 0
1260.16 0
1260.8 0
1261.44 0
1262.08 0
1262.72 0
1263.36 0
1264 0
1264.64 0
1265.28 0
1265.92 0
1266.56 0
1267.2 0
1267.84 0
1268.48 0
1269.12 0
1269.76 0
1270.4 0
1271.04 0
1271.68 0
1272.32 0
1272.96 0
1273.6 0
1274.24 0
1274.88 0
1275.52 0
1276.16 0
1276.8 0
1277.44 0
1278.08 0
1278.72 0
1279.36 0
1280 0
1280.64 0
1281.28 0
1281.92 0
1282.56 0
1283.2 0
1283.84 0
1284.48 0
1285.12 0
1285.76 0
1286.4 0
1287.04 0
1287.68 0
1288.32 0
1288.96 0
1289.6 0
1290.24 0
1290.88 0
1291.52 0
1292.16 0
1292.8 0
1293.44 0
1294.08 0
1294.72 7.02443
1295.36 7.57741
1296 10.4666
1296.64 19.8241
1297.28 41.0676
1297.92 74.3619
1298.56 107.132
1299.2 119.217
1299.84 101.803
1300.48 67.1452
1301.12 35.2084
1301.76 16.0727
1302.4 7.94802
1303.04 5.35882
1303.68 4.6483
1304.32 0
1304.96 0
1305.6 0
1306.24 0
1306.88 0
1307.52 0
1308.16 0
1308.8 0
1309.44 0
1310.08 0
1310.72 0
1311.36 0
1312 0
1312.64 0
1313.28 0
1313.92 0
1314.56 0
1315.2 0
1315.84 0
1316.48 0
1317.12 0
1317.76 0
1318.4 0
1319.04 0
1319.68 0
1320.32 0
1320.96 0
1321.6 0
1322.24 0
1322.88 0
1323.52 0
1324.16 0
1324.8 0
1325.44 0
1326.08 0
1326.72 0
1327.36 0
1328 2.97649
1328.64 2.99817
1329.28 3.07159
1329.92 3.29137
1330.56 3.78913
1331.2 4.58884
1331.84 5.41882
1332.48 5.79485
1333.12 5.45573
1333.76 4.64643
1334.4 3.85119
1335.04 3.35309
1335.68 3.13666
1336.32 3.07136
1336.96 3.06046
1337.6 0
1338.24 0
1338.88 0
1339.52 0
1340.16 0
1340.8 0
1341.44 0
1342.08 0
1342.72 0
1343.36 0
1344 0
1344.64 0
1345.28 0
1345.92 0
1346.56 0
1347.2 0
1347.84 0
1348.48 0
1349.12 0
1349.76 0
1350.4 0
1351.04 0
1351.68 0
1352.32 0
1352.96 0
1353.6 0
1354.24 0
1354.88 0
1355.52 0
1356.16 0
1356.8 0
1357.44 0
1358.08 0
1358.72 0
1359.36 0
1360 0
1360.64 0
1361.28 0
1361.92 0
1362.56 0
1363.2 0
1363.84 0
1364.48 0
1365.12 0
1365.76 0
1366.4 0
1367.04 0
1367.68 0
1368.32 0
1368.96 0
1369.6 0
1370.24 0
1370.88 0
1371.52 0
1372.16 0
1372.8 0
1373.44 0
1374.08 0
1374.72 0
1375.36 0
1376 0
1376.64 0
1377.28 0
1377.92 0
1378.56 0
1379.2 0
1379.84 0
1380.48 0
1381.12 0
1381.76 0
1382.4 0
1383.04 0
1383.68 0
1384.32 0
1384.96 0
1385.6 0
1386.24 0
1386.88 0
1387.52 0
1388.16 0
1388.8 0
1389.44 0
1390.08 0
1390.72 0
1391.36 0
1392 0
1392.64 0
1393.28 0
1393.92 0
1394.56 0
1395.2 0
1395.84 0
1396.48 0
1397.12 2.58317
1397.76 2.59365
1398.4 2.62217
1399.04 2.69717
1399.68 2.85187
1400.32 3.08049
1400.96 3.29627
1401.6 3.37357
1402.24 3.2814
1402.88 3.26956
1403.52 4.59529
1404.16 12.851
1404.8 47.2054
1405.44 152.218
1406.08 386.664
1406.72 756.726
1407.36 1135.38
1408 1304.54
1408.64 1147.74
1409.28 773.575
1409.92 400.007
1410.56 159.489
1411.2 50.0773
1411.84 13.6569
1412.48 4.63321
1413.12 0
1413.76 0
1414.4 0
1415.04 0
1415.68 0
1416.32 0
1416.96 0
1417.6 0
1418.24 0
1418.88 0
1419.52 0
1420.16 0
1420.8 0
1421.44 0
1422.08 0
1422.72 0
1423.36 0
1424 0
1424.64 0
1425.28 0
1425.92 0
1426.56 0
1427.2 0
1427.84 0
1428.48 0
1429.12 0
1429.76 0
1430.4 0
1431.04 0
1431.68 0
1432.32 0
1432.96 0
1433.6 0
1434.24 0
1434.88 0
1435.52 0
1436.16 0
1436.8 0
1437.44 0
1438.08 0
1438.72 0
1439.36 0
1440 0
1440.64 0
1441.28 0
1441.92 0
1442.56 0
1443.2 0
1443.84 0
1444.48 0
1445.12 0
1445.76 0
1446.4 0
1447.04 0
1447.68 0
1448.32 0
1448.96 0
1449.6 0
1450.24 0
1450.88 0
1451.52 0
1452.16 0
1452.8 1.17021
1453.44 1.23606
1454.08 1.62909
1454.72 3.06398
1455.36 6.83139
1456 13.9647
1456.64 23.2924
1457.28 30.5982
1457.92 31.5584
1458.56 26.2096
1459.2 19.058
1459.84 14.2804
1460.48 12.1703
1461.12 10.5269
1461.76 7.97083
1462.4 5.00801
1463.04 2.70297
1463.68 1.43426
1464.32 0.915646
1464.96 0.745755
1465.6 0.689672
1466.24 0
1466.88 0
1467.52 0
1468.16 0
1468.8 0
1469.44 0
1470.08 0
1470.72 0
1471.36 0
1472 0
1472.64 0
1473.28 0
1473.92 0
1474.56 0
1475.2 0
1475.84 0
1476.48 0
1477.12 0
1477.76 0
1478.4 0
1479.04 0
1479.68 0
1480.32 0
1480.96 0
1481.6 0
1482.24 0
1482.88 0
1483.52 0
1484.16 0
1484.8 0
1485.44 0
1486.08 0
1486.72 0
1487.36 0
1488 0
1488.64 0
1489.28 0
1489.92 0
1490.56 0
1491.2 0
1491.84 0
1492.48 0
1493.12 0
1493.76 0
1494.4 0
1495.04 0
1495.68 0
1496.32 0
1496.96 0
1497.6 0
1498.24 0
1498.88 0
1499.52 0
1500.16 0
1500.8 0
1501.44 0
1502.08 0
1502.72 0
1503.36 0
1504 0
1504.64 0
1505.28 0
1505.92 0
1506.56 0
1507.2 0
1507.84 0
1508.48 0
1509.12 0
1509.76 0
1510.4 0
1511.04 0
1511.68 0
1512.32 0
1512.96 0
1513.6 0
1514.24 0
1514.88 0
1515.52 0
1516.16 0
1516.8 0
1517.44 0
1518.08 0
1518.72 0
1519.36 0
1520 0
1520.64 0
1521.28 0
1521.92 0
1522.56 0
1523.2 1.05677
1523.84 1.12412
1524.48 1.36036
1525.12 2.12897
1525.76 4.08878
1526.4 7.79203
1527.04 12.7067
1527.68 16.6996
1528.32 17.3518
1528.96 14.2382
1529.6 9.36842
1530.24 5.1945
1530.88 2.75959
1531.52 1.73626
1532.16 1.4257
1532.8 1.3666
1533.44 0
1534.08 0
1534.72 0
1535.36 0
1536 0
1536.64 0
1537.28 0
1537.92 0
1538.56 0
1539.2 0
1539.84 0
1540.48 0
1541.12 0
1541.76 0
1542.4 0
1543.04 0
1543.68 0
1544.32 0
1544.96 0
1545.6 0
1546.24 0
1546.88 0
1547.52 0
1548.16 0
1548.8 0
1549.44 0
1550.08 0
1550.72 0
1551.36 0
1552 0
1552.64 0
1553.28 0
1553.92 0
1554.56 0
1555.2 0
1555.84 0
1556.48 0
1557.12 0
1557.76 0
1558.4 0
1559.04 0
1559.68 0
1560.32 0
1560.96 0
1561.6 0
1562.24 0
1562.88 0
1563.52 0
1564.16 0
1564.8 0
1565.44 0
1566.08 0
1566.72 0
1567.36 0
1568 0
1568.64 0
1569.28 0
1569.92 0
1570.56 0
1571.2 0
1571.84 0
1572.48 0
1573.12 0
1573.76 0
1574.4 0
1575.04 0
1575.68 0
1576.32 0
1576.96 0
1577.6 0
1578.24 0
1578.88 0
1579.52 0
1580.16 0
1580.8 0
1581.44 0
1582.08 0
1582.72 0
1583.36 0
1584 0
1584.64 0
1585.28 0
1585.92 0
1586.56 0
1587.2 0
1587.84 0
1588.48 0
1589.12 0
1589.76 0
1590.4 0
1591.04 0
1591.68 0
1592.32 0
1592.96 0
1593.6 0
1594.24 0
1594.88 0
1595.52 0
1596.16 0
1596.8 0
1597.44 0
1598.08 0
1598.72 0
1599.36 0
1600 0
1600.64 0
1601.28 0
1601.92 0
1602.56 0
1603.2 0
1603.84 0
1604.48 0
1605.12 0
1605.76 0
1606.4 0
1607.04 0
1607.68 0
1608.32 0
1608.96 0
1609.6 0
1610.24 0
1610.88 0
1611.52 0
1612.16 0
1612.8 0
1613.44 0
1614.08 0
1614.72 0
1615.36 0
1616 0
1616.64 0
1617.28 0
1617.92 0
1618.56 0
1619.2 0
1619.84 0
1620.48 0
1621.12 0
1621.76 0
1622.4 0
1623.04 0
1623.68 0
1624.32 0
1624.96 0
1625.6 0
1626.24 0
1626.88 0
1627.52 0
1628.16 0
1628.8 0
1629.44 0
1630.08 0
1630.72 0
1631.36 0
1632 0
1632.64 0
1633.28 0
1633.92 0
1634.56 0
1635.2 0
1635.84 0
1636.48 0
1637.12 0
1637.76 0
1638.4 0
1639.04 0
1639.68 0
1640.32 0
1640.96 0
1641.6 0
1642.24 0
1642.88 0
1643.52 0
1644.16 0
1644.8 0
1645.44 0
1646.08 0
1646.72 0
1647.36 0
1648 0
1648.64 0
1649.28 0
1649.92 0
1650.56 0
1651.2 0
1651.84 0
1652.48 0
1653.12 0
1653.76 0
1654.4 0
1655.04 0
1655.68 0
1656.32 0
1656.96 0
1657.6 0
1658.24 0
1658.88 0
1659.52 0
1660.16 0
1660.8 0
1661.44 0
1662.08 0
1662.72 0
1663.36 0
1664 0
1664.64 0
1665.28 0
1665.92 0
1666.56 0
1667.2 0
1667.84 0
1668.48 0
1669.12 0
1669.76 0
1670.4 0
1671.04 0
1671.68 0
1672.32 0
1672.96 0
1673.6 0
1674.24 0
1674.88 0
1675.52 0
1676.16 0
1676.8 0
1677.44 0
1678.08 0
1678.72 0
1679.36 0
1680 0
1680.64 0
1681.28 0
1681.92 0
1682.56 0
1683.2 0
1683.84 0
1684.48 0
1685.12 0
1685.76 0
1686.4 0
1687.04 0
1687.68 0
1688.32 0
1688.96 0
1689.6 0
1690.24 0
1690.88 0
1691.52 0
1692.16 0
1692.8 0
1693.44 0
1694.08 0
1694.72 0
1695.36 0
1696 0
1696.64 0
1697.28 0
1697.92 0
1698.56 0
1699.2 0
1699.84 0
1700.48 0
1701.12 0
1701.76 0
1702.4 0
1703.04 0
1703.68 0
1704.32 0
1704.96 0
1705.6 0
1706.24 0
1706.88 0
1707.52 0
1708.16 0
1708.8 0
1709.44 0
1710.08 0
1710.72 0
1711.36 0
1712 0
1712.64 0
1713.28 0
1713.92 0
1714.56 0
1715.2 0
1715.84 0
1716.48 0
1717.12 0
1717.76 0
1718.4 0
1719.04 0
1719.68 0
1720.32 0
1720.96 0
1721.6 0
1722.24 0
1722.88 0
1723.52 0
1724.16 0
1724.8 0
1725.44 0
1726.08 0
1726.72 0
1727.36 0
1728 0
1728.64 0
1729.28 0
1729.92 0
1730.56 0
1731.2 0
1731.84 0
1732.48 0
1733.12 0
1733.76 0
1734.4 0
1735.04 0
1735.68 0
1736.32 0
1736.96 0
1737.6 0
1738.24 0
1738.88 0
1739.52 0
1740.16 0
1740.8 0
1741.44 0
1742.08 0
1742.72 0
1743.36 0
1744 0
1744.64 0
1745.28 0
1745.92 0
1746.56 0
1747.2 0
1747.84 0
1748.48 0
1749.12 0
1749.76 0
1750.4 0
1751.04 0
1751.68 0
1752.32 0
1752.96 0
1753.6 0
1754.24 0
1754.88 0
1755.52 0
1756.16 0
1756.8 0
1757.44 0
1758.08 0
1758.72 0
1759.36 0
1760 0.49343
1760.64 0.50767
1761.28 0.556203
1761.92 0.683049
1762.56 0.933082
1763.2 1.29243
1763.84 1.63754
1764.48 1.78626
1765.12 1.64684
1765.76 1.30574
1766.4 0.944501
1767.04 0.690003
1767.68 0.55937
1768.32 0.508772
1768.96 0.493727
1769.6 0
1770.24 0
1770.88 0
1771.52 0
1772.16 0
1772.8 0
1773.44 0
1774.08 0
1774.72 0
1775.36 0
1776 0
1776.64 0
1777.28 0
1777.92 0
1778.56 0
1779.2 0
1779.84 0
1780.48 0
1781.12 0
1781.76 0
1782.4 0
1783.04 0
1783.68 0
1784.32 0
1784.96 0
1785.6 0
1786.24 0
1786.88 0
1787.52 0
1788.16 0
1788.8 0
1789.44 0
1790.08 0
1790.72 0
1791.36 0
1792 0
1792.64 0
1793.28 0
1793.92 0
1794.56 0
1795.2 0
1795.84 0
1796.48 0
1797.12 0
1797.76 0
1798.4 0
1799.04 0
1799.68 0
1800.32 0
1800.96 0
1801.6 0
1802.24 0
1802.88 0
1803.52 0
1804.16 0
1804.8 0
1805.44 0
1806.08 0
1806.72 0
1807.36 0
1808 0
1808.64 0
1809.28 0
1809.92 0
1810.56 0
1811.2 0
1811.84 0
1812.48 0
1813.12 0
1813.76 0
1814.4 0
1815.04 0
1815.68 0
1816.32 0
1816.96 0
1817.6 0
1818.24 0
1818.88 0
1819.52 0
1820.16 0
1820.8 0
1821.44 0
1822.08 0
1822.72 0
1823.36 0
1824 0
1824.64 0
1825.28 0
1825.92 0
1826.56 0
1827.2 0
1827.84 0
1828.48 0
1829.12 0
1829.76 0
1830.4 0
1831.04 0
1831.68 0
1832.32 0
1832.96 0
1833.6 0
1834.24 0
1834.88 0
1835.52 0
1836.16 0
1836.8 0
1837.44 0
1838.08 0
1838.72 0
1839.36 0
1840 0
1840.64 0
1841.28 0
1841.92 0
1842.56 0
1843.2 0
1843.84 0
1844.48 0
1845.12 0
1845.76 0
1846.4 0
1847.04 0
1847.68 0
1848.32 0
1848.96 0
1849.6 0
1850.24 0
1850.88 0
1851.52 0
1852.16 0
1852.8 0
1853.44 0
1854.08 0
1854.72 0
1855.36 0
1856 0
1856.64 0
1857.28 0
1857.92 0
1858.56 0
1859.2 0
1859.84 0
1860.48 0
1861.12 0
1861.76 0
1862.4 0
1863.04 0
1863.68 0
1864.32 0
1864.96 0
1865.6 0
1866.24 0
1866.88 0
1867.52 0
1868.16 0
1868.8 0
1869.44 0
1870.08 0
1870.72 0
1871.36 0
1872 0
1872.64 0
1873.28 0
1873.92 0
1874.56 0
1875.2 0
1875.84 0
1876.48 0
1877.12 0
1877.76 0
1878.4 0
1879.04 0
1879.68 0
1880.32 0
1880.96 0
1881.6 0
1882.24 0
1882.88 0
1883.52 0
1884.16 0
1884.8 0
1885.44 0
1886.08 0
1886.72 0
1887.36 0
1888 0
1888.64 0
1889.28 0
1889.92 0
1890.56 0
1891.2 0
1891.84 0
1892.48 0
1893.12 0
1893.76 0
1894.4 0
1895.04 0
1895.68 0
1896.32 0
1896.96 0
1897.6 0
1898.24 0
1898.88 0
1899.52 0
1900.16 0
1900.8 0
1901.44 0
1902.08 0
1902.72 0
1903.36 0
1904 0
1904.64 0
1905.28 0
1905.92 0
1906.56 0
1907.2 0
1907.84 0
1908.48 0
1909.12 0
1909.76 0
1910.4 0
1911.04 0
1911.68 0
1912.32 0
1912.96 0
1913.6 0
1914.24 0
1914.88 0
1915.52 0
1916.16 0
1916.8 0
1917.44 0
1918.08 0
1918.72 0
1919.36 0
1920 0
1920.64 0
1921.28 0
1921.92 0
1922.56 0
1923.2 0
1923.84 0
1924.48 0
1925.12 0
1925.76 0
1926.4 0
1927.04 0
1927.68 0
1928.32 0
1928.96 0
1929.6 0
1930.24 0
1930.88 0
1931.52 0
1932.16 0
1932.8 0
1933.44 0
1934.08 0
1934.72 0
1935.36 0
1936 0
1936.64 0
1937.28 0
1937.92 0
1938.56 0
1939.2 0
1939.84 0
1940.48 0
1941.12 0
1941.76 0
1942.4 0
1943.04 0
1943.68 0
1944.32 0
1944.96 0
1945.6 0
1946.24 0
1946.88 0
1947.52 0
1948.16 0
1948.8 0
1949.44 0
1950.08 0
1950.72 0
1951.36 0
1952 0
1952.64 0
1953.28 0
1953.92 0
1954.56 0
1955.2 0
1955.84 0
1956.48 0
1957.12 0
1957.76 0
1958.4 0
1959.04 0
1959.68 0
1960.32 0
1960.96 0
1961.6 0
1962.24 0
1962.88 0
1963.52 0
1964.16 0
1964.8 0
1965.44 0
1966.08 0
1966.72 0
1967.36 0
1968 0
1968.64 0
1969.28 0
1969.92 0
1970.56 0
1971.2 0
1971.84 0
1972.48 0
1973.12 0
1973.76 0
1974.4 0
1975.04 0
1975.68 0
1976.32 0
1976.96 0
1977.6 0
1978.24 0
1978.88 0
1979.52 0
1980.16 0
1980.8 0
1981.44 0
1982.08 0
1982.72 0
1983.36 0
1984 0
1984.64 0
1985.28 0
1985.92 0
1986.56 0
1987.2 0
1987.84 0
1988.48 0
1989.12 0
1989.76 0
1990.4 0
1991.04 0
1991.68 0
1992.32 0
1992.96 0
1993.6 0
1994.24 0
1994.88 0
1995.52 0
1996.16 0
1996.8 0
1997.44 0
1998.08 0
1998.72 0
1999.36 0
2000 0
2000.64 0
2001.28 0
2001.92 0
2002.56 0
2003.2 0
2003.84 0
2004.48 0
2005.12 0
2005.76 0
2006.4 0
2007.04 0
2007.68 0
2008.32 0
2008.96 0
2009.6 0
2010.24 0
2010.88 0
2011.52 0
2012.16 0
2012.8 0
2013.44 0
2014.08 0
2014.72 0
2015.36 0
2016 0
2016.64 0
2017.28 0
2017.92 0
2018.56 0
2019.2 0
2019.84 0
2020.48 0
2021.12 0
2021.76 0
2022.4 0
2023.04 0
2023.68 0
2024.32 0
2024.96 0
2025.6 0
2026.24 0
2026.88 0
2027.52 0
2028.16 0
2028.8 0
2029.44 0
2030.08 0
2030.72 0
2031.36 0
2032 0
2032.64 0
2033.28 0
2033.92 0
2034.56 0
2035.2 0
2035.84 0
2036.48 0
2037.12 0
2037.76 0
2038.4 0
2039.04 0
2039.68 0
2040.32 0
2040.96 0
2041.6 0
2042.24 0
2042.88 0
2043.52 0
2044.16 0
2044.8 0
2045.44 0
2046.08 0
2046.72 0
2047.36 0
2048 0
2048.64 0
2049.28 0
2049.92 0
2050.56 0
2051.2 0
2051.84 0
2052.48 0
2053.12 0
2053.76 0
2054.4 0
2055.04 0
2055.68 0
2056.32 0
2056.96 0
2057.6 0
2058.24 0
2058.88 0
2059.52 0
2060.16 0
2060.8 0
2061.44 0
2062.08 0
2062.72 0
2063.36 0
2064 0
2064.64 0
2065.28 0
2065.92 0
2066.56 0
2067.2 0
2067.84 0
2068.48 0
2069.12 0
2069.76 0
2070.4 0
2071.04 0
2071.68 0
2072.32 0
2072.96 0
2073.6 0
2074.24 0
2074.88 0
2075.52 0
2076.16 0
2076.8 0
2077.44 0
2078.08 0
2078.72 0
2079.36 0
2080 0
2080.64 0
2081.28 0
2081.92 0
2082.56 0
2083.2 0
2083.84 0
2084.48 0
2085.12 0
2085.76 0
2086.4 0
2087.04 0
2087.68 0
2088.32 0
2088.96 0
2089.6 0
2090.24 0
2090.88 0
2091.52 0
2092.16 0
2092.8 0
2093.44 0
2094.08 0
2094.72 0
2095.36 0
2096 0
2096.64 0
2097.28 0
2097.92 0
2098.56 0
2099.2 0
2099.84 0
2100.48 0
2101.12 0
2101.76 0
2102.4 0
2103.04 0
2103.68 0
2104.32 0
2104.96 0
2105.6 0
2106.24 0
2106.88 0
2107.52 0
2108.16 0
2108.8 0
2109.44 0
2110.08 0
2110.72 0
2111.36 0
2112 0
2112.64 0
2113.28 0
2113.92 0
2114.56 0
2115.2 0
2115.84 0
2116.48 0
2117.12 0
2117.76 0
2118.4 0
2119.04 0
2119.68 0
2120.32 0
2120.96 0
2121.6 0
2122.24 0
2122.88 0
2123.52 0
2124.16 0
2124.8 0
2125.44 0
2126.08 0
2126.72 0
2127.36 0
2128 0
2128.64 0
2129.28 0
2129.92 0
2130.56 0
2131.2 0
2131.84 0
2132.48 0
2133.12 0
2133.76 0
2134.4 0
2135.04 0
2135.68 0
2136.32 0
2136.96 0
2137.6 0
2138.24 0
2138.88 0
2139.52 0
2140.16 0
2140.8 0
2141.44 0
2142.08 0
2142.72 0
2143.36 0
2144 0
2144.64 0
2145.28 0
2145.92 0
2146.56 0
2147.2 0
2147.84 0
2148.48 0
2149.12 0
2149.76 0
2150.4 0
2151.04 0
2151.68 0
2152.32 0
2152.96 0
2153.6 0
2154.24 0
2154.88 0
2155.52 0
2156.16 0
2156.8 0
2157.44 0
2158.08 0
2158.72 0
2159.36 0
2160 0
2160.64 0
2161.28 0
2161.92 0
2162.56 0
2163.2 0
2163.84 0
2164.48 0
2165.12 0
2165.76 0
2166.4 0
2167.04 0
2167.68 0
2168.32 0
2168.96 0
2169.6 0
2170.24 0
2170.88 0
2171.52 0
2172.16 0
2172.8 0
2173.44 0
2174.08 0
2174.72 0
2175.36 0
2176 0
2176.64 0
2177.28 0
2177.92 0
2178.56 0
2179.2 0
2179.84 0
2180.48 0
2181.12 0
2181.76 0
2182.4 0
2183.04 0
2183.68 0
2184.32 0
2184.96 0
2185.6 0
2186.24 0
2186.88 0
2187.52 0
2188.16 0
2188.8 0
2189.44 0
2190.08 0
2190.72 0
2191.36 0
2192 0
2192.64 0
2193.28 0
2193.92 0
2194.56 0
2195.2 0
2195.84 0
2196.48 0
2197.12 0
2197.76 0
2198.4 0
2199.04 0
2199.68 0
2200.32 0
2200.96 0
2201.6 0
2202.24 0
2202.88 0
2203.52 0
2204.16 0
2204.8 0
2205.44 0
2206.08 0
2206.72 0
2207.36 0
2208 0
2208.64 0
2209.28 0
2209.92 0
2210.56 0
2211.2 0
2211.84 0
2212.48 0
2213.12 0
2213.76 0
2214.4 0
2215.04 0
2215.68 0
2216.32 0
2216.96 0
2217.6 0
2218.24 0
2218.88 0
2219.52 0
2220.16 0
2220.8 0
2221.44 0
2222.08 0
2222.72 0
2223.36 0
2224 0
2224.64 0
2225.28 0
2225.92 0
2226.56 0
2227.2 0
2227.84 0
2228.48 0
2229.12 0
2229.76 0
2230.4 0
2231.04 0
2231.68 0
2232.32 0
2232.96 0
2233.6 0
2234.24 0
2234.88 0
2235.52 0
2236.16 0
2236.8 0
2237.44 0
2238.08 0
2238.72 0
2239.36 0
2240 0
2240.64 0
2241.28 0
2241.92 0
2242.56 0
2243.2 0
2243.84 0
2244.48 0
2245.12 0
2245.76 0
2246.4 0
2247.04 0
2247.68 0
2248.32 0
2248.96 0
2249.6 0
2250.24 0
2250.88 0
2251.52 0
2252.16 0
2252.8 0
2253.44 0
2254.08 0
2254.72 0
2255.36 0
2256 0
2256.64 0
2257.28 0
2257.92 0
2258.56 0
2259.2 0
2259.84 0
2260.48 0
2261.12 0
2261.76 0
2262.4 0
2263.04 0
2263.68 0
2264.32 0
2264.96 0
2265.6 0
2266.24 0
2266.88 0
2267.52 0
2268.16 0
2268.8 0
2269.44 0
2270.08 0
2270.72 0
2271.36 0
2272 0
2272.64 0
2273.28 0
2273.92 0
2274.56 0
2275.2 0
2275.84 0
2276.48 0
2277.12 0
2277.76 0
2278.4 0
2279.04 0
2279.68 0
2280.32 0
2280.96 0
2281.6 0
2282.24 0
2282.88 0
2283.52 0
2284.16 0
2284.8 0
2285.44 0
2286.08 0
2286.72 0
2287.36 0
2288 0
2288.64 0
2289.28 0
2289.92 0
2290.56 0
2291.2 0
2291.84 0
2292.48 0
2293.12 0
2293.76 0
2294.4 0
2295.04 0
2295.68 0
2296.32 0
2296.96 0
2297.6 0
2298.24 0
2298.88 0
2299.52 0
2300.16 0
2300.8 0
2301.44 0
2302.08 0
2302.72 0
2303.36 0
2304 0
2304.64 0
2305.28 0
2305.92 0
2306.56 0
2307.2 0
2307.84 0
2308.48 0
2309.12 0
2309.76 0
2310.4 0
2311.04 0
2311.68 0
2312.32 0
2312.96 0
2313.6 0
2314.24 0
2314.88 0
2315.52 0
2316.16 0
2316.8 0
2317.44 0
2318.08 0
2318.72 0
2319.36 0
2320 0
2320.64 0
2321.28 0
2321.92 0
2322.56 0
2323.2 0
2323.84 0
2324.48 0
2325.12 0
2325.76 0
2326.4 0
2327.04 0
2327.68 0
2328.32 0
2328.96 0
2329.6 0
2330.24 0
2330.88 0
2331.52 0
2332.16 0
2332.8 0
2333.44 0
2334.08 0
2334.72 0
2335.36 0
2336 0
2336.64 0
2337.28 0
2337.92 0
2338.56 0
2339.2 0
2339.84 0
2340.48 0
2341.12 0
2341.76 0
2342.4 0
2343.04 0
2343.68 0
2344.32 0
2344.96 0
2345.6 0
2346.24 0
2346.88 0
2347.52 0
2348.16 0
2348.8 0
2349.44 0
2350.08 0
2350.72 0
2351.36 0
2352 0
2352.64 0
2353.28 0
2353.92 0
2354.56 0
2355.2 0
2355.84 0
2356.48 0
2357.12 0
2357.76 0
2358.4 0
2359.04 0
2359.68 0
2360.32 0
2360.96 0
2361.6 0
2362.24 0
2362.88 0
2363.52 0
2364.16 0
2364.8 0
2365.44 0
2366.08 0
2366.72 0
2367.36 0
2368 0
2368.64 0
2369.28 0
2369.92 0
2370.56 0
2371.2 0
2371.84 0
2372.48 0
2373.12 0
2373.76 0
2374.4 0
2375.04 0
2375.68 0
2376.32 0
2376.96 0
2377.6 0
2378.24 0
2378.88 0
2379.52 0
2380.16 0
2380.8 0
2381.44 0
2382.08 0
2382.72 0
2383.36 0
2384 0
2384.64 0
2385.28 0
2385.92 0
2386.56 0
2387.2 0
2387.84 0
2388.48 0
2389.12 0
2389.76 0
2390.4 0
2391.04 0
2391.68 0
2392.32 0
2392.96 0
2393.6 0
2394.24 0
2394.88 0
2395.52 0
2396.16 0
2396.8 0
2397.44 0
2398.08 0
2398.72 0
2399.36 0
2400 0
2400.64 0
2401.28 0
2401.92 0
2402.56 0
2403.2 0
2403.84 0
2404.48 0
2405.12 0
2405.76 0
2406.4 0
2407.04 0
2407.68 0
2408.32 0
2408.96 0
2409.6 0
2410.24 0
2410.88 0
2411.52 0
2412.16 0
2412.8 0
2413.44 0
2414.08 0
2414.72 0
2415.36 0
2416 0
2416.64 0
2417.28 0
2417.92 0
2418.56 0
2419.2 0
2419.84 0
2420.48 0
2421.12 0
2421.76 0
2422.4 0
2423.04 0
2423.68 0
2424.32 0
2424.96 0
2425.6 0
2426.24 0
2426.88 0
2427.52 0
2428.16 0
2428.8 0
2429.44 0
2430.08 0
2430.72 0
2431.36 0
2432 0
2432.64 0
2433.28 0
2433.92 0
2434.56 0
2435.2 0
2435.84 0
2436.48 0
2437.12 0
2437.76 0
2438.4 0
2439.04 0
2439.68 0
2440.32 0
2440.96 0
2441.6 0
2442.24 0
2442.88 0
2443.52 0
2444.16 0
2444.8 0
2445.44 0
2446.08 0
2446.72 0
2447.36 0
2448 0
2448.64 0
2449.28 0
2449.92 0
2450.56 0
2451.2 0
2451.84 0
2452.48 0
2453.12 0
2453.76 0
2454.4 0
2455.04 0
2455.68 0
2456.32 0
2456.96 0
2457.6 0
2458.24 0
2458.88 0
2459.52 0
2460.16 0
2460.8 0
2461.44 0
2462.08 0
2462.72 0
2463.36 0
2464 0
2464.64 0
2465.28 0
2465.92 0
2466.56 0
2467.2 0
2467.84 0
2468.48 0
2469.12 0
2469.76 0
2470.4 0
2471.04 0
2471.68 0
2472.32 0
2472.96 0
2473.6 0
2474.24 0
2474.88 0
2475.52 0
2476.16 0
2476.8 0
2477.44 0
2478.08 0
2478.72 0
2479.36 0
2480 0
2480.64 0
2481.28 0
2481.92 0
2482.56 0
2483.2 0
2483.84 0
2484.48 0
2485.12 0
2485.76 0
2486.4 0
2487.04 0
2487.68 0
2488.32 0
2488.96 0
2489.6 0
2490.24 0
2490.88 0
2491.52 0
2492.16 0
2492.8 0
2493.44 0
2494.08 0
2494.72 0
2495.36 0
2496 0
2496.64 0
2497.28 0
2497.92 0
2498.56 0
2499.2 0
2499.84 0
2500.48 0
2501.12 0
2501.76 0
2502.4 0
2503.04 0
2503.68 0
2504.32 0
2504.96 0
2505.6 0
2506.24 0
2506.88 0
2507.52 0
2508.16 0
2508.8 0
2509.44 0
2510.08 0
2510.72 0
2511.36 0
2512 0
2512.64 0
2513.28 0
2513.92 0
2514.56 0
2515.2 0
2515.84 0
2516.48 0
2517.12 0
2517.76 0
2518.4 0
2519.04 0
2519.68 0
2520.32 0
2520.96 0
2521.6 0
2522.24 0
2522.88 0
2523.52 0
2524.16 0
2524.8 0
2525.44 0
2526.08 0
2526.72 0
2527.36 0
2528 0
2528.64 0
2529.28 0
2529.92 0
2530.56 0
2531.2 0
2531.84 0
2532.48 0
2533.12 0
2533.76 0
2534.4 0
2535.04 0
2535.68 0
2536.32 0
2536.96 0
2537.6 0
2538.24 0
2538.88 0
2539.52 0
2540.16 0
2540.8 0
2541.44 0
2542.08 0
2542.72 0
2543.36 0
2544 0
2544.64 0
2545.28 0
2545.92 0
2546.56 0
2547.2 0
2547.84 0
2548.48 0
2549.12 0
2549.76 0
2550.4 0
2551.04 0
2551.68 0
2552.32 0
2552.96 0
2553.6 0
2554.24 0
2554.88 0
2555.52 0
2556.16 0
2556.8 0
2557.44 0
2558.08 0
2558.72 0
2559.36 0
2560 0
2560.64 0
2561.28 0
2561.92 0
2562.56 0
2563.2 0
2563.84 0
2564.48 0
2565.12 0
2565.76 0
2566.4 0
2567.04 0
2567.68 0
2568.32 0
2568.96 0
2569.6 0
2570.24 0
2570.88 0
2571.52 0
2572.16 0
2572.8 0
2573.44 0
2574.08 0
2574.72 0
2575.36 0
2576 0
2576.64 0
2577.28 0
2577.92 0
2578.56 0
2579.2 0
2579.84 0
2580.48 0
2581.12 0
2581.76 0
2582.4 0
2583.04 0
2583.68 0
2584.32 0
2584.96 0
2585.6 0
2586.24 0
2586.88 0
2587.52 0
2588.16 0
2588.8 0
2589.44 0
2590.08 0
2590.72 0
2591.36 0
2592 0
2592.64 0
2593.28 0
2593.92 0
2594.56 0
2595.2 0
2595.84 0
2596.48 0
2597.12 0
2597.76 0
2598.4 0
2599.04 0
2599.68 0
2600.32 0
2600.96 0
2601.6 0
2602.24 0
2602.88 0
2603.52 0
2604.16 0
2604.8 0
2605.44 0
2606.08 0
2606.72 0
2607.36 0
2608 0
2608.64 0
2609.28 0
2609.92 0.0493119
2610.56 0.0850143
2611.2 0.177713
2611.84 0.37227
2612.48 0.697373
2613.12 1.1171
2613.76 1.50607
2614.4 1.69948
2615.04 1.60267
2615.68 1.26412
2616.32 0.837262
2616.96 0.470887
2617.6 0.23204
2618.24 0.108963
2618.88 0.0578672
2619.52 0
2620.16 0
2620.8 0
2621.44 0
2622.08 0
2622.72 0
2623.36 0
2624 0
2624.64 0
2625.28 0
2625.92 0
2626.56 0
2627.2 0
2627.84 0
2628.48 0
2629.12 0
2629.76 0
2630.4 0
2631.04 0
2631.68 0
2632.32 0
2632.96 0
2633.6 0
2634.24 0
2634.88 0
2635.52 0
2636.16 0
2636.8 0
2637.44 0
2638.08 0
2638.72 0
2639.36 0
2640 0
2640.64 0
2641.28 0
2641.92 0
2642.56 0
2643.2 0
2643.84 0
2644.48 0
2645.12 0
2645.76 0
2646.4 0
2647.04 0
2647.68 0
2648.32 0
2648.96 0
2649.6 0
2650.24 0
2650.88 0
2651.52 0
2652.16 0
2652.8 0
2653.44 0
2654.08 0
2654.72 0
2655.36 0
2656 0
2656.64 0
2657.28 0
2657.92 0
2658.56 0
2659.2 0
2659.84 0
2660.48 0
2661.12 0
2661.76 0
2662.4 0
2663.04 0
2663.68 0
2664.32 0
2664.96 0
2665.6 0
2666.24 0
2666.88 0
2667.52 0
2668.16 0
2668.8 0
2669.44 0
2670.08 0
2670.72 0
2671.36 0
2672 0
2672.64 0
2673.28 0
2673.92 0
2674.56 0
2675.2 0
2675.84 0
2676.48 0
2677.12 0
2677.76 0
2678.4 0
2679.04 0
2679.68 0
2680.32 0
2680.96 0
2681.6 0
2682.24 0
2682.88 0
2683.52 0
2684.16 0
2684.8 0
2685.44 0
2686.08 0
2686.72 0
2687.36 0
2688 0
2688.64 0
2689.28 0
2689.92 0
2690.56 0
2691.2 0
2691.84 0
2692.48 0
2693.12 0
2693.76 0
2694.4 0
2695.04 0
2695.68 0
2696.32 0
2696.96 0
2697.6 0
2698.24 0
2698.88 0
2699.52 0
2700.16 0
2700.8 0
2701.44 0
2702.08 0
2702.72 0
2703.36 0
2704 0
2704.64 0
2705.28 0
2705.92 0
2706.56 0
2707.2 0
2707.84 0
2708.48 0
2709.12 0
2709.76 0
2710.4 0
2711.04 0
2711.68 0
2712.32 0
2712.96 0
2713.6 0
2714.24 0
2714.88 0
2715.52 0
2716.16 0
2716.8 0
2717.44 0
2718.08 0
2718.72 0
2719.36 0
2720 0
2720.64 0
2721.28 0
2721.92 0
2722.56 0
2723.2 0
2723.84 0
2724.48 0
2725.12 0
2725.76 0
2726.4 0
2727.04 0
2727.68 0
2728.32 0
2728.96 0
2729.6 0
2730.24 0
2730.88 0
2731.52 0
2732.16 0
2732.8 0
2733.44 0
2734.08 0
2734.72 0
2735.36 0
2736 0
2736.64 0
2737.28 0
2737.92 0
2738.56 0
2739.2 0
2739.84 0
2740.48 0
2741.12 0
2741.76 0
2742.4 0
2743.04 0
2743.68 0
2744.32 0
2744.96 0
2745.6 0
2746.24 0
2746.88 0
2747.52 0
2748.16 0
2748.8 0
2749.44 0
2750.08 0
2750.72 0
2751.36 0
2752 0
2752.64 0
2753.28 0
2753.92 0
2754.56 0
2755.2 0
2755.84 0
2756.48 0
2757.12 0
2757.76 0
2758.4 0
2759.04 0
2759.68 0
2760.32 0
2760.96 0
2761.6 0
2762.24 0
2762.88 0
2763.52 0
2764.16 0
2764.8 0
2765.44 0
2766.08 0
2766.72 0
2767.36 0
2768 0
2768.64 0
2769.28 0
2769.92 0
2770.56 0
2771.2 0
2771.84 0
2772.48 0
2773.12 0
2773.76 0
2774.4 0
2775.04 0
2775.68 0
2776.32 0
2776.96 0
2777.6 0
2778.24 0
2778.88 0
2779.52 0
2780.16 0
2780.8 0
2781.44 0
2782.08 0
2782.72 0
2783.36 0
2784 0
2784.64 0
2785.28 0
2785.92 0
2786.56 0
2787.2 0
2787.84 0
2788.48 0
2789.12 0
2789.76 0
2790.4 0
2791.04 0
2791.68 0
2792.32 0
2792.96 0
2793.6 0
2794.24 0
2794.88 0
2795.52 0
2796.16 0
2796.8 0
2797.44 0
2798.08 0
2798.72 0
2799.36 0
2800 0
2800.64 0
2801.28 0
2801.92 0
2802.56 0
2803.2 0
2803.84 0
2804.48 0
2805.12 0
2805.76 0
2806.4 0
2807.04 0
2807.68 0
2808.32 0
2808.96 0
2809.6 0
2810.24 0
2810.88 0
2811.52 0
2812.16 0
2812.8 0
2813.44 0
2814.08 0
2814.72 0
2815.36 0
2816 0
2816.64 0
2817.28 0
2817.92 0
2818.56 0
2819.2 0
2819.84 0
2820.48 0
2821.12 0
2821.76 0
2822.4 0
2823.04 0
2823.68 0
2824.32 0
2824.96 0
2825.6 0
2826.24 0
2826.88 0
2827.52 0
2828.16 0
2828.8 0
2829.44 0
2830.08 0
2830.72 0
2831.36 0
2832 0
2832.64 0
2833.28 0
2833.92 0
2834.56 0
2835.2 0
2835.84 0
2836.48 0
2837.12 0
2837.76 0
2838.4 0
2839.04 0
2839.68 0
2840.32 0
2840.96 0
2841.6 0
2842.24 0
2842.88 0
2843.52 0
2844.16 0
2844.8 0
2845.44 0
2846.08 0
2846.72 0
2847.36 0
2848 0
2848.64 0
2849.28 0
2849.92 0
2850.56 0
2851.2 0
2851.84 0
2852.48 0
2853.12 0
2853.76 0
2854.4 0
2855.04 0
2855.68 0
2856.32 0
2856.96 0
2857.6 0
2858.24 0
2858.88 0
2859.52 0
2860.16 0
2860.8 0
2861.44 0
2862.08 0
2862.72 0
2863.36 0
2864 0
2864.64 0
2865.28 0
2865.92 0
2866.56 0
2867.2 0
2867.84 0
2868.48 0
2869.12 0
2869.76 0
2870.4 0
2871.04 0
2871.68 0
2872.32 0
2872.96 0
2873.6 0
2874.24 0
2874.88 0
2875.52 0
2876.16 0
2876.8 0
2877.44 0
2878.08 0
2878.72 0
2879.36 0
2880 0
2880.64 0
2881.28 0
2881.92 0
2882.56 0
2883.2 0
2883.84 0
2884.48 0
2885.12 0
2885.76 0
2886.4 0
2887.04 0
2887.68 0
2888.32 0
2888.96 0
2889.6 0
2890.24 0
2890.88 0
2891.52 0
2892.16 0
2892.8 0
2893.44 0
2894.08 0
2894.72 0
2895.36 0
2896 0
2896.64 0
2897.28 0
2897.92 0
2898.56 0
2899.2 0
2899.84 0
2900.48 0
2901.12 0
2901.76 0
2902.4 0
2903.04 0
2903.68 0
2904.32 0
2904.96 0
2905.6 0
2906.24 0
2906.88 0
2907.52 0
2908.16 0
2908.8 0
2909.44 0
2910.08 0
2910.72 0
2911.36 0
2912 0
2912.64 0
2913.28 0
2913.92 0
2914.56 0
2915.2 0
2915.84 0
2916.48 0
2917.12 0
2917.76 0
2918.4 0
2919.04 0
2919.68 0
2920.32 0
2920.96 0
2921.6 0
2922.24 0
2922.88 0
2923.52 0
2924.16 0
2924.8 0
2925.44 0
2926.08 0
2926.72 0
2927.36 0
2928 0
2928.64 0
2929.28 0
2929.92 0
2930.56 0
2931.2 0
2931.84 0
2932.48 0
2933.12 0
2933.76 0
2934.4 0
2935.04 0
2935.68 0
2936.32 0
2936.96 0
2937.6 0
2938.24 0
2938.88 0
2939.52 0
2940.16 0
2940.8 0
2941.44 0
2942.08 0
2942.72 0
2943.36 0
2944 0
2944.64 0
2945.28 0
2945.92 0
2946.56 0
2947.2 0
2947.84 0
2948.48 0
2949.12 0
2949.76 0
2950.4 0
2951.04 0
2951.68 0
2952.32 0
2952.96 0
2953.6 0
2954.24 0
2954.88 0
2955.52 0
2956.16 0
2956.8 0
2957.44 0
2958.08 0
2958.72 0
2959.36 0
2960 0
2960.64 0
2961.28 0
2961.92 0
2962.56 0
2963.2 0
2963.84 0
2964.48 0
2965.12 0
2965.76 0
2966.4 0
2967.04 0
2967.68 0
2968.32 0
2968.96 0
2969.6 0
2970.24 0
2970.88 0
2971.52 0
2972.16 0
2972.8 0
2973.44 0
2974.08 0
2974.72 0
2975.36 0
2976 0
2976.64 0
2977.28 0
2977.92 0
2978.56 0
2979.2 0
2979.84 0
2980.48 0
2981.12 0
2981.76 0
2982.4 0
2983.04 0
2983.68 0
2984.32 0
2984.96 0
2985.6 0
2986.24 0
2986.88 0
2987.52 0
2988.16 0
2988.8 0
2989.44 0
2990.08 0
2990.72 0
2991.36 0
2992 0
2992.64 0
2993.28 0
2993.92 0
2994.56 0
2995.2 0
2995.84 0
2996.48 0
2997.12 0
2997.76 0
2998.4 0
2999.04 0
2999.68 0
3000.32 0
3000.96 0
3001.6 0
3002.24 0
3002.88 0
3003.52 0
3004.16 0
3004.8 0
3005.44 0
3006.08 0
3006.72 0
3007.36 0
3008 0
3008.64 0
3009.28 0
3009.92 0
3010.56 0
3011.2 0
3011.84 0
3012.48 0
3013.12 0
3013.76 0
3014.4 0
3015.04 0
3015.68 0
3016.32 0
3016.96 0
3017.6 0
3018.24 0
3018.88 0
3019.52 0
3020.16 0
3020.8 0
3021.44 0
3022.08 0
3022.72 0
3023.36 0
3024 0
3024.64 0
3025.28 0
3025.92 0
3026.56 0
3027.2 0
3027.84 0
3028.48 0
3029.12 0
3029.76 0
3030.4 0
3031.04 0
3031.68 0
3032.32 0
3032.96 0
3033.6 0
3034.24 0
3034.88 0
3035.52 0
3036.16 0
3036.8 0
3037.44 0
3038.08 0
3038.72 0
3039.36 0
3040 0
3040.64 0
3041.28 0
3041.92 0
3042.56 0
3043.2 0
3043.84 0
3044.48 0
3045.12 0
3045.76 0
3046.4 0
3047.04 0
3047.68 0
3048.32 0
3048.96 0
3049.6 0
3050.24 0
3050.88 0
3051.52 0
3052.16 0
3052.8 0
3053.44 0
3054.08 0
3054.72 0
3055.36 0
3056 0
3056.64 0
3057.28 0
3057.92 0
3058.56 0
3059.2 0
3059.84 0
3060.48 0
3061.12 0
3061.76 0
3062.4 0
3063.04 0
3063.68 0
3064.32 0
3064.96 0
3065.6 0
3066.24 0
3066.88 0
3067.52 0
3068.16 0
3068.8 0
3069.44 0
3070.08 0
3070.72 0
3071.36 0
3072 0
3072.64 0
3073.28 0
3073.92 0
3074.56 0
3075.2 0
3075.84 0
3076.48 0
3077.12 0
3077.76 0
3078.4 0
3079.04 0
3079.68 0
3080.32 0
3080.96 0
3081.6 0
3082.24 0
3082.88 0
3083.52 0
3084.16 0
3084.8 0
3085.44 0
3086.08 0
3086.72 0
3087.36 0
3088 0
3088.64 0
3089.28 0
3089.92 0
3090.56 0
3091.2 0
3091.84 0
3092.48 0
3093.12 0
3093.76 0
3094.4 0
3095.04 0
3095.68 0
3096.32 0
3096.96 0
3097.6 0
3098.24 0
3098.88 0
3099.52 0
3100.16 0
3100.8 0
3101.44 0
3102.08 0
3102.72 0
3103.36 0
3104 0
3104.64 0
3105.28 0
3105.92 0
3106.56 0
3107.2 0
3107.84 0
3108.48 0
3109.12 0
3109.76 0
3110.4 0
3111.04 0
3111.68 0
3112.32 0
3112.96 0
3113.6 0
3114.24 0
3114.88 0
3115.52 0
3116.16 0
3116.8 0
3117.44 0
3118.08 0
3118.72 0
3119.36 0
3120 0
3120.64 0
3121.28 0
3121.92 0
3122.56 0
3123.2 0
3123.84 0
3124.48 0
3125.12 0
3125.76 0
3126.4 0
3127.04 0
3127.68 0
3128.32 0
3128.96 0
3129.6 0
3130.24 0
3130.88 0
3131.52 0
3132.16 0
3132.8 0
3133.44 0
3134.08 0
3134.72 0
3135.36 0
3136 0
3136.64 0
3137.28 0
3137.92 0
3138.56 0
3139.2 0
3139.84 0
3140.48 0
3141.12 0
3141.76 0
3142.4 0
3143.04 0
3143.68 0
3144.32 0
3144.96 0
3145.6 0
3146.24 0
3146.88 0
3147.52 0
3148.16 0
3148.8 0
3149.44 0
3150.08 0
3150.72 0
3151.36 0
3152 0
3152.64 0
3153.28 0
3153.92 0
3154.56 0
3155.2 0
3155.84 0
3156.48 0
3157.12 0
3157.76 0
3158.4 0
3159.04 0
3159.68 0
3160.32 0
3160.96 0
3161.6 0
3162.24 0
3162.88 0
3163.52 0
3164.16 0
3164.8 0
3165.44 0
3166.08 0
3166.72 0
3167.36 0
3168 0
3168.64 0
3169.28 0
3169.92 0
3170.56 0
3171.2 0
3171.84 0
3172.48 0
3173.12 0
3173.76 0
3174.4 0
3175.04 0
3175.68 0
3176.32 0
3176.96 0
3177.6 0
3178.24 0
3178.88 0
3179.52 0
3180.16 0
3180.8 0
3181.44 0
3182.08 0
3182.72 0
3183.36 0
3184 0
3184.64 0
3185.28 0
3185.92 0
3186.56 0
3187.2 0
3187.84 0
3188.48 0
3189.12 0
3189.76 0
3190.4 0
3191.04 0
3191.68 0
3192.32 0
3192.96 0
3193.6 0
3194.24 0
3194.88 0
3195.52 0
3196.16 0
3196.8 0
3197.44 0
3198.08 0
3198.72 0
3199.36 0
3200 0
