reduced chi squared =        1.26004
convergence status:       1
parameters:         
   1     activ1            +0.0000000000            +0.0000000000
   2     activ2            +0.0000000000            +0.0000000000
   3     activ3            +0.0000000000            +0.0000000000
   4     activ4            +0.0000000000            +0.0000000000
   5     activ5            +0.0000000000            +0.0000000000
   6     activ6            +0.0000000000            +0.0000000000
   7     activ7            +0.0000000000            +0.0000000000
   8     activ8            +0.0000000000            +0.0000000000
   9     activ9            +0.0000000000            +0.0000000000
  10    activ10            +0.0000000000            +0.0000000000
  11    activ11            +0.0000000000            +0.0000000000
  12    activ12            +0.0000000000            +0.0000000000
  13    activ13            +0.0000000000            +0.0000000000
  14    activ14            +0.0000000000            +0.0000000000
  15    activ15            +0.0000000000            +0.0000000000
  16    activ16            +0.0000000000            +0.0000000000
  17    activ17            +0.0000000000            +0.0000000000
  18    activ18            +0.0000000000            +0.0000000000
  19    activ19            +0.0000000000            +0.0000000000
  20    activ20            +0.0000000000            +0.0000000000
  21    activ21            +0.0000000000            +0.0000000000
  22    activ22            +0.0000000000            +0.0000000000
  23    activ23            +0.0000000000            +0.0000000000
  24    activ24            +0.0000000000            +0.0000000000
  25    activ25            +0.0000000000            +0.0000000000
  26    activ26            +0.0000000000            +0.0000000000
  27    activ27            +0.0000000000            +0.0000000000
  28    activ28            +0.0000000000            +0.0000000000
  29    activ29            +0.0000000000            +0.0000000000
  30    activ30            +0.0000000000            +0.0000000000
  31    activ31            +0.0000000000            +0.0000000000
  32    activ32            +0.0000000000            +0.0000000000
  33    activ33            +0.0000000000            +0.0000000000
  34    activ34            +0.0000000000            +0.0000000000
  35    activ35            +0.0000000000            +0.0000000000
  36    activ36            +0.0000000000            +0.0000000000
  37    activ37            +0.0000000000            +0.0000000000
  38    activ38            +0.0000000000            +0.0000000000
  39    activ39            +0.0000000000            +0.0000000000
  40    activ40            +0.0000000000            +0.0000000000
  41    activ41            +0.0000000000            +0.0000000000
  42    activ42            +0.0000000000            +0.0000000000
  43    activ43            +0.0000000000            +0.0000000000
  44    activ44            +0.0000000000            +0.0000000000
  45    activ45            +0.0000000000            +0.0000000000
  46    activ46            +0.0000000000            +0.0000000000
  47    activ47            +0.0000000000            +0.0000000000
  48    activ48            +0.0000000000            +0.0000000000
  49    activ49            +0.0000000000            +0.0000000000
  50    activ50            +0.0000000000            +0.0000000000
  51    activ51            +0.0000000000            +0.0000000000
  52    activ52            +0.0000000000            +0.0000000000
  53    activ53            +0.0000000000            +0.0000000000
  54    activ54            +0.0000000000            +0.0000000000
  55    activ55            +0.0000000000            +0.0000000000
  56    activ56            +0.0000000000            +0.0000000000
  57    activ57            +0.0000000000            +0.0000000000
  58    activ58            +0.0000000000            +0.0000000000
  59    activ59            +0.0000000000            +0.0000000000
  60    activ60            +0.0000000000            +0.0000000000
  61    activ61            +0.0000000000            +0.0000000000
  62    activ62            +0.0000000000            +0.0000000000
  63    activ63            +0.0000000000            +0.0000000000
  64    activ64            +0.0000000000            +0.0000000000
  65    activ65            +0.0000000000            +0.0000000000
  66    activ66            +0.0000000000            +0.0000000000
  67    activ67            +0.0000000000            +0.0000000000
  68    activ68            +0.0000000000            +0.0000000000
  69    activ69            +0.0000000000            +0.0000000000
  70    activ70            +0.0000000000            +0.0000000000
  71    activ71            +0.0000000000            +0.0000000000
  72    activ72            +0.0000000000            +0.0000000000
  73    activ73            +0.0000000000            +0.0000000000
  74    activ74            +0.0000000000            +0.0000000000
  75    activ75            +0.0000000000            +0.0000000000
  76    activ76            +0.0000000000            +0.0000000000
  77    activ77            +0.0000000000            +0.0000000000
  78    activ78            +0.0000000000            +0.0000000000
  79    activ79            +0.0000000000            +0.0000000000
  80    activ80            +0.0000000000            +0.0000000000
  81    activ81            +0.0000000000            +0.0000000000
  82    activ82            +0.0000000000            +0.0000000000
  83    activ83            +0.0000000000            +0.0000000000
  84    activ84            +0.0000000000            +0.0000000000
  85    activ85            +0.0000000000            +0.0000000000
  86    activ86            +0.0000000000            +0.0000000000
  87    activ87            +0.0000000000            +0.0000000000
  88    activ88            +0.0000000000            +0.0000000000
  89    activ89            +0.0000000000            +0.0000000000
  90    activ90            +0.0000000000            +0.0000000000
  91    activ91            +0.0000000000            +0.0000000000
  92    activ92            +0.0000000000            +0.0000000000
  93    activ93            +0.0000000000            +0.0000000000
  94    activ94            +0.0000000000            +0.0000000000
  95    activ95            +0.0000000000            +0.0000000000
  96    activ96            +0.0000000000            +0.0000000000
  97    activ97            +0.0000000000            +0.0000000000
  98    activ98            +0.0000000000            +0.0000000000
  99    activ99            +0.0000000000            +0.0000000000
 100   activ100            +0.0000000000            +0.0000000000
 101   activ101            +0.0000000000            +0.0000000000
 102   activ102            +0.0000000000            +0.0000000000
 103   activ103            +0.0000000000            +0.0000000000
 104   activ104            +0.0000000000            +0.0000000000
 105   activ105            +0.0000000000            +0.0000000000
 106   activ106            +0.0000000000            +0.0000000000
 107   activ107            +0.0000000000            +0.0000000000
 108   activ108            +0.0000000000            +0.0000000000
 109   activ109            +0.0000000000            +0.0000000000
 110   activ110            +0.0000000000            +0.0000000000
 111   activ111            +0.0000000000            +0.0000000000
 112   activ112            +0.0000000000            +0.0000000000
 113   activ113            +0.0000000000            +0.0000000000
 114   activ114            +0.0000000000            +0.0000000000
 115   activ115            +0.0000000000            +0.0000000000
 116   activ116            +0.0000000000            +0.0000000000
 117   activ117            +0.0000000000            +0.0000000000
 118   activ118            +0.0000000000            +0.0000000000
 119   activ119            +0.0000000000            +0.0000000000
 120   activ120            +0.0000000000            +0.0000000000
 121   activ121            +0.0000000000            +0.0000000000
 122   activ122            +0.0000000000            +0.0000000000
 123   activ123            +0.0000000000            +0.0000000000
 124   activ124            +0.0000000000            +0.0000000000
 125   activ125            +0.0000000000            +0.0000000000
 126   activ126            +0.0000000000            +0.0000000000
 127   activ127            +0.0000000000            +0.0000000000
 128   activ128            +0.0000000000            +0.0000000000
 129   activ129            +0.0000000000            +0.0000000000
 130   activ130            +0.0000000000            +0.0000000000
 131   activ131            +0.0000000000            +0.0000000000
 132   activ132            +0.0000000000            +0.0000000000
 133   activ133            +0.0000000000            +0.0000000000
 134   activ134            +0.0000000000            +0.0000000000
 135   activ135            +0.0000000000            +0.0000000000
 136   activ136            +0.0000000000            +0.0000000000
 137   activ137            +0.0000000000            +0.0000000000
 138   activ138            +0.0000000000            +0.0000000000
 139   activ139            +0.0000000000            +0.0000000000
 140   activ140            +0.0000000000            +0.0000000000
 141   activ141            +0.0000000000            +0.0000000000
 142   activ142            +0.0000000000            +0.0000000000
 143   activ143            +0.0000000000            +0.0000000000
 144   activ144            +0.0000000000            +0.0000000000
 145   activ145            +0.0000000000            +0.0000000000
 146   activ146            +0.0000000000            +0.0000000000
 147   activ147            +0.0000000000            +0.0000000000
 148   activ148            +0.0000000000            +0.0000000000
 149   activ149            +0.0000000000            +0.0000000000
 150   activ150            +0.0000000000            +0.0000000000
 151   activ151            +0.0000000000            +0.0000000000
 152   activ152            +0.0000000000            +0.0000000000
 153   activ153            +0.0000000000            +0.0000000000
 154   activ154            +0.0000000000            +0.0000000000
 155   activ155            +0.0000000000            +0.0000000000
 156   activ156            +0.0000000000            +0.0000000000
 157   activ157            +0.0000000000            +0.0000000000
 158   activ158            +0.0000000000            +0.0000000000
 159   activ159            +0.0000000000            +0.0000000000
 160   activ160            +0.0000000000            +0.0000000000
 161   activ161            +0.0000000000            +0.0000000000
 162   activ162            +0.0000000000            +0.0000000000
 163   activ163            +0.0000000000            +0.0000000000
 164   activ164            +0.0000000000            +0.0000000000
 165   activ165            +0.0000000000            +0.0000000000
 166   activ166            +0.0000000000            +0.0000000000
 167   activ167            +0.0000000000            +0.0000000000
 168   activ168            +0.0000000000            +0.0000000000
 169   activ169            +0.0000000000            +0.0000000000
 170   activ170            +0.0000000000            +0.0000000000
 171   activ171            +0.0000000000            +0.0000000000
 172   activ172            +0.0000000000            +0.0000000000
 173   activ173            +0.0000000000            +0.0000000000
 174   activ174            +0.0000000000            +0.0000000000
 175   activ175            +0.0000000000            +0.0000000000
 176   activ176            +0.0000000000            +0.0000000000
 177   activ177            +0.0000000000            +0.0000000000
 178   activ178            +0.0000000000            +0.0000000000
 179   activ179            +0.0000000000            +0.0000000000
 180   activ180            +0.0000000000            +0.0000000000
 181   activ181            +0.0000000000            +0.0000000000
 182   activ182            +0.0000000000            +0.0000000000
 183   activ183            +0.0000000000            +0.0000000000
 184   activ184            +0.0000000000            +0.0000000000
 185   activ185            +0.0000000000            +0.0000000000
 186   activ186            +0.0000000000            +0.0000000000
 187   activ187            +0.0000000000            +0.0000000000
 188   activ188            +0.0000000000            +0.0000000000
 189   activ189            +0.0000000000            +0.0000000000
 190   activ190            +0.0000000000            +0.0000000000
 191   activ191            +0.0000000000            +0.0000000000
 192   activ192            +0.0000000000            +0.0000000000
 193   activ193            +0.0000000000            +0.0000000000
 194   activ194            +0.0000000000            +0.0000000000
 195   activ195            +0.0000000000            +0.0000000000
 196   activ196            +0.0000000000            +0.0000000000
 197   activ197            +0.0000000000            +0.0000000000
 198   activ198            +0.0000000000            +0.0000000000
 199   activ199            +0.0000000000            +0.0000000000
 200   activ200            +0.0000000000            +0.0000000000
 201    bgrate1            +0.0000000000            +0.0000000000
 202    bgrate2            +0.0000000000            +0.0000000000
 203    bgrate3           +49.5265250977            +0.2138209424
 204    bgrate4            +0.2234012459            +0.0607080679
 205    bgrate5           +14.4119803730            +0.1222088370
 206    bgrate6            -0.0579843436            +0.0463136950
 207    bgrate7            -0.0903566677            +0.0499130675
 208    bgrate8            +0.9823936239            +0.0517197883
 209    bgrate9           +44.2900587301            +0.1911244252
 210   bgrate10            +0.0712116920            +0.0361810083
 211   bgrate11            +1.3867015761            +0.0483476618
 212   bgrate12            +3.4195598040            +0.0619832558
 213   bgrate13            +0.0000000000            +0.0000000000
 214   bgrate14            +0.0000000000            +0.0000000000
 215   bgrate15            +0.6321215141            +0.0360833960
 216   bgrate16            +0.6455025876            +0.0361698322
 217   bgrate17            +0.0353892902            +0.0274206056
 218   bgrate18            +0.5577393384            +0.0343982178
 219   bgrate19            +0.0351563400            +0.0256498852
 220   bgrate20            +0.0000000000            +0.0000000000
 221   bgrate21            +0.0000000000            +0.0000000000
 222   bgrate22            +0.4528461187            +0.0323148442
 223   bgrate23            +0.9963693895            +0.0378820132
 224   bgrate24            +0.3182010631            +0.0299045564
 225   bgrate25            +0.0000000000            +0.0000000000
 226   bgrate26            +0.0000000000            +0.0000000000
 227   bgrate27           +13.6416119096            +0.1074292283
 228   bgrate28            +0.0298352236            +0.0230547220
 229   bgrate29            -0.0134222864            +0.0227967252
 230   bgrate30            +0.3701980853            +0.0294456049
 231   bgrate31            -0.0783416291            +0.1141990556
 232   bgrate32            +4.2048250199            +0.0635447763
 233   bgrate33            +0.3968528486            +0.0273561994
 234   bgrate34            +0.2363819678            +0.0246917027
 235   bgrate35            -0.0490361896            +0.0188104288
 236   bgrate36           +13.8153136813            +0.1068982011
 237   bgrate37            +0.6959106968            +0.0292901349
 238   bgrate38            +0.0000000000            +0.0000000000
 239   bgrate39            +0.0000000000            +0.0000000000
 240   bgrate40           +11.8605809247            +0.0992973924
 241   bgrate41            +0.0045650413            +0.0173243481
 242   bgrate42            +0.0000000000            +0.0000000000
 243   bgrate43            +0.0406683531            +0.0183693913
 244   bgrate44            +1.1834317834            +0.0342426496
 245   bgrate45            +0.0000000000            +0.0000000000
 246   bgrate46            +0.0000000000            +0.0000000000
 247   bgrate47            +1.3685433690            +0.0344816682
 248   bgrate48            +0.0336984013            +0.0084076804
 249   bgrate49            +0.0000000000            +0.0000000000
 250   bgrate50            +0.0093522669            +0.0069206469
 251   bgrate51            +0.0000000000            +0.0000000000
 252   bgrate52           +16.0149274846            +0.1127894029
 253   bgrate53            +0.3813139590            +0.0184827069
 254   bgrate54            +0.1155727054            +0.0115928363
 255   bgrate55            +0.0000000000            +0.0000000000
 256   bgrate56            +0.2061475226            +0.0137174828
 257   bgrate57            +0.0000000000            +0.0000000000
 258   bgrate58            +0.0000000000            +0.0000000000
 259   bgrate59            +0.0169981572            +0.0046753609
 260   bgrate60            +0.0000000000            +0.0000000000
 261   bgrate61            +0.0000000000            +0.0000000000
 262   bgrate62            +0.0000000000            +0.0000000000
 263   bgrate63            +0.0000000000            +0.0000000000
 264   bgrate64            +0.0248055824            +0.0044970313
 265   bgrate65            +0.2320363912            +0.0315222959
 266   bgrate66            +0.0000000000            +0.0000000000
 267   bgrate67            +0.0000000000            +0.0000000000
 268   bgrate68            +0.0000000000            +0.0000000000
 269   bgrate69            +0.0000000000            +0.0000000000
 270   bgrate70            +0.0000000000            +0.0000000000
 271   bgrate71            +0.0000000000            +0.0000000000
 272   bgrate72            +0.0000000000            +0.0000000000
 273   bgrate73            +0.0000000000            +0.0000000000
 274   bgrate74            +0.0000000000            +0.0000000000
 275   bgrate75            +0.0000000000            +0.0000000000
 276   bgrate76            +0.0000000000            +0.0000000000
 277   bgrate77            +0.0000000000            +0.0000000000
 278   bgrate78            +0.0000000000            +0.0000000000
 279   bgrate79            +0.0000000000            +0.0000000000
 280   bgrate80            +0.0000000000            +0.0000000000
 281   bgrate81            +0.0000000000            +0.0000000000
 282   bgrate82            +0.0000000000            +0.0000000000
 283   bgrate83            +0.0000000000            +0.0000000000
 284   bgrate84            +0.0000000000            +0.0000000000
 285   bgrate85            +0.0000000000            +0.0000000000
 286   bgrate86            +0.0000000000            +0.0000000000
 287   bgrate87            +0.0000000000            +0.0000000000
 288   bgrate88            +0.0000000000            +0.0000000000
 289   bgrate89            +0.0000000000            +0.0000000000
 290   bgrate90            +0.0000000000            +0.0000000000
 291   bgrate91            +0.0000000000            +0.0000000000
 292   bgrate92            +0.0000000000            +0.0000000000
 293   bgrate93            +0.0000000000            +0.0000000000
 294   bgrate94            +0.0000000000            +0.0000000000
 295   bgrate95            +0.0000000000            +0.0000000000
 296   bgrate96            +0.0000000000            +0.0000000000
 297   bgrate97            +0.0000000000            +0.0000000000
 298   bgrate98            +0.0000000000            +0.0000000000
 299   bgrate99            +0.0000000000            +0.0000000000
 300   bgrate100            +0.0000000000            +0.0000000000
 301   bgrate101            +0.0000000000            +0.0000000000
 302   bgrate102            +0.0000000000            +0.0000000000
 303   bgrate103            +0.0000000000            +0.0000000000
 304   bgrate104            +0.0000000000            +0.0000000000
 305   bgrate105            +0.0000000000            +0.0000000000
 306   bgrate106            +0.0000000000            +0.0000000000
 307   bgrate107            +0.0000000000            +0.0000000000
 308   bgrate108            +0.0000000000            +0.0000000000
 309   bgrate109            +0.0000000000            +0.0000000000
 310   bgrate110            +0.0000000000            +0.0000000000
 311   bgrate111            +0.0000000000            +0.0000000000
 312   bgrate112            +0.0000000000            +0.0000000000
 313   bgrate113            +0.0000000000            +0.0000000000
 314   bgrate114            +0.0000000000            +0.0000000000
 315   bgrate115            +0.0000000000            +0.0000000000
 316   bgrate116            +0.0000000000            +0.0000000000
 317   bgrate117            +0.0000000000            +0.0000000000
 318   bgrate118            +0.0000000000            +0.0000000000
 319   bgrate119            +0.0000000000            +0.0000000000
 320   bgrate120            +0.0000000000            +0.0000000000
 321   bgrate121            +0.0000000000            +0.0000000000
 322   bgrate122            +0.0000000000            +0.0000000000
 323   bgrate123            +0.0000000000            +0.0000000000
 324   bgrate124            +0.0000000000            +0.0000000000
 325   bgrate125            +0.0000000000            +0.0000000000
 326   bgrate126            +0.0000000000            +0.0000000000
 327   bgrate127            +0.0000000000            +0.0000000000
 328   bgrate128            +0.0000000000            +0.0000000000
 329   bgrate129            +0.0000000000            +0.0000000000
 330   bgrate130            +0.0000000000            +0.0000000000
 331   bgrate131            +0.0000000000            +0.0000000000
 332   bgrate132            +0.0000000000            +0.0000000000
 333   bgrate133            +0.0000000000            +0.0000000000
 334   bgrate134            +0.0000000000            +0.0000000000
 335   bgrate135            +0.0000000000            +0.0000000000
 336   bgrate136            +0.0000000000            +0.0000000000
 337   bgrate137            +0.0000000000            +0.0000000000
 338   bgrate138            +0.0000000000            +0.0000000000
 339   bgrate139            +0.0000000000            +0.0000000000
 340   bgrate140            +0.0000000000            +0.0000000000
 341   bgrate141            +0.0000000000            +0.0000000000
 342   bgrate142            +0.0000000000            +0.0000000000
 343   bgrate143            +0.0000000000            +0.0000000000
 344   bgrate144            +0.0000000000            +0.0000000000
 345   bgrate145            +0.0000000000            +0.0000000000
 346   bgrate146            +0.0000000000            +0.0000000000
 347   bgrate147            +0.0000000000            +0.0000000000
 348   bgrate148            +0.0000000000            +0.0000000000
 349   bgrate149            +0.0000000000            +0.0000000000
 350   bgrate150            +0.0000000000            +0.0000000000
 351   bgrate151            +0.0000000000            +0.0000000000
 352   bgrate152            +0.0000000000            +0.0000000000
 353   bgrate153            +0.0000000000            +0.0000000000
 354   bgrate154            +0.0000000000            +0.0000000000
 355   bgrate155            +0.0000000000            +0.0000000000
 356   bgrate156            +0.0000000000            +0.0000000000
 357   bgrate157            +0.0000000000            +0.0000000000
 358   bgrate158            +0.0000000000            +0.0000000000
 359   bgrate159            +0.0000000000            +0.0000000000
 360   bgrate160            +0.0000000000            +0.0000000000
 361   bgrate161            +0.0000000000            +0.0000000000
 362   bgrate162            +0.0000000000            +0.0000000000
 363   bgrate163            +0.0000000000            +0.0000000000
 364   bgrate164            +0.0000000000            +0.0000000000
 365   bgrate165            +0.0000000000            +0.0000000000
 366   bgrate166            +0.0000000000            +0.0000000000
 367   bgrate167            +0.0000000000            +0.0000000000
 368   bgrate168            +0.0000000000            +0.0000000000
 369   bgrate169            +0.0000000000            +0.0000000000
 370   bgrate170            +0.0000000000            +0.0000000000
 371   bgrate171            +0.0000000000            +0.0000000000
 372   bgrate172            +0.0000000000            +0.0000000000
 373   bgrate173            +0.0000000000            +0.0000000000
 374   bgrate174            +0.0000000000            +0.0000000000
 375   bgrate175            +0.0000000000            +0.0000000000
 376   bgrate176            +0.0000000000            +0.0000000000
 377   bgrate177            +0.0000000000            +0.0000000000
 378   bgrate178            +0.0000000000            +0.0000000000
 379   bgrate179            +0.0000000000            +0.0000000000
 380   bgrate180            +0.0000000000            +0.0000000000
 381   bgrate181            +0.0000000000            +0.0000000000
 382   bgrate182            +0.0000000000            +0.0000000000
 383   bgrate183            +0.0000000000            +0.0000000000
 384   bgrate184            +0.0000000000            +0.0000000000
 385   bgrate185            +0.0000000000            +0.0000000000
 386   bgrate186            +0.0000000000            +0.0000000000
 387   bgrate187            +0.0000000000            +0.0000000000
 388   bgrate188            +0.0000000000            +0.0000000000
 389   bgrate189            +0.0000000000            +0.0000000000
 390   bgrate190            +0.0000000000            +0.0000000000
 391   bgrate191            +0.0000000000            +0.0000000000
 392   bgrate192            +0.0000000000            +0.0000000000
 393   bgrate193            +0.0000000000            +0.0000000000
 394   bgrate194            +0.0000000000            +0.0000000000
 395   bgrate195            +0.0000000000            +0.0000000000
 396   bgrate196            +0.0000000000            +0.0000000000
 397   bgrate197            +0.0000000000            +0.0000000000
 398   bgrate198            +0.0000000000            +0.0000000000
 399   bgrate199            +0.0000000000            +0.0000000000
 400   bgrate200            +0.0000000000            +0.0000000000
 401     cnst:1            +0.0000000000            +0.0000000000
 402      lin:1            +0.0000000000            +0.0000000000
 403      x^2:1            +0.0000000000            +0.0000000000
 404     cnst:2       +165870.7326218147         +1256.5953495360
 405      lin:2         +5936.2893129276          +104.3878800781
 406      x^2:2            +0.0000000000            +0.0000000000
 407     cnst:3       +321128.4018568650         +4492.5872005250
 408      lin:3        +63820.9913991887         +2329.4210076554
 409      x^2:3            +0.0000000000            +0.0000000000
 410     cnst:4       +206968.7177474684         +2510.9973332425
 411      lin:4         -6795.7019885354          +518.1010533472
 412      x^2:4            +0.0000000000            +0.0000000000
 413     cnst:5       +160506.1831254035         +1601.5363999819
 414      lin:5         -1281.1024320756          +280.4594430594
 415      x^2:5            +0.0000000000            +0.0000000000
 416     cnst:6       +136409.6477984168         +1501.1912376579
 417      lin:6          -850.3559466701          +241.6695655877
 418      x^2:6            +0.0000000000            +0.0000000000
 419     cnst:7        +13604.7724986283         +2571.8673439622
 420      lin:7        -26612.4382835003          +715.3210824653
 421      x^2:7            +0.0000000000            +0.0000000000
 422     cnst:8        +77398.2851849467         +1242.6313442423
 423      lin:8          -990.8284228788          +213.9391808091
 424      x^2:8            +0.0000000000            +0.0000000000
 425     cnst:9        +67875.7933570970         +1346.9928192242
 426      lin:9          -409.9631839965          +244.8366507848
 427      x^2:9            +0.0000000000            +0.0000000000
 428    cnst:10            +0.0000000000            +0.0000000000
 429     lin:10            +0.0000000000            +0.0000000000
 430     x^2:10            +0.0000000000            +0.0000000000
 431    cnst:11        +51910.6664114053          +986.8207784497
 432     lin:11          +425.3343873196          +169.1066859846
 433     x^2:11            +0.0000000000            +0.0000000000
 434    cnst:12        +46859.8427688191          +494.9978230994
 435     lin:12           -94.5859211658           +25.2331055982
 436     x^2:12            +0.0000000000            +0.0000000000
 437    cnst:13            +0.0000000000            +0.0000000000
 438     lin:13            +0.0000000000            +0.0000000000
 439     x^2:13            +0.0000000000            +0.0000000000
 440    cnst:14        +41560.3230848497          +824.1031785362
 441     lin:14          +329.5123259721          +142.7544348907
 442     x^2:14            +0.0000000000            +0.0000000000
 443    cnst:15            +0.0000000000            +0.0000000000
 444     lin:15            +0.0000000000            +0.0000000000
 445     x^2:15            +0.0000000000            +0.0000000000
 446    cnst:16        +36874.3987623884         +1008.8886128849
 447     lin:16         -1397.5606092077          +245.8038891933
 448     x^2:16            +0.0000000000            +0.0000000000
 449    cnst:17        +39247.4899027453          +897.5531845010
 450     lin:17           +13.4503908230          +159.8531245366
 451     x^2:17            +0.0000000000            +0.0000000000
 452    cnst:18        +41318.2075085482          +858.5943224231
 453     lin:18           +41.7760784571          +171.2397125770
 454     x^2:18            +0.0000000000            +0.0000000000
 455    cnst:19            +0.0000000000            +0.0000000000
 456     lin:19            +0.0000000000            +0.0000000000
 457     x^2:19            +0.0000000000            +0.0000000000
 458    cnst:20        +32873.9140366608          +624.1969613400
 459     lin:20          -112.1843356774           +59.8227150421
 460     x^2:20            +0.0000000000            +0.0000000000
 461    cnst:21        +33120.1202970783          +646.7563868822
 462     lin:21          +223.9615601203           +80.3816912650
 463     x^2:21            +0.0000000000            +0.0000000000
 464    cnst:22        +34722.0178618151          +945.6852534271
 465     lin:22           -21.2505702133          +161.9876777887
 466     x^2:22            +0.0000000000            +0.0000000000
 467    cnst:23        +25335.5831523589          +425.9971888116
 468     lin:23            -7.9794360053           +35.3372221424
 469     x^2:23            +0.0000000000            +0.0000000000
 470    cnst:24        +19474.8285205622         +1354.2043945272
 471     lin:24          -885.7690550353          +350.8607570978
 472     x^2:24            +0.0000000000            +0.0000000000
 473    cnst:25        +14750.9881974640          +607.8104363923
 474     lin:25          +282.3933671803          +102.9375816073
 475     x^2:25            +0.0000000000            +0.0000000000
 476    cnst:26            +0.0000000000            +0.0000000000
 477     lin:26            +0.0000000000            +0.0000000000
 478     x^2:26            +0.0000000000            +0.0000000000
 479    cnst:27        +17317.5819934137          +487.2752825209
 480     lin:27          -146.4463153403           +57.0146443022
 481     x^2:27            +0.0000000000            +0.0000000000
 482    cnst:28            +0.0000000000            +0.0000000000
 483     lin:28            +0.0000000000            +0.0000000000
 484     x^2:28            +0.0000000000            +0.0000000000
 485    cnst:29        +17881.3454301361          +546.1523998174
 486     lin:29           +47.4904165417          +118.3450183031
 487     x^2:29            +0.0000000000            +0.0000000000
 488    cnst:30        +10793.6930785182          +555.5738941847
 489     lin:30           -39.5033794463          +110.3692906984
 490     x^2:30            +0.0000000000            +0.0000000000
 491    cnst:31            +0.0000000000            +0.0000000000
 492     lin:31            +0.0000000000            +0.0000000000
 493     x^2:31            +0.0000000000            +0.0000000000
 494    cnst:32            +0.0000000000            +0.0000000000
 495     lin:32            +0.0000000000            +0.0000000000
 496     x^2:32            +0.0000000000            +0.0000000000
 497    cnst:33         +3494.0503522492          +391.6166726998
 498     lin:33          -205.8588816351           +69.5419946701
 499     x^2:33            +0.0000000000            +0.0000000000
 500    cnst:34         +2344.3437342857          +213.6334391878
 501     lin:34            +7.3728019756           +41.3977231432
 502     x^2:34            +0.0000000000            +0.0000000000
 503    cnst:35            +0.0000000000            +0.0000000000
 504     lin:35            +0.0000000000            +0.0000000000
 505     x^2:35            +0.0000000000            +0.0000000000
 506    cnst:36         +2035.6208734396          +218.4340147955
 507     lin:36            +5.3680260702           +28.0978286001
 508     x^2:36            +0.0000000000            +0.0000000000
 509    cnst:37          +533.2917940242          +150.9612716735
 510     lin:37           -29.0173957482           +20.7145825477
 511     x^2:37            +0.0000000000            +0.0000000000
 512    cnst:38            +0.0000000000            +0.0000000000
 513     lin:38            +0.0000000000            +0.0000000000
 514     x^2:38            +0.0000000000            +0.0000000000
 515    cnst:39          +824.9726229458          +184.2949018005
 516     lin:39           +24.8484105020           +38.9189544544
 517     x^2:39            +0.0000000000            +0.0000000000
 518    cnst:40            +0.0000000000            +0.0000000000
 519     lin:40            +0.0000000000            +0.0000000000
 520     x^2:40            +0.0000000000            +0.0000000000
 521    cnst:41            +0.0000000000            +0.0000000000
 522     lin:41            +0.0000000000            +0.0000000000
 523     x^2:41            +0.0000000000            +0.0000000000
 524    cnst:42          +386.5882754799           +94.6295554003
 525     lin:42            +0.0000000000            +0.0000000000
 526     x^2:42            +0.0000000000            +0.0000000000
 527    cnst:43            +0.0000000000            +0.0000000000
 528     lin:43            +0.0000000000            +0.0000000000
 529     x^2:43            +0.0000000000            +0.0000000000
 530    cnst:44            +0.0000000000            +0.0000000000
 531     lin:44            +0.0000000000            +0.0000000000
 532     x^2:44            +0.0000000000            +0.0000000000
 533    cnst:45            +0.0000000000            +0.0000000000
 534     lin:45            +0.0000000000            +0.0000000000
 535     x^2:45            +0.0000000000            +0.0000000000
 536    cnst:46            +0.0000000000            +0.0000000000
 537     lin:46            +0.0000000000            +0.0000000000
 538     x^2:46            +0.0000000000            +0.0000000000
 539    cnst:47           +27.2263213682            +0.0830881304
 540     lin:47            +0.0000000000            +0.0000000000
 541     x^2:47            +0.0000000000            +0.0000000000
 542    cnst:48       +194592.0299907741         +3917.8640777793
 543     lin:48        +29716.6620342900         +1143.1558858208
 544     x^2:48            +0.0000000000            +0.0000000000
 545    cnst:49       +217696.7060267071         +3196.3687049276
 546     lin:49          -198.8997987748         +1291.8489730413
 547     x^2:49            +0.0000000000            +0.0000000000
 548    cnst:50        +90770.3945241909         +1207.2531221619
 549     lin:50          -293.5741036365          +205.9056153249
 550     x^2:50            +0.0000000000            +0.0000000000
 551    cnst:51        +20637.1342891094         +1273.5960917283
 552     lin:51           -59.5184424129          +466.7882136229
 553     x^2:51            +0.0000000000            +0.0000000000
 554    cnst:52            +0.0000000000            +0.0000000000
 555     lin:52            +0.0000000000            +0.0000000000
 556     x^2:52            +0.0000000000            +0.0000000000
 557    cnst:53            +0.0000000000            +0.0000000000
 558     lin:53            +0.0000000000            +0.0000000000
 559     x^2:53            +0.0000000000            +0.0000000000
 560    cnst:54            +0.0000000000            +0.0000000000
 561     lin:54            +0.0000000000            +0.0000000000
 562     x^2:54            +0.0000000000            +0.0000000000
 563    cnst:55            +0.0000000000            +0.0000000000
 564     lin:55            +0.0000000000            +0.0000000000
 565     x^2:55            +0.0000000000            +0.0000000000
 566    cnst:56            +0.0000000000            +0.0000000000
 567     lin:56            +0.0000000000            +0.0000000000
 568     x^2:56            +0.0000000000            +0.0000000000
 569    cnst:57            +0.0000000000            +0.0000000000
 570     lin:57            +0.0000000000            +0.0000000000
 571     x^2:57            +0.0000000000            +0.0000000000
 572    cnst:58            +0.0000000000            +0.0000000000
 573     lin:58            +0.0000000000            +0.0000000000
 574     x^2:58            +0.0000000000            +0.0000000000
 575    cnst:59            +0.0000000000            +0.0000000000
 576     lin:59            +0.0000000000            +0.0000000000
 577     x^2:59            +0.0000000000            +0.0000000000
 578    cnst:60            +0.0000000000            +0.0000000000
 579     lin:60            +0.0000000000            +0.0000000000
 580     x^2:60            +0.0000000000            +0.0000000000
 581         c1           +46.5390000000            +0.0000000000
 582     sigma1            -1.0000000000            +0.0000000000
 583      norm1            +5.0000000000            +0.0000000000
 584    intens1            +0.9787161463            +1.4142135624
 585         c2           +53.2284000000            +0.0000000000
 586     sigma2            -1.0000000000            +0.0000000000
 587      norm2            +6.0000000000            +0.0000000000
 588    intens2            +0.6280329315            +1.4142135624
 589         c3          +121.7817000000            +0.0000000000
 590     sigma3            -1.0000000000            +0.0000000000
 591      norm3            +9.0000000000            +0.0000000000
 592    intens3            +0.9229701129            +1.4142135624
 593         c4          +241.9950000000            +0.0000000000
 594     sigma4            -1.0000000000            +0.0000000000
 595      norm4            +6.0000000000            +0.0000000000
 596    intens4            +0.7273171673            +1.4142135624
 597         c5          +244.6974000000            +0.0000000000
 598     sigma5            -1.0000000000            +0.0000000000
 599      norm5            +9.0000000000            +0.0000000000
 600    intens5            +0.7451809649            +1.4142135624
 601         c6          +277.3710000000            +0.0000000000
 602     sigma6            -1.0000000000            +0.0000000000
 603      norm6            +4.0000000000            +0.0000000000
 604    intens6            +0.7495230966            +1.4142135624
 605         c7          +295.2228000000            +0.0000000000
 606     sigma7            -1.0000000000            +0.0000000000
 607      norm7            +6.0000000000            +0.0000000000
 608    intens7            +0.8862829353            +1.4142135624
 609         c8          +295.9387000000            +0.0000000000
 610     sigma8            -1.0000000000            +0.0000000000
 611      norm8            +9.0000000000            +0.0000000000
 612    intens8            +0.7282669342            +1.4142135624
 613         c9          +344.2785000000            +0.0000000000
 614     sigma9            -1.0000000000            +0.0000000000
 615      norm9            +8.0000000000            +0.0000000000
 616    intens9            +1.0124904287            +1.4142135624
 617        c10          +351.9321000000            +0.0000000000
 618    sigma10            -1.0000000000            +0.0000000000
 619     norm10            +6.0000000000            +0.0000000000
 620   intens10            +1.1266531733            +1.4142135624
 621        c11          +367.7891000000            +0.0000000000
 622    sigma11            -1.0000000000            +0.0000000000
 623     norm11            +8.0000000000            +0.0000000000
 624   intens11            +0.8081348369            +1.4142135624
 625        c12          +411.1165000000            +0.0000000000
 626    sigma12            -1.0000000000            +0.0000000000
 627     norm12            +8.0000000000            +0.0000000000
 628   intens12            +0.8516283955            +1.4142135624
 629        c13            +0.0000000000            +0.0000000000
 630    sigma13            -1.0000000000            +0.0000000000
 631     norm13           +13.0000000000            +0.0000000000
 632   intens13            +1.0000000000            +0.0000000000
 633        c14            +0.0000000000            +0.0000000000
 634    sigma14            -1.0000000000            +0.0000000000
 635     norm14           +14.0000000000            +0.0000000000
 636   intens14            +1.0000000000            +0.0000000000
 637        c15          +488.6792000000            +0.0000000000
 638    sigma15            -1.0000000000            +0.0000000000
 639     norm15            +9.0000000000            +0.0000000000
 640   intens15            +0.8680683607            +1.4142135624
 641        c16          +563.9860000000            +0.0000000000
 642    sigma16            -1.0000000000            +0.0000000000
 643     norm16            +9.0000000000            +0.0000000000
 644   intens16            +0.9019719344            +1.4142135624
 645        c17          +583.1870000000            +0.0000000000
 646    sigma17            -1.0000000000            +0.0000000000
 647     norm17            +4.0000000000            +0.0000000000
 648   intens17            +1.7754319198            +1.4142135624
 649        c18          +586.2648000000            +0.0000000000
 650    sigma18            -1.0000000000            +0.0000000000
 651     norm18            +8.0000000000            +0.0000000000
 652   intens18            +0.9513878955            +1.4142135624
 653        c19          +609.3200000000            +0.0000000000
 654    sigma19            -1.0000000000            +0.0000000000
 655     norm19            +7.0000000000            +0.0000000000
 656   intens19            +1.4162585132            +1.4142135624
 657        c20          +661.6570000000            +0.0000000000
 658    sigma20            -1.0000000000            +0.0000000000
 659     norm20            +3.0000000000            +0.0000000000
 660   intens20            +1.8270559143            +1.4142135624
 661        c21          +665.4470000000            +0.0000000000
 662    sigma21            -1.0000000000            +0.0000000000
 663     norm21            +7.0000000000            +0.0000000000
 664   intens21            +0.9958219641            +1.4142135624
 665        c22          +678.6230000000            +0.0000000000
 666    sigma22            -1.0000000000            +0.0000000000
 667     norm22            +8.0000000000            +0.0000000000
 668   intens22            +0.9817005386            +1.4142135624
 669        c23          +688.6700000000            +0.0000000000
 670    sigma23            -1.0000000000            +0.0000000000
 671     norm23            +9.0000000000            +0.0000000000
 672   intens23            +0.9779729114            +1.4142135624
 673        c24          +719.3460000000            +0.0000000000
 674    sigma24            -1.0000000000            +0.0000000000
 675     norm24            +9.0000000000            +0.0000000000
 676   intens24            +0.9534160222            +1.4142135624
 677        c25            +0.0000000000            +0.0000000000
 678    sigma25            -1.0000000000            +0.0000000000
 679     norm25           +25.0000000000            +0.0000000000
 680   intens25            +1.0000000000            +0.0000000000
 681        c26            +0.0000000000            +0.0000000000
 682    sigma26            -1.0000000000            +0.0000000000
 683     norm26           +26.0000000000            +0.0000000000
 684   intens26            +1.0000000000            +0.0000000000
 685        c27          +778.9045000000            +0.0000000000
 686    sigma27            -1.0000000000            +0.0000000000
 687     norm27            +8.0000000000            +0.0000000000
 688   intens27            +1.0584584370            +1.4142135624
 689        c28          +785.9600000000            +0.0000000000
 690    sigma28            -1.0000000000            +0.0000000000
 691     norm28            +6.0000000000            +0.0000000000
 692   intens28            +0.9214542865            +1.4142135624
 693        c29          +806.1800000000            +0.0000000000
 694    sigma29            -1.0000000000            +0.0000000000
 695     norm29            +7.0000000000            +0.0000000000
 696   intens29            +0.9009366789            +1.4142135624
 697        c30          +810.4510000000            +0.0000000000
 698    sigma30            -1.0000000000            +0.0000000000
 699     norm30            +9.0000000000            +0.0000000000
 700   intens30            +0.8622738428            +1.4142135624
 701        c31          +860.5570000000            +0.0000000000
 702    sigma31            -1.0000000000            +0.0000000000
 703     norm31            +4.0000000000            +0.0000000000
 704   intens31            +0.9562046882            +1.4142135624
 705        c32          +867.3800000000            +0.0000000000
 706    sigma32            -1.0000000000            +0.0000000000
 707     norm32            +9.0000000000            +0.0000000000
 708   intens32            +0.8499501698            +1.4142135624
 709        c33          +919.3370000000            +0.0000000000
 710    sigma33            -1.0000000000            +0.0000000000
 711     norm33            +9.0000000000            +0.0000000000
 712   intens33            +0.7896705528            +1.4142135624
 713        c34          +926.3100000000            +0.0000000000
 714    sigma34            -1.0000000000            +0.0000000000
 715     norm34            +9.0000000000            +0.0000000000
 716   intens34            +0.7645736642            +1.4142135624
 717        c35          +934.0560000000            +0.0000000000
 718    sigma35            -1.0000000000            +0.0000000000
 719     norm35            +7.0000000000            +0.0000000000
 720   intens35            +0.7635139756            +1.4142135624
 721        c36          +964.0570000000            +0.0000000000
 722    sigma36            -1.0000000000            +0.0000000000
 723     norm36            +9.0000000000            +0.0000000000
 724   intens36            +0.8565454217            +1.4142135624
 725        c37         +1005.2700000000            +0.0000000000
 726    sigma37            -1.0000000000            +0.0000000000
 727     norm37            +9.0000000000            +0.0000000000
 728   intens37            +0.6938391862            +1.4142135624
 729        c38            +0.0000000000            +0.0000000000
 730    sigma38            -1.0000000000            +0.0000000000
 731     norm38           +38.0000000000            +0.0000000000
 732   intens38            +1.0000000000            +0.0000000000
 733        c39            +0.0000000000            +0.0000000000
 734    sigma39            -1.0000000000            +0.0000000000
 735     norm39           +39.0000000000            +0.0000000000
 736   intens39            +1.0000000000            +0.0000000000
 737        c40         +1112.0760000000            +0.0000000000
 738    sigma40            -1.0000000000            +0.0000000000
 739     norm40            +9.0000000000            +0.0000000000
 740   intens40            +0.8019658170            +1.4142135624
 741        c41         +1120.2940000000            +0.0000000000
 742    sigma41            -1.0000000000            +0.0000000000
 743     norm41            +7.0000000000            +0.0000000000
 744   intens41            +0.7851724580            +1.4142135624
 745        c42         +1155.2100000000            +0.0000000000
 746    sigma42            -1.0000000000            +0.0000000000
 747     norm42            +7.0000000000            +0.0000000000
 748   intens42            +0.6163464637            +1.4142135624
 749        c43         +1173.2280000000            +0.0000000000
 750    sigma43            -1.0000000000            +0.0000000000
 751     norm43            +2.0000000000            +0.0000000000
 752   intens43            +1.5598933918            +1.4142135624
 753        c44         +1212.9480000000            +0.0000000000
 754    sigma44            -1.0000000000            +0.0000000000
 755     norm44            +9.0000000000            +0.0000000000
 756   intens44            +0.5522525751            +1.4142135624
 757        c45         +1238.1220000000            +0.0000000000
 758    sigma45            -1.0000000000            +0.0000000000
 759     norm45            +7.0000000000            +0.0000000000
 760   intens45            +0.5750852121            +1.4142135624
 761        c46         +1280.9760000000            +0.0000000000
 762    sigma46            -1.0000000000            +0.0000000000
 763     norm46            +7.0000000000            +0.0000000000
 764   intens46            +0.5101356613            +1.4142135624
 765        c47         +1299.1420000000            +0.0000000000
 766    sigma47            -1.0000000000            +0.0000000000
 767     norm47            +8.0000000000            +0.0000000000
 768   intens47            +0.4985474909            +1.4142135624
 769        c48         +1332.4920000000            +0.0000000000
 770    sigma48            -1.0000000000            +0.0000000000
 771     norm48            +2.0000000000            +0.0000000000
 772   intens48            +1.4711824642            +1.4142135624
 773        c49         +1377.6690000000            +0.0000000000
 774    sigma49            -1.0000000000            +0.0000000000
 775     norm49            +7.0000000000            +0.0000000000
 776   intens49            +0.5049400288            +1.4142135624
 777        c50         +1401.5150000000            +0.0000000000
 778    sigma50            -1.0000000000            +0.0000000000
 779     norm50            +7.0000000000            +0.0000000000
 780   intens50            +0.4656510894            +1.4142135624
 781        c51            +0.0000000000            +0.0000000000
 782    sigma51            -1.0000000000            +0.0000000000
 783     norm51           +51.0000000000            +0.0000000000
 784   intens51            +1.0000000000            +0.0000000000
 785        c52         +1408.0130000000            +0.0000000000
 786    sigma52            -1.0000000000            +0.0000000000
 787     norm52            +9.0000000000            +0.0000000000
 788   intens52            +0.6434527297            +1.4142135624
 789        c53         +1457.6430000000            +0.0000000000
 790    sigma53            -1.0000000000            +0.0000000000
 791     norm53            +9.0000000000            +0.0000000000
 792   intens53            +0.4245137901            +1.4142135624
 793        c54         +1460.8200000000            +0.0000000000
 794    sigma54            -1.0000000000            +0.0000000000
 795     norm54            +1.0000000000            +0.0000000000
 796   intens54            +0.5125136380            +1.4142135624
 797        c55         +1509.2100000000            +0.0000000000
 798    sigma55            -1.0000000000            +0.0000000000
 799     norm55            +7.0000000000            +0.0000000000
 800   intens55            +0.4068937654            +1.4142135624
 801        c56         +1528.1000000000            +0.0000000000
 802    sigma56            -1.0000000000            +0.0000000000
 803     norm56            +9.0000000000            +0.0000000000
 804   intens56            +0.3647689050            +1.4142135624
 805        c57         +1661.2740000000            +0.0000000000
 806    sigma57            -1.0000000000            +0.0000000000
 807     norm57            +7.0000000000            +0.0000000000
 808   intens57            +0.3444446541            +1.4142135624
 809        c58         +1729.5950000000            +0.0000000000
 810    sigma58            -1.0000000000            +0.0000000000
 811     norm58            +7.0000000000            +0.0000000000
 812   intens58            +0.3323287230            +1.4142135624
 813        c59         +1764.4910000000            +0.0000000000
 814    sigma59            -1.0000000000            +0.0000000000
 815     norm59            +7.0000000000            +0.0000000000
 816   intens59            +0.4229328639            +1.4142135624
 817        c60         +1847.4290000000            +0.0000000000
 818    sigma60            -1.0000000000            +0.0000000000
 819     norm60            +7.0000000000            +0.0000000000
 820   intens60            +0.2575543248            +1.4142135624
 821        c61         +2118.5140000000            +0.0000000000
 822    sigma61            -1.0000000000            +0.0000000000
 823     norm61            +7.0000000000            +0.0000000000
 824   intens61            +0.2091747845            +1.4142135624
 825        c62         +2204.0590000000            +0.0000000000
 826    sigma62            -1.0000000000            +0.0000000000
 827     norm62            +7.0000000000            +0.0000000000
 828   intens62            +0.2074474989            +1.4142135624
 829        c63         +2447.7000000000            +0.0000000000
 830    sigma63            -1.0000000000            +0.0000000000
 831     norm63            +7.0000000000            +0.0000000000
 832   intens63            +0.1312003606            +1.4142135624
 833        c64         +2614.5110000000            +0.0000000000
 834    sigma64            -1.0000000000            +0.0000000000
 835     norm64            +4.0000000000            +0.0000000000
 836   intens64            +1.0705666638            +1.4142135624
 837        c65          +566.4380000000            +0.0000000000
 838    sigma65            -1.0000000000            +0.0000000000
 839     norm65            +9.0000000000            +0.0000000000
 840   intens65            +0.0384998147            +1.4142135624
 841        c66            +0.0000000000            +0.0000000000
 842    sigma66            -1.0000000000            +0.0000000000
 843     norm66           +66.0000000000            +0.0000000000
 844   intens66            +1.0000000000            +0.0000000000
 845        c67            +0.0000000000            +0.0000000000
 846    sigma67            -1.0000000000            +0.0000000000
 847     norm67           +67.0000000000            +0.0000000000
 848   intens67            +1.0000000000            +0.0000000000
 849        c68            +0.0000000000            +0.0000000000
 850    sigma68            -1.0000000000            +0.0000000000
 851     norm68           +68.0000000000            +0.0000000000
 852   intens68            +1.0000000000            +0.0000000000
 853        c69            +0.0000000000            +0.0000000000
 854    sigma69            -1.0000000000            +0.0000000000
 855     norm69           +69.0000000000            +0.0000000000
 856   intens69            +1.0000000000            +0.0000000000
 857        c70            +0.0000000000            +0.0000000000
 858    sigma70            -1.0000000000            +0.0000000000
 859     norm70           +70.0000000000            +0.0000000000
 860   intens70            +1.0000000000            +0.0000000000
 861        c71            +0.0000000000            +0.0000000000
 862    sigma71            -1.0000000000            +0.0000000000
 863     norm71           +71.0000000000            +0.0000000000
 864   intens71            +1.0000000000            +0.0000000000
 865        c72            +0.0000000000            +0.0000000000
 866    sigma72            -1.0000000000            +0.0000000000
 867     norm72           +72.0000000000            +0.0000000000
 868   intens72            +1.0000000000            +0.0000000000
 869        c73            +0.0000000000            +0.0000000000
 870    sigma73            -1.0000000000            +0.0000000000
 871     norm73           +73.0000000000            +0.0000000000
 872   intens73            +1.0000000000            +0.0000000000
 873        c74            +0.0000000000            +0.0000000000
 874    sigma74            -1.0000000000            +0.0000000000
 875     norm74           +74.0000000000            +0.0000000000
 876   intens74            +1.0000000000            +0.0000000000
 877        c75            +0.0000000000            +0.0000000000
 878    sigma75            -1.0000000000            +0.0000000000
 879     norm75           +75.0000000000            +0.0000000000
 880   intens75            +1.0000000000            +0.0000000000
 881        c76            +0.0000000000            +0.0000000000
 882    sigma76            +0.0000000000            +0.0000000000
 883     norm76            +0.0000000000            +0.0000000000
 884   intens76            +0.0000000000            +0.0000000000
 885        c77            +0.0000000000            +0.0000000000
 886    sigma77            +0.0000000000            +0.0000000000
 887     norm77            +0.0000000000            +0.0000000000
 888   intens77            +0.0000000000            +0.0000000000
 889        c78            +0.0000000000            +0.0000000000
 890    sigma78            +0.0000000000            +0.0000000000
 891     norm78            +0.0000000000            +0.0000000000
 892   intens78            +0.0000000000            +0.0000000000
 893        c79            +0.0000000000            +0.0000000000
 894    sigma79            +0.0000000000            +0.0000000000
 895     norm79            +0.0000000000            +0.0000000000
 896   intens79            +0.0000000000            +0.0000000000
 897        c80            +0.0000000000            +0.0000000000
 898    sigma80            +0.0000000000            +0.0000000000
 899     norm80            +0.0000000000            +0.0000000000
 900   intens80            +0.0000000000            +0.0000000000
 901        c81            +0.0000000000            +0.0000000000
 902    sigma81            +0.0000000000            +0.0000000000
 903     norm81            +0.0000000000            +0.0000000000
 904   intens81            +0.0000000000            +0.0000000000
 905        c82            +0.0000000000            +0.0000000000
 906    sigma82            +0.0000000000            +0.0000000000
 907     norm82            +0.0000000000            +0.0000000000
 908   intens82            +0.0000000000            +0.0000000000
 909        c83            +0.0000000000            +0.0000000000
 910    sigma83            +0.0000000000            +0.0000000000
 911     norm83            +0.0000000000            +0.0000000000
 912   intens83            +0.0000000000            +0.0000000000
 913        c84            +0.0000000000            +0.0000000000
 914    sigma84            +0.0000000000            +0.0000000000
 915     norm84            +0.0000000000            +0.0000000000
 916   intens84            +0.0000000000            +0.0000000000
 917        c85            +0.0000000000            +0.0000000000
 918    sigma85            +0.0000000000            +0.0000000000
 919     norm85            +0.0000000000            +0.0000000000
 920   intens85            +0.0000000000            +0.0000000000
 921        c86            +0.0000000000            +0.0000000000
 922    sigma86            +0.0000000000            +0.0000000000
 923     norm86            +0.0000000000            +0.0000000000
 924   intens86            +0.0000000000            +0.0000000000
 925        c87            +0.0000000000            +0.0000000000
 926    sigma87            +0.0000000000            +0.0000000000
 927     norm87            +0.0000000000            +0.0000000000
 928   intens87            +0.0000000000            +0.0000000000
 929        c88            +0.0000000000            +0.0000000000
 930    sigma88            +0.0000000000            +0.0000000000
 931     norm88            +0.0000000000            +0.0000000000
 932   intens88            +0.0000000000            +0.0000000000
 933        c89            +0.0000000000            +0.0000000000
 934    sigma89            +0.0000000000            +0.0000000000
 935     norm89            +0.0000000000            +0.0000000000
 936   intens89            +0.0000000000            +0.0000000000
 937        c90            +0.0000000000            +0.0000000000
 938    sigma90            +0.0000000000            +0.0000000000
 939     norm90            +0.0000000000            +0.0000000000
 940   intens90            +0.0000000000            +0.0000000000
 941        c91            +0.0000000000            +0.0000000000
 942    sigma91            +0.0000000000            +0.0000000000
 943     norm91            +0.0000000000            +0.0000000000
 944   intens91            +0.0000000000            +0.0000000000
 945        c92            +0.0000000000            +0.0000000000
 946    sigma92            +0.0000000000            +0.0000000000
 947     norm92            +0.0000000000            +0.0000000000
 948   intens92            +0.0000000000            +0.0000000000
 949        c93            +0.0000000000            +0.0000000000
 950    sigma93            +0.0000000000            +0.0000000000
 951     norm93            +0.0000000000            +0.0000000000
 952   intens93            +0.0000000000            +0.0000000000
 953        c94            +0.0000000000            +0.0000000000
 954    sigma94            +0.0000000000            +0.0000000000
 955     norm94            +0.0000000000            +0.0000000000
 956   intens94            +0.0000000000            +0.0000000000
 957        c95            +0.0000000000            +0.0000000000
 958    sigma95            +0.0000000000            +0.0000000000
 959     norm95            +0.0000000000            +0.0000000000
 960   intens95            +0.0000000000            +0.0000000000
 961        c96            +0.0000000000            +0.0000000000
 962    sigma96            +0.0000000000            +0.0000000000
 963     norm96            +0.0000000000            +0.0000000000
 964   intens96            +0.0000000000            +0.0000000000
 965        c97            +0.0000000000            +0.0000000000
 966    sigma97            +0.0000000000            +0.0000000000
 967     norm97            +0.0000000000            +0.0000000000
 968   intens97            +0.0000000000            +0.0000000000
 969        c98            +0.0000000000            +0.0000000000
 970    sigma98            +0.0000000000            +0.0000000000
 971     norm98            +0.0000000000            +0.0000000000
 972   intens98            +0.0000000000            +0.0000000000
 973        c99            +0.0000000000            +0.0000000000
 974    sigma99            +0.0000000000            +0.0000000000
 975     norm99            +0.0000000000            +0.0000000000
 976   intens99            +0.0000000000            +0.0000000000
 977       c100            +0.0000000000            +0.0000000000
 978   sigma100            +0.0000000000            +0.0000000000
 979    norm100            +0.0000000000            +0.0000000000
 980   intens100            +0.0000000000            +0.0000000000
 981       c101            +0.0000000000            +0.0000000000
 982   sigma101            +0.0000000000            +0.0000000000
 983    norm101            +0.0000000000            +0.0000000000
 984   intens101            +0.0000000000            +0.0000000000
 985       c102            +0.0000000000            +0.0000000000
 986   sigma102            +0.0000000000            +0.0000000000
 987    norm102            +0.0000000000            +0.0000000000
 988   intens102            +0.0000000000            +0.0000000000
 989       c103            +0.0000000000            +0.0000000000
 990   sigma103            +0.0000000000            +0.0000000000
 991    norm103            +0.0000000000            +0.0000000000
 992   intens103            +0.0000000000            +0.0000000000
 993       c104            +0.0000000000            +0.0000000000
 994   sigma104            +0.0000000000            +0.0000000000
 995    norm104            +0.0000000000            +0.0000000000
 996   intens104            +0.0000000000            +0.0000000000
 997       c105            +0.0000000000            +0.0000000000
 998   sigma105            +0.0000000000            +0.0000000000
 999    norm105            +0.0000000000            +0.0000000000
1000   intens105            +0.0000000000            +0.0000000000
1001       c106            +0.0000000000            +0.0000000000
1002   sigma106            +0.0000000000            +0.0000000000
1003    norm106            +0.0000000000            +0.0000000000
1004   intens106            +0.0000000000            +0.0000000000
1005       c107            +0.0000000000            +0.0000000000
1006   sigma107            +0.0000000000            +0.0000000000
1007    norm107            +0.0000000000            +0.0000000000
1008   intens107            +0.0000000000            +0.0000000000
1009       c108            +0.0000000000            +0.0000000000
1010   sigma108            +0.0000000000            +0.0000000000
1011    norm108            +0.0000000000            +0.0000000000
1012   intens108            +0.0000000000            +0.0000000000
1013       c109            +0.0000000000            +0.0000000000
1014   sigma109            +0.0000000000            +0.0000000000
1015    norm109            +0.0000000000            +0.0000000000
1016   intens109            +0.0000000000            +0.0000000000
1017       c110            +0.0000000000            +0.0000000000
1018   sigma110            +0.0000000000            +0.0000000000
1019    norm110            +0.0000000000            +0.0000000000
1020   intens110            +0.0000000000            +0.0000000000
1021       c111            +0.0000000000            +0.0000000000
1022   sigma111            +0.0000000000            +0.0000000000
1023    norm111            +0.0000000000            +0.0000000000
1024   intens111            +0.0000000000            +0.0000000000
1025       c112            +0.0000000000            +0.0000000000
1026   sigma112            +0.0000000000            +0.0000000000
1027    norm112            +0.0000000000            +0.0000000000
1028   intens112            +0.0000000000            +0.0000000000
1029       c113            +0.0000000000            +0.0000000000
1030   sigma113            +0.0000000000            +0.0000000000
1031    norm113            +0.0000000000            +0.0000000000
1032   intens113            +0.0000000000            +0.0000000000
1033       c114            +0.0000000000            +0.0000000000
1034   sigma114            +0.0000000000            +0.0000000000
1035    norm114            +0.0000000000            +0.0000000000
1036   intens114            +0.0000000000            +0.0000000000
1037       c115            +0.0000000000            +0.0000000000
1038   sigma115            +0.0000000000            +0.0000000000
1039    norm115            +0.0000000000            +0.0000000000
1040   intens115            +0.0000000000            +0.0000000000
1041       c116            +0.0000000000            +0.0000000000
1042   sigma116            +0.0000000000            +0.0000000000
1043    norm116            +0.0000000000            +0.0000000000
1044   intens116            +0.0000000000            +0.0000000000
1045       c117            +0.0000000000            +0.0000000000
1046   sigma117            +0.0000000000            +0.0000000000
1047    norm117            +0.0000000000            +0.0000000000
1048   intens117            +0.0000000000            +0.0000000000
1049       c118            +0.0000000000            +0.0000000000
1050   sigma118            +0.0000000000            +0.0000000000
1051    norm118            +0.0000000000            +0.0000000000
1052   intens118            +0.0000000000            +0.0000000000
1053       c119            +0.0000000000            +0.0000000000
1054   sigma119            +0.0000000000            +0.0000000000
1055    norm119            +0.0000000000            +0.0000000000
1056   intens119            +0.0000000000            +0.0000000000
1057       c120            +0.0000000000            +0.0000000000
1058   sigma120            +0.0000000000            +0.0000000000
1059    norm120            +0.0000000000            +0.0000000000
1060   intens120            +0.0000000000            +0.0000000000
1061       c121            +0.0000000000            +0.0000000000
1062   sigma121            +0.0000000000            +0.0000000000
1063    norm121            +0.0000000000            +0.0000000000
1064   intens121            +0.0000000000            +0.0000000000
1065       c122            +0.0000000000            +0.0000000000
1066   sigma122            +0.0000000000            +0.0000000000
1067    norm122            +0.0000000000            +0.0000000000
1068   intens122            +0.0000000000            +0.0000000000
1069       c123            +0.0000000000            +0.0000000000
1070   sigma123            +0.0000000000            +0.0000000000
1071    norm123            +0.0000000000            +0.0000000000
1072   intens123            +0.0000000000            +0.0000000000
1073       c124            +0.0000000000            +0.0000000000
1074   sigma124            +0.0000000000            +0.0000000000
1075    norm124            +0.0000000000            +0.0000000000
1076   intens124            +0.0000000000            +0.0000000000
1077       c125            +0.0000000000            +0.0000000000
1078   sigma125            +0.0000000000            +0.0000000000
1079    norm125            +0.0000000000            +0.0000000000
1080   intens125            +0.0000000000            +0.0000000000
1081       c126            +0.0000000000            +0.0000000000
1082   sigma126            +0.0000000000            +0.0000000000
1083    norm126            +0.0000000000            +0.0000000000
1084   intens126            +0.0000000000            +0.0000000000
1085       c127            +0.0000000000            +0.0000000000
1086   sigma127            +0.0000000000            +0.0000000000
1087    norm127            +0.0000000000            +0.0000000000
1088   intens127            +0.0000000000            +0.0000000000
1089       c128            +0.0000000000            +0.0000000000
1090   sigma128            +0.0000000000            +0.0000000000
1091    norm128            +0.0000000000            +0.0000000000
1092   intens128            +0.0000000000            +0.0000000000
1093       c129            +0.0000000000            +0.0000000000
1094   sigma129            +0.0000000000            +0.0000000000
1095    norm129            +0.0000000000            +0.0000000000
1096   intens129            +0.0000000000            +0.0000000000
1097       c130            +0.0000000000            +0.0000000000
1098   sigma130            +0.0000000000            +0.0000000000
1099    norm130            +0.0000000000            +0.0000000000
1100   intens130            +0.0000000000            +0.0000000000
1101       c131            +0.0000000000            +0.0000000000
1102   sigma131            +0.0000000000            +0.0000000000
1103    norm131            +0.0000000000            +0.0000000000
1104   intens131            +0.0000000000            +0.0000000000
1105       c132            +0.0000000000            +0.0000000000
1106   sigma132            +0.0000000000            +0.0000000000
1107    norm132            +0.0000000000            +0.0000000000
1108   intens132            +0.0000000000            +0.0000000000
1109       c133            +0.0000000000            +0.0000000000
1110   sigma133            +0.0000000000            +0.0000000000
1111    norm133            +0.0000000000            +0.0000000000
1112   intens133            +0.0000000000            +0.0000000000
1113       c134            +0.0000000000            +0.0000000000
1114   sigma134            +0.0000000000            +0.0000000000
1115    norm134            +0.0000000000            +0.0000000000
1116   intens134            +0.0000000000            +0.0000000000
1117       c135            +0.0000000000            +0.0000000000
1118   sigma135            +0.0000000000            +0.0000000000
1119    norm135            +0.0000000000            +0.0000000000
1120   intens135            +0.0000000000            +0.0000000000
1121       c136            +0.0000000000            +0.0000000000
1122   sigma136            +0.0000000000            +0.0000000000
1123    norm136            +0.0000000000            +0.0000000000
1124   intens136            +0.0000000000            +0.0000000000
1125       c137            +0.0000000000            +0.0000000000
1126   sigma137            +0.0000000000            +0.0000000000
1127    norm137            +0.0000000000            +0.0000000000
1128   intens137            +0.0000000000            +0.0000000000
1129       c138            +0.0000000000            +0.0000000000
1130   sigma138            +0.0000000000            +0.0000000000
1131    norm138            +0.0000000000            +0.0000000000
1132   intens138            +0.0000000000            +0.0000000000
1133       c139            +0.0000000000            +0.0000000000
1134   sigma139            +0.0000000000            +0.0000000000
1135    norm139            +0.0000000000            +0.0000000000
1136   intens139            +0.0000000000            +0.0000000000
1137       c140            +0.0000000000            +0.0000000000
1138   sigma140            +0.0000000000            +0.0000000000
1139    norm140            +0.0000000000            +0.0000000000
1140   intens140            +0.0000000000            +0.0000000000
1141       c141            +0.0000000000            +0.0000000000
1142   sigma141            +0.0000000000            +0.0000000000
1143    norm141            +0.0000000000            +0.0000000000
1144   intens141            +0.0000000000            +0.0000000000
1145       c142            +0.0000000000            +0.0000000000
1146   sigma142            +0.0000000000            +0.0000000000
1147    norm142            +0.0000000000            +0.0000000000
1148   intens142            +0.0000000000            +0.0000000000
1149       c143            +0.0000000000            +0.0000000000
1150   sigma143            +0.0000000000            +0.0000000000
1151    norm143            +0.0000000000            +0.0000000000
1152   intens143            +0.0000000000            +0.0000000000
1153       c144            +0.0000000000            +0.0000000000
1154   sigma144            +0.0000000000            +0.0000000000
1155    norm144            +0.0000000000            +0.0000000000
1156   intens144            +0.0000000000            +0.0000000000
1157       c145            +0.0000000000            +0.0000000000
1158   sigma145            +0.0000000000            +0.0000000000
1159    norm145            +0.0000000000            +0.0000000000
1160   intens145            +0.0000000000            +0.0000000000
1161       c146            +0.0000000000            +0.0000000000
1162   sigma146            +0.0000000000            +0.0000000000
1163    norm146            +0.0000000000            +0.0000000000
1164   intens146            +0.0000000000            +0.0000000000
1165       c147            +0.0000000000            +0.0000000000
1166   sigma147            +0.0000000000            +0.0000000000
1167    norm147            +0.0000000000            +0.0000000000
1168   intens147            +0.0000000000            +0.0000000000
1169       c148            +0.0000000000            +0.0000000000
1170   sigma148            +0.0000000000            +0.0000000000
1171    norm148            +0.0000000000            +0.0000000000
1172   intens148            +0.0000000000            +0.0000000000
1173       c149            +0.0000000000            +0.0000000000
1174   sigma149            +0.0000000000            +0.0000000000
1175    norm149            +0.0000000000            +0.0000000000
1176   intens149            +0.0000000000            +0.0000000000
1177       c150            +0.0000000000            +0.0000000000
1178   sigma150            +0.0000000000            +0.0000000000
1179    norm150            +0.0000000000            +0.0000000000
1180   intens150            +0.0000000000            +0.0000000000
1181       c151            +0.0000000000            +0.0000000000
1182   sigma151            +0.0000000000            +0.0000000000
1183    norm151            +0.0000000000            +0.0000000000
1184   intens151            +0.0000000000            +0.0000000000
1185       c152            +0.0000000000            +0.0000000000
1186   sigma152            +0.0000000000            +0.0000000000
1187    norm152            +0.0000000000            +0.0000000000
1188   intens152            +0.0000000000            +0.0000000000
1189       c153            +0.0000000000            +0.0000000000
1190   sigma153            +0.0000000000            +0.0000000000
1191    norm153            +0.0000000000            +0.0000000000
1192   intens153            +0.0000000000            +0.0000000000
1193       c154            +0.0000000000            +0.0000000000
1194   sigma154            +0.0000000000            +0.0000000000
1195    norm154            +0.0000000000            +0.0000000000
1196   intens154            +0.0000000000            +0.0000000000
1197       c155            +0.0000000000            +0.0000000000
1198   sigma155            +0.0000000000            +0.0000000000
1199    norm155            +0.0000000000            +0.0000000000
1200   intens155            +0.0000000000            +0.0000000000
1201       c156            +0.0000000000            +0.0000000000
1202   sigma156            +0.0000000000            +0.0000000000
1203    norm156            +0.0000000000            +0.0000000000
1204   intens156            +0.0000000000            +0.0000000000
1205       c157            +0.0000000000            +0.0000000000
1206   sigma157            +0.0000000000            +0.0000000000
1207    norm157            +0.0000000000            +0.0000000000
1208   intens157            +0.0000000000            +0.0000000000
1209       c158            +0.0000000000            +0.0000000000
1210   sigma158            +0.0000000000            +0.0000000000
1211    norm158            +0.0000000000            +0.0000000000
1212   intens158            +0.0000000000            +0.0000000000
1213       c159            +0.0000000000            +0.0000000000
1214   sigma159            +0.0000000000            +0.0000000000
1215    norm159            +0.0000000000            +0.0000000000
1216   intens159            +0.0000000000            +0.0000000000
1217       c160            +0.0000000000            +0.0000000000
1218   sigma160            +0.0000000000            +0.0000000000
1219    norm160            +0.0000000000            +0.0000000000
1220   intens160            +0.0000000000            +0.0000000000
1221       c161            +0.0000000000            +0.0000000000
1222   sigma161            +0.0000000000            +0.0000000000
1223    norm161            +0.0000000000            +0.0000000000
1224   intens161            +0.0000000000            +0.0000000000
1225       c162            +0.0000000000            +0.0000000000
1226   sigma162            +0.0000000000            +0.0000000000
1227    norm162            +0.0000000000            +0.0000000000
1228   intens162            +0.0000000000            +0.0000000000
1229       c163            +0.0000000000            +0.0000000000
1230   sigma163            +0.0000000000            +0.0000000000
1231    norm163            +0.0000000000            +0.0000000000
1232   intens163            +0.0000000000            +0.0000000000
1233       c164            +0.0000000000            +0.0000000000
1234   sigma164            +0.0000000000            +0.0000000000
1235    norm164            +0.0000000000            +0.0000000000
1236   intens164            +0.0000000000            +0.0000000000
1237       c165            +0.0000000000            +0.0000000000
1238   sigma165            +0.0000000000            +0.0000000000
1239    norm165            +0.0000000000            +0.0000000000
1240   intens165            +0.0000000000            +0.0000000000
1241       c166            +0.0000000000            +0.0000000000
1242   sigma166            +0.0000000000            +0.0000000000
1243    norm166            +0.0000000000            +0.0000000000
1244   intens166            +0.0000000000            +0.0000000000
1245       c167            +0.0000000000            +0.0000000000
1246   sigma167            +0.0000000000            +0.0000000000
1247    norm167            +0.0000000000            +0.0000000000
1248   intens167            +0.0000000000            +0.0000000000
1249       c168            +0.0000000000            +0.0000000000
1250   sigma168            +0.0000000000            +0.0000000000
1251    norm168            +0.0000000000            +0.0000000000
1252   intens168            +0.0000000000            +0.0000000000
1253       c169            +0.0000000000            +0.0000000000
1254   sigma169            +0.0000000000            +0.0000000000
1255    norm169            +0.0000000000            +0.0000000000
1256   intens169            +0.0000000000            +0.0000000000
1257       c170            +0.0000000000            +0.0000000000
1258   sigma170            +0.0000000000            +0.0000000000
1259    norm170            +0.0000000000            +0.0000000000
1260   intens170            +0.0000000000            +0.0000000000
1261       c171            +0.0000000000            +0.0000000000
1262   sigma171            +0.0000000000            +0.0000000000
1263    norm171            +0.0000000000            +0.0000000000
1264   intens171            +0.0000000000            +0.0000000000
1265       c172            +0.0000000000            +0.0000000000
1266   sigma172            +0.0000000000            +0.0000000000
1267    norm172            +0.0000000000            +0.0000000000
1268   intens172            +0.0000000000            +0.0000000000
1269       c173            +0.0000000000            +0.0000000000
1270   sigma173            +0.0000000000            +0.0000000000
1271    norm173            +0.0000000000            +0.0000000000
1272   intens173            +0.0000000000            +0.0000000000
1273       c174            +0.0000000000            +0.0000000000
1274   sigma174            +0.0000000000            +0.0000000000
1275    norm174            +0.0000000000            +0.0000000000
1276   intens174            +0.0000000000            +0.0000000000
1277       c175            +0.0000000000            +0.0000000000
1278   sigma175            +0.0000000000            +0.0000000000
1279    norm175            +0.0000000000            +0.0000000000
1280   intens175            +0.0000000000            +0.0000000000
1281       c176            +0.0000000000            +0.0000000000
1282   sigma176            +0.0000000000            +0.0000000000
1283    norm176            +0.0000000000            +0.0000000000
1284   intens176            +0.0000000000            +0.0000000000
1285       c177            +0.0000000000            +0.0000000000
1286   sigma177            +0.0000000000            +0.0000000000
1287    norm177            +0.0000000000            +0.0000000000
1288   intens177            +0.0000000000            +0.0000000000
1289       c178            +0.0000000000            +0.0000000000
1290   sigma178            +0.0000000000            +0.0000000000
1291    norm178            +0.0000000000            +0.0000000000
1292   intens178            +0.0000000000            +0.0000000000
1293       c179            +0.0000000000            +0.0000000000
1294   sigma179            +0.0000000000            +0.0000000000
1295    norm179            +0.0000000000            +0.0000000000
1296   intens179            +0.0000000000            +0.0000000000
1297       c180            +0.0000000000            +0.0000000000
1298   sigma180            +0.0000000000            +0.0000000000
1299    norm180            +0.0000000000            +0.0000000000
1300   intens180            +0.0000000000            +0.0000000000
1301       c181            +0.0000000000            +0.0000000000
1302   sigma181            +0.0000000000            +0.0000000000
1303    norm181            +0.0000000000            +0.0000000000
1304   intens181            +0.0000000000            +0.0000000000
1305       c182            +0.0000000000            +0.0000000000
1306   sigma182            +0.0000000000            +0.0000000000
1307    norm182            +0.0000000000            +0.0000000000
1308   intens182            +0.0000000000            +0.0000000000
1309       c183            +0.0000000000            +0.0000000000
1310   sigma183            +0.0000000000            +0.0000000000
1311    norm183            +0.0000000000            +0.0000000000
1312   intens183            +0.0000000000            +0.0000000000
1313       c184            +0.0000000000            +0.0000000000
1314   sigma184            +0.0000000000            +0.0000000000
1315    norm184            +0.0000000000            +0.0000000000
1316   intens184            +0.0000000000            +0.0000000000
1317       c185            +0.0000000000            +0.0000000000
1318   sigma185            +0.0000000000            +0.0000000000
1319    norm185            +0.0000000000            +0.0000000000
1320   intens185            +0.0000000000            +0.0000000000
1321       c186            +0.0000000000            +0.0000000000
1322   sigma186            +0.0000000000            +0.0000000000
1323    norm186            +0.0000000000            +0.0000000000
1324   intens186            +0.0000000000            +0.0000000000
1325       c187            +0.0000000000            +0.0000000000
1326   sigma187            +0.0000000000            +0.0000000000
1327    norm187            +0.0000000000            +0.0000000000
1328   intens187            +0.0000000000            +0.0000000000
1329       c188            +0.0000000000            +0.0000000000
1330   sigma188            +0.0000000000            +0.0000000000
1331    norm188            +0.0000000000            +0.0000000000
1332   intens188            +0.0000000000            +0.0000000000
1333       c189            +0.0000000000            +0.0000000000
1334   sigma189            +0.0000000000            +0.0000000000
1335    norm189            +0.0000000000            +0.0000000000
1336   intens189            +0.0000000000            +0.0000000000
1337       c190            +0.0000000000            +0.0000000000
1338   sigma190            +0.0000000000            +0.0000000000
1339    norm190            +0.0000000000            +0.0000000000
1340   intens190            +0.0000000000            +0.0000000000
1341       c191            +0.0000000000            +0.0000000000
1342   sigma191            +0.0000000000            +0.0000000000
1343    norm191            +0.0000000000            +0.0000000000
1344   intens191            +0.0000000000            +0.0000000000
1345       c192            +0.0000000000            +0.0000000000
1346   sigma192            +0.0000000000            +0.0000000000
1347    norm192            +0.0000000000            +0.0000000000
1348   intens192            +0.0000000000            +0.0000000000
1349       c193            +0.0000000000            +0.0000000000
1350   sigma193            +0.0000000000            +0.0000000000
1351    norm193            +0.0000000000            +0.0000000000
1352   intens193            +0.0000000000            +0.0000000000
1353       c194            +0.0000000000            +0.0000000000
1354   sigma194            +0.0000000000            +0.0000000000
1355    norm194            +0.0000000000            +0.0000000000
1356   intens194            +0.0000000000            +0.0000000000
1357       c195            +0.0000000000            +0.0000000000
1358   sigma195            +0.0000000000            +0.0000000000
1359    norm195            +0.0000000000            +0.0000000000
1360   intens195            +0.0000000000            +0.0000000000
1361       c196            +0.0000000000            +0.0000000000
1362   sigma196            +0.0000000000            +0.0000000000
1363    norm196            +0.0000000000            +0.0000000000
1364   intens196            +0.0000000000            +0.0000000000
1365       c197            +0.0000000000            +0.0000000000
1366   sigma197            +0.0000000000            +0.0000000000
1367    norm197            +0.0000000000            +0.0000000000
1368   intens197            +0.0000000000            +0.0000000000
1369       c198            +0.0000000000            +0.0000000000
1370   sigma198            +0.0000000000            +0.0000000000
1371    norm198            +0.0000000000            +0.0000000000
1372   intens198            +0.0000000000            +0.0000000000
1373       c199            +0.0000000000            +0.0000000000
1374   sigma199            +0.0000000000            +0.0000000000
1375    norm199            +0.0000000000            +0.0000000000
1376   intens199            +0.0000000000            +0.0000000000
1377       c200            +0.0000000000            +0.0000000000
1378   sigma200            +0.0000000000            +0.0000000000
1379    norm200            +0.0000000000            +0.0000000000
1380   intens200            +0.0000000000            +0.0000000000
1381    kev/chn            +0.1991278879            +0.0000007502
1382      chn_0            +0.0071549463            +0.0023771393
1383   quad_cal            +0.0000000000            +0.0000000000
1384   cube_cal            +0.0000000000            +0.0000000000
1385   sigrootE            +0.0241321164            +0.0001370616
1386    sigofst            -0.8433107443            +0.0021971405
1387       time         +1266.3000488281            +0.0000000000
