29.9368 0
30.5705 0
31.2043 0
31.8381 0
32.4719 0
33.1057 0
33.7394 0
34.3732 0
35.007 0
35.6408 0
36.2745 0
36.9083 0
37.5421 0
38.1759 0
38.8097 0
39.4434 0
40.0772 0
40.711 0
41.3448 0
41.9785 179.136
42.6123 179.997
43.2461 180.975
43.8799 182.685
44.5137 187.176
45.1474 197.568
45.7812 212.85
46.415 223.236
47.0488 219.566
47.6826 206.392
48.3163 195.191
48.9501 190.4
49.5839 189.654
50.2177 190.331
50.8515 191.797
51.4852 194.869
52.119 200.327
52.7528 206.315
53.3866 208.547
54.0204 205.636
54.6541 201.151
55.2879 198.573
55.9217 198.138
56.5555 198.686
57.1893 199.489
57.823 200.333
58.4568 0
59.0906 0
59.7244 0
60.3582 0
60.992 0
61.6257 0
62.2595 0
62.8933 0
63.5271 0
64.1609 0
64.7946 0
65.4284 0
66.0622 0
66.696 0
67.3298 0
67.9635 0
68.5973 0
69.2311 0
69.8649 0
70.4987 0
71.1325 0
71.7662 0
72.4 0
73.0338 0
73.6676 0
74.3014 0
74.9352 0
75.5689 0
76.2027 0
76.8365 0
77.4703 0
78.1041 0
78.7379 0
79.3716 0
80.0054 0
80.6392 0
81.273 0
81.9068 0
82.5406 0
83.1743 0
83.8081 0
84.4419 0
85.0757 0
85.7095 0
86.3433 0
86.977 0
87.6108 0
88.2446 0
88.8784 0
89.5122 0
90.146 0
90.7798 0
91.4135 0
92.0473 0
92.6811 0
93.3149 0
93.9487 0
94.5825 0
95.2162 0
95.85 0
96.4838 0
97.1176 0
97.7514 0
98.3852 0
99.019 0
99.6527 0
100.287 0
100.92 0
101.554 0
102.188 0
102.822 0
103.455 0
104.089 0
104.723 0
105.357 0
105.991 0
106.624 0
107.258 0
107.892 0
108.526 0
109.16 0
109.793 0
110.427 0
111.061 0
111.695 0
112.328 0
112.962 0
113.596 0
114.23 0
114.864 0
115.497 0
116.131 0
116.765 0
117.399 0
118.033 0
118.666 0
119.3 0
119.934 0
120.568 0
121.202 0
121.835 0
122.469 0
123.103 0
123.737 0
124.37 0
125.004 0
125.638 0
126.272 0
126.906 0
127.539 0
128.173 0
128.807 0
129.441 0
130.075 0
130.708 0
131.342 0
131.976 0
132.61 0
133.244 0
133.877 0
134.511 0
135.145 0
135.779 0
136.412 0
137.046 0
137.68 0
138.314 0
138.948 0
139.581 0
140.215 0
140.849 0
141.483 0
142.117 0
142.75 0
143.384 0
144.018 0
144.652 0
145.286 0
145.919 0
146.553 0
147.187 0
147.821 0
148.454 0
149.088 0
149.722 0
150.356 0
150.99 0
151.623 0
152.257 0
152.891 0
153.525 0
154.159 0
154.792 0
155.426 0
156.06 0
156.694 0
157.328 0
157.961 0
158.595 0
159.229 0
159.863 0
160.497 0
161.13 0
161.764 0
162.398 0
163.032 0
163.666 0
164.299 0
164.933 0
165.567 0
166.201 0
166.834 0
167.468 0
168.102 0
168.736 0
169.37 0
170.003 0
170.637 0
171.271 0
171.905 0
172.539 0
173.172 0
173.806 0
174.44 0
175.074 0
175.708 0
176.341 0
176.975 0
177.609 0
178.243 0
178.877 0
179.51 0
180.144 0
180.778 0
181.412 472.927
182.046 472.152
182.679 472.468
183.313 479.606
183.947 513.905
184.581 612.806
185.215 786.353
185.848 946.854
186.482 959.305
187.116 811.131
187.75 629.86
188.384 517.353
189.017 474.295
189.651 463.106
190.285 460.544
190.919 459.466
191.553 0
192.186 0
192.82 0
193.454 0
194.088 0
194.722 0
195.355 0
195.989 0
196.623 0
197.257 0
197.891 0
198.524 0
199.158 0
199.792 0
200.426 0
201.059 0
201.693 0
202.327 0
202.961 0
203.595 0
204.228 0
204.862 0
205.496 0
206.13 0
206.764 0
207.397 0
208.031 0
208.665 0
209.299 0
209.933 0
210.566 0
211.2 0
211.834 0
212.468 0
213.102 0
213.735 0
214.369 0
215.003 0
215.637 0
216.271 0
216.904 0
217.538 0
218.172 0
218.806 0
219.44 0
220.073 0
220.707 0
221.341 0
221.975 0
222.609 0
223.242 0
223.876 0
224.51 0
225.144 0
225.778 0
226.412 0
227.045 0
227.679 0
228.313 0
228.947 0
229.581 0
230.214 0
230.848 0
231.482 0
232.116 0
232.75 0
233.383 0
234.017 0
234.651 0
235.285 0
235.919 0
236.552 0
237.186 297.534
237.82 294.859
238.454 294.4
239.088 307.044
239.721 369.523
240.355 546.353
240.989 851.574
241.623 1132.47
242.257 1157.53
242.89 900.973
243.524 578.262
244.158 370.658
244.792 287.006
245.426 263.287
246.059 256.765
246.693 253.404
247.327 0
247.961 0
248.595 0
249.228 0
249.862 0
250.496 0
251.13 0
251.764 0
252.397 0
253.031 0
253.665 0
254.299 239.956
254.933 238.711
255.566 237.705
256.2 237.866
256.834 241.665
257.468 251.971
258.102 266.634
258.736 275.37
259.369 269.402
260.003 253.023
260.637 237.713
261.271 229.02
261.905 225.247
262.538 223.412
263.172 222.049
263.806 220.76
264.44 0
265.074 0
265.707 0
266.341 0
266.975 0
267.609 0
268.243 0
268.876 0
269.51 0
270.144 214.33
270.778 213.359
271.412 212.551
272.045 212.584
272.679 215.389
273.313 223.578
273.947 236.193
274.581 244.976
275.215 240.807
275.848 224.778
276.482 206.81
277.116 195.232
277.75 191.983
278.384 194.03
279.017 196.931
279.651 198.288
280.285 198.171
280.919 197.393
281.553 196.435
282.186 195.445
282.82 0
283.454 0
284.088 0
284.722 0
285.355 0
285.989 0
286.623 0
287.257 0
287.891 0
288.525 0
289.158 0
289.792 0
290.426 183.296
291.06 183.559
291.694 189.975
292.327 230.497
292.961 393.612
293.595 824.001
294.229 1537.17
294.863 2174.38
295.496 2223.26
296.13 1639.44
296.764 906.329
297.398 430.782
298.032 238.315
298.665 186.632
299.299 176.879
299.933 175.201
300.567 0
301.201 0
301.835 0
302.468 0
303.102 0
303.736 0
304.37 0
305.004 0
305.637 0
306.271 0
306.905 0
307.539 0
308.173 0
308.806 0
309.44 0
310.074 0
310.708 0
311.342 0
311.976 0
312.609 0
313.243 0
313.877 0
314.511 0
315.145 0
315.778 0
316.412 0
317.046 0
317.68 0
318.314 0
318.948 0
319.581 0
320.215 0
320.849 0
321.483 0
322.117 0
322.75 0
323.384 0
324.018 0
324.652 0
325.286 0
325.919 0
326.553 0
327.187 0
327.821 0
328.455 0
329.089 0
329.722 0
330.356 0
330.99 0
331.624 0
332.258 0
332.891 0
333.525 0
334.159 0
334.793 0
335.427 0
336.061 0
336.694 0
337.328 0
337.962 0
338.596 0
339.23 0
339.863 0
340.497 0
341.131 0
341.765 0
342.399 0
343.033 0
343.666 0
344.3 0
344.934 0
345.568 0
346.202 0
346.835 0
347.469 130.347
348.103 133.785
348.737 168.067
349.371 332.155
350.005 843.694
350.638 1879.75
351.272 3138.31
351.906 3766.49
352.54 3222.13
353.174 1976.82
353.807 898.611
354.441 343.028
355.075 155.236
355.709 111.078
356.343 102.497
356.977 0
357.61 0
358.244 0
358.878 0
359.512 0
360.146 0
360.779 0
361.413 0
362.047 0
362.681 0
363.315 0
363.949 0
364.582 0
365.216 0
365.85 0
366.484 0
367.118 0
367.751 0
368.385 0
369.019 0
369.653 0
370.287 0
370.921 0
371.554 0
372.188 0
372.822 0
373.456 0
374.09 0
374.724 0
375.357 0
375.991 0
376.625 0
377.259 0
377.893 0
378.526 0
379.16 0
379.794 0
380.428 0
381.062 0
381.696 0
382.329 95.2798
382.963 95.3246
383.597 95.6102
384.231 96.8728
384.865 100.683
385.499 108.369
386.132 118.445
386.766 126.968
387.4 132.736
388.034 137.8
388.668 140.198
389.301 134.302
389.935 120.782
390.569 107.344
391.203 99.3556
391.837 96.2581
392.471 95.4454
393.104 95.2985
393.738 95.2802
394.372 0
395.006 0
395.64 0
396.274 0
396.907 0
397.541 0
398.175 0
398.809 0
399.443 0
400.077 0
400.71 0
401.344 0
401.978 0
402.612 0
403.246 0
403.879 0
404.513 0
405.147 0
405.781 0
406.415 0
407.049 0
407.682 0
408.316 0
408.95 0
409.584 0
410.218 0
410.852 0
411.485 0
412.119 0
412.753 0
413.387 0
414.021 0
414.655 0
415.288 0
415.922 0
416.556 0
417.19 0
417.824 0
418.458 0
419.091 0
419.725 0
420.359 0
420.993 0
421.627 0
422.26 0
422.894 0
423.528 0
424.162 0
424.796 0
425.43 0
426.063 0
426.697 0
427.331 0
427.965 0
428.599 0
429.233 0
429.866 0
430.5 0
431.134 0
431.768 0
432.402 0
433.036 0
433.669 0
434.303 0
434.937 0
435.571 0
436.205 0
436.839 0
437.472 0
438.106 0
438.74 0
439.374 0
440.008 0
440.642 0
441.275 0
441.909 0
442.543 0
443.177 0
443.811 0
444.445 0
445.078 0
445.712 0
446.346 0
446.98 0
447.614 0
448.248 0
448.881 0
449.515 0
450.149 64.6643
450.783 64.3579
451.417 64.202
452.051 64.6957
452.684 67.0282
453.318 72.4765
453.952 80.0646
454.586 85.2123
455.22 83.5588
455.854 76.2281
456.487 68.3852
457.121 63.4501
457.755 61.2855
458.389 60.5098
459.023 60.3964
459.657 61.2267
460.29 63.8915
460.924 68.5575
461.558 73.0393
462.192 73.8382
462.826 70.0026
463.46 64.3369
464.093 59.9967
464.727 57.7664
465.361 56.8285
465.995 56.3621
466.629 56.0084
467.263 0
467.896 0
468.53 0
469.164 0
469.798 0
470.432 0
471.066 0
471.699 0
472.333 0
472.967 0
473.601 0
474.235 0
474.869 0
475.503 55.6953
476.136 55.2576
476.77 54.9052
477.404 54.9828
478.038 56.516
478.672 61.1693
479.306 69.3533
479.939 77.4554
480.573 79.3816
481.207 73.1515
481.841 63.3944
482.475 55.73
483.109 51.8116
483.742 50.5413
484.376 51.3791
485.01 55.8586
485.644 66.1867
486.278 80.6369
486.912 90.8183
487.545 88.4257
488.179 75.0945
488.813 60.3199
489.447 50.817
490.081 46.6289
490.715 45.1219
491.348 44.4625
491.982 43.9827
492.616 0
493.25 0
493.884 0
494.518 0
495.152 0
495.785 0
496.419 0
497.053 0
497.687 0
498.321 0
498.955 0
499.588 0
500.222 0
500.856 0
501.49 0
502.124 0
502.758 0
503.391 0
504.025 0
504.659 0
505.293 0
505.927 0
506.561 0
507.195 0
507.828 0
508.462 0
509.096 0
509.73 0
510.364 0
510.998 0
511.631 0
512.265 0
512.899 0
513.533 0
514.167 0
514.801 0
515.434 0
516.068 0
516.702 0
517.336 0
517.97 0
518.604 0
519.238 0
519.871 0
520.505 0
521.139 0
521.773 0
522.407 0
523.041 0
523.674 0
524.308 0
524.942 0
525.576 0
526.21 0
526.844 0
527.478 0
528.111 0
528.745 0
529.379 0
530.013 0
530.647 0
531.281 0
531.914 0
532.548 0
533.182 0
533.816 0
534.45 0
535.084 0
535.718 0
536.351 0
536.985 0
537.619 0
538.253 0
538.887 0
539.521 0
540.154 0
540.788 0
541.422 0
542.056 0
542.69 0
543.324 0
543.958 0
544.591 0
545.225 0
545.859 0
546.493 0
547.127 0
547.761 0
548.394 0
549.028 0
549.662 0
550.296 0
550.93 0
551.564 0
552.198 0
552.831 0
553.465 0
554.099 0
554.733 0
555.367 0
556.001 0
556.635 0
557.268 0
557.902 0
558.536 0
559.17 0
559.804 0
560.438 0
561.072 0
561.705 0
562.339 0
562.973 0
563.607 0
564.241 0
564.875 0
565.508 0
566.142 0
566.776 0
567.41 0
568.044 0
568.678 0
569.312 0
569.945 0
570.579 0
571.213 0
571.847 0
572.481 0
573.115 0
573.749 0
574.382 0
575.016 0
575.65 32.5879
576.284 32.6426
576.918 33.0242
577.552 34.5684
578.186 38.8247
578.819 46.7362
579.453 55.9215
580.087 60.6527
580.721 57.2872
581.355 48.6774
581.989 40.7268
582.622 36.3388
583.256 34.606
583.89 33.7897
584.524 33.1441
585.158 32.6637
585.792 32.4046
586.426 32.2993
587.059 32.2591
587.693 32.2371
588.327 0
588.961 0
589.595 0
590.229 0
590.863 0
591.496 0
592.13 0
592.764 0
593.398 0
594.032 0
594.666 0
595.3 0
595.933 0
596.567 0
597.201 0
597.835 0
598.469 0
599.103 0
599.737 0
600.37 0
601.004 0
601.638 0
602.272 0
602.906 0
603.54 0
604.174 0
604.807 31.0903
605.441 39.1531
606.075 84.1405
606.709 259.464
607.343 738.265
607.977 1629.07
608.611 2674.23
609.244 3234.24
609.878 2876.23
610.512 1883.38
611.146 914.241
611.78 338.042
612.414 106.784
613.048 41.5894
613.682 28.2984
614.315 0
614.949 0
615.583 0
616.217 0
616.851 0
617.485 0
618.119 0
618.752 0
619.386 0
620.02 0
620.654 0
621.288 0
621.922 0
622.556 0
623.189 0
623.823 0
624.457 0
625.091 0
625.725 0
626.359 0
626.993 0
627.626 0
628.26 0
628.894 0
629.528 0
630.162 0
630.796 0
631.43 0
632.063 0
632.697 0
633.331 0
633.965 0
634.599 0
635.233 0
635.867 0
636.501 0
637.134 0
637.768 0
638.402 0
639.036 0
639.67 0
640.304 0
640.938 0
641.571 0
642.205 0
642.839 0
643.473 0
644.107 0
644.741 0
645.375 0
646.008 0
646.642 0
647.276 0
647.91 0
648.544 0
649.178 0
649.812 0
650.446 0
651.079 0
651.713 0
652.347 0
652.981 0
653.615 0
654.249 0
654.883 0
655.516 0
656.15 0
656.784 21.8004
657.418 21.7988
658.052 21.8111
658.686 21.8822
659.32 22.122
659.954 22.6723
660.587 23.5213
661.221 24.3716
661.855 25.1502
662.489 27.4325
663.123 35.7364
663.757 55.6693
664.391 86.3259
665.024 113.496
665.658 118.194
666.292 96.6685
666.926 64.7521
667.56 39.984
668.194 27.4509
668.828 23.0474
669.462 21.942
670.095 21.7386
670.729 0
671.363 0
671.997 0
672.631 0
673.265 0
673.899 0
674.533 0
675.166 0
675.8 0
676.434 0
677.068 0
677.702 0
678.336 0
678.97 0
679.603 0
680.237 0
680.871 0
681.505 0
682.139 0
682.773 0
683.407 0
684.041 0
684.674 0
685.308 0
685.942 0
686.576 0
687.21 0
687.844 0
688.478 0
689.112 0
689.745 0
690.379 0
691.013 0
691.647 0
692.281 0
692.915 0
693.549 0
694.183 0
694.816 0
695.45 0
696.084 0
696.718 0
697.352 0
697.986 0
698.62 24.1955
699.254 24.3071
699.887 24.7636
700.521 26.345
701.155 30.3641
701.789 37.45
702.423 45.4051
703.057 49.433
703.691 46.5329
704.325 38.9363
704.958 31.5112
705.592 27.0214
706.226 25.1751
706.86 24.6498
707.494 24.5581
708.128 0
708.762 0
709.396 0
710.029 0
710.663 0
711.297 0
711.931 0
712.565 0
713.199 0
713.833 0
714.467 0
715.1 21.5787
715.734 21.6199
716.368 21.8484
717.002 22.7874
717.636 25.5676
718.27 31.3507
718.904 39.3731
719.538 45.6736
720.171 45.8466
720.805 39.7645
721.439 31.7223
722.073 25.7934
722.707 22.8874
723.341 21.8877
723.975 21.641
724.609 21.5975
725.242 0
725.876 0
726.51 0
727.144 0
727.778 0
728.412 0
729.046 0
729.68 0
730.314 0
730.947 0
731.581 0
732.215 0
732.849 0
733.483 0
734.117 0
734.751 0
735.385 0
736.018 0
736.652 0
737.286 0
737.92 0
738.554 0
739.188 0
739.822 0
740.456 0
741.089 0
741.723 0
742.357 0
742.991 0
743.625 0
744.259 0
744.893 0
745.527 0
746.161 0
746.794 0
747.428 0
748.062 0
748.696 0
749.33 0
749.964 0
750.598 0
751.232 0
751.865 0
752.499 0
753.133 0
753.767 0
754.401 0
755.035 0
755.669 0
756.303 0
756.937 0
757.57 0
758.204 18.8649
758.838 18.9481
759.472 19.0354
760.106 19.1395
760.74 19.2903
761.374 19.5256
762.008 19.8412
762.642 20.141
763.275 20.3042
763.909 20.4484
764.543 21.6028
765.177 27.6233
765.811 48.4803
766.445 99.356
767.079 185.056
767.713 276.66
768.346 318.575
768.98 279.967
769.614 189.528
770.248 102.94
770.882 50.6453
771.516 28.8365
772.15 22.365
772.784 21.0174
773.418 0
774.051 0
774.685 0
775.319 0
775.953 0
776.587 0
777.221 0
777.855 0
778.489 0
779.123 0
779.756 0
780.39 0
781.024 21.0243
781.658 21.0205
782.292 21.5048
782.926 23.9184
783.56 31.6268
784.194 48.7736
784.828 74.6569
785.461 98.2289
786.095 103.971
786.729 87.484
787.363 60.5428
787.997 38.1267
788.631 25.9004
789.265 21.1922
789.899 19.8313
790.533 19.4768
791.166 19.3356
791.8 0
792.434 0
793.068 0
793.702 0
794.336 0
794.97 0
795.604 0
796.238 0
796.871 0
797.505 0
798.139 0
798.773 0
799.407 0
800.041 0
800.675 0
801.309 18.4107
801.943 18.7458
802.577 19.7711
803.21 23.4067
803.844 33.8951
804.478 56.0034
805.112 87.9791
805.746 115.723
806.38 121.095
807.014 100.257
807.648 68.0176
808.282 41.8275
808.915 27.8186
809.549 22.6175
810.183 21.3215
810.817 21.2071
811.451 0
812.085 0
812.719 0
813.353 0
813.987 0
814.62 0
815.254 0
815.888 0
816.522 0
817.156 0
817.79 0
818.424 0
819.058 0
819.692 0
820.326 0
820.959 0
821.593 0
822.227 0
822.861 0
823.495 0
824.129 0
824.763 0
825.397 0
826.031 0
826.665 0
827.298 0
827.932 0
828.566 0
829.2 0
829.834 0
830.468 0
831.102 0
831.736 0
832.37 0
833.003 0
833.637 0
834.271 20.7888
834.905 20.8784
835.539 21.2598
836.173 22.6793
836.807 26.6557
837.441 34.6516
838.075 45.5799
838.709 54.2818
839.342 54.9646
839.976 47.1467
840.61 36.1946
841.244 27.6779
841.878 23.2395
842.512 21.6053
843.146 21.1788
843.78 21.1107
844.414 0
845.048 0
845.681 0
846.315 0
846.949 0
847.583 0
848.217 0
848.851 0
849.485 0
850.119 0
850.753 0
851.387 0
852.02 0
852.654 0
853.288 0
853.922 0
854.556 0
855.19 0
855.824 22.1368
856.458 22.0452
857.092 21.9647
857.726 21.9219
858.36 21.967
858.993 22.1415
859.627 22.3964
860.261 22.5581
860.895 22.4535
861.529 22.0904
862.163 21.6482
862.797 21.2938
863.431 21.0676
864.065 20.9254
864.699 20.8183
865.332 20.7215
865.966 0
866.6 0
867.234 0
867.868 0
868.502 0
869.136 0
869.77 0
870.404 0
871.038 0
871.671 0
872.305 0
872.939 0
873.573 0
874.207 0
874.841 0
875.475 0
876.109 0
876.743 0
877.377 0
878.011 0
878.644 0
879.278 0
879.912 0
880.546 0
881.18 0
881.814 0
882.448 0
883.082 0
883.716 0
884.35 0
884.984 0
885.617 0
886.251 0
886.885 0
887.519 0
888.153 0
888.787 0
889.421 0
890.055 0
890.689 0
891.323 0
891.957 0
892.59 0
893.224 0
893.858 0
894.492 0
895.126 0
895.76 0
896.394 0
897.028 0
897.662 0
898.296 0
898.93 0
899.563 0
900.197 0
900.831 0
901.465 0
902.099 0
902.733 0
903.367 0
904.001 0
904.635 0
905.269 0
905.903 0
906.536 0
907.17 0
907.804 0
908.438 0
909.072 0
909.706 0
910.34 0
910.974 0
911.608 0
912.242 0
912.876 0
913.51 0
914.143 0
914.777 0
915.411 0
916.045 0
916.679 0
917.313 0
917.947 0
918.581 0
919.215 0
919.849 0
920.483 0
921.116 0
921.75 0
922.384 0
923.018 0
923.652 0
924.286 0
924.92 0
925.554 0
926.188 0
926.822 0
927.456 0
928.09 0
928.723 0
929.357 22.7187
929.991 23.0603
930.625 25.3386
931.259 33.769
931.893 55.7283
932.527 96.3154
933.161 146.888
933.795 181.894
934.429 177.91
935.063 137.669
935.697 87.051
936.33 49.3177
936.964 29.932
937.598 22.6654
938.232 20.556
938.866 19.9834
939.5 0
940.134 0
940.768 0
941.402 0
942.036 0
942.67 0
943.304 0
943.937 0
944.571 0
945.205 0
945.839 0
946.473 0
947.107 0
947.741 0
948.375 0
949.009 0
949.643 0
950.277 0
950.911 0
951.545 0
952.178 0
952.812 0
953.446 0
954.08 0
954.714 0
955.348 0
955.982 0
956.616 0
957.25 0
957.884 0
958.518 0
959.152 18.0782
959.786 18.1268
960.419 18.3224
961.053 19.0357
961.687 21.0383
962.321 25.1567
962.955 31.0744
963.589 36.3549
964.223 37.7555
964.857 34.3053
965.491 28.3494
966.125 23.1032
966.759 20.0299
967.393 18.7493
968.027 18.3636
968.66 18.285
969.294 0
969.928 0
970.562 0
971.196 0
971.83 0
972.464 0
973.098 0
973.732 0
974.366 0
975 0
975.634 0
976.268 0
976.901 0
977.535 0
978.169 0
978.803 0
979.437 0
980.071 0
980.705 0
981.339 0
981.973 0
982.607 0
983.241 0
983.875 0
984.509 0
985.142 0
985.776 0
986.41 0
987.044 0
987.678 0
988.312 0
988.946 0
989.58 0
990.214 0
990.848 0
991.482 0
992.116 0
992.75 0
993.384 0
994.017 0
994.651 0
995.285 0
995.919 0
996.553 0
997.187 0
997.821 0
998.455 0
999.089 0
999.723 0
1000.36 0
1000.99 0
1001.62 0
1002.26 0
1002.89 0
1003.53 0
1004.16 0
1004.79 0
1005.43 0
1006.06 0
1006.7 0
1007.33 0
1007.96 0
1008.6 0
1009.23 0
1009.87 0
1010.5 0
1011.13 0
1011.77 0
1012.4 0
1013.04 0
1013.67 0
1014.3 0
1014.94 0
1015.57 0
1016.21 0
1016.84 0
1017.47 0
1018.11 0
1018.74 0
1019.37 0
1020.01 0
1020.64 0
1021.28 0
1021.91 0
1022.54 0
1023.18 0
1023.81 0
1024.45 0
1025.08 0
1025.71 0
1026.35 0
1026.98 0
1027.62 0
1028.25 0
1028.88 0
1029.52 0
1030.15 0
1030.79 0
1031.42 0
1032.05 0
1032.69 0
1033.32 0
1033.96 0
1034.59 0
1035.22 0
1035.86 0
1036.49 0
1037.12 0
1037.76 0
1038.39 0
1039.03 0
1039.66 0
1040.29 0
1040.93 0
1041.56 0
1042.2 0
1042.83 0
1043.46 0
1044.1 0
1044.73 0
1045.37 0
1046 0
1046.63 0
1047.27 14.9882
1047.9 14.9434
1048.54 15.1031
1049.17 15.8687
1049.8 17.8866
1050.44 21.529
1051.07 25.9425
1051.71 28.893
1052.34 28.4155
1052.97 24.7667
1053.61 20.1525
1054.24 16.6054
1054.88 14.6732
1055.51 13.86
1056.14 13.5498
1056.78 13.3995
1057.41 0
1058.04 0
1058.68 0
1059.31 0
1059.95 0
1060.58 0
1061.21 0
1061.85 0
1062.48 0
1063.12 0
1063.75 0
1064.38 0
1065.02 12.0584
1065.65 12.2095
1066.29 12.4823
1066.92 13.1607
1067.55 14.8035
1068.19 17.9702
1068.82 22.3866
1069.46 26.3184
1070.09 27.4977
1070.72 25.2086
1071.36 21.0322
1071.99 17.2441
1072.63 14.9781
1073.26 14.0479
1073.89 13.8244
1074.53 13.8592
1075.16 0
1075.8 0
1076.43 0
1077.06 0
1077.7 0
1078.33 0
1078.97 0
1079.6 0
1080.23 0
1080.87 0
1081.5 0
1082.13 0
1082.77 0
1083.4 0
1084.04 0
1084.67 0
1085.3 0
1085.94 0
1086.57 0
1087.21 0
1087.84 0
1088.47 0
1089.11 0
1089.74 0
1090.38 0
1091.01 0
1091.64 0
1092.28 0
1092.91 0
1093.55 0
1094.18 0
1094.81 0
1095.45 0
1096.08 0
1096.72 0
1097.35 0
1097.98 0
1098.62 0
1099.25 0
1099.89 0
1100.52 0
1101.15 0
1101.79 0
1102.42 0
1103.06 0
1103.69 0
1104.32 0
1104.96 0
1105.59 0
1106.22 0
1106.86 0
1107.49 0
1108.13 0
1108.76 0
1109.39 0
1110.03 0
1110.66 0
1111.3 0
1111.93 0
1112.56 0
1113.2 0
1113.83 0
1114.47 0
1115.1 0
1115.73 15.7846
1116.37 19.9344
1117 36.9003
1117.64 88.0118
1118.27 202.031
1118.9 385.608
1119.54 584.272
1120.17 693.358
1120.81 642.241
1121.44 464.931
1122.07 265.038
1122.71 122.055
1123.34 49.4314
1123.98 22.1004
1124.61 14.2564
1125.24 12.4299
1125.88 0
1126.51 0
1127.15 0
1127.78 0
1128.41 0
1129.05 14.4788
1129.68 14.3216
1130.32 14.3947
1130.95 15.0944
1131.58 16.9815
1132.22 20.2468
1132.85 23.937
1133.48 26.0508
1134.12 25.0911
1134.75 21.5431
1135.39 17.3738
1136.02 14.2255
1136.65 12.4669
1137.29 11.6445
1137.92 11.2398
1138.56 10.9685
1139.19 0
1139.82 0
1140.46 0
1141.09 0
1141.73 0
1142.36 0
1142.99 0
1143.63 0
1144.26 0
1144.9 0
1145.53 0
1146.16 0
1146.8 0
1147.43 0
1148.07 0
1148.7 0
1149.33 0
1149.97 0
1150.6 13.3139
1151.24 13.7839
1151.87 15.6694
1152.5 21.3564
1153.14 34.1585
1153.77 55.1059
1154.41 78.4216
1155.04 92.2348
1155.67 87.7808
1156.31 68.0081
1156.94 44.5604
1157.58 27.1546
1158.21 18.0017
1158.84 14.4396
1159.48 13.3898
1160.11 13.1495
1160.75 0
1161.38 0
1162.01 0
1162.65 0
1163.28 0
1163.92 0
1164.55 0
1165.18 0
1165.82 0
1166.45 0
1167.08 0
1167.72 0
1168.35 11.6092
1168.99 11.6121
1169.62 11.6448
1170.25 11.768
1170.89 12.0884
1171.52 12.6923
1172.16 13.4919
1172.79 14.1459
1173.42 14.2645
1174.06 13.7661
1174.69 12.9604
1175.33 12.2465
1175.96 11.8115
1176.59 11.6156
1177.23 11.5467
1177.86 11.5249
1178.5 0
1179.13 0
1179.76 0
1180.4 0
1181.03 0
1181.67 0
1182.3 0
1182.93 0
1183.57 0
1184.2 0
1184.84 0
1185.47 0
1186.1 0
1186.74 0
1187.37 0
1188.01 0
1188.64 0
1189.27 0
1189.91 0
1190.54 0
1191.18 0
1191.81 0
1192.44 0
1193.08 0
1193.71 0
1194.35 0
1194.98 0
1195.61 0
1196.25 0
1196.88 0
1197.52 0
1198.15 0
1198.78 0
1199.42 0
1200.05 0
1200.69 0
1201.32 0
1201.95 0
1202.59 0
1203.22 10.7852
1203.86 11.04
1204.49 11.7216
1205.12 13.4363
1205.76 16.8661
1206.39 21.9207
1207.02 26.9083
1207.66 29.1812
1208.29 27.3469
1208.93 22.6447
1209.56 17.7122
1210.19 14.3425
1210.83 12.7144
1211.46 12.1678
1212.1 12.0795
1212.73 0
1213.36 0
1214 0
1214.63 0
1215.27 0
1215.9 0
1216.53 0
1217.17 0
1217.8 0
1218.44 0
1219.07 0
1219.7 0
1220.34 0
1220.97 0
1221.61 0
1222.24 0
1222.87 0
1223.51 0
1224.14 0
1224.78 0
1225.41 0
1226.04 0
1226.68 0
1227.31 0
1227.95 0
1228.58 0
1229.21 0
1229.85 0
1230.48 0
1231.12 0
1231.75 0
1232.38 0
1233.02 0
1233.65 9.73236
1234.29 12.1334
1234.92 20.5707
1235.55 43.5008
1236.19 90.3729
1236.82 159.934
1237.46 228.803
1238.09 260.221
1238.72 234.378
1239.36 167.812
1239.99 97.0627
1240.63 47.6724
1241.26 22.7896
1241.89 13.4315
1242.53 10.7847
1243.16 0
1243.8 0
1244.43 0
1245.06 0
1245.7 0
1246.33 0
1246.97 0
1247.6 0
1248.23 0
1248.87 0
1249.5 0
1250.14 0
1250.77 0
1251.4 0
1252.04 0
1252.67 0
1253.31 0
1253.94 0
1254.57 0
1255.21 0
1255.84 0
1256.48 0
1257.11 0
1257.74 0
1258.38 0
1259.01 0
1259.65 0
1260.28 0
1260.91 0
1261.55 0
1262.18 0
1262.82 0
1263.45 0
1264.08 0
1264.72 0
1265.35 0
1265.99 0
1266.62 0
1267.25 0
1267.89 0
1268.52 0
1269.15 0
1269.79 0
1270.42 0
1271.06 0
1271.69 0
1272.32 0
1272.96 0
1273.59 0
1274.23 0
1274.86 0
1275.49 0
1276.13 10.2545
1276.76 10.4858
1277.4 11.4852
1278.03 14.6725
1278.66 22.3383
1279.3 36.0336
1279.93 53.4092
1280.57 67.0452
1281.2 69.0409
1281.83 58.1211
1282.47 40.8882
1283.1 25.6147
1283.74 16.2126
1284.37 11.9348
1285 10.4524
1285.64 10.0485
1286.27 0
1286.91 0
1287.54 0
1288.17 0
1288.81 0
1289.44 0
1290.08 0
1290.71 0
1291.34 0
1291.98 0
1292.61 0
1293.25 0
1293.88 0
1294.51 0
1295.15 0
1295.78 0
1296.42 0
1297.05 0
1297.68 0
1298.32 0
1298.95 0
1299.59 0
1300.22 0
1300.85 0
1301.49 0
1302.12 0
1302.76 0
1303.39 0
1304.02 0
1304.66 0
1305.29 0
1305.93 0
1306.56 0
1307.19 0
1307.83 0
1308.46 0
1309.1 0
1309.73 0
1310.36 0
1311 0
1311.63 0
1312.27 0
1312.9 0
1313.53 0
1314.17 0
1314.8 0
1315.44 0
1316.07 0
1316.7 0
1317.34 0
1317.97 0
1318.61 0
1319.24 0
1319.87 0
1320.51 0
1321.14 0
1321.78 0
1322.41 0
1323.04 0
1323.68 0
1324.31 0
1324.95 0
1325.58 0
1326.21 0
1326.85 0
1327.48 12.3169
1328.12 12.296
1328.75 12.2464
1329.38 12.1111
1330.02 11.788
1330.65 11.1846
1331.29 10.3576
1331.92 9.60846
1332.55 9.33657
1333.19 9.70301
1333.82 10.4755
1334.46 11.2497
1335.09 11.7707
1335.72 12.0236
1336.36 12.1112
1336.99 12.1279
1337.63 0
1338.26 0
1338.89 0
1339.53 0
1340.16 0
1340.8 0
1341.43 0
1342.06 0
1342.7 0
1343.33 0
1343.97 0
1344.6 0
1345.23 0
1345.87 0
1346.5 0
1347.14 0
1347.77 0
1348.4 0
1349.04 0
1349.67 0
1350.31 0
1350.94 0
1351.57 0
1352.21 0
1352.84 0
1353.48 0
1354.11 0
1354.74 0
1355.38 0
1356.01 0
1356.65 0
1357.28 0
1357.91 0
1358.55 0
1359.18 0
1359.82 0
1360.45 0
1361.08 0
1361.72 0
1362.35 0
1362.99 0
1363.62 0
1364.25 0
1364.89 0
1365.52 0
1366.16 0
1366.79 0
1367.42 0
1368.06 0
1368.69 0
1369.33 0
1369.96 0
1370.59 0
1371.23 0
1371.86 0
1372.5 0
1373.13 10.1747
1373.76 11.7567
1374.4 17.0953
1375.03 31.2215
1375.67 59.723
1376.3 102.144
1376.93 145.336
1377.57 167.645
1378.2 155.69
1378.84 116.872
1379.47 72.292
1380.1 38.9496
1380.74 20.9151
1381.37 13.7875
1382.01 12.4018
1382.64 14.3264
1383.27 19.2799
1383.91 26.8949
1384.54 34.8344
1385.18 39.191
1385.81 37.392
1386.44 30.5777
1387.08 22.5076
1387.71 16.3572
1388.35 12.9799
1388.98 11.6009
1389.61 11.1925
1390.25 11.128
1390.88 0
1391.52 0
1392.15 0
1392.79 0
1393.42 0
1394.05 0
1394.69 0
1395.32 0
1395.96 0
1396.59 9.70577
1397.22 9.88544
1397.86 10.7161
1398.49 13.3659
1399.13 19.7183
1399.76 31.1324
1400.39 45.9344
1401.03 58.2595
1401.66 61.3361
1402.3 53.2671
1402.93 38.8638
1403.56 25.3499
1404.2 17.4128
1404.83 16.7678
1405.47 24.6874
1406.1 42.4579
1406.73 67.7803
1407.37 91.428
1408 100.942
1408.64 90.5356
1409.27 66.4685
1409.9 41.1594
1410.54 23.2296
1411.17 13.8878
1411.81 10.1735
1412.44 9.01257
1413.07 0
1413.71 0
1414.34 0
1414.98 0
1415.61 0
1416.24 0
1416.88 0
1417.51 0
1418.15 0
1418.78 0
1419.41 0
1420.05 0
1420.68 0
1421.32 0
1421.95 0
1422.58 0
1423.22 0
1423.85 0
1424.49 0
1425.12 0
1425.75 0
1426.39 0
1427.02 0
1427.66 0
1428.29 0
1428.92 0
1429.56 0
1430.19 0
1430.83 0
1431.46 0
1432.09 0
1432.73 0
1433.36 0
1434 0
1434.63 0
1435.26 0
1435.9 0
1436.53 0
1437.17 0
1437.8 0
1438.43 0
1439.07 0
1439.7 0
1440.34 0
1440.97 0
1441.6 0
1442.24 0
1442.87 0
1443.51 0
1444.14 0
1444.77 0
1445.41 0
1446.04 0
1446.68 0
1447.31 0
1447.94 0
1448.58 0
1449.21 0
1449.85 0
1450.48 0
1451.12 0
1451.75 0
1452.38 0
1453.02 0
1453.65 0
1454.29 0
1454.92 0
1455.55 0
1456.19 10.7202
1456.82 10.7028
1457.46 10.6895
1458.09 10.6857
1458.72 10.6978
1459.36 10.7266
1459.99 10.7588
1460.63 10.7704
1461.26 10.7435
1461.89 10.6831
1462.53 10.6117
1463.16 10.5507
1463.8 10.5073
1464.43 10.4776
1465.06 10.455
1465.7 10.435
1466.33 0
1466.97 0
1467.6 0
1468.23 0
1468.87 0
1469.5 0
1470.14 0
1470.77 0
1471.4 0
1472.04 0
1472.67 0
1473.31 0
1473.94 0
1474.57 0
1475.21 0
1475.84 0
1476.48 0
1477.11 0
1477.74 0
1478.38 0
1479.01 0
1479.65 0
1480.28 0
1480.91 0
1481.55 0
1482.18 0
1482.82 0
1483.45 0
1484.08 0
1484.72 0
1485.35 0
1485.99 0
1486.62 0
1487.25 0
1487.89 0
1488.52 0
1489.16 0
1489.79 0
1490.43 0
1491.06 0
1491.69 0
1492.33 0
1492.96 0
1493.6 0
1494.23 0
1494.86 0
1495.5 0
1496.13 0
1496.77 0
1497.4 0
1498.03 0
1498.67 0
1499.3 0
1499.94 0
1500.57 0
1501.2 0
1501.84 0
1502.47 0
1503.11 0
1503.74 0
1504.37 11.8166
1505.01 12.1935
1505.64 13.8004
1506.28 18.552
1506.91 29.1503
1507.54 46.9152
1508.18 68.3519
1508.81 84.517
1509.45 86.5273
1510.08 73.1398
1510.71 51.8995
1511.35 32.4629
1511.98 19.862
1512.62 13.6979
1513.25 11.3367
1513.88 10.5851
1514.52 0
1515.15 0
1515.79 0
1516.42 0
1517.05 0
1517.69 0
1518.32 0
1518.96 0
1519.59 0
1520.23 0
1520.86 0
1521.49 0
1522.13 0
1522.76 0
1523.4 0
1524.03 0
1524.66 0
1525.3 0
1525.93 0
1526.57 0
1527.2 0
1527.83 0
1528.47 0
1529.1 0
1529.74 0
1530.37 0
1531 0
1531.64 0
1532.27 0
1532.91 0
1533.54 13.0124
1534.17 12.8595
1534.81 12.9143
1535.44 13.5322
1536.08 15.2748
1536.71 18.5523
1537.34 22.9057
1537.98 26.6454
1538.61 27.7291
1539.25 25.454
1539.88 21.2059
1540.51 17.4064
1541.15 15.834
1541.78 16.7467
1542.42 18.97
1543.05 20.613
1543.68 20.2297
1544.32 17.7708
1544.95 14.4242
1545.59 11.5138
1546.22 9.62587
1546.86 8.62066
1547.49 8.11136
1548.12 7.80424
1548.76 0
1549.39 0
1550.03 0
1550.66 0
1551.29 0
1551.93 0
1552.56 0
1553.2 0
1553.83 0
1554.46 0
1555.1 0
1555.73 0
1556.37 0
1557 0
1557.63 0
1558.27 0
1558.9 0
1559.54 0
1560.17 0
1560.8 0
1561.44 0
1562.07 0
1562.71 0
1563.34 0
1563.97 0
1564.61 0
1565.24 0
1565.88 0
1566.51 0
1567.14 0
1567.78 0
1568.41 0
1569.05 0
1569.68 0
1570.32 0
1570.95 0
1571.58 0
1572.22 0
1572.85 0
1573.49 0
1574.12 0
1574.75 0
1575.39 0
1576.02 0
1576.66 0
1577.29 0
1577.92 0
1578.56 9.16323
1579.19 9.30954
1579.83 10.0023
1580.46 11.9355
1581.09 15.8827
1581.73 21.8538
1582.36 28.1942
1583 31.9645
1583.63 31.0075
1584.26 25.8305
1584.9 19.1417
1585.53 13.597
1586.17 10.2233
1586.8 8.62614
1587.43 7.99686
1588.07 7.75391
1588.7 0
1589.34 0
1589.97 8.89244
1590.61 8.86584
1591.24 8.98621
1591.87 9.45989
1592.51 10.5507
1593.14 12.3413
1593.78 14.4125
1594.41 15.8519
1595.04 15.8482
1595.68 14.4095
1596.31 12.4189
1596.95 10.955
1597.58 10.5731
1598.21 11.0781
1598.85 11.7629
1599.48 11.8992
1600.12 11.2122
1600.75 9.99415
1601.38 8.7714
1602.02 7.88886
1602.65 7.38428
1603.29 7.12815
1603.92 6.98763
1604.55 0
1605.19 0
1605.82 0
1606.46 0
1607.09 0
1607.72 0
1608.36 0
1608.99 0
1609.63 0
1610.26 0
1610.9 0
1611.53 0
1612.16 0
1612.8 0
1613.43 0
1614.07 0
1614.7 0
1615.33 0
1615.97 0
1616.6 0
1617.24 0
1617.87 0
1618.5 0
1619.14 0
1619.77 0
1620.41 0
1621.04 0
1621.67 0
1622.31 0
1622.94 0
1623.58 0
1624.21 0
1624.84 0
1625.48 0
1626.11 0
1626.75 0
1627.38 0
1628.01 0
1628.65 0
1629.28 0
1629.92 0
1630.55 0
1631.19 0
1631.82 0
1632.45 0
1633.09 0
1633.72 0
1634.36 0
1634.99 0
1635.62 0
1636.26 0
1636.89 0
1637.53 0
1638.16 0
1638.79 0
1639.43 0
1640.06 0
1640.7 0
1641.33 0
1641.96 0
1642.6 0
1643.23 0
1643.87 0
1644.5 0
1645.13 0
1645.77 0
1646.4 0
1647.04 0
1647.67 0
1648.31 0
1648.94 0
1649.57 0
1650.21 0
1650.84 0
1651.48 0
1652.11 0
1652.74 0
1653.38 0
1654.01 0
1654.65 0
1655.28 0
1655.91 0
1656.55 6.71403
1657.18 6.83443
1657.82 7.60767
1658.45 9.87415
1659.08 14.6141
1659.72 21.9666
1660.35 30.082
1660.99 35.3799
1661.62 34.9143
1662.26 28.8601
1662.89 20.3544
1663.52 12.8818
1664.16 8.07533
1664.79 5.66126
1665.43 4.64547
1666.06 4.22604
1666.69 0
1667.33 0
1667.96 0
1668.6 0
1669.23 0
1669.86 0
1670.5 0
1671.13 0
1671.77 0
1672.4 0
1673.03 0
1673.67 0
1674.3 0
1674.94 0
1675.57 0
1676.2 0
1676.84 0
1677.47 0
1678.11 0
1678.74 0
1679.38 4.12945
1680.01 4.08464
1680.64 4.21776
1681.28 4.73806
1681.91 5.86267
1682.55 7.56707
1683.18 9.34301
1683.81 10.3339
1684.45 9.93024
1685.08 8.28951
1685.72 6.19594
1686.35 4.42448
1686.98 3.28869
1687.62 2.68674
1688.25 2.38434
1688.89 2.20576
1689.52 0
1690.15 0
1690.79 0
1691.42 0
1692.06 0
1692.69 0
1693.33 0
1693.96 0
1694.59 0
1695.23 0
1695.86 0
1696.5 0
1697.13 0
1697.76 0
1698.4 0
1699.03 0
1699.67 0
1700.3 0
1700.93 0
1701.57 0
1702.2 0
1702.84 0
1703.47 0
1704.1 0
1704.74 0
1705.37 0
1706.01 0
1706.64 0
1707.28 0
1707.91 0
1708.54 0
1709.18 0
1709.81 0
1710.45 0
1711.08 0
1711.71 0
1712.35 0
1712.98 0
1713.62 0
1714.25 0
1714.88 0
1715.52 0
1716.15 0
1716.79 0
1717.42 0
1718.05 0
1718.69 0
1719.32 0
1719.96 0
1720.59 0
1721.23 0
1721.86 0
1722.49 0
1723.13 0
1723.76 0
1724.4 0
1725.03 2.48349
1725.66 3.84348
1726.3 7.94036
1726.93 17.7008
1727.57 35.8008
1728.2 61.1643
1728.83 86.164
1729.47 99.2976
1730.1 93.4159
1730.74 71.8171
1731.37 45.3584
1732 23.9144
1732.64 11.0385
1733.27 5.07361
1733.91 2.90112
1734.54 2.27391
1735.18 0
1735.81 0
1736.44 0
1737.08 0
1737.71 0
1738.35 0
1738.98 0
1739.61 0
1740.25 0
1740.88 0
1741.52 0
1742.15 0
1742.78 0
1743.42 0
1744.05 0
1744.69 0
1745.32 0
1745.96 0
1746.59 0
1747.22 0
1747.86 0
1748.49 0
1749.13 0
1749.76 0
1750.39 0
1751.03 0
1751.66 0
1752.3 0
1752.93 0
1753.56 0
1754.2 0
1754.83 0
1755.47 0
1756.1 0
1756.73 0
1757.37 0
1758 0
1758.64 0
1759.27 0
1759.91 5.06194
1760.54 11.9771
1761.17 32.7358
1761.81 82.0719
1762.44 173.553
1763.08 302.155
1763.71 430.044
1764.34 499.283
1764.98 472.615
1765.61 364.868
1766.25 230.068
1766.88 118.997
1767.51 51.1872
1768.15 19.2013
1768.78 7.31138
1769.42 3.79038
1770.05 0
1770.69 0
1771.32 0
1771.95 0
1772.59 0
1773.22 0
1773.86 0
1774.49 0
1775.12 0
1775.76 0
1776.39 0
1777.03 0
1777.66 0
1778.29 0
1778.93 0
1779.56 0
1780.2 0
1780.83 0
1781.47 0
1782.1 0
1782.73 0
1783.37 0
1784 0
1784.64 0
1785.27 0
1785.9 0
1786.54 0
1787.17 0
1787.81 0
1788.44 0
1789.07 0
1789.71 0
1790.34 0
1790.98 0
1791.61 0
1792.25 0
1792.88 0
1793.51 0
1794.15 0
1794.78 0
1795.42 0
1796.05 0
1796.68 0
1797.32 0
1797.95 0
1798.59 0
1799.22 0
1799.85 0
1800.49 0
1801.12 0
1801.76 0
1802.39 0
1803.02 0
1803.66 0
1804.29 0
1804.93 0
1805.56 0
1806.2 0
1806.83 0
1807.46 0
1808.1 0
1808.73 0
1809.37 0
1810 0
1810.63 0
1811.27 0
1811.9 0
1812.54 0
1813.17 0
1813.81 0
1814.44 0
1815.07 0
1815.71 0
1816.34 0
1816.98 0
1817.61 0
1818.24 0
1818.88 0
1819.51 0
1820.15 0
1820.78 0
1821.41 0
1822.05 0
1822.68 0
1823.32 0
1823.95 0
1824.59 0
1825.22 0
1825.85 0
1826.49 0
1827.12 0
1827.76 0
1828.39 0
1829.02 0
1829.66 0
1830.29 0
1830.93 0
1831.56 0
1832.19 0
1832.83 0
1833.46 2.93451
1834.1 3.03892
1834.73 3.32673
1835.37 4.03918
1836 5.48103
1836.63 7.76495
1837.27 10.4589
1837.9 12.5466
1838.54 13.0029
1839.17 11.5928
1839.8 9.07131
1840.44 6.55998
1841.07 4.78152
1841.71 3.8396
1842.34 3.52413
1842.97 3.74687
1843.61 4.91717
1844.24 8.23101
1844.88 15.5369
1845.51 28.1121
1846.15 44.4579
1846.78 59.1682
1847.41 65.3683
1848.05 59.7518
1848.68 45.3553
1849.32 28.9964
1849.95 16.228
1850.58 8.72679
1851.22 5.29621
1851.85 4.06074
1852.49 0
1853.12 0
1853.75 0
1854.39 0
1855.02 0
1855.66 0
1856.29 0
1856.93 0
1857.56 0
1858.19 0
1858.83 0
1859.46 0
1860.1 0
1860.73 0
1861.36 0
1862 0
1862.63 0
1863.27 0
1863.9 0
1864.54 0
1865.17 0
1865.8 0
1866.44 0
1867.07 0
1867.71 0
1868.34 2.41902
1868.97 2.5333
1869.61 2.79471
1870.24 3.38156
1870.88 4.49926
1871.51 6.186
1872.14 8.08156
1872.78 9.45276
1873.41 9.6343
1874.05 8.55311
1874.68 6.78979
1875.32 5.10902
1875.95 3.9607
1876.58 3.3718
1877.22 3.15151
1877.85 3.10799
1878.49 0
1879.12 0
1879.75 0
1880.39 0
1881.02 0
1881.66 0
1882.29 0
1882.93 0
1883.56 0
1884.19 0
1884.83 0
1885.46 0
1886.1 0
1886.73 0
1887.36 0
1888 0
1888.63 0
1889.27 0
1889.9 0
1890.53 0
1891.17 0
1891.8 0
1892.44 0
1893.07 0
1893.71 0
1894.34 0
1894.97 0
1895.61 0
1896.24 0
1896.88 0
1897.51 0
1898.14 0
1898.78 0
1899.41 0
1900.05 0
1900.68 0
1901.32 0
1901.95 0
1902.58 0
1903.22 0
1903.85 0
1904.49 0
1905.12 0
1905.75 0
1906.39 0
1907.02 0
1907.66 0
1908.29 0
1908.92 0
1909.56 0
1910.19 0
1910.83 0
1911.46 0
1912.1 0
1912.73 0
1913.36 0
1914 0
1914.63 0
1915.27 0
1915.9 0
1916.53 0
1917.17 0
1917.8 0
1918.44 0
1919.07 0
1919.71 0
1920.34 0
1920.97 0
1921.61 0
1922.24 0
1922.88 0
1923.51 0
1924.14 0
1924.78 0
1925.41 0
1926.05 0
1926.68 0
1927.32 0
1927.95 0
1928.58 0
1929.22 0
1929.85 0
1930.49 0
1931.12 0
1931.75 0
1932.39 0
1933.02 0
1933.66 0
1934.29 0
1934.93 0
1935.56 0
1936.19 0
1936.83 0
1937.46 0
1938.1 0
1938.73 0
1939.36 0
1940 0
1940.63 0
1941.27 0
1941.9 0
1942.53 0
1943.17 0
1943.8 0
1944.44 0
1945.07 0
1945.71 0
1946.34 0
1946.97 0
1947.61 0
1948.24 0
1948.88 0
1949.51 0
1950.14 0
1950.78 0
1951.41 0
1952.05 0
1952.68 0
1953.32 0
1953.95 0
1954.58 0
1955.22 0
1955.85 0
1956.49 0
1957.12 0
1957.75 0
1958.39 0
1959.02 0
1959.66 0
1960.29 0
1960.93 0
1961.56 0
1962.19 0
1962.83 0
1963.46 0
1964.1 0
1964.73 0
1965.36 0
1966 0
1966.63 0
1967.27 0
1967.9 0
1968.54 0
1969.17 0
1969.8 0
1970.44 0
1971.07 0
1971.71 0
1972.34 0
1972.97 0
1973.61 0
1974.24 0
1974.88 0
1975.51 0
1976.15 0
1976.78 0
1977.41 0
1978.05 0
1978.68 0
1979.32 0
1979.95 0
1980.58 0
1981.22 0
1981.85 0
1982.49 0
1983.12 0
1983.76 0
1984.39 0
1985.02 0
1985.66 0
1986.29 0
1986.93 0
1987.56 0
1988.19 0
1988.83 0
1989.46 0
1990.1 0
1990.73 0
1991.37 0
1992 0
1992.63 0
1993.27 0
1993.9 0
1994.54 0
1995.17 0
1995.8 0
1996.44 0
1997.07 0
1997.71 0
1998.34 0
1998.98 0
1999.61 0
2000.24 0
2000.88 0
2001.51 0
2002.15 0
2002.78 0
2003.41 0
2004.05 0
2004.68 0
2005.32 0
2005.95 0
2006.59 0
2007.22 0
2007.85 0
2008.49 0
2009.12 0
2009.76 0
2010.39 0
2011.02 0
2011.66 0
2012.29 0
2012.93 0
2013.56 0
2014.2 0
2014.83 0
2015.46 0
2016.1 0
2016.73 0
2017.37 0
2018 0
2018.63 0
2019.27 0
2019.9 0
2020.54 0
2021.17 0
2021.81 0
2022.44 0
2023.07 0
2023.71 0
2024.34 0
2024.98 0
2025.61 0
2026.25 0
2026.88 0
2027.51 0
2028.15 0
2028.78 0
2029.42 0
2030.05 0
2030.68 0
2031.32 0
2031.95 0
2032.59 0
2033.22 0
2033.86 0
2034.49 0
2035.12 0
2035.76 0
2036.39 0
2037.03 0
2037.66 0
2038.29 0
2038.93 0
2039.56 0
2040.2 0
2040.83 0
2041.47 0
2042.1 0
2042.73 0
2043.37 0
2044 0
2044.64 0
2045.27 0
2045.9 0
2046.54 0
2047.17 0
2047.81 0
2048.44 0
2049.08 0
2049.71 0
2050.34 0
2050.98 0
2051.61 0
2052.25 0
2052.88 0
2053.51 0
2054.15 0
2054.78 0
2055.42 0
2056.05 0
2056.69 0
2057.32 0
2057.95 0
2058.59 0
2059.22 0
2059.86 0
2060.49 0
2061.13 0
2061.76 0
2062.39 0
2063.03 0
2063.66 0
2064.3 0
2064.93 0
2065.56 0
2066.2 0
2066.83 0
2067.47 0
2068.1 0
2068.74 0
2069.37 0
2070 0
2070.64 0
2071.27 0
2071.91 0
2072.54 0
2073.17 0
2073.81 0
2074.44 0
2075.08 0
2075.71 0
2076.35 0
2076.98 0
2077.61 0
2078.25 0
2078.88 0
2079.52 0
2080.15 0
2080.79 0
2081.42 0
2082.05 0
2082.69 0
2083.32 0
2083.96 0
2084.59 0
2085.22 0
2085.86 0
2086.49 0
2087.13 0
2087.76 0
2088.4 0
2089.03 0
2089.66 0
2090.3 0
2090.93 0
2091.57 0
2092.2 0
2092.83 0
2093.47 0
2094.1 0
2094.74 0
2095.37 0
2096.01 0
2096.64 0
2097.27 0
2097.91 0
2098.54 0
2099.18 0
2099.81 0
2100.45 0
2101.08 0
2101.71 0
2102.35 0
2102.98 0
2103.62 0
2104.25 0
2104.88 0
2105.52 0
2106.15 0
2106.79 0
2107.42 0
2108.06 0
2108.69 0
2109.32 0
2109.96 0
2110.59 0
2111.23 0
2111.86 0
2112.5 0
2113.13 0
2113.76 1.11968
2114.4 1.59972
2115.03 2.95354
2115.67 6.04156
2116.3 11.6674
2116.93 19.6613
2117.57 28.0582
2118.2 33.5464
2118.84 33.4865
2119.47 27.9115
2120.11 19.4987
2120.74 11.5441
2121.37 5.97198
2122.01 2.92344
2122.64 1.58967
2123.28 1.11711
2123.91 0
2124.54 0
2125.18 0
2125.81 0
2126.45 0
2127.08 0
2127.72 0
2128.35 0
2128.98 0
2129.62 0
2130.25 0
2130.89 0
2131.52 0
2132.16 0
2132.79 0
2133.42 0
2134.06 0
2134.69 0
2135.33 0
2135.96 0
2136.59 0
2137.23 0
2137.86 0
2138.5 0
2139.13 0
2139.77 0
2140.4 0
2141.03 0
2141.67 0
2142.3 0
2142.94 0
2143.57 0
2144.21 0
2144.84 0
2145.47 0
2146.11 0
2146.74 0
2147.38 0
2148.01 0
2148.64 0
2149.28 0
2149.91 0
2150.55 0
2151.18 0
2151.82 0
2152.45 0
2153.08 0
2153.72 0
2154.35 0
2154.99 0
2155.62 0
2156.26 0
2156.89 0
2157.52 0
2158.16 0
2158.79 0
2159.43 0
2160.06 0
2160.7 0
2161.33 0
2161.96 0
2162.6 0
2163.23 0
2163.87 0
2164.5 0
2165.13 0
2165.77 0
2166.4 0
2167.04 0
2167.67 0
2168.31 0
2168.94 0
2169.57 0
2170.21 0
2170.84 0
2171.48 0
2172.11 0
2172.75 0
2173.38 0
2174.01 0
2174.65 0
2175.28 0
2175.92 0
2176.55 0
2177.18 0
2177.82 0
2178.45 0
2179.09 0
2179.72 0
2180.36 0
2180.99 0
2181.62 0
2182.26 0
2182.89 0
2183.53 0
2184.16 0
2184.8 0
2185.43 0
2186.06 0
2186.7 0
2187.33 0
2187.97 0
2188.6 0
2189.24 0
2189.87 0
2190.5 0
2191.14 0
2191.77 0
2192.41 0
2193.04 0
2193.67 0
2194.31 0
2194.94 0
2195.58 0
2196.21 0
2196.85 0
2197.48 0
2198.11 0
2198.75 0
2199.38 2.10402
2200.02 4.3502
2200.65 10.3757
2201.29 23.4868
2201.92 46.3184
2202.55 77.3251
2203.19 108.251
2203.82 126.679
2204.46 123.805
2205.09 101.071
2205.73 69.0277
2206.36 39.6115
2206.99 19.3412
2207.63 8.34752
2208.26 3.55136
2208.9 1.84826
2209.53 0
2210.16 0
2210.8 0
2211.43 0
2212.07 0
2212.7 0
2213.34 0
2213.97 0
2214.6 0
2215.24 0
2215.87 0
2216.51 0
2217.14 0
2217.78 0
2218.41 0
2219.04 0
2219.68 0
2220.31 0
2220.95 0
2221.58 0
2222.22 0
2222.85 0
2223.48 0
2224.12 0
2224.75 0
2225.39 0
2226.02 0
2226.65 0
2227.29 0
2227.92 0
2228.56 0
2229.19 0
2229.83 0
2230.46 0
2231.09 0
2231.73 0
2232.36 0
2233 0
2233.63 0
2234.27 0
2234.9 0
2235.53 0
2236.17 0
2236.8 0
2237.44 0
2238.07 0
2238.71 0
2239.34 0
2239.97 0
2240.61 0
2241.24 0
2241.88 0
2242.51 0
2243.15 0
2243.78 0
2244.41 0
2245.05 0
2245.68 0
2246.32 0
2246.95 0
2247.58 0
2248.22 0
2248.85 0
2249.49 0
2250.12 0
2250.76 0
2251.39 0
2252.02 0
2252.66 0
2253.29 0
2253.93 0
2254.56 0
2255.2 0
2255.83 0
2256.46 0
2257.1 0
2257.73 0
2258.37 0
2259 0
2259.64 0
2260.27 0
2260.9 0
2261.54 0
2262.17 0
2262.81 0
2263.44 0
2264.08 0
2264.71 0
2265.34 0
2265.98 0
2266.61 0
2267.25 0
2267.88 0
2268.51 0
2269.15 0
2269.78 0
2270.42 0
2271.05 0
2271.69 0
2272.32 0
2272.95 0
2273.59 0
2274.22 0
2274.86 0
2275.49 0
2276.13 0
2276.76 0
2277.39 0
2278.03 0
2278.66 0
2279.3 0
2279.93 0
2280.57 0
2281.2 0
2281.83 0
2282.47 0
2283.1 0
2283.74 0
2284.37 0
2285.01 0
2285.64 0
2286.27 0
2286.91 0
2287.54 0
2288.18 0
2288.81 0.283223
2289.45 0.450578
2290.08 0.873513
2290.71 1.74244
2291.35 3.17231
2291.98 5.00236
2292.62 6.69865
2293.25 7.56317
2293.89 7.18501
2294.52 5.74865
2295.15 3.89209
2295.79 2.25959
2296.42 1.16545
2297.06 0.58317
2297.69 0.332292
2298.32 0.243831
2298.96 0
2299.59 0
2300.23 0
2300.86 0
2301.5 0
2302.13 0
2302.76 0
2303.4 0
2304.03 0
2304.67 0
2305.3 0
2305.94 0
2306.57 0
2307.2 0
2307.84 0
2308.47 0
2309.11 0
2309.74 0
2310.38 0
2311.01 0
2311.64 0
2312.28 0
2312.91 0
2313.55 0
2314.18 0
2314.82 0
2315.45 0
2316.08 0
2316.72 0
2317.35 0
2317.99 0
2318.62 0
2319.26 0
2319.89 0
2320.52 0
2321.16 0
2321.79 0
2322.43 0
2323.06 0
2323.7 0
2324.33 0
2324.96 0
2325.6 0
2326.23 0
2326.87 0
2327.5 0
2328.14 0
2328.77 0
2329.4 0
2330.04 0
2330.67 0
2331.31 0
2331.94 0
2332.58 0
2333.21 0
2333.84 0
2334.48 0
2335.11 0
2335.75 0
2336.38 0
2337.02 0
2337.65 0
2338.28 0
2338.92 0
2339.55 0
2340.19 0
2340.82 0
2341.46 0
2342.09 0
2342.72 0
2343.36 0
2343.99 0
2344.63 0
2345.26 0
2345.9 0
2346.53 0
2347.16 0
2347.8 0
2348.43 0
2349.07 0
2349.7 0
2350.33 0
2350.97 0
2351.6 0
2352.24 0
2352.87 0
2353.51 0
2354.14 0
2354.77 0
2355.41 0
2356.04 0
2356.68 0
2357.31 0
2357.95 0
2358.58 0
2359.21 0
2359.85 0
2360.48 0
2361.12 0
2361.75 0
2362.39 0
2363.02 0
2363.65 0
2364.29 0
2364.92 0
2365.56 0
2366.19 0
2366.83 0
2367.46 0
2368.09 0
2368.73 0
2369.36 0
2370 0
2370.63 0
2371.27 0
2371.9 0
2372.53 0
2373.17 0
2373.8 0
2374.44 0
2375.07 0
2375.71 0
2376.34 0
2376.97 0
2377.61 0
2378.24 0
2378.88 0
2379.51 0
2380.15 0
2380.78 0
2381.41 0
2382.05 0
2382.68 0
2383.32 0
2383.95 0
2384.59 0
2385.22 0
2385.85 0
2386.49 0
2387.12 0
2387.76 0
2388.39 0
2389.03 0
2389.66 0
2390.29 0
2390.93 0
2391.56 0
2392.2 0
2392.83 0
2393.47 0
2394.1 0
2394.73 0
2395.37 0
2396 0
2396.64 0
2397.27 0
2397.91 0
2398.54 0
2399.17 0
2399.81 0
2400.44 0
2401.08 0
2401.71 0
2402.35 0
2402.98 0
2403.61 0
2404.25 0
2404.88 0
2405.52 0
2406.15 0
2406.79 0
2407.42 0
2408.05 0
2408.69 0
2409.32 0
2409.96 0
2410.59 0
2411.23 0
2411.86 0
2412.49 0
2413.13 0
2413.76 0
2414.4 0
2415.03 0
2415.67 0
2416.3 0
2416.94 0
2417.57 0
2418.2 0
2418.84 0
2419.47 0
2420.11 0
2420.74 0
2421.38 0
2422.01 0
2422.64 0
2423.28 0
2423.91 0
2424.55 0
2425.18 0
2425.82 0
2426.45 0
2427.08 0
2427.72 0
2428.35 0
2428.99 0
2429.62 0
2430.26 0
2430.89 0
2431.52 0
2432.16 0
2432.79 0
2433.43 0
2434.06 0
2434.7 0
2435.33 0
2435.96 0
2436.6 0
2437.23 0
2437.87 0
2438.5 0
2439.14 0
2439.77 0
2440.4 0
2441.04 0
2441.67 0
2442.31 0
2442.94 0.684743
2443.58 1.35369
2444.21 3.07427
2444.84 6.70667
2445.48 12.9226
2446.11 21.3436
2446.75 29.9087
2447.38 35.4299
2448.02 35.4393
2448.65 29.9349
2449.28 21.3802
2449.92 12.9602
2450.55 6.73707
2451.19 3.09397
2451.82 1.36401
2452.46 0.689144
2453.09 0
2453.72 0
2454.36 0
2454.99 0
2455.63 0
2456.26 0
2456.9 0
2457.53 0
2458.16 0
2458.8 0
2459.43 0
2460.07 0
2460.7 0
2461.34 0
2461.97 0
2462.61 0
2463.24 0
2463.87 0
2464.51 0
2465.14 0
2465.78 0
2466.41 0
2467.05 0
2467.68 0
2468.31 0
2468.95 0
2469.58 0
2470.22 0
2470.85 0
2471.49 0
2472.12 0
2472.75 0
2473.39 0
2474.02 0
2474.66 0
2475.29 0
2475.93 0
2476.56 0
2477.19 0
2477.83 0
2478.46 0
2479.1 0
2479.73 0
2480.37 0
2481 0
2481.63 0
2482.27 0
2482.9 0
2483.54 0
2484.17 0
2484.81 0
2485.44 0
2486.07 0
2486.71 0
2487.34 0
2487.98 0
2488.61 0
2489.25 0
2489.88 0
2490.51 0
2491.15 0
2491.78 0
2492.42 0
2493.05 0
2493.69 0
2494.32 0
2494.96 0
2495.59 0
2496.22 0
2496.86 0
2497.49 0
2498.13 0
2498.76 0
2499.4 0
2500.03 0
2500.66 0
2501.3 0
2501.93 0
2502.57 0
2503.2 0
2503.84 0
2504.47 0
2505.1 0
2505.74 0
2506.37 0
2507.01 0
2507.64 0
2508.28 0
2508.91 0
2509.54 0
2510.18 0
2510.81 0
2511.45 0
2512.08 0
2512.72 0
2513.35 0
2513.98 0
2514.62 0
2515.25 0
2515.89 0
2516.52 0
2517.16 0
2517.79 0
2518.43 0
2519.06 0
2519.69 0
2520.33 0
2520.96 0
2521.6 0
2522.23 0
2522.87 0
2523.5 0
2524.13 0
2524.77 0
2525.4 0
2526.04 0
2526.67 0
2527.31 0
2527.94 0
2528.57 0
2529.21 0
2529.84 0
2530.48 0
2531.11 0
2531.75 0
2532.38 0
2533.01 0
2533.65 0
2534.28 0
2534.92 0
2535.55 0
2536.19 0
2536.82 0
2537.46 0
2538.09 0
2538.72 0
2539.36 0
2539.99 0
2540.63 0
2541.26 0
2541.9 0
2542.53 0
2543.16 0
2543.8 0
2544.43 0
2545.07 0
2545.7 0
2546.34 0
2546.97 0
2547.6 0
2548.24 0
2548.87 0
2549.51 0
2550.14 0
2550.78 0
2551.41 0
2552.05 0
2552.68 0
2553.31 0
2553.95 0
2554.58 0
2555.22 0
2555.85 0
2556.49 0
2557.12 0
2557.75 0
2558.39 0
2559.02 0
2559.66 0
2560.29 0
2560.93 0
2561.56 0
2562.19 0
2562.83 0
2563.46 0
2564.1 0
2564.73 0
2565.37 0
2566 0
2566.63 0
2567.27 0
2567.9 0
2568.54 0
2569.17 0
2569.81 0
2570.44 0
2571.08 0
2571.71 0
2572.34 0
2572.98 0
2573.61 0
2574.25 0
2574.88 0
2575.52 0
2576.15 0
2576.78 0
2577.42 0
2578.05 0
2578.69 0
2579.32 0
2579.96 0
2580.59 0
2581.22 0
2581.86 0
2582.49 0
2583.13 0
2583.76 0
2584.4 0
2585.03 0
2585.67 0
2586.3 0
2586.93 0
2587.57 0
2588.2 0
2588.84 0
2589.47 0
2590.11 0
2590.74 0
2591.37 0
2592.01 0
2592.64 0
2593.28 0
2593.91 0
2594.55 0
2595.18 0
2595.82 0
2596.45 0
2597.08 0
2597.72 0
2598.35 0
2598.99 0
2599.62 0
2600.26 0
2600.89 0
2601.52 0
2602.16 0
2602.79 0
2603.43 0
2604.06 0
2604.7 0
2605.33 0
2605.96 0
2606.6 0
2607.23 0
2607.87 0
2608.5 0
2609.14 0
2609.77 0
2610.41 0
2611.04 0
2611.67 0
2612.31 0
2612.94 0
2613.58 0
2614.21 0
2614.85 0
2615.48 0
2616.11 0
2616.75 0
2617.38 0
2618.02 0
2618.65 0
2619.29 0
2619.92 0
2620.56 0
2621.19 0
2621.82 0
2622.46 0
2623.09 0
2623.73 0
2624.36 0
2625 0
2625.63 0
2626.26 0
2626.9 0
2627.53 0
2628.17 0
2628.8 0
2629.44 0
2630.07 0
2630.71 0
2631.34 0
2631.97 0
2632.61 0
2633.24 0
2633.88 0
2634.51 0
2635.15 0
2635.78 0
2636.41 0
2637.05 0
2637.68 0
2638.32 0
2638.95 0
2639.59 0
2640.22 0
2640.85 0
2641.49 0
2642.12 0
2642.76 0
2643.39 0
2644.03 0
2644.66 0
2645.3 0
2645.93 0
2646.56 0
2647.2 0
2647.83 0
2648.47 0
2649.1 0
2649.74 0
2650.37 0
2651 0
2651.64 0
2652.27 0
2652.91 0
2653.54 0
2654.18 0
2654.81 0
2655.45 0
2656.08 0
2656.71 0
2657.35 0
2657.98 0
2658.62 0
2659.25 0
2659.89 0
2660.52 0
2661.15 0
2661.79 0
2662.42 0
2663.06 0
2663.69 0
2664.33 0
2664.96 0
2665.6 0
2666.23 0
2666.86 0
2667.5 0
2668.13 0
2668.77 0
2669.4 0
2670.04 0
2670.67 0
2671.3 0
2671.94 0
2672.57 0
2673.21 0
2673.84 0
2674.48 0
2675.11 0
2675.75 0
2676.38 0
2677.01 0
2677.65 0
2678.28 0
2678.92 0
2679.55 0
2680.19 0
2680.82 0
2681.46 0
2682.09 0
2682.72 0
2683.36 0
2683.99 0
2684.63 0
2685.26 0
2685.9 0
2686.53 0
2687.16 0
2687.8 0
2688.43 0
2689.07 0
2689.7 0
2690.34 0
2690.97 0
2691.61 0
2692.24 0
2692.87 0
2693.51 0
2694.14 0
2694.78 0
2695.41 0
2696.05 0
2696.68 0
2697.31 0
2697.95 0
2698.58 0
2699.22 0
2699.85 0
2700.49 0
2701.12 0
2701.76 0
2702.39 0
2703.02 0
2703.66 0
2704.29 0
2704.93 0
2705.56 0
2706.2 0
2706.83 0
2707.47 0
2708.1 0
2708.73 0
2709.37 0
2710 0
2710.64 0
2711.27 0
2711.91 0
2712.54 0
2713.17 0
2713.81 0
2714.44 0
2715.08 0
2715.71 0
2716.35 0
2716.98 0
2717.62 0
2718.25 0
2718.88 0
2719.52 0
2720.15 0
2720.79 0
2721.42 0
2722.06 0
2722.69 0
2723.32 0
2723.96 0
2724.59 0
2725.23 0
2725.86 0
2726.5 0
2727.13 0
2727.77 0
2728.4 0
2729.03 0
2729.67 0
2730.3 0
2730.94 0
2731.57 0
2732.21 0
2732.84 0
2733.48 0
2734.11 0
2734.74 0
2735.38 0
2736.01 0
2736.65 0
2737.28 0
2737.92 0
2738.55 0
2739.19 0
2739.82 0
2740.45 0
2741.09 0
2741.72 0
2742.36 0
2742.99 0
2743.63 0
2744.26 0
2744.89 0
2745.53 0
2746.16 0
2746.8 0
2747.43 0
2748.07 0
2748.7 0
2749.34 0
2749.97 0
2750.6 0
2751.24 0
2751.87 0
2752.51 0
2753.14 0
2753.78 0
2754.41 0
2755.05 0
2755.68 0
2756.31 0
2756.95 0
2757.58 0
2758.22 0
2758.85 0
2759.49 0
2760.12 0
2760.75 0
2761.39 0
2762.02 0
2762.66 0
2763.29 0
2763.93 0
2764.56 0
2765.2 0
2765.83 0
2766.46 0
2767.1 0
2767.73 0
2768.37 0
2769 0
2769.64 0
2770.27 0
2770.91 0
2771.54 0
2772.17 0
2772.81 0
2773.44 0
2774.08 0
2774.71 0
2775.35 0
2775.98 0
2776.62 0
2777.25 0
2777.88 0
2778.52 0
2779.15 0
2779.79 0
2780.42 0
2781.06 0
2781.69 0
2782.33 0
2782.96 0
2783.59 0
2784.23 0
2784.86 0
2785.5 0
2786.13 0
2786.77 0
2787.4 0
2788.03 0
2788.67 0
2789.3 0
2789.94 0
2790.57 0
2791.21 0
2791.84 0
2792.48 0
2793.11 0
2793.74 0
2794.38 0
2795.01 0
2795.65 0
2796.28 0
2796.92 0
2797.55 0
2798.19 0
2798.82 0
2799.45 0
2800.09 0
2800.72 0
2801.36 0
2801.99 0
2802.63 0
2803.26 0
2803.9 0
2804.53 0
2805.16 0
2805.8 0
2806.43 0
2807.07 0
2807.7 0
2808.34 0
2808.97 0
2809.61 0
2810.24 0
2810.87 0
2811.51 0
2812.14 0
2812.78 0
2813.41 0
2814.05 0
2814.68 0
2815.32 0
2815.95 0
2816.58 0
2817.22 0
2817.85 0
2818.49 0
2819.12 0
2819.76 0
2820.39 0
2821.03 0
2821.66 0
2822.29 0
2822.93 0
2823.56 0
2824.2 0
2824.83 0
2825.47 0
2826.1 0
2826.74 0
2827.37 0
2828 0
2828.64 0
2829.27 0
2829.91 0
2830.54 0
2831.18 0
2831.81 0
2832.44 0
2833.08 0
2833.71 0
2834.35 0
2834.98 0
2835.62 0
2836.25 0
2836.89 0
2837.52 0
2838.15 0
2838.79 0
2839.42 0
2840.06 0
2840.69 0
2841.33 0
2841.96 0
2842.6 0
2843.23 0
2843.86 0
2844.5 0
2845.13 0
2845.77 0
2846.4 0
2847.04 0
2847.67 0
2848.31 0
2848.94 0
2849.57 0
2850.21 0
2850.84 0
2851.48 0
2852.11 0
2852.75 0
2853.38 0
2854.02 0
2854.65 0
2855.28 0
2855.92 0
2856.55 0
2857.19 0
2857.82 0
2858.46 0
2859.09 0
2859.73 0
2860.36 0
2860.99 0
2861.63 0
2862.26 0
2862.9 0
2863.53 0
2864.17 0
2864.8 0
2865.44 0
2866.07 0
2866.7 0
2867.34 0
2867.97 0
2868.61 0
2869.24 0
2869.88 0
2870.51 0
2871.15 0
2871.78 0
2872.41 0
2873.05 0
2873.68 0
2874.32 0
2874.95 0
2875.59 0
2876.22 0
2876.86 0
2877.49 0
2878.13 0
2878.76 0
2879.39 0
2880.03 0
2880.66 0
2881.3 0
2881.93 0
2882.57 0
2883.2 0
2883.84 0
2884.47 0
2885.1 0
2885.74 0
2886.37 0
2887.01 0
2887.64 0
2888.28 0
2888.91 0
2889.55 0
2890.18 0
2890.81 0
2891.45 0
2892.08 0
2892.72 0
2893.35 0
2893.99 0
2894.62 0
2895.26 0
2895.89 0
2896.52 0
2897.16 0
2897.79 0
2898.43 0
2899.06 0
2899.7 0
2900.33 0
2900.97 0
2901.6 0
2902.23 0
2902.87 0
2903.5 0
2904.14 0
2904.77 0
2905.41 0
2906.04 0
2906.68 0
2907.31 0
2907.94 0
2908.58 0
2909.21 0
2909.85 0
2910.48 0
2911.12 0
2911.75 0
2912.39 0
2913.02 0
2913.65 0
2914.29 0
2914.92 0
2915.56 0
2916.19 0
2916.83 0
2917.46 0
2918.1 0
2918.73 0
2919.37 0
2920 0
2920.63 0
2921.27 0
2921.9 0
2922.54 0
2923.17 0
2923.81 0
2924.44 0
2925.08 0
2925.71 0
2926.34 0
2926.98 0
2927.61 0
2928.25 0
2928.88 0
2929.52 0
2930.15 0
2930.79 0
2931.42 0
2932.05 0
2932.69 0
2933.32 0
2933.96 0
2934.59 0
2935.23 0
2935.86 0
2936.5 0
2937.13 0
2937.76 0
2938.4 0
2939.03 0
2939.67 0
2940.3 0
2940.94 0
2941.57 0
2942.21 0
2942.84 0
2943.47 0
2944.11 0
2944.74 0
2945.38 0
2946.01 0
2946.65 0
2947.28 0
2947.92 0
2948.55 0
2949.19 0
2949.82 0
2950.45 0
2951.09 0
2951.72 0
2952.36 0
2952.99 0
2953.63 0
2954.26 0
2954.9 0
2955.53 0
2956.16 0
2956.8 0
2957.43 0
2958.07 0
2958.7 0
2959.34 0
2959.97 0
2960.61 0
2961.24 0
2961.87 0
2962.51 0
2963.14 0
2963.78 0
2964.41 0
2965.05 0
2965.68 0
2966.32 0
2966.95 0
2967.59 0
2968.22 0
2968.85 0
2969.49 0
2970.12 0
2970.76 0
2971.39 0
2972.03 0
2972.66 0
2973.3 0
2973.93 0
2974.56 0
2975.2 0
2975.83 0
2976.47 0
2977.1 0
2977.74 0
2978.37 0
2979.01 0
2979.64 0
2980.28 0
2980.91 0
2981.54 0
2982.18 0
2982.81 0
2983.45 0
2984.08 0
2984.72 0
2985.35 0
2985.99 0
2986.62 0
2987.25 0
2987.89 0
2988.52 0
2989.16 0
2989.79 0
2990.43 0
2991.06 0
2991.7 0
2992.33 0
2992.96 0
2993.6 0
2994.23 0
2994.87 0
2995.5 0
2996.14 0
2996.77 0
2997.41 0
2998.04 0
2998.68 0
2999.31 0
2999.94 0
3000.58 0
3001.21 0
3001.85 0
3002.48 0
3003.12 0
3003.75 0
3004.39 0
3005.02 0
3005.65 0
3006.29 0
3006.92 0
3007.56 0
3008.19 0
3008.83 0
3009.46 0
3010.1 0
3010.73 0
3011.37 0
3012 0
3012.63 0
3013.27 0
3013.9 0
3014.54 0
3015.17 0
3015.81 0
3016.44 0
3017.08 0
3017.71 0
3018.34 0
3018.98 0
3019.61 0
3020.25 0
3020.88 0
3021.52 0
3022.15 0
3022.79 0
3023.42 0
3024.06 0
3024.69 0
3025.32 0
3025.96 0
3026.59 0
3027.23 0
3027.86 0
3028.5 0
3029.13 0
3029.77 0
3030.4 0
3031.04 0
3031.67 0
3032.3 0
3032.94 0
3033.57 0
3034.21 0
3034.84 0
3035.48 0
3036.11 0
3036.75 0
3037.38 0
3038.01 0
3038.65 0
3039.28 0
3039.92 0
3040.55 0
3041.19 0
3041.82 0
3042.46 0
3043.09 0
3043.73 0
3044.36 0
3044.99 0
3045.63 0
3046.26 0
3046.9 0
3047.53 0
3048.17 0
3048.8 0
3049.44 0
3050.07 0
3050.71 0
3051.34 0
3051.97 0
3052.61 0
3053.24 0
3053.88 0
3054.51 0
3055.15 0
3055.78 0
3056.42 0
3057.05 0
3057.68 0
3058.32 0
3058.95 0
3059.59 0
3060.22 0
3060.86 0
3061.49 0
3062.13 0
3062.76 0
3063.4 0
3064.03 0
3064.66 0
3065.3 0
3065.93 0
3066.57 0
3067.2 0
3067.84 0
3068.47 0
3069.11 0
3069.74 0
3070.38 0
3071.01 0
3071.64 0
3072.28 0
3072.91 0
3073.55 0
3074.18 0
3074.82 0
3075.45 0
3076.09 0
3076.72 0
3077.35 0
3077.99 0
3078.62 0
3079.26 0
3079.89 0
3080.53 0
3081.16 0
3081.8 0
3082.43 0
3083.07 0
3083.7 0
3084.33 0
3084.97 0
3085.6 0
3086.24 0
3086.87 0
3087.51 0
3088.14 0
3088.78 0
3089.41 0
3090.05 0
3090.68 0
3091.31 0
3091.95 0
3092.58 0
3093.22 0
3093.85 0
3094.49 0
3095.12 0
3095.76 0
3096.39 0
3097.03 0
3097.66 0
3098.29 0
3098.93 0
3099.56 0
3100.2 0
3100.83 0
3101.47 0
3102.1 0
3102.74 0
3103.37 0
3104.01 0
3104.64 0
3105.27 0
3105.91 0
3106.54 0
3107.18 0
3107.81 0
3108.45 0
3109.08 0
3109.72 0
3110.35 0
3110.99 0
3111.62 0
3112.25 0
3112.89 0
3113.52 0
3114.16 0
3114.79 0
3115.43 0
3116.06 0
3116.7 0
3117.33 0
3117.97 0
3118.6 0
3119.23 0
3119.87 0
3120.5 0
3121.14 0
3121.77 0
3122.41 0
3123.04 0
3123.68 0
3124.31 0
3124.95 0
3125.58 0
3126.21 0
3126.85 0
3127.48 0
3128.12 0
3128.75 0
3129.39 0
3130.02 0
3130.66 0
3131.29 0
3131.93 0
3132.56 0
3133.19 0
3133.83 0
3134.46 0
3135.1 0
3135.73 0
3136.37 0
3137 0
3137.64 0
3138.27 0
3138.91 0
3139.54 0
3140.17 0
3140.81 0
3141.44 0
3142.08 0
3142.71 0
3143.35 0
3143.98 0
3144.62 0
3145.25 0
3145.89 0
3146.52 0
3147.15 0
3147.79 0
3148.42 0
3149.06 0
3149.69 0
3150.33 0
3150.96 0
3151.6 0
3152.23 0
3152.87 0
3153.5 0
3154.13 0
3154.77 0
3155.4 0
3156.04 0
3156.67 0
3157.31 0
3157.94 0
3158.58 0
3159.21 0
3159.85 0
3160.48 0
3161.11 0
3161.75 0
3162.38 0
3163.02 0
3163.65 0
3164.29 0
3164.92 0
3165.56 0
3166.19 0
3166.83 0
3167.46 0
3168.09 0
3168.73 0
3169.36 0
3170 0
3170.63 0
3171.27 0
3171.9 0
3172.54 0
3173.17 0
3173.81 0
3174.44 0
3175.07 0
3175.71 0
3176.34 0
3176.98 0
3177.61 0
3178.25 0
3178.88 0
3179.52 0
3180.15 0
3180.79 0
3181.42 0
3182.06 0
3182.69 0
3183.32 0
3183.96 0
3184.59 0
3185.23 0
3185.86 0
3186.5 0
3187.13 0
3187.77 0
3188.4 0
3189.04 0
3189.67 0
3190.3 0
3190.94 0
3191.57 0
3192.21 0
3192.84 0
3193.48 0
3194.11 0
3194.75 0
3195.38 0
3196.02 0
3196.65 0
3197.28 0
3197.92 0
3198.55 0
3199.19 0
3199.82 0
3200.46 0
