0.618565 0
1.24259 0
1.86662 0
2.49066 0
3.11469 0
3.73872 0
4.36275 0
4.98678 0
5.61081 0
6.23484 0
6.85887 0
7.4829 0
8.10693 0
8.73096 0
9.35499 0
9.97902 0
10.603 0
11.2271 0
11.8511 0
12.4751 0
13.0992 0
13.7232 0
14.3472 0
14.9713 0
15.5953 0
16.2193 0
16.8433 0
17.4674 0
18.0914 0
18.7154 0
19.3395 0
19.9635 0
20.5875 0
21.2116 0
21.8356 0
22.4596 0
23.0837 0
23.7077 0
24.3317 38.1135
24.9557 38.6838
25.5798 39.6911
26.2038 40.4173
26.8278 40.0988
27.4519 39.1068
28.0759 38.3161
28.6999 37.9818
29.324 0
29.948 0
30.572 0
31.196 0
31.8201 0
32.4441 0
33.0681 0
33.6922 0
34.3162 0
34.9402 0
35.5643 0
36.1883 0
36.8123 0
37.4363 0
38.0604 0
38.6844 0
39.3084 0
39.9325 0
40.5565 0
41.1805 0
41.8046 0
42.4286 0
43.0526 0
43.6766 0
44.3007 0
44.9247 0
45.5487 0
46.1728 0
46.7968 0
47.4208 0
48.0449 0
48.6689 0
49.2929 0
49.9169 0
50.541 0
51.165 0
51.789 0
52.4131 0
53.0371 0
53.6611 0
54.2852 0
54.9092 0
55.5332 108.338
56.1572 121.917
56.7813 173.922
57.4053 330.923
58.0293 660.506
58.6534 1108.37
59.2774 1434.04
59.9014 1277.28
60.5255 918.064
61.1495 490.245
61.7735 195.869
62.3975 59.2264
63.0216 14.0625
63.6456 3.14022
64.2696 1.17493
64.8937 0.908683
65.5177 0
66.1417 0
66.7658 0
67.3898 0
68.0138 0
68.6379 0
69.2619 0
69.8859 1.88846
70.5099 1.88865
71.134 1.88885
71.758 1.88904
72.382 1.88923
73.0061 1.88942
73.6301 1.88961
74.2541 1.8898
74.8782 1.88999
75.5022 1.89018
76.1262 1.89037
76.7502 1.89056
77.3743 1.89075
77.9983 1.89095
78.6223 1.89114
79.2464 1.89133
79.8704 1.89152
80.4944 1.89171
81.1185 1.8919
81.7425 1.89209
82.3665 1.89228
82.9905 1.89247
83.6146 1.89266
84.2386 1.89285
84.8626 1.89304
85.4867 1.89324
86.1107 1.89343
86.7347 1.89362
87.3588 1.89381
87.9828 1.894
88.6068 1.89419
89.2308 1.89438
89.8549 1.89457
90.4789 1.89476
91.1029 1.89495
91.727 1.89514
92.351 0
92.975 0
93.5991 0
94.2231 0
94.8471 0
95.4711 0
96.0952 0
96.7192 0
97.3432 0
97.9673 0
98.5913 0
99.2153 0
99.8394 0
100.463 0
101.087 0
101.711 0
102.335 0
102.96 0
103.584 0
104.208 0
104.832 0
105.456 0
106.08 0
106.704 0
107.328 0
107.952 0
108.576 0
109.2 0
109.824 0
110.448 0
111.072 0
111.696 0
112.32 0
112.944 0
113.568 0
114.192 0
114.816 0
115.44 0
116.064 0
116.688 0
117.312 0
117.936 0
118.56 0
119.184 0
119.808 0
120.432 0
121.056 0
121.68 0
122.304 0
122.928 0
123.553 0
124.177 0
124.801 0
125.425 0
126.049 0
126.673 0
127.297 0
127.921 0
128.545 0
129.169 0
129.793 0
130.417 0
131.041 0
131.665 0
132.289 0
132.913 0
133.537 0
134.161 0
134.785 0
135.409 0
136.033 0
136.657 0
137.281 0
137.905 0
138.529 0
139.153 0
139.777 0
140.401 0
141.025 0
141.649 0
142.273 0
142.897 0
143.521 0
144.145 0
144.77 0
145.394 0
146.018 0
146.642 0
147.266 0
147.89 0
148.514 0
149.138 0
149.762 0
150.386 0
151.01 0
151.634 0
152.258 0
152.882 0
153.506 0
154.13 0
154.754 0
155.378 0
156.002 0
156.626 0
157.25 0
157.874 0
158.498 0
159.122 0
159.746 0
160.37 0
160.994 0
161.618 0
162.242 0
162.866 0
163.49 0
164.114 0
164.738 0
165.363 0
165.987 0
166.611 0
167.235 0
167.859 0
168.483 0
169.107 0
169.731 0
170.355 0
170.979 0
171.603 0
172.227 0
172.851 0
173.475 0
174.099 0
174.723 0
175.347 0
175.971 0
176.595 0
177.219 0
177.843 0
178.467 0
179.091 0
179.715 0
180.339 0
180.963 0
181.587 0
182.211 0
182.835 0
183.459 0
184.083 0
184.707 0
185.331 0
185.956 0
186.58 0
187.204 0
187.828 0
188.452 0
189.076 0
189.7 0
190.324 0
190.948 0
191.572 0
192.196 0
192.82 0
193.444 0
194.068 0
194.692 0
195.316 0
195.94 0
196.564 0
197.188 0
197.812 0
198.436 0
199.06 0
199.684 0
200.308 0
200.932 0
201.556 0
202.18 0
202.804 0
203.428 0
204.052 0
204.676 0
205.3 0
205.924 0
206.549 0
207.173 0
207.797 0
208.421 0
209.045 0
209.669 0
210.293 0
210.917 0
211.541 0
212.165 0
212.789 0
213.413 0
214.037 0
214.661 0
215.285 0
215.909 0
216.533 0
217.157 0
217.781 0
218.405 0
219.029 0
219.653 0
220.277 0
220.901 0
221.525 0
222.149 0
222.773 0
223.397 0
224.021 0
224.645 0
225.269 0
225.893 0
226.517 0
227.142 0
227.766 0
228.39 0
229.014 0
229.638 0
230.262 0
230.886 0
231.51 0
232.134 0
232.758 0
233.382 0
234.006 0
234.63 0
235.254 0
235.878 0
236.502 2.50736
237.126 2.47488
237.75 2.4472
238.374 2.42691
238.998 2.41593
239.622 2.41394
240.246 2.41689
240.87 2.41705
241.494 2.40517
242.118 2.37414
242.742 2.32225
243.366 2.25392
243.99 2.17756
244.614 2.10195
245.238 2.0332
245.862 1.97361
246.486 0
247.11 0
247.735 0
248.359 0
248.983 0
249.607 0
250.231 0
250.855 0
251.479 0
252.103 0
252.727 0
253.351 0
253.975 0
254.599 0
255.223 0
255.847 0
256.471 0
257.095 0
257.719 0
258.343 0
258.967 0
259.591 0
260.215 0
260.839 0
261.463 0
262.087 0
262.711 0
263.335 0
263.959 0
264.583 0
265.207 0
265.831 0
266.455 0
267.079 0
267.703 0
268.327 0
268.952 0
269.576 0
270.2 0
270.824 0
271.448 0
272.072 1.54199
272.696 1.51735
273.32 1.49379
273.944 1.47164
274.568 1.45101
275.192 1.43152
275.816 1.41226
276.44 1.39187
277.064 1.36904
277.688 1.34295
278.312 1.31363
278.936 1.28194
279.56 1.24921
280.184 1.21674
280.808 1.1854
281.432 0
282.056 0
282.68 0
283.304 0
283.928 0
284.552 0
285.176 0
285.8 0
286.424 0
287.048 0
287.672 0
288.296 0
288.92 0
289.545 1.74928
290.169 1.7654
290.793 1.7947
291.417 1.84244
292.041 1.91187
292.665 2.00116
293.289 2.10115
293.913 2.19561
294.537 2.26509
295.161 2.29334
295.785 2.27352
296.409 2.21085
297.033 2.12043
297.657 2.02132
298.281 1.93021
298.905 1.85725
299.529 0
300.153 0
300.777 0
301.401 0
302.025 0
302.649 0
303.273 0
303.897 0
304.521 0
305.145 0
305.769 0
306.393 0
307.017 0
307.641 0
308.265 0
308.889 0
309.513 0
310.138 0
310.762 0
311.386 0
312.01 0
312.634 0
313.258 0
313.882 0
314.506 0
315.13 0
315.754 0
316.378 0
317.002 0
317.626 0
318.25 0
318.874 0
319.498 0
320.122 0
320.746 0
321.37 0
321.994 0
322.618 0
323.242 0
323.866 0
324.49 0
325.114 0
325.738 0
326.362 0
326.986 0
327.61 0
328.234 0
328.858 0
329.482 0
330.106 0
330.731 0
331.355 0
331.979 0
332.603 0
333.227 0
333.851 0
334.475 0
335.099 0
335.723 0
336.347 0
336.971 0
337.595 0
338.219 0
338.843 0
339.467 0
340.091 0
340.715 0
341.339 0
341.963 0
342.587 0
343.211 0
343.835 0
344.459 0
345.083 0
345.707 0
346.331 0.720851
346.955 0.886432
347.579 1.15368
348.203 1.54568
348.827 2.06529
349.451 2.68182
350.075 3.32556
350.699 3.89664
351.324 4.28904
351.948 4.42256
352.572 4.26955
353.196 3.86425
353.82 3.29033
354.444 2.65294
355.068 2.04783
355.692 0
356.316 0
356.94 0
357.564 0
358.188 0
358.812 0
359.436 0
360.06 0
360.684 0
361.308 0
361.932 0
362.556 0
363.18 0
363.804 0
364.428 0
365.052 0
365.676 0
366.3 0
366.924 0
367.548 0
368.172 0
368.796 0
369.42 0
370.044 0
370.668 0
371.292 0
371.917 0
372.541 0
373.165 0
373.789 0
374.413 0
375.037 0
375.661 0
376.285 0
376.909 0
377.533 0
378.157 0
378.781 0
379.405 0
380.029 0
380.653 0
381.277 0
381.901 0
382.525 0
383.149 0
383.773 0
384.397 0
385.021 0
385.645 0
386.269 0
386.893 0
387.517 0
388.141 0
388.765 0
389.389 0
390.013 0
390.637 0
391.261 0
391.885 0
392.509 0
393.134 0
393.758 0
394.382 0
395.006 0
395.63 0
396.254 0
396.878 0
397.502 0
398.126 0
398.75 0
399.374 0
399.998 0
400.622 0
401.246 0
401.87 0
402.494 0
403.118 0
403.742 0
404.366 0
404.99 0
405.614 0
406.238 0
406.862 0
407.486 0
408.11 0
408.734 0
409.358 0
409.982 0
410.606 0
411.23 0
411.854 0
412.478 0
413.102 0
413.727 0
414.351 0
414.975 0
415.599 0
416.223 0
416.847 0
417.471 0
418.095 0
418.719 0
419.343 0
419.967 0
420.591 0
421.215 0
421.839 0
422.463 0
423.087 0
423.711 0
424.335 0
424.959 0
425.583 0
426.207 0
426.831 0
427.455 0
428.079 0
428.703 0
429.327 0
429.951 0
430.575 0
431.199 0
431.823 0
432.447 0
433.071 0
433.695 0
434.32 0
434.944 0
435.568 0
436.192 0
436.816 0
437.44 0
438.064 0
438.688 0
439.312 0
439.936 0
440.56 0
441.184 0
441.808 0
442.432 0
443.056 0
443.68 0
444.304 0
444.928 0
445.552 0
446.176 0
446.8 0
447.424 0
448.048 0
448.672 0
449.296 0
449.92 0
450.544 0
451.168 0
451.792 0
452.416 0
453.04 0
453.664 0
454.288 0
454.913 0
455.537 0
456.161 0
456.785 0
457.409 0
458.033 0
458.657 0
459.281 0
459.905 0
460.529 0
461.153 0
461.777 0
462.401 0
463.025 0
463.649 0
464.273 0
464.897 0
465.521 0
466.145 0
466.769 0
467.393 0
468.017 0
468.641 0
469.265 0
469.889 0
470.513 0
471.137 0
471.761 0
472.385 0
473.009 0
473.633 0
474.257 0
474.881 0
475.506 0
476.13 0
476.754 0
477.378 0
478.002 0
478.626 0
479.25 0
479.874 0
480.498 0
481.122 0
481.746 0
482.37 0
482.994 0
483.618 0
484.242 0
484.866 0
485.49 0
486.114 0
486.738 0
487.362 0
487.986 0
488.61 0
489.234 0
489.858 0
490.482 0
491.106 0
491.73 0
492.354 0
492.978 0
493.602 0
494.226 0
494.85 0
495.474 0
496.099 0
496.723 0
497.347 0
497.971 0
498.595 0
499.219 0
499.843 0
500.467 0
501.091 0
501.715 0
502.339 0
502.963 0
503.587 0
504.211 0
504.835 0
505.459 0
506.083 0
506.707 0
507.331 0
507.955 0
508.579 0
509.203 0
509.827 0
510.451 0
511.075 0
511.699 0
512.323 0
512.947 0
513.571 0
514.195 0
514.819 0
515.443 0
516.067 0
516.691 0
517.316 0
517.94 0
518.564 0
519.188 0
519.812 0
520.436 0
521.06 0
521.684 0
522.308 0
522.932 0
523.556 0
524.18 0
524.804 0
525.428 0
526.052 0
526.676 0
527.3 0
527.924 0
528.548 0
529.172 0
529.796 0
530.42 0
531.044 0
531.668 0
532.292 0
532.916 0
533.54 0
534.164 0
534.788 0
535.412 0
536.036 0
536.66 0
537.284 0
537.909 0
538.533 0
539.157 0
539.781 0
540.405 0
541.029 0
541.653 0
542.277 0
542.901 0
543.525 0
544.149 0
544.773 0
545.397 0
546.021 0
546.645 0
547.269 0
547.893 0
548.517 0
549.141 0
549.765 0
550.389 0
551.013 0
551.637 0
552.261 0
552.885 0
553.509 0
554.133 0
554.757 0
555.381 0
556.005 0
556.629 0
557.253 0
557.877 0
558.502 0
559.126 0
559.75 0
560.374 0
560.998 0
561.622 0
562.246 0
562.87 0
563.494 0
564.118 0
564.742 0
565.366 0
565.99 0
566.614 0
567.238 0
567.862 0
568.486 0
569.11 0
569.734 0
570.358 0
570.982 0
571.606 0
572.23 0
572.854 0
573.478 0
574.102 0
574.726 0
575.35 0
575.974 0.323743
576.598 0.333504
577.222 0.348157
577.846 0.368908
578.47 0.396572
579.095 0.431178
579.719 0.47161
580.343 0.515415
580.967 0.558893
581.591 0.597531
582.215 0.626756
582.839 0.642812
583.463 0.643559
584.087 0.628939
584.711 0.60098
585.335 0.563336
585.959 0
586.583 0
587.207 0
587.831 0
588.455 0
589.079 0
589.703 0
590.327 0
590.951 0
591.575 0
592.199 0
592.823 0
593.447 0
594.071 0
594.695 0
595.319 0
595.943 0
596.567 0
597.191 0
597.815 0
598.439 0
599.063 0
599.688 0
600.312 0
600.936 0
601.56 0
602.184 0.234545
602.808 0.328043
603.432 0.464621
604.056 0.653164
604.68 0.898574
605.304 1.19877
605.928 1.54219
606.552 1.90678
607.176 2.26133
607.8 2.5694
608.424 2.7953
609.048 2.91092
609.672 2.90142
610.296 2.76843
610.92 2.52955
611.544 2.21459
612.168 0
612.792 0
613.416 0
614.04 0
614.664 0
615.288 0
615.912 0
616.536 0
617.16 0
617.784 0
618.408 0
619.032 0
619.656 0
620.281 0
620.905 0
621.529 0
622.153 0
622.777 0
623.401 0
624.025 0
624.649 0
625.273 0
625.897 0
626.521 0
627.145 0
627.769 0
628.393 0
629.017 0
629.641 0
630.265 0
630.889 0
631.513 0
632.137 0
632.761 0
633.385 0
634.009 0
634.633 0
635.257 0
635.881 0
636.505 0
637.129 0
637.753 0
638.377 0
639.001 0
639.625 0
640.249 0
640.874 0
641.498 0
642.122 0
642.746 0
643.37 0
643.994 0
644.618 0
645.242 0
645.866 0
646.49 0
647.114 0
647.738 0
648.362 0
648.986 0
649.61 0
650.234 0
650.858 0
651.482 0
652.106 0
652.73 0
653.354 0
653.978 0
654.602 0.244099
655.226 0.251138
655.85 0.262002
656.474 0.275963
657.098 0.293889
657.722 0.315774
658.346 0.341145
658.97 0.369023
659.594 0.397978
660.218 0.426271
660.842 0.452065
661.466 0.473655
662.091 0.489655
662.715 0.499127
663.339 0.501621
663.963 0.497152
664.587 0.48615
665.211 0.469392
665.835 0.447947
666.459 0.423115
667.083 0.396343
667.707 0.369119
668.331 0
668.955 0
669.579 0
670.203 0
670.827 0
671.451 0
672.075 0
672.699 0
673.323 0
673.947 0
674.571 0
675.195 0
675.819 0
676.443 0
677.067 0
677.691 0
678.315 0
678.939 0
679.563 0
680.187 0
680.811 0
681.435 0
682.059 0
682.684 0
683.308 0
683.932 0
684.556 0
685.18 0
685.804 0
686.428 0
687.052 0
687.676 0
688.3 0
688.924 0
689.548 0
690.172 0
690.796 0
691.42 0
692.044 0
692.668 0
693.292 0
693.916 0
694.54 0
695.164 0
695.788 0
696.412 0
697.036 0
697.66 0
698.284 0
698.908 0
699.532 0
700.156 0
700.78 0
701.404 0
702.028 0
702.652 0
703.277 0
703.901 0
704.525 0
705.149 0
705.773 0
706.397 0
707.021 0
707.645 0
708.269 0
708.893 0
709.517 0
710.141 0
710.765 0
711.389 0
712.013 0
712.637 0
713.261 0
713.885 0
714.509 0
715.133 0
715.757 0
716.381 0
717.005 0
717.629 0
718.253 0
718.877 0
719.501 0
720.125 0
720.749 0
721.373 0
721.997 0
722.621 0
723.245 0
723.87 0
724.494 0
725.118 0
725.742 0
726.366 0
726.99 0
727.614 0
728.238 0
728.862 0
729.486 0
730.11 0
730.734 0
731.358 0
731.982 0
732.606 0
733.23 0
733.854 0
734.478 0
735.102 0
735.726 0
736.35 0
736.974 0
737.598 0
738.222 0
738.846 0
739.47 0
740.094 0
740.718 0
741.342 0
741.966 0
742.59 0
743.214 0
743.838 0
744.463 0
745.087 0
745.711 0
746.335 0
746.959 0
747.583 0
748.207 0
748.831 0
749.455 0
750.079 0
750.703 0
751.327 0
751.951 0
752.575 0
753.199 0
753.823 0
754.447 0
755.071 0
755.695 0
756.319 0
756.943 0
757.567 0
758.191 0
758.815 0
759.439 0
760.063 0
760.687 0
761.311 0
761.935 0
762.559 0
763.183 0
763.807 0
764.431 0
765.056 0
765.68 0
766.304 0
766.928 0
767.552 0
768.176 0
768.8 0
769.424 0
770.048 0
770.672 0
771.296 0
771.92 0
772.544 0
773.168 0
773.792 0
774.416 0
775.04 0
775.664 0
776.288 0
776.912 0
777.536 0
778.16 0
778.784 0
779.408 0
780.032 0
780.656 0
781.28 0
781.904 0
782.528 0
783.152 0
783.776 0
784.4 0
785.024 0
785.648 0
786.273 0
786.897 0
787.521 0
788.145 0
788.769 0
789.393 0
790.017 0
790.641 0
791.265 0
791.889 0
792.513 0
793.137 0
793.761 0
794.385 0
795.009 0
795.633 0
796.257 0
796.881 0
797.505 0
798.129 0
798.753 0
799.377 0
800.001 0
800.625 0
801.249 0
801.873 0
802.497 0
803.121 0
803.745 0
804.369 0
804.993 0
805.617 0
806.241 0
806.866 0
807.49 0
808.114 0
808.738 0
809.362 0
809.986 0
810.61 0
811.234 0
811.858 0
812.482 0
813.106 0
813.73 0
814.354 0
814.978 0
815.602 0
816.226 0
816.85 0
817.474 0
818.098 0
818.722 0
819.346 0
819.97 0
820.594 0
821.218 0
821.842 0
822.466 0
823.09 0
823.714 0
824.338 0
824.962 0
825.586 0
826.21 0
826.834 0
827.459 0
828.083 0
828.707 0
829.331 0
829.955 0
830.579 0
831.203 0
831.827 0
832.451 0
833.075 0
833.699 0
834.323 0
834.947 0
835.571 0
836.195 0
836.819 0
837.443 0
838.067 0
838.691 0
839.315 0
839.939 0
840.563 0
841.187 0
841.811 0
842.435 0
843.059 0
843.683 0
844.307 0
844.931 0
845.555 0
846.179 0
846.803 0
847.427 0
848.052 0
848.676 0
849.3 0
849.924 0
850.548 0
851.172 0
851.796 0
852.42 0
853.044 0
853.668 0
854.292 0
854.916 0
855.54 0
856.164 0
856.788 0
857.412 0
858.036 0
858.66 0
859.284 0
859.908 0
860.532 0
861.156 0
861.78 0
862.404 0
863.028 0
863.652 0
864.276 0
864.9 0
865.524 0
866.148 0
866.772 0
867.396 0
868.02 0
868.645 0
869.269 0
869.893 0
870.517 0
871.141 0
871.765 0
872.389 0
873.013 0
873.637 0
874.261 0
874.885 0
875.509 0
876.133 0
876.757 0
877.381 0
878.005 0
878.629 0
879.253 0
879.877 0
880.501 0
881.125 0
881.749 0
882.373 0
882.997 0
883.621 0
884.245 0
884.869 0
885.493 0
886.117 0
886.741 0
887.365 0
887.989 0
888.613 0
889.238 0
889.862 0
890.486 0
891.11 0
891.734 0
892.358 0
892.982 0
893.606 0
894.23 0
894.854 0
895.478 0
896.102 0
896.726 0
897.35 0
897.974 0
898.598 0
899.222 0
899.846 0
900.47 0
901.094 0
901.718 0
902.342 0
902.966 0
903.59 0
904.214 0
904.838 0
905.462 0
906.086 0
906.71 0
907.334 0
907.958 0
908.582 0
909.206 0
909.83 0
910.455 0
911.079 0
911.703 0
912.327 0
912.951 0
913.575 0
914.199 0
914.823 0
915.447 0
916.071 0
916.695 0
917.319 0
917.943 0
918.567 0
919.191 0
919.815 0
920.439 0
921.063 0
921.687 0
922.311 0
922.935 0
923.559 0
924.183 0
924.807 0
925.431 0
926.055 0
926.679 0
927.303 0
927.927 0
928.551 0
929.175 0
929.799 0
930.423 0
931.048 0
931.672 0
932.296 0
932.92 0
933.544 0
934.168 0
934.792 0
935.416 0
936.04 0
936.664 0
937.288 0
937.912 0
938.536 0
939.16 0
939.784 0
940.408 0
941.032 0
941.656 0
942.28 0
942.904 0
943.528 0
944.152 0
944.776 0
945.4 0
946.024 0
946.648 0
947.272 0
947.896 0
948.52 0
949.144 0
949.768 0
950.392 0
951.016 0
951.641 0
952.265 0
952.889 0
953.513 0
954.137 0
954.761 0
955.385 0
956.009 0
956.633 0
957.257 0
957.881 0
958.505 0
959.129 0
959.753 0
960.377 0
961.001 0
961.625 0
962.249 0
962.873 0
963.497 0
964.121 0
964.745 0
965.369 0
965.993 0
966.617 0
967.241 0
967.865 0
968.489 0
969.113 0
969.737 0
970.361 0
970.985 0
971.609 0
972.234 0
972.858 0
973.482 0
974.106 0
974.73 0
975.354 0
975.978 0
976.602 0
977.226 0
977.85 0
978.474 0
979.098 0
979.722 0
980.346 0
980.97 0
981.594 0
982.218 0
982.842 0
983.466 0
984.09 0
984.714 0
985.338 0
985.962 0
986.586 0
987.21 0
987.834 0
988.458 0
989.082 0
989.706 0
990.33 0
990.954 0
991.578 0
992.202 0
992.827 0
993.451 0
994.075 0
994.699 0
995.323 0
995.947 0
996.571 0
997.195 0
997.819 0
998.443 0
999.067 0
999.691 0
1000.31 0
1000.94 0
1001.56 0
1002.19 0
1002.81 0
1003.44 0
1004.06 0
1004.68 0
1005.31 0
1005.93 0
1006.56 0
1007.18 0
1007.8 0
1008.43 0
1009.05 0
1009.68 0
1010.3 0
1010.92 0
1011.55 0
1012.17 0
1012.8 0
1013.42 0
1014.04 0
1014.67 0
1015.29 0
1015.92 0
1016.54 0
1017.16 0
1017.79 0
1018.41 0
1019.04 0
1019.66 0
1020.28 0
1020.91 0
1021.53 0
1022.16 0
1022.78 0
1023.4 0
1024.03 0
1024.65 0
1025.28 0
1025.9 0
1026.52 0
1027.15 0
1027.77 0
1028.4 0
1029.02 0
1029.64 0
1030.27 0
1030.89 0
1031.52 0
1032.14 0
1032.76 0
1033.39 0
1034.01 0
1034.64 0
1035.26 0
1035.88 0
1036.51 0
1037.13 0
1037.76 0
1038.38 0
1039 0
1039.63 0
1040.25 0
1040.88 0
1041.5 0
1042.12 0
1042.75 0
1043.37 0
1044 0
1044.62 0
1045.25 0
1045.87 0
1046.49 0
1047.12 0
1047.74 0
1048.37 0
1048.99 0
1049.61 0
1050.24 0
1050.86 0
1051.49 0
1052.11 0
1052.73 0
1053.36 0
1053.98 0
1054.61 0
1055.23 0
1055.85 0
1056.48 0
1057.1 0
1057.73 0
1058.35 0
1058.97 0
1059.6 0
1060.22 0
1060.85 0
1061.47 0
1062.09 0
1062.72 0
1063.34 0
1063.97 0
1064.59 0
1065.21 0
1065.84 0
1066.46 0
1067.09 0
1067.71 0
1068.33 0
1068.96 0
1069.58 0
1070.21 0
1070.83 0
1071.45 0
1072.08 0
1072.7 0
1073.33 0
1073.95 0
1074.57 0
1075.2 0
1075.82 0
1076.45 0
1077.07 0
1077.69 0
1078.32 0
1078.94 0
1079.57 0
1080.19 0
1080.81 0
1081.44 0
1082.06 0
1082.69 0
1083.31 0
1083.93 0
1084.56 0
1085.18 0
1085.81 0
1086.43 0
1087.06 0
1087.68 0
1088.3 0
1088.93 0
1089.55 0
1090.18 0
1090.8 0
1091.42 0
1092.05 0
1092.67 0
1093.3 0
1093.92 0
1094.54 0
1095.17 0
1095.79 0
1096.42 0
1097.04 0
1097.66 0
1098.29 0
1098.91 0
1099.54 0
1100.16 0
1100.78 0
1101.41 0
1102.03 0
1102.66 0
1103.28 0
1103.9 0
1104.53 0
1105.15 0
1105.78 0
1106.4 0
1107.02 0
1107.65 0
1108.27 0
1108.9 0
1109.52 0
1110.14 0
1110.77 0
1111.39 0
1112.02 0
1112.64 0
1113.26 0
1113.89 0
1114.51 0
1115.14 0
1115.76 0
1116.38 0
1117.01 0
1117.63 0
1118.26 0
1118.88 0
1119.5 0
1120.13 0
1120.75 0
1121.38 0
1122 0
1122.62 0
1123.25 0
1123.87 0
1124.5 0
1125.12 0
1125.74 0
1126.37 0
1126.99 0
1127.62 0
1128.24 0
1128.87 0
1129.49 0
1130.11 0
1130.74 0
1131.36 0
1131.99 0
1132.61 0
1133.23 0
1133.86 0
1134.48 0
1135.11 0
1135.73 0
1136.35 0
1136.98 0
1137.6 0
1138.23 0
1138.85 0
1139.47 0
1140.1 0
1140.72 0
1141.35 0
1141.97 0
1142.59 0
1143.22 0
1143.84 0
1144.47 0
1145.09 0
1145.71 0
1146.34 0
1146.96 0
1147.59 0
1148.21 0
1148.83 0
1149.46 0
1150.08 0
1150.71 0
1151.33 0
1151.95 0
1152.58 0
1153.2 0
1153.83 0
1154.45 0
1155.07 0
1155.7 0
1156.32 0
1156.95 0
1157.57 0
1158.19 0
1158.82 0
1159.44 0
1160.07 0
1160.69 0
1161.31 0
1161.94 0
1162.56 0
1163.19 0
1163.81 0.378074
1164.43 0.379844
1165.06 0.382165
1165.68 0.385116
1166.31 0.388756
1166.93 0.393103
1167.55 0.398126
1168.18 0.403726
1168.8 0.409737
1169.43 0.415925
1170.05 0.421999
1170.68 0.42763
1171.3 0.432484
1171.92 0.436249
1172.55 0.438671
1173.17 0.439583
1173.8 0
1174.42 0
1175.04 0
1175.67 0
1176.29 0
1176.92 0
1177.54 0
1178.16 0
1178.79 0
1179.41 0
1180.04 0
1180.66 0
1181.28 0
1181.91 0
1182.53 0
1183.16 0
1183.78 0
1184.4 0
1185.03 0
1185.65 0
1186.28 0
1186.9 0
1187.52 0
1188.15 0
1188.77 0
1189.4 0
1190.02 0
1190.64 0
1191.27 0
1191.89 0
1192.52 0
1193.14 0
1193.76 0
1194.39 0
1195.01 0
1195.64 0
1196.26 0
1196.88 0
1197.51 0
1198.13 0
1198.76 0
1199.38 0
1200 0
1200.63 0
1201.25 0
1201.88 0
1202.5 0
1203.12 0
1203.75 0
1204.37 0
1205 0
1205.62 0
1206.24 0
1206.87 0
1207.49 0
1208.12 0
1208.74 0
1209.36 0
1209.99 0
1210.61 0
1211.24 0
1211.86 0
1212.49 0
1213.11 0
1213.73 0
1214.36 0
1214.98 0
1215.61 0
1216.23 0
1216.85 0
1217.48 0
1218.1 0
1218.73 0
1219.35 0
1219.97 0
1220.6 0
1221.22 0
1221.85 0
1222.47 0
1223.09 0
1223.72 0
1224.34 0
1224.97 0
1225.59 0
1226.21 0
1226.84 0
1227.46 0
1228.09 0
1228.71 0
1229.33 0
1229.96 0
1230.58 0
1231.21 0
1231.83 0
1232.45 0
1233.08 0
1233.7 0
1234.33 0
1234.95 0
1235.57 0
1236.2 0
1236.82 0
1237.45 0
1238.07 0
1238.69 0
1239.32 0
1239.94 0
1240.57 0
1241.19 0
1241.81 0
1242.44 0
1243.06 0
1243.69 0
1244.31 0
1244.93 0
1245.56 0
1246.18 0
1246.81 0
1247.43 0
1248.05 0
1248.68 0
1249.3 0
1249.93 0
1250.55 0
1251.17 0
1251.8 0
1252.42 0
1253.05 0
1253.67 0
1254.3 0
1254.92 0
1255.54 0
1256.17 0
1256.79 0
1257.42 0
1258.04 0
1258.66 0
1259.29 0
1259.91 0
1260.54 0
1261.16 0
1261.78 0
1262.41 0
1263.03 0
1263.66 0
1264.28 0
1264.9 0
1265.53 0
1266.15 0
1266.78 0
1267.4 0
1268.02 0
1268.65 0
1269.27 0
1269.9 0
1270.52 0
1271.14 0
1271.77 0
1272.39 0
1273.02 0
1273.64 0
1274.26 0
1274.89 0
1275.51 0
1276.14 0
1276.76 0
1277.38 0
1278.01 0
1278.63 0
1279.26 0
1279.88 0
1280.5 0
1281.13 0
1281.75 0
1282.38 0
1283 0
1283.62 0
1284.25 0
1284.87 0
1285.5 0
1286.12 0
1286.74 0
1287.37 0
1287.99 0
1288.62 0
1289.24 0
1289.86 0
1290.49 0
1291.11 0
1291.74 0
1292.36 0
1292.99 0
1293.61 0
1294.23 0
1294.86 0
1295.48 0
1296.11 0
1296.73 0
1297.35 0
1297.98 0
1298.6 0
1299.23 0
1299.85 0
1300.47 0
1301.1 0
1301.72 0
1302.35 0
1302.97 0
1303.59 0
1304.22 0
1304.84 0
1305.47 0
1306.09 0
1306.71 0
1307.34 0
1307.96 0
1308.59 0
1309.21 0
1309.83 0
1310.46 0
1311.08 0
1311.71 0
1312.33 0
1312.95 0
1313.58 0
1314.2 0
1314.83 0
1315.45 0
1316.07 0
1316.7 0
1317.32 0
1317.95 0
1318.57 0
1319.19 0
1319.82 0
1320.44 0
1321.07 0
1321.69 0
1322.31 0.0108681
1322.94 0.0286052
1323.56 0.0352534
1324.19 0.0436734
1324.81 0.0540539
1325.43 0.0665014
1326.06 0.0810033
1326.68 0.0973965
1327.31 0.115344
1327.93 0.134326
1328.55 0.153653
1329.18 0.172497
1329.8 0.189945
1330.43 0.205073
1331.05 0.217021
1331.67 0.22508
1332.3 0
1332.92 0
1333.55 0
1334.17 0
1334.8 0
1335.42 0
1336.04 0
1336.67 0
1337.29 0
1337.92 0
1338.54 0
1339.16 0
1339.79 0
1340.41 0
1341.04 0
1341.66 0
1342.28 0
1342.91 0
1343.53 0
1344.16 0
1344.78 0
1345.4 0
1346.03 0
1346.65 0
1347.28 0
1347.9 0
1348.52 0
1349.15 0
1349.77 0
1350.4 0
1351.02 0
1351.64 0
1352.27 0
1352.89 0
1353.52 0
1354.14 0
1354.76 0
1355.39 0
1356.01 0
1356.64 0
1357.26 0
1357.88 0
1358.51 0
1359.13 0
1359.76 0
1360.38 0
1361 0
1361.63 0
1362.25 0
1362.88 0
1363.5 0
1364.12 0
1364.75 0
1365.37 0
1366 0
1366.62 0
1367.24 0
1367.87 0
1368.49 0
1369.12 0
1369.74 0
1370.36 0
1370.99 0
1371.61 0
1372.24 0
1372.86 0
1373.48 0
1374.11 0
1374.73 0
1375.36 0
1375.98 0
1376.61 0
1377.23 0
1377.85 0
1378.48 0
1379.1 0
1379.73 0
1380.35 0
1380.97 0
1381.6 0
1382.22 0
1382.85 0
1383.47 0
1384.09 0
1384.72 0
1385.34 0
1385.97 0
1386.59 0
1387.21 0
1387.84 0
1388.46 0
1389.09 0
1389.71 0
1390.33 0
1390.96 0
1391.58 0
1392.21 0
1392.83 0
1393.45 0
1394.08 0
1394.7 0
1395.33 0
1395.95 0
1396.57 0
1397.2 0
1397.82 0
1398.45 0
1399.07 0
1399.69 0
1400.32 0
1400.94 0
1401.57 0
1402.19 0
1402.81 0
1403.44 0
1404.06 0
1404.69 0
1405.31 0
1405.93 0
1406.56 0
1407.18 0
1407.81 0
1408.43 0
1409.05 0
1409.68 0
1410.3 0
1410.93 0
1411.55 0
1412.17 0
1412.8 0
1413.42 0
1414.05 0
1414.67 0
1415.29 0
1415.92 0
1416.54 0
1417.17 0
1417.79 0
1418.42 0
1419.04 0
1419.66 0
1420.29 0
1420.91 0
1421.54 0
1422.16 0
1422.78 0
1423.41 0
1424.03 0
1424.66 0
1425.28 0
1425.9 0
1426.53 0
1427.15 0
1427.78 0
1428.4 0
1429.02 0
1429.65 0
1430.27 0
1430.9 0
1431.52 0
1432.14 0
1432.77 0
1433.39 0
1434.02 0
1434.64 0
1435.26 0
1435.89 0
1436.51 0
1437.14 0
1437.76 0
1438.38 0
1439.01 0
1439.63 0
1440.26 0
1440.88 0
1441.5 0
1442.13 0
1442.75 0
1443.38 0
1444 0
1444.62 0
1445.25 0
1445.87 0
1446.5 0
1447.12 0
1447.74 0
1448.37 0
1448.99 0
1449.62 0
1450.24 0.0348908
1450.86 0.383716
1451.49 0.507424
1452.11 0.662434
1452.74 0.851947
1453.36 1.07785
1453.98 1.34016
1454.61 1.63653
1455.23 1.96183
1455.86 2.308
1456.48 2.66416
1457.1 3.01699
1457.73 3.35148
1458.35 3.65195
1458.98 3.90321
1459.6 4.09189
1460.23 0
1460.85 0
1461.47 0
1462.1 0
1462.72 0
1463.35 0
1463.97 0
1464.59 0
1465.22 0
1465.84 0
1466.47 0
1467.09 0
1467.71 0
1468.34 0
1468.96 0
1469.59 0
1470.21 0
1470.83 0
1471.46 0
1472.08 0
1472.71 0
1473.33 0
1473.95 0
1474.58 0
1475.2 0
1475.83 0
1476.45 0
1477.07 0
1477.7 0
1478.32 0
1478.95 0
1479.57 0
1480.19 0
1480.82 0
1481.44 0
1482.07 0
1482.69 0
1483.31 0
1483.94 0
1484.56 0
1485.19 0
1485.81 0
1486.43 0
1487.06 0
1487.68 0
1488.31 0
1488.93 0
1489.55 0
1490.18 0
1490.8 0
1491.43 0
1492.05 0
1492.67 0
1493.3 0
1493.92 0
1494.55 0
1495.17 0
1495.79 0
1496.42 0
1497.04 0
1497.67 0
1498.29 0
1498.91 0
1499.54 0
1500.16 0
1500.79 0
1501.41 0
1502.04 0
1502.66 0
1503.28 0
1503.91 0
1504.53 0
1505.16 0
1505.78 0
1506.4 0
1507.03 0
1507.65 0
1508.28 0
1508.9 0
1509.52 0
1510.15 0
1510.77 0
1511.4 0
1512.02 0
1512.64 0
1513.27 0
1513.89 0
1514.52 0
1515.14 0
1515.76 0
1516.39 0
1517.01 0
1517.64 0
1518.26 0
1518.88 0
1519.51 0
1520.13 0
1520.76 0
1521.38 0
1522 0
1522.63 0
1523.25 0
1523.88 0
1524.5 0
1525.12 0
1525.75 0
1526.37 0
1527 0
1527.62 0
1528.24 0
1528.87 0
1529.49 0
1530.12 0
1530.74 0
1531.36 0
1531.99 0
1532.61 0
1533.24 0
1533.86 0
1534.48 0
1535.11 0
1535.73 0
1536.36 0
1536.98 0
1537.6 0
1538.23 0
1538.85 0
1539.48 0
1540.1 0
1540.72 0
1541.35 0
1541.97 0
1542.6 0
1543.22 0
1543.85 0
1544.47 0
1545.09 0
1545.72 0
1546.34 0
1546.97 0
1547.59 0
1548.21 0
1548.84 0
1549.46 0
1550.09 0
1550.71 0
1551.33 0
1551.96 0
1552.58 0
1553.21 0
1553.83 0
1554.45 0
1555.08 0
1555.7 0
1556.33 0
1556.95 0
1557.57 0
1558.2 0
1558.82 0
1559.45 0
1560.07 0
1560.69 0
1561.32 0
1561.94 0
1562.57 0
1563.19 0
1563.81 0
1564.44 0
1565.06 0
1565.69 0
1566.31 0
1566.93 0
1567.56 0
1568.18 0
1568.81 0
1569.43 0
1570.05 0
1570.68 0
1571.3 0
1571.93 0
1572.55 0
1573.17 0
1573.8 0
1574.42 0
1575.05 0
1575.67 0
1576.29 0
1576.92 0
1577.54 0
1578.17 0
1578.79 0
1579.41 0
1580.04 0
1580.66 0
1581.29 0
1581.91 0
1582.53 0
1583.16 0
1583.78 0
1584.41 0
1585.03 0
1585.66 0
1586.28 0
1586.9 0
1587.53 0
1588.15 0
1588.78 0
1589.4 0
1590.02 0
1590.65 0
1591.27 0
1591.9 0
1592.52 0
1593.14 0
1593.77 0
1594.39 0
1595.02 0
1595.64 0
1596.26 0
1596.89 0
1597.51 0
1598.14 0
1598.76 0
1599.38 0
1600.01 0
1600.63 0
1601.26 0
1601.88 0
1602.5 0
1603.13 0
1603.75 0
1604.38 0
1605 0
1605.62 0
1606.25 0
1606.87 0
1607.5 0
1608.12 0
1608.74 0
1609.37 0
1609.99 0
1610.62 0
1611.24 0
1611.86 0
1612.49 0
1613.11 0
1613.74 0
1614.36 0
1614.98 0
1615.61 0
1616.23 0
1616.86 0
1617.48 0
1618.1 0
1618.73 0
1619.35 0
1619.98 0
1620.6 0
1621.22 0
1621.85 0
1622.47 0
1623.1 0
1623.72 0
1624.35 0
1624.97 0
1625.59 0
1626.22 0
1626.84 0
1627.47 0
1628.09 0
1628.71 0
1629.34 0
1629.96 0
1630.59 0
1631.21 0
1631.83 0
1632.46 0
1633.08 0
1633.71 0
1634.33 0
1634.95 0
1635.58 0
1636.2 0
1636.83 0
1637.45 0
1638.07 0
1638.7 0
1639.32 0
1639.95 0
1640.57 0
1641.19 0
1641.82 0
1642.44 0
1643.07 0
1643.69 0
1644.31 0
1644.94 0
1645.56 0
1646.19 0
1646.81 0
1647.43 0
1648.06 0
1648.68 0
1649.31 0
1649.93 0
1650.55 0
1651.18 0
1651.8 0
1652.43 0
1653.05 0
1653.67 0
1654.3 0
1654.92 0
1655.55 0
1656.17 0
1656.79 0
1657.42 0
1658.04 0
1658.67 0
1659.29 0
1659.91 0
1660.54 0
1661.16 0
1661.79 0
1662.41 0
1663.03 0
1663.66 0
1664.28 0
1664.91 0
1665.53 0
1666.16 0
1666.78 0
1667.4 0
1668.03 0
1668.65 0
1669.28 0
1669.9 0
1670.52 0
1671.15 0
1671.77 0
1672.4 0
1673.02 0
1673.64 0
1674.27 0
1674.89 0
1675.52 0
1676.14 0
1676.76 0
1677.39 0
1678.01 0
1678.64 0
1679.26 0
1679.88 0
1680.51 0
1681.13 0
1681.76 0
1682.38 0
1683 0
1683.63 0
1684.25 0
1684.88 0
1685.5 0
1686.12 0
1686.75 0
1687.37 0
1688 0
1688.62 0
1689.24 0
1689.87 0
1690.49 0
1691.12 0
1691.74 0
1692.36 0
1692.99 0
1693.61 0
1694.24 0
1694.86 0
1695.48 0
1696.11 0
1696.73 0
1697.36 0
1697.98 0
1698.6 0
1699.23 0
1699.85 0
1700.48 0
1701.1 0
1701.72 0
1702.35 0
1702.97 0
1703.6 0
1704.22 0
1704.84 0
1705.47 0
1706.09 0
1706.72 0
1707.34 0
1707.97 0
1708.59 0
1709.21 0
1709.84 0
1710.46 0
1711.09 0
1711.71 0
1712.33 0
1712.96 0
1713.58 0
1714.21 0
1714.83 0
1715.45 0
1716.08 0
1716.7 0
1717.33 0
1717.95 0
1718.57 0
1719.2 0
1719.82 0
1720.45 0
1721.07 0
1721.69 0
1722.32 0
1722.94 0
1723.57 0
1724.19 0
1724.81 0
1725.44 0
1726.06 0
1726.69 0
1727.31 0
1727.93 0
1728.56 0
1729.18 0
1729.81 0
1730.43 0
1731.05 0
1731.68 0
1732.3 0
1732.93 0
1733.55 0
1734.17 0
1734.8 0
1735.42 0
1736.05 0
1736.67 0
1737.29 0
1737.92 0
1738.54 0
1739.17 0
1739.79 0
1740.41 0
1741.04 0
1741.66 0
1742.29 0
1742.91 0
1743.53 0
1744.16 0
1744.78 0
1745.41 0
1746.03 0
1746.65 0
1747.28 0
1747.9 0
1748.53 0
1749.15 0
1749.78 0
1750.4 0
1751.02 0
1751.65 0
1752.27 0
1752.9 0
1753.52 0
1754.14 0
1754.77 0
1755.39 0
1756.02 0
1756.64 0
1757.26 0
1757.89 0
1758.51 0
1759.14 0
1759.76 0
1760.38 0
1761.01 0
1761.63 0
1762.26 0
1762.88 0
1763.5 0
1764.13 0
1764.75 0
1765.38 0
1766 0
1766.62 0
1767.25 0
1767.87 0
1768.5 0
1769.12 0
1769.74 0
1770.37 0
1770.99 0
1771.62 0
1772.24 0
1772.86 0
1773.49 0
1774.11 0
1774.74 0
1775.36 0
1775.98 0
1776.61 0
1777.23 0
1777.86 0
1778.48 0
1779.1 0
1779.73 0
1780.35 0
1780.98 0
1781.6 0
1782.22 0
1782.85 0
1783.47 0
1784.1 0
1784.72 0
1785.34 0
1785.97 0
1786.59 0
1787.22 0
1787.84 0
1788.46 0
1789.09 0
1789.71 0
1790.34 0
1790.96 0
1791.59 0
1792.21 0
1792.83 0
1793.46 0
1794.08 0
1794.71 0
1795.33 0
1795.95 0
1796.58 0
1797.2 0
1797.83 0
1798.45 0
1799.07 0
1799.7 0
1800.32 0
1800.95 0
1801.57 0
1802.19 0
1802.82 0
1803.44 0
1804.07 0
1804.69 0
1805.31 0
1805.94 0
1806.56 0
1807.19 0
1807.81 0
1808.43 0
1809.06 0
1809.68 0
1810.31 0
1810.93 0
1811.55 0
1812.18 0
1812.8 0
1813.43 0
1814.05 0
1814.67 0
1815.3 0
1815.92 0
1816.55 0
1817.17 0
1817.79 0
1818.42 0
1819.04 0
1819.67 0
1820.29 0
1820.91 0
1821.54 0
1822.16 0
1822.79 0
1823.41 0
1824.03 0
1824.66 0
1825.28 0
1825.91 0
1826.53 0
1827.15 0
1827.78 0
1828.4 0
1829.03 0
1829.65 0
1830.27 0
1830.9 0
1831.52 0
1832.15 0
1832.77 0
1833.4 0
1834.02 0
1834.64 0
1835.27 0
1835.89 0
1836.52 0
1837.14 0
1837.76 0
1838.39 0
1839.01 0
1839.64 0
1840.26 0
1840.88 0
1841.51 0
1842.13 0
1842.76 0
1843.38 0
1844 0
1844.63 0
1845.25 0
1845.88 0
1846.5 0
1847.12 0
1847.75 0
1848.37 0
1849 0
1849.62 0
1850.24 0
1850.87 0
1851.49 0
1852.12 0
1852.74 0
1853.36 0
1853.99 0
1854.61 0
1855.24 0
1855.86 0
1856.48 0
1857.11 0
1857.73 0
1858.36 0
1858.98 0
1859.6 0
1860.23 0
1860.85 0
1861.48 0
1862.1 0
1862.72 0
1863.35 0
1863.97 0
1864.6 0
1865.22 0
1865.84 0
1866.47 0
1867.09 0
1867.72 0
1868.34 0
1868.96 0
1869.59 0
1870.21 0
1870.84 0
1871.46 0
1872.08 0
1872.71 0
1873.33 0
1873.96 0
1874.58 0
1875.21 0
1875.83 0
1876.45 0
1877.08 0
1877.7 0
1878.33 0
1878.95 0
1879.57 0
1880.2 0
1880.82 0
1881.45 0
1882.07 0
1882.69 0
1883.32 0
1883.94 0
1884.57 0
1885.19 0
1885.81 0
1886.44 0
1887.06 0
1887.69 0
1888.31 0
1888.93 0
1889.56 0
1890.18 0
1890.81 0
1891.43 0
1892.05 0
1892.68 0
1893.3 0
1893.93 0
1894.55 0
1895.17 0
1895.8 0
1896.42 0
1897.05 0
1897.67 0
1898.29 0
1898.92 0
1899.54 0
1900.17 0
1900.79 0
1901.41 0
1902.04 0
1902.66 0
1903.29 0
1903.91 0
1904.53 0
1905.16 0
1905.78 0
1906.41 0
1907.03 0
1907.65 0
1908.28 0
1908.9 0
1909.53 0
1910.15 0
1910.77 0
1911.4 0
1912.02 0
1912.65 0
1913.27 0
1913.9 0
1914.52 0
1915.14 0
1915.77 0
1916.39 0
1917.02 0
1917.64 0
1918.26 0
1918.89 0
1919.51 0
1920.14 0
1920.76 0
1921.38 0
1922.01 0
1922.63 0
1923.26 0
1923.88 0
1924.5 0
1925.13 0
1925.75 0
1926.38 0
1927 0
1927.62 0
1928.25 0
1928.87 0
1929.5 0
1930.12 0
1930.74 0
1931.37 0
1931.99 0
1932.62 0
1933.24 0
1933.86 0
1934.49 0
1935.11 0
1935.74 0
1936.36 0
1936.98 0
1937.61 0
1938.23 0
1938.86 0
1939.48 0
1940.1 0
1940.73 0
1941.35 0
1941.98 0
1942.6 0
1943.22 0
1943.85 0
1944.47 0
1945.1 0
1945.72 0
1946.34 0
1946.97 0
1947.59 0
1948.22 0
1948.84 0
1949.46 0
1950.09 0
1950.71 0
1951.34 0
1951.96 0
1952.58 0
1953.21 0
1953.83 0
1954.46 0
1955.08 0
1955.71 0
1956.33 0
1956.95 0
1957.58 0
1958.2 0
1958.83 0
1959.45 0
1960.07 0
1960.7 0
1961.32 0
1961.95 0
1962.57 0
1963.19 0
1963.82 0
1964.44 0
1965.07 0
1965.69 0
1966.31 0
1966.94 0
1967.56 0
1968.19 0
1968.81 0
1969.43 0
1970.06 0
1970.68 0
1971.31 0
1971.93 0
1972.55 0
1973.18 0
1973.8 0
1974.43 0
1975.05 0
1975.67 0
1976.3 0
1976.92 0
1977.55 0
1978.17 0
1978.79 0
1979.42 0
1980.04 0
1980.67 0
1981.29 0
1981.91 0
1982.54 0
1983.16 0
1983.79 0
1984.41 0
1985.03 0
1985.66 0
1986.28 0
1986.91 0
1987.53 0
1988.15 0
1988.78 0
1989.4 0
1990.03 0
1990.65 0
1991.27 0
1991.9 0
1992.52 0
1993.15 0
1993.77 0
1994.39 0
1995.02 0
1995.64 0
1996.27 0
1996.89 0
1997.52 0
1998.14 0
1998.76 0
1999.39 0
2000.01 0
2000.64 0
2001.26 0
2001.88 0
2002.51 0
2003.13 0
2003.76 0
2004.38 0
2005 0
2005.63 0
2006.25 0
2006.88 0
2007.5 0
2008.12 0
2008.75 0
2009.37 0
2010 0
2010.62 0
2011.24 0
2011.87 0
2012.49 0
2013.12 0
2013.74 0
2014.36 0
2014.99 0
2015.61 0
2016.24 0
2016.86 0
2017.48 0
2018.11 0
2018.73 0
2019.36 0
2019.98 0
2020.6 0
2021.23 0
2021.85 0
2022.48 0
2023.1 0
2023.72 0
2024.35 0
2024.97 0
2025.6 0
2026.22 0
2026.84 0
2027.47 0
2028.09 0
2028.72 0
2029.34 0
2029.96 0
2030.59 0
2031.21 0
2031.84 0
2032.46 0
2033.08 0
2033.71 0
2034.33 0
2034.96 0
2035.58 0
2036.2 0
2036.83 0
2037.45 0
2038.08 0
2038.7 0
2039.33 0
2039.95 0
2040.57 0
2041.2 0
2041.82 0
2042.45 0
2043.07 0
2043.69 0
2044.32 0
2044.94 0
2045.57 0
2046.19 0
2046.81 0
2047.44 0
2048.06 0
2048.69 0
2049.31 0
2049.93 0
2050.56 0
2051.18 0
2051.81 0
2052.43 0
2053.05 0
2053.68 0
2054.3 0
2054.93 0
2055.55 0
2056.17 0
2056.8 0
2057.42 0
2058.05 0
2058.67 0
2059.29 0
2059.92 0
2060.54 0
2061.17 0
2061.79 0
2062.41 0
2063.04 0
2063.66 0
2064.29 0
2064.91 0
2065.53 0
2066.16 0
2066.78 0
2067.41 0
2068.03 0
2068.65 0
2069.28 0
2069.9 0
2070.53 0
2071.15 0
2071.77 0
2072.4 0
2073.02 0
2073.65 0
2074.27 0
2074.89 0
2075.52 0
2076.14 0
2076.77 0
2077.39 0
2078.01 0
2078.64 0
2079.26 0
2079.89 0
2080.51 0
2081.14 0
2081.76 0
2082.38 0
2083.01 0
2083.63 0
2084.26 0
2084.88 0
2085.5 0
2086.13 0
2086.75 0
2087.38 0
2088 0
2088.62 0
2089.25 0
2089.87 0
2090.5 0
2091.12 0
2091.74 0
2092.37 0
2092.99 0
2093.62 0
2094.24 0
2094.86 0
2095.49 0
2096.11 0
2096.74 0
2097.36 0
2097.98 0
2098.61 0
2099.23 0
2099.86 0
2100.48 0
2101.1 0
2101.73 0
2102.35 0
2102.98 0
2103.6 0
2104.22 0
2104.85 0
2105.47 0
2106.1 0
2106.72 0
2107.34 0
2107.97 0
2108.59 0
2109.22 0
2109.84 0
2110.46 0
2111.09 0
2111.71 0
2112.34 0
2112.96 0
2113.58 0
2114.21 0
2114.83 0
2115.46 0
2116.08 0
2116.7 0
2117.33 0
2117.95 0
2118.58 0
2119.2 0
2119.82 0
2120.45 0
2121.07 0
2121.7 0
2122.32 0
2122.95 0
2123.57 0
2124.19 0
2124.82 0
2125.44 0
2126.07 0
2126.69 0
2127.31 0
2127.94 0
2128.56 0
2129.19 0
2129.81 0
2130.43 0
2131.06 0
2131.68 0
2132.31 0
2132.93 0
2133.55 0
2134.18 0
2134.8 0
2135.43 0
2136.05 0
2136.67 0
2137.3 0
2137.92 0
2138.55 0
2139.17 0
2139.79 0
2140.42 0
2141.04 0
2141.67 0
2142.29 0
2142.91 0
2143.54 0
2144.16 0
2144.79 0
2145.41 0
2146.03 0
2146.66 0
2147.28 0
2147.91 0
2148.53 0
2149.15 0
2149.78 0
2150.4 0
2151.03 0
2151.65 0
2152.27 0
2152.9 0
2153.52 0
2154.15 0
2154.77 0
2155.39 0
2156.02 0
2156.64 0
2157.27 0
2157.89 0
2158.51 0
2159.14 0
2159.76 0
2160.39 0
2161.01 0
2161.63 0
2162.26 0
2162.88 0
2163.51 0
2164.13 0
2164.76 0
2165.38 0
2166 0
2166.63 0
2167.25 0
2167.88 0
2168.5 0
2169.12 0
2169.75 0
2170.37 0
2171 0
2171.62 0
2172.24 0
2172.87 0
2173.49 0
2174.12 0
2174.74 0
2175.36 0
2175.99 0
2176.61 0
2177.24 0
2177.86 0
2178.48 0
2179.11 0
2179.73 0
2180.36 0
2180.98 0
2181.6 0
2182.23 0
2182.85 0
2183.48 0
2184.1 0
2184.72 0
2185.35 0
2185.97 0
2186.6 0
2187.22 0
2187.84 0
2188.47 0
2189.09 0
2189.72 0
2190.34 0
2190.96 0
2191.59 0
2192.21 0
2192.84 0
2193.46 0
2194.08 0
2194.71 0
2195.33 0
2195.96 0
2196.58 0
2197.2 0
2197.83 0
2198.45 0
2199.08 0
2199.7 0
2200.32 0
2200.95 0
2201.57 0
2202.2 0
2202.82 0
2203.44 0
2204.07 0
2204.69 0
2205.32 0
2205.94 0
2206.57 0
2207.19 0
2207.81 0
2208.44 0
2209.06 0
2209.69 0
2210.31 0
2210.93 0
2211.56 0
2212.18 0
2212.81 0
2213.43 0
2214.05 0
2214.68 0
2215.3 0
2215.93 0
2216.55 0
2217.17 0
2217.8 0
2218.42 0
2219.05 0
2219.67 0
2220.29 0
2220.92 0
2221.54 0
2222.17 0
2222.79 0
2223.41 0
2224.04 0
2224.66 0
2225.29 0
2225.91 0
2226.53 0
2227.16 0
2227.78 0
2228.41 0
2229.03 0
2229.65 0
2230.28 0
2230.9 0
2231.53 0
2232.15 0
2232.77 0
2233.4 0
2234.02 0
2234.65 0
2235.27 0
2235.89 0
2236.52 0
2237.14 0
2237.77 0
2238.39 0
2239.01 0
2239.64 0
2240.26 0
2240.89 0
2241.51 0
2242.13 0
2242.76 0
2243.38 0
2244.01 0
2244.63 0
2245.26 0
2245.88 0
2246.5 0
2247.13 0
2247.75 0
2248.38 0
2249 0
2249.62 0
2250.25 0
2250.87 0
2251.5 0
2252.12 0
2252.74 0
2253.37 0
2253.99 0
2254.62 0
2255.24 0
2255.86 0
2256.49 0
2257.11 0
2257.74 0
2258.36 0
2258.98 0
2259.61 0
2260.23 0
2260.86 0
2261.48 0
2262.1 0
2262.73 0
2263.35 0
2263.98 0
2264.6 0
2265.22 0
2265.85 0
2266.47 0
2267.1 0
2267.72 0
2268.34 0
2268.97 0
2269.59 0
2270.22 0
2270.84 0
2271.46 0
2272.09 0
2272.71 0
2273.34 0
2273.96 0
2274.58 0
2275.21 0
2275.83 0
2276.46 0
2277.08 0
2277.7 0
2278.33 0
2278.95 0
2279.58 0
2280.2 0
2280.82 0
2281.45 0
2282.07 0
2282.7 0
2283.32 0
2283.94 0
2284.57 0
2285.19 0
2285.82 0
2286.44 0
2287.07 0
2287.69 0
2288.31 0
2288.94 0
2289.56 0
2290.19 0
2290.81 0
2291.43 0
2292.06 0
2292.68 0
2293.31 0
2293.93 0
2294.55 0
2295.18 0
2295.8 0
2296.43 0
2297.05 0
2297.67 0
2298.3 0
2298.92 0
2299.55 0
2300.17 0
2300.79 0
2301.42 0
2302.04 0
2302.67 0
2303.29 0
2303.91 0
2304.54 0
2305.16 0
2305.79 0
2306.41 0
2307.03 0
2307.66 0
2308.28 0
2308.91 0
2309.53 0
2310.15 0
2310.78 0
2311.4 0
2312.03 0
2312.65 0
2313.27 0
2313.9 0
2314.52 0
2315.15 0
2315.77 0
2316.39 0
2317.02 0
2317.64 0
2318.27 0
2318.89 0
2319.51 0
2320.14 0
2320.76 0
2321.39 0
2322.01 0
2322.63 0
2323.26 0
2323.88 0
2324.51 0
2325.13 0
2325.75 0
2326.38 0
2327 0
2327.63 0
2328.25 0
2328.88 0
2329.5 0
2330.12 0
2330.75 0
2331.37 0
2332 0
2332.62 0
2333.24 0
2333.87 0
2334.49 0
2335.12 0
2335.74 0
2336.36 0
2336.99 0
2337.61 0
2338.24 0
2338.86 0
2339.48 0
2340.11 0
2340.73 0
2341.36 0
2341.98 0
2342.6 0
2343.23 0
2343.85 0
2344.48 0
2345.1 0
2345.72 0
2346.35 0
2346.97 0
2347.6 0
2348.22 0
2348.84 0
2349.47 0
2350.09 0
2350.72 0
2351.34 0
2351.96 0
2352.59 0
2353.21 0
2353.84 0
2354.46 0
2355.08 0
2355.71 0
2356.33 0
2356.96 0
2357.58 0
2358.2 0
2358.83 0
2359.45 0
2360.08 0
2360.7 0
2361.32 0
2361.95 0
2362.57 0
2363.2 0
2363.82 0
2364.44 0
2365.07 0
2365.69 0
2366.32 0
2366.94 0
2367.56 0
2368.19 0
2368.81 0
2369.44 0
2370.06 0
2370.69 0
2371.31 0
2371.93 0
2372.56 0
2373.18 0
2373.81 0
2374.43 0
2375.05 0
2375.68 0
2376.3 0
2376.93 0
2377.55 0
2378.17 0
2378.8 0
2379.42 0
2380.05 0
2380.67 0
2381.29 0
2381.92 0
2382.54 0
2383.17 0
2383.79 0
2384.41 0
2385.04 0
2385.66 0
2386.29 0
2386.91 0
2387.53 0
2388.16 0
2388.78 0
2389.41 0
2390.03 0
2390.65 0
2391.28 0
2391.9 0
2392.53 0
2393.15 0
2393.77 0
2394.4 0
2395.02 0
2395.65 0
2396.27 0
2396.89 0
2397.52 0
2398.14 0
2398.77 0
2399.39 0
2400.01 0
2400.64 0
2401.26 0
2401.89 0
2402.51 0
2403.13 0
2403.76 0
2404.38 0
2405.01 0
2405.63 0
2406.25 0
2406.88 0
2407.5 0
2408.13 0
2408.75 0
2409.37 0
2410 0
2410.62 0
2411.25 0
2411.87 0
2412.5 0
2413.12 0
2413.74 0
2414.37 0
2414.99 0
2415.62 0
2416.24 0
2416.86 0
2417.49 0
2418.11 0
2418.74 0
2419.36 0
2419.98 0
2420.61 0
2421.23 0
2421.86 0
2422.48 0
2423.1 0
2423.73 0
2424.35 0
2424.98 0
2425.6 0
2426.22 0
2426.85 0
2427.47 0
2428.1 0
2428.72 0
2429.34 0
2429.97 0
2430.59 0
2431.22 0
2431.84 0
2432.46 0
2433.09 0
2433.71 0
2434.34 0
2434.96 0
2435.58 0
2436.21 0
2436.83 0
2437.46 0
2438.08 0
2438.7 0
2439.33 0
2439.95 0
2440.58 0
2441.2 0
2441.82 0
2442.45 0
2443.07 0
2443.7 0
2444.32 0
2444.94 0
2445.57 0
2446.19 0
2446.82 0
2447.44 0
2448.06 0
2448.69 0
2449.31 0
2449.94 0
2450.56 0
2451.18 0
2451.81 0
2452.43 0
2453.06 0
2453.68 0
2454.31 0
2454.93 0
2455.55 0
2456.18 0
2456.8 0
2457.43 0
2458.05 0
2458.67 0
2459.3 0
2459.92 0
2460.55 0
2461.17 0
2461.79 0
2462.42 0
2463.04 0
2463.67 0
2464.29 0
2464.91 0
2465.54 0
2466.16 0
2466.79 0
2467.41 0
2468.03 0
2468.66 0
2469.28 0
2469.91 0
2470.53 0
2471.15 0
2471.78 0
2472.4 0
2473.03 0
2473.65 0
2474.27 0
2474.9 0
2475.52 0
2476.15 0
2476.77 0
2477.39 0
2478.02 0
2478.64 0
2479.27 0
2479.89 0
2480.51 0
2481.14 0
2481.76 0
2482.39 0
2483.01 0
2483.63 0
2484.26 0
2484.88 0
2485.51 0
2486.13 0
2486.75 0
2487.38 0
2488 0
2488.63 0
2489.25 0
2489.87 0
2490.5 0
2491.12 0
2491.75 0
2492.37 0
2492.99 0
2493.62 0
2494.24 0
2494.87 0
2495.49 0
2496.12 0
2496.74 0
2497.36 0
2497.99 0
2498.61 0
2499.24 0
2499.86 0
2500.48 0
2501.11 0
2501.73 0
2502.36 0
2502.98 0
2503.6 0
2504.23 0
2504.85 0
2505.48 0
2506.1 0
2506.72 0
2507.35 0
2507.97 0
2508.6 0
2509.22 0
2509.84 0
2510.47 0
2511.09 0
2511.72 0
2512.34 0
2512.96 0
2513.59 0
2514.21 0
2514.84 0
2515.46 0
2516.08 0
2516.71 0
2517.33 0
2517.96 0
2518.58 0
2519.2 0
2519.83 0
2520.45 0
2521.08 0
2521.7 0
2522.32 0
2522.95 0
2523.57 0
2524.2 0
2524.82 0
2525.44 0
2526.07 0
2526.69 0
2527.32 0
2527.94 0
2528.56 0
2529.19 0
2529.81 0
2530.44 0
2531.06 0
2531.68 0
2532.31 0
2532.93 0
2533.56 0
2534.18 0
2534.81 0
2535.43 0
2536.05 0
2536.68 0
2537.3 0
2537.93 0
2538.55 0
2539.17 0
2539.8 0
2540.42 0
2541.05 0
2541.67 0
2542.29 0
2542.92 0
2543.54 0
2544.17 0
2544.79 0
2545.41 0
2546.04 0
2546.66 0
2547.29 0
2547.91 0
2548.53 0
2549.16 0
2549.78 0
2550.41 0
2551.03 0
2551.65 0
2552.28 0
2552.9 0
2553.53 0
2554.15 0
2554.77 0
2555.4 0
2556.02 0
2556.65 0
2557.27 0
2557.89 0
2558.52 0
2559.14 0
2559.77 0
2560.39 0
2561.01 0
2561.64 0
2562.26 0
2562.89 0
2563.51 0
2564.13 0
2564.76 0
2565.38 0
2566.01 0
2566.63 0
2567.25 0
2567.88 0
2568.5 0
2569.13 0
2569.75 0
2570.37 0
2571 0
2571.62 0
2572.25 0
2572.87 0
2573.49 0
2574.12 0
2574.74 0
2575.37 0
2575.99 0
2576.62 0
2577.24 0
2577.86 0
2578.49 0
2579.11 0
2579.74 0
2580.36 0
2580.98 0
2581.61 0
2582.23 0
2582.86 0
2583.48 0
2584.1 0
2584.73 0
2585.35 0
2585.98 0
2586.6 0
2587.22 0
2587.85 0
2588.47 0
2589.1 0
2589.72 0
2590.34 0
2590.97 0
2591.59 0
2592.22 0
2592.84 0
2593.46 0
2594.09 0
2594.71 0
2595.34 0
2595.96 0
2596.58 0
2597.21 0
2597.83 0
2598.46 0
2599.08 8.08214e-05
2599.7 8.08214e-05
2600.33 8.08214e-05
2600.95 8.08214e-05
2601.58 8.08214e-05
2602.2 8.08214e-05
2602.82 8.08214e-05
2603.45 8.08214e-05
2604.07 8.08214e-05
2604.7 0.208689
2605.32 0.246888
2605.94 0.288858
2606.57 0.334235
2607.19 0.382478
2607.82 0.432863
2608.44 0.484493
2609.06 0
2609.69 0
2610.31 0
2610.94 0
2611.56 0
2612.18 0
2612.81 0
2613.43 0
2614.06 0
2614.68 0
2615.3 0
2615.93 0
2616.55 0
2617.18 0
2617.8 0
2618.43 0
2619.05 0
2619.67 0
2620.3 0
2620.92 0
2621.55 0
2622.17 0
2622.79 0
2623.42 0
2624.04 0
2624.67 0
2625.29 0
2625.91 0
2626.54 0
2627.16 0
2627.79 0
2628.41 0
2629.03 0
2629.66 0
2630.28 0
2630.91 0
2631.53 0
2632.15 0
2632.78 0
2633.4 0
2634.03 0
2634.65 0
2635.27 0
2635.9 0
2636.52 0
2637.15 0
2637.77 0
2638.39 0
2639.02 0
2639.64 0
2640.27 0
2640.89 0
2641.51 0
2642.14 0
2642.76 0
2643.39 0
2644.01 0
2644.63 0
2645.26 0
2645.88 0
2646.51 0
2647.13 0
2647.75 0
2648.38 0
2649 0
2649.63 0
2650.25 0
2650.87 0
2651.5 0
2652.12 0
2652.75 0
2653.37 0
2653.99 0
2654.62 0
2655.24 0
2655.87 0
2656.49 0
2657.11 0
2657.74 0
2658.36 0
2658.99 0
2659.61 0
2660.24 0
2660.86 0
2661.48 0
2662.11 0
2662.73 0
2663.36 0
2663.98 0
2664.6 0
2665.23 0
2665.85 0
2666.48 0
2667.1 0
2667.72 0
2668.35 0
2668.97 0
2669.6 0
2670.22 0
2670.84 0
2671.47 0
2672.09 0
2672.72 0
2673.34 0
2673.96 0
2674.59 0
2675.21 0
2675.84 0
2676.46 0
2677.08 0
2677.71 0
2678.33 0
2678.96 0
2679.58 0
2680.2 0
2680.83 0
2681.45 0
2682.08 0
2682.7 0
2683.32 0
2683.95 0
2684.57 0
2685.2 0
2685.82 0
2686.44 0
2687.07 0
2687.69 0
2688.32 0
2688.94 0
2689.56 0
2690.19 0
2690.81 0
2691.44 0
2692.06 0
2692.68 0
2693.31 0
2693.93 0
2694.56 0
2695.18 0
2695.8 0
2696.43 0
2697.05 0
2697.68 0
2698.3 0
2698.92 0
2699.55 0
2700.17 0
2700.8 0
2701.42 0
2702.05 0
2702.67 0
2703.29 0
2703.92 0
2704.54 0
2705.17 0
2705.79 0
2706.41 0
2707.04 0
2707.66 0
2708.29 0
2708.91 0
2709.53 0
2710.16 0
2710.78 0
2711.41 0
2712.03 0
2712.65 0
2713.28 0
2713.9 0
2714.53 0
2715.15 0
2715.77 0
2716.4 0
2717.02 0
2717.65 0
2718.27 0
2718.89 0
2719.52 0
2720.14 0
2720.77 0
2721.39 0
2722.01 0
2722.64 0
2723.26 0
2723.89 0
2724.51 0
2725.13 0
2725.76 0
2726.38 0
2727.01 0
2727.63 0
2728.25 0
2728.88 0
2729.5 0
2730.13 0
2730.75 0
2731.37 0
2732 0
2732.62 0
2733.25 0
2733.87 0
2734.49 0
2735.12 0
2735.74 0
2736.37 0
2736.99 0
2737.61 0
2738.24 0
2738.86 0
2739.49 0
2740.11 0
2740.73 0
2741.36 0
2741.98 0
2742.61 0
2743.23 0
2743.86 0
2744.48 0
2745.1 0
2745.73 0
2746.35 0
2746.98 0
2747.6 0
2748.22 0
2748.85 0
2749.47 0
2750.1 0
2750.72 0
2751.34 0
2751.97 0
2752.59 0
2753.22 0
2753.84 0
2754.46 0
2755.09 0
2755.71 0
2756.34 0
2756.96 0
2757.58 0
2758.21 0
2758.83 0
2759.46 0
2760.08 0
2760.7 0
2761.33 0
2761.95 0
2762.58 0
2763.2 0
2763.82 0
2764.45 0
2765.07 0
2765.7 0
2766.32 0
2766.94 0
2767.57 0
2768.19 0
2768.82 0
2769.44 0
2770.06 0
2770.69 0
2771.31 0
2771.94 0
2772.56 0
2773.18 0
2773.81 0
2774.43 0
2775.06 0
2775.68 0
2776.3 0
2776.93 0
2777.55 0
2778.18 0
2778.8 0
2779.42 0
2780.05 0
2780.67 0
2781.3 0
2781.92 0
2782.54 0
2783.17 0
2783.79 0
2784.42 0
2785.04 0
2785.67 0
2786.29 0
2786.91 0
2787.54 0
2788.16 0
2788.79 0
2789.41 0
2790.03 0
2790.66 0
2791.28 0
2791.91 0
2792.53 0
2793.15 0
2793.78 0
2794.4 0
2795.03 0
2795.65 0
2796.27 0
2796.9 0
2797.52 0
2798.15 0
2798.77 0
2799.39 0
2800.02 0
2800.64 0
2801.27 0
2801.89 0
2802.51 0
2803.14 0
2803.76 0
2804.39 0
2805.01 0
2805.63 0
2806.26 0
2806.88 0
2807.51 0
2808.13 0
2808.75 0
2809.38 0
2810 0
2810.63 0
2811.25 0
2811.87 0
2812.5 0
2813.12 0
2813.75 0
2814.37 0
2814.99 0
2815.62 0
2816.24 0
2816.87 0
2817.49 0
2818.11 0
2818.74 0
2819.36 0
2819.99 0
2820.61 0
2821.23 0
2821.86 0
2822.48 0
2823.11 0
2823.73 0
2824.36 0
2824.98 0
2825.6 0
2826.23 0
2826.85 0
2827.48 0
2828.1 0
2828.72 0
2829.35 0
2829.97 0
2830.6 0
2831.22 0
2831.84 0
2832.47 0
2833.09 0
2833.72 0
2834.34 0
2834.96 0
2835.59 0
2836.21 0
2836.84 0
2837.46 0
2838.08 0
2838.71 0
2839.33 0
2839.96 0
2840.58 0
2841.2 0
2841.83 0
2842.45 0
2843.08 0
2843.7 0
2844.32 0
2844.95 0
2845.57 0
2846.2 0
2846.82 0
2847.44 0
2848.07 0
2848.69 0
2849.32 0
2849.94 0
2850.56 0
2851.19 0
2851.81 0
2852.44 0
2853.06 0
2853.68 0
2854.31 0
2854.93 0
2855.56 0
2856.18 0
2856.8 0
2857.43 0
2858.05 0
2858.68 0
2859.3 0
2859.92 0
2860.55 0
2861.17 0
2861.8 0
2862.42 0
2863.04 0
2863.67 0
2864.29 0
2864.92 0
2865.54 0
2866.17 0
2866.79 0
2867.41 0
2868.04 0
2868.66 0
2869.29 0
2869.91 0
2870.53 0
2871.16 0
2871.78 0
2872.41 0
2873.03 0
2873.65 0
2874.28 0
2874.9 0
2875.53 0
2876.15 0
2876.77 0
2877.4 0
2878.02 0
2878.65 0
2879.27 0
2879.89 0
2880.52 0
2881.14 0
2881.77 0
2882.39 0
2883.01 0
2883.64 0
2884.26 0
2884.89 0
2885.51 0
2886.13 0
2886.76 0
2887.38 0
2888.01 0
2888.63 0
2889.25 0
2889.88 0
2890.5 0
2891.13 0
2891.75 0
2892.37 0
2893 0
2893.62 0
2894.25 0
2894.87 0
2895.49 0
2896.12 0
2896.74 0
2897.37 0
2897.99 0
2898.61 0
2899.24 0
2899.86 0
2900.49 0
2901.11 0
2901.73 0
2902.36 0
2902.98 0
2903.61 0
2904.23 0
2904.85 0
2905.48 0
2906.1 0
2906.73 0
2907.35 0
2907.98 0
2908.6 0
2909.22 0
2909.85 0
2910.47 0
2911.1 0
2911.72 0
2912.34 0
2912.97 0
2913.59 0
2914.22 0
2914.84 0
2915.46 0
2916.09 0
2916.71 0
2917.34 0
2917.96 0
2918.58 0
2919.21 0
2919.83 0
2920.46 0
2921.08 0
2921.7 0
2922.33 0
2922.95 0
2923.58 0
2924.2 0
2924.82 0
2925.45 0
2926.07 0
2926.7 0
2927.32 0
2927.94 0
2928.57 0
2929.19 0
2929.82 0
2930.44 0
2931.06 0
2931.69 0
2932.31 0
2932.94 0
2933.56 0
2934.18 0
2934.81 0
2935.43 0
2936.06 0
2936.68 0
2937.3 0
2937.93 0
2938.55 0
2939.18 0
2939.8 0
2940.42 0
2941.05 0
2941.67 0
2942.3 0
2942.92 0
2943.54 0
2944.17 0
2944.79 0
2945.42 0
2946.04 0
2946.66 0
2947.29 0
2947.91 0
2948.54 0
2949.16 0
2949.79 0
2950.41 0
2951.03 0
2951.66 0
2952.28 0
2952.91 0
2953.53 0
2954.15 0
2954.78 0
2955.4 0
2956.03 0
2956.65 0
2957.27 0
2957.9 0
2958.52 0
2959.15 0
2959.77 0
2960.39 0
2961.02 0
2961.64 0
2962.27 0
2962.89 0
2963.51 0
2964.14 0
2964.76 0
2965.39 0
2966.01 0
2966.63 0
2967.26 0
2967.88 0
2968.51 0
2969.13 0
2969.75 0
2970.38 0
2971 0
2971.63 0
2972.25 0
2972.87 0
2973.5 0
2974.12 0
2974.75 0
2975.37 0
2975.99 0
2976.62 0
2977.24 0
2977.87 0
2978.49 0
2979.11 0
2979.74 0
2980.36 0
2980.99 0
2981.61 0
2982.23 0
2982.86 0
2983.48 0
2984.11 0
2984.73 0
2985.35 0
2985.98 0
2986.6 0
2987.23 0
2987.85 0
2988.47 0
2989.1 0
2989.72 0
2990.35 0
2990.97 0
2991.6 0
2992.22 0
2992.84 0
2993.47 0
2994.09 0
2994.72 0
2995.34 0
2995.96 0
2996.59 0
2997.21 0
2997.84 0
2998.46 0
2999.08 0
2999.71 0
3000.33 0
3000.96 0
3001.58 0
3002.2 0
3002.83 0
3003.45 0
3004.08 0
3004.7 0
3005.32 0
3005.95 0
3006.57 0
3007.2 0
3007.82 0
3008.44 0
3009.07 0
3009.69 0
3010.32 0
3010.94 0
3011.56 0
3012.19 0
3012.81 0
3013.44 0
3014.06 0
3014.68 0
3015.31 0
3015.93 0
3016.56 0
3017.18 0
3017.8 0
3018.43 0
3019.05 0
3019.68 0
3020.3 0
3020.92 0
3021.55 0
3022.17 0
3022.8 0
3023.42 0
3024.04 0
3024.67 0
3025.29 0
3025.92 0
3026.54 0
3027.16 0
3027.79 0
3028.41 0
3029.04 0
3029.66 0
3030.28 0
3030.91 0
3031.53 0
3032.16 0
3032.78 0
3033.41 0
3034.03 0
3034.65 0
3035.28 0
3035.9 0
3036.53 0
3037.15 0
3037.77 0
3038.4 0
3039.02 0
3039.65 0
3040.27 0
3040.89 0
3041.52 0
3042.14 0
3042.77 0
3043.39 0
3044.01 0
3044.64 0
3045.26 0
3045.89 0
3046.51 0
3047.13 0
3047.76 0
3048.38 0
3049.01 0
3049.63 0
3050.25 0
3050.88 0
3051.5 0
3052.13 0
3052.75 0
3053.37 0
3054 0
3054.62 0
3055.25 0
3055.87 0
3056.49 0
3057.12 0
3057.74 0
3058.37 0
3058.99 0
3059.61 0
3060.24 0
3060.86 0
3061.49 0
3062.11 0
3062.73 0
3063.36 0
3063.98 0
3064.61 0
3065.23 0
3065.85 0
3066.48 0
3067.1 0
3067.73 0
3068.35 0
3068.97 0
3069.6 0
3070.22 0
3070.85 0
3071.47 0
3072.09 0
3072.72 0
3073.34 0
3073.97 0
3074.59 0
3075.22 0
3075.84 0
3076.46 0
3077.09 0
3077.71 0
3078.34 0
3078.96 0
3079.58 0
3080.21 0
3080.83 0
3081.46 0
3082.08 0
3082.7 0
3083.33 0
3083.95 0
3084.58 0
3085.2 0
3085.82 0
3086.45 0
3087.07 0
3087.7 0
3088.32 0
3088.94 0
3089.57 0
3090.19 0
3090.82 0
3091.44 0
3092.06 0
3092.69 0
3093.31 0
3093.94 0
3094.56 0
3095.18 0
3095.81 0
3096.43 0
3097.06 0
3097.68 0
3098.3 0
3098.93 0
3099.55 0
3100.18 0
3100.8 0
3101.42 0
3102.05 0
3102.67 0
3103.3 0
3103.92 0
3104.54 0
3105.17 0
3105.79 0
3106.42 0
3107.04 0
3107.66 0
3108.29 0
3108.91 0
3109.54 0
3110.16 0
3110.78 0
3111.41 0
3112.03 0
3112.66 0
3113.28 0
3113.9 0
3114.53 0
3115.15 0
3115.78 0
3116.4 0
3117.03 0
3117.65 0
3118.27 0
3118.9 0
3119.52 0
3120.15 0
3120.77 0
