0.955008 0
2.27904 0
3.60308 0
4.92711 0
6.25115 0
7.57518 0
8.89922 0
10.2233 0
11.5473 0
12.8713 0
14.1954 0
15.5194 0
16.8434 0
18.1675 0
19.4915 0
20.8155 0
22.1396 0
23.4636 0
24.7876 0
26.1117 0
27.4357 0
28.7597 0
30.0838 0
31.4078 0
32.7318 0
34.0559 0
35.3799 0
36.7039 0
38.028 0
39.352 0
40.676 0
42.0001 0
43.3241 0
44.6482 0
45.9722 0
47.2962 0
48.6203 0
49.9443 0
51.2683 0
52.5924 0
53.9164 0
55.2404 0
56.5645 0
57.8885 0
59.2125 0
60.5366 0
61.8606 0
63.1846 0
64.5087 0
65.8327 0
67.1567 0
68.4808 0
69.8048 0
71.1288 0
72.4529 0
73.7769 0
75.101 0
76.425 0
77.749 0
79.0731 0
80.3971 0
81.7211 0
83.0452 0
84.3692 0
85.6932 0
87.0173 0
88.3413 0
89.6653 0
90.9894 0
92.3134 0
93.6374 0
94.9615 0
96.2855 0
97.6095 0
98.9336 0
100.258 0
101.582 0
102.906 0
104.23 0
105.554 0
106.878 0
108.202 0
109.526 0
110.85 0
112.174 0
113.498 0
114.822 0
116.146 0
117.47 0
118.794 0
120.118 0
121.442 0
122.766 0
124.09 0
125.414 0
126.738 0
128.062 0
129.386 0
130.71 0
132.034 0
133.358 0
134.683 0
136.007 0
137.331 0
138.655 0
139.979 0
141.303 0
142.627 0
143.951 0
145.275 0
146.599 0
147.923 0
149.247 0
150.571 0
151.895 0
153.219 0
154.543 0
155.867 0
157.191 0
158.515 0
159.839 0
161.163 0
162.487 0
163.811 0
165.135 0
166.459 0
167.783 0
169.107 0
170.431 0
171.755 0
173.08 0
174.404 0
175.728 0
177.052 0
178.376 0
179.7 0
181.024 0
182.348 0
183.672 0
184.996 0
186.32 0
187.644 0
188.968 0
190.292 0
191.616 0
192.94 0
194.264 0
195.588 0
196.912 0
198.236 0
199.56 0
200.884 0
202.208 0
203.532 0
204.856 0
206.18 0
207.504 0
208.828 0
210.152 0
211.477 0
212.801 0
214.125 0
215.449 0
216.773 0
218.097 0
219.421 0
220.745 0
222.069 0
223.393 0
224.717 0
226.041 0
227.365 0
228.689 0
230.013 0
231.337 0
232.661 0
233.985 0
235.309 0
236.633 0
237.957 0
239.281 0
240.605 0
241.929 0
243.253 0
244.577 0
245.901 0
247.225 0
248.55 0
249.874 0
251.198 0
252.522 0
253.846 0
255.17 0
256.494 0
257.818 0
259.142 0
260.466 0
261.79 0
263.114 0
264.438 0
265.762 0
267.086 0
268.41 0
269.734 0
271.058 0
272.382 0
273.706 0
275.03 0
276.354 0
277.678 0
279.002 0
280.326 0
281.65 0
282.974 0
284.298 0
285.622 0
286.947 0
288.271 0
289.595 0
290.919 0
292.243 0
293.567 0
294.891 0
296.215 0
297.539 0
298.863 0
300.187 0
301.511 0
302.835 0
304.159 0
305.483 0
306.807 0
308.131 0
309.455 0
310.779 0
312.103 0
313.427 0
314.751 0
316.075 0
317.399 0
318.723 0
320.047 0
321.371 0
322.695 0
324.019 0
325.344 0
326.668 0
327.992 0
329.316 0
330.64 0
331.964 0
333.288 0
334.612 0
335.936 0
337.26 0
338.584 0
339.908 0
341.232 0
342.556 0
343.88 0
345.204 0
346.528 0
347.852 0
349.176 0
350.5 0
351.824 0
353.148 0
354.472 0
355.796 0
357.12 0
358.444 0
359.768 0
361.092 0
362.416 0
363.741 0
365.065 0
366.389 0
367.713 0
369.037 0
370.361 0
371.685 0
373.009 0
374.333 0
375.657 0
376.981 0
378.305 0
379.629 0
380.953 0
382.277 0
383.601 0
384.925 0
386.249 0
387.573 0
388.897 0
390.221 0
391.545 0
392.869 0
394.193 0
395.517 0
396.841 0
398.165 0
399.489 0
400.813 0
402.138 0
403.462 0
404.786 0
406.11 0
407.434 0
408.758 0
410.082 0
411.406 0
412.73 0
414.054 0
415.378 0
416.702 0
418.026 0
419.35 0
420.674 0
421.998 0
423.322 0
424.646 0
425.97 0
427.294 0
428.618 0
429.942 0
431.266 0
432.59 0
433.914 0
435.238 0
436.562 0
437.886 0
439.211 0
440.535 0
441.859 0
443.183 0
444.507 0
445.831 0
447.155 0
448.479 0
449.803 0
451.127 0
452.451 0
453.775 0
455.099 0
456.423 0
457.747 0
459.071 0
460.395 0
461.719 0
463.043 0
464.367 0
465.691 0
467.015 0
468.339 0
469.663 0
470.987 0
472.311 0
473.635 0
474.959 0
476.283 0
477.608 0
478.932 0
480.256 0
481.58 0
482.904 0
484.228 0
485.552 0
486.876 0
488.2 0
489.524 0
490.848 0
492.172 0
493.496 0
494.82 0
496.144 0
497.468 0
498.792 0
500.116 0
501.44 0
502.764 0
504.088 0
505.412 0
506.736 0
508.06 0
509.384 0
510.708 0
512.032 0
513.356 0
514.68 0
516.005 0
517.329 0
518.653 0
519.977 0
521.301 0
522.625 0
523.949 0
525.273 0
526.597 0
527.921 0
529.245 0
530.569 0
531.893 0
533.217 0
534.541 0
535.865 0
537.189 0
538.513 0
539.837 0
541.161 0
542.485 0
543.809 0
545.133 0
546.457 0
547.781 0
549.105 0
550.429 0
551.753 0
553.077 0
554.402 0
555.726 0
557.05 0
558.374 0
559.698 0
561.022 0
562.346 0
563.67 0
564.994 1081.98
566.318 1103.89
567.642 1125.81
568.966 1147.72
570.29 1169.63
571.614 1191.54
572.938 1213.45
574.262 67.0505
575.586 90.3036
576.91 113.552
578.234 136.796
579.558 160.035
580.882 183.27
582.206 206.501
583.53 229.727
584.854 0
586.178 0
587.502 0
588.826 0
590.15 0
591.474 0
592.799 0
594.123 0
595.447 0
596.771 0
598.095 0
599.419 0
600.743 0
602.067 0
603.391 0
604.715 0
606.039 0
607.363 0
608.687 0
610.011 0
611.335 0
612.659 0
613.983 0
615.307 0
616.631 0
617.955 0
619.279 0
620.603 0
621.927 0
623.251 0
624.575 0
625.899 0
627.223 0
628.547 0
629.872 0
631.196 0
632.52 0
633.844 0
635.168 0
636.492 0
637.816 0
639.14 0
640.464 0
641.788 0
643.112 0
644.436 0
645.76 0
647.084 0
648.408 0
649.732 0
651.056 0
652.38 0
653.704 0
655.028 0
656.352 0
657.676 0
659 0
660.324 0
661.648 0
662.972 0
664.296 0
665.62 0
666.944 0
668.269 0
669.593 0
670.917 0
672.241 0
673.565 0
674.889 0
676.213 0
677.537 0
678.861 0
680.185 0
681.509 0
682.833 0
684.157 0
685.481 0
686.805 0
688.129 0
689.453 0
690.777 0
692.101 0
693.425 0
694.749 0
696.073 0
697.397 0
698.721 0
700.045 0
701.369 0
702.693 0
704.017 0
705.341 0
706.666 0
707.99 124.159
709.314 124.871
710.638 125.583
711.962 126.295
713.286 127.007
714.61 127.719
715.934 128.431
717.258 129.143
718.582 129.856
719.906 130.568
721.23 131.28
722.554 131.992
723.878 132.704
725.202 133.416
726.526 134.128
727.85 134.84
729.174 0
730.498 0
731.822 0
733.146 0
734.47 0
735.794 0
737.118 0
738.442 0
739.766 0
741.09 0
742.414 0
743.738 0
745.063 0
746.387 0
747.711 0
749.035 0
750.359 0
751.683 0
753.007 0
754.331 0
755.655 0
756.979 0
758.303 0
759.627 0
760.951 0
762.275 0
763.599 0
764.923 0
766.247 0
767.571 0
768.895 0
770.219 0
771.543 0
772.867 0
774.191 0
775.515 0
776.839 0
778.163 0
779.487 0
780.811 0
782.135 0
783.46 0
784.784 0
786.108 0
787.432 0
788.756 0
790.08 0
791.404 0
792.728 0
794.052 0
795.376 0
796.7 0
798.024 0
799.348 0
800.672 0
801.996 0
803.32 0
804.644 0
805.968 0
807.292 0
808.616 0
809.94 0
811.264 0
812.588 0
813.912 0
815.236 0
816.56 0
817.884 0
819.208 0
820.533 0
821.857 0
823.181 0
824.505 0
825.829 0
827.153 0
828.477 0
829.801 0
831.125 0
832.449 0
833.773 0
835.097 0
836.421 0
837.745 0
839.069 0
840.393 0
841.717 0
843.041 0
844.365 0
845.689 0
847.013 0
848.337 0
849.661 0
850.985 0
852.309 0
853.633 0
854.957 0
856.281 0
857.605 0
858.93 0
860.254 0
861.578 0
862.902 0
864.226 0
865.55 0
866.874 0
868.198 0
869.522 0
870.846 0
872.17 0
873.494 0
874.818 0
876.142 0
877.466 0
878.79 0
880.114 0
881.438 0
882.762 0
884.086 0
885.41 0
886.734 0
888.058 0
889.382 0
890.706 0
892.03 0
893.354 0
894.678 0
896.002 0
897.327 0
898.651 0
899.975 0
901.299 0
902.623 0
903.947 0
905.271 0
906.595 0
907.919 0
909.243 0
910.567 0
911.891 0
913.215 0
914.539 0
915.863 0
917.187 0
918.511 0
919.835 0
921.159 0
922.483 0
923.807 0
925.131 0
926.455 0
927.779 0
929.103 0
930.427 0
931.751 0
933.075 0
934.399 0
935.724 0
937.048 0
938.372 0
939.696 0
941.02 0
942.344 0
943.668 0
944.992 0
946.316 0
947.64 0
948.964 0
950.288 0
951.612 0
952.936 0
954.26 0
955.584 0
956.908 0
958.232 0
959.556 0
960.88 0
962.204 0
963.528 0
964.852 0
966.176 0
967.5 0
968.824 0
970.148 0
971.472 0
972.796 0
974.121 0
975.445 0
976.769 0
978.093 0
979.417 0
980.741 0
982.065 0
983.389 0
984.713 0
986.037 0
987.361 0
988.685 0
990.009 0
991.333 0
992.657 0
993.981 0
995.305 0
996.629 0
997.953 0
999.277 0
1000.6 0
1001.93 0
1003.25 0
1004.57 0
1005.9 0
1007.22 0
1008.55 0
1009.87 0
1011.19 0
1012.52 0
1013.84 0
1015.17 0
1016.49 0
1017.81 0
1019.14 0
1020.46 0
1021.79 0
1023.11 0
1024.43 0
1025.76 0
1027.08 0
1028.41 0
1029.73 0
1031.05 0
1032.38 0
1033.7 0
1035.03 0
1036.35 0
1037.67 0
1039 0
1040.32 0
1041.65 0
1042.97 0
1044.29 0
1045.62 0
1046.94 0
1048.27 0
1049.59 0
1050.91 0
1052.24 0
1053.56 0
1054.89 0
1056.21 0
1057.53 0
1058.86 0
1060.18 0
1061.51 0
1062.83 0
1064.15 0
1065.48 0
1066.8 0
1068.13 0
1069.45 0
1070.78 0
1072.1 0
1073.42 0
1074.75 0
1076.07 0
1077.4 0
1078.72 0
1080.04 0
1081.37 0
1082.69 0
1084.02 0
1085.34 0
1086.66 0
1087.99 0
1089.31 0
1090.64 0
1091.96 0
1093.28 0
1094.61 0
1095.93 0
1097.26 0
1098.58 0
1099.9 0
1101.23 0
1102.55 0
1103.88 0
1105.2 0
1106.52 0
1107.85 0
1109.17 0
1110.5 0
1111.82 0
1113.14 0
1114.47 0
1115.79 0
1117.12 0
1118.44 0
1119.76 0
1121.09 0
1122.41 0
1123.74 0
1125.06 0
1126.38 0
1127.71 0
1129.03 0
1130.36 0
1131.68 0
1133 0
1134.33 0
1135.65 0
1136.98 0
1138.3 0
1139.62 0
1140.95 0
1142.27 0
1143.6 0
1144.92 0
1146.25 0
1147.57 0
1148.89 0
1150.22 0
1151.54 0
1152.87 0
1154.19 0
1155.51 0
1156.84 0
1158.16 0
1159.49 0
1160.81 0
1162.13 0
1163.46 0
1164.78 0
1166.11 0
1167.43 0
1168.75 0
1170.08 0
1171.4 0
1172.73 0
1174.05 0
1175.37 0
1176.7 0
1178.02 0
1179.35 0
1180.67 0
1181.99 0
1183.32 0
1184.64 0
1185.97 0
1187.29 0
1188.61 0
1189.94 0
1191.26 0
1192.59 0
1193.91 0
1195.23 0
1196.56 179.596
1197.88 182.094
1199.21 184.592
1200.53 187.09
1201.85 189.588
1203.18 192.086
1204.5 194.584
1205.83 197.082
1207.15 199.58
1208.47 202.078
1209.8 204.576
1211.12 207.074
1212.45 209.572
1213.77 212.07
1215.09 214.568
1216.42 217.066
1217.74 0
1219.07 0
1220.39 0
1221.72 0
1223.04 0
1224.36 0
1225.69 0
1227.01 0
1228.34 0
1229.66 0
1230.98 0
1232.31 0
1233.63 0
1234.96 0
1236.28 0
1237.6 0
1238.93 0
1240.25 0
1241.58 0
1242.9 0
1244.22 0
1245.55 0
1246.87 0
1248.2 0
1249.52 0
1250.84 35.0282
1252.17 34.9169
1253.49 34.8056
1254.82 34.6943
1256.14 34.583
1257.46 34.4717
1258.79 34.3604
1260.11 34.2491
1261.44 34.1378
1262.76 34.0265
1264.08 33.9153
1265.41 33.804
1266.73 33.6927
1268.06 33.5814
1269.38 33.4701
1270.7 33.3588
1272.03 0
1273.35 0
1274.68 0
1276 0
1277.32 0
1278.65 0
1279.97 0
1281.3 0
1282.62 0
1283.94 0
1285.27 0
1286.59 0
1287.92 0
1289.24 0
1290.56 0
1291.89 0
1293.21 0
1294.54 0
1295.86 0
1297.19 0
1298.51 0
1299.83 0
1301.16 0
1302.48 0
1303.81 0
1305.13 0
1306.45 0
1307.78 0
1309.1 0
1310.43 0
1311.75 0
1313.07 0
1314.4 0
1315.72 0
1317.05 0
1318.37 0
1319.69 0
1321.02 0
1322.34 0
1323.67 0
1324.99 0
1326.31 0
1327.64 0
1328.96 0
1330.29 0
1331.61 0
1332.93 0
1334.26 0
1335.58 0
1336.91 0
1338.23 0
1339.55 0
1340.88 0
1342.2 0
1343.53 0
1344.85 0
1346.17 0
1347.5 0
1348.82 0
1350.15 0
1351.47 0
1352.79 0
1354.12 0
1355.44 0
1356.77 0
1358.09 0
1359.41 0
1360.74 0
1362.06 0
1363.39 0
1364.71 0
1366.03 0
1367.36 252.344
1368.68 172.668
1370.01 410.011
1371.33 647.353
1372.65 884.696
1373.98 1122.04
1375.3 1359.38
1376.63 1596.72
1377.95 1834.06
1379.28 2071.41
1380.6 2308.75
1381.92 2546.09
1383.25 2783.43
1384.57 3020.77
1385.9 3258.11
1387.22 0
1388.54 0
1389.87 0
1391.19 0
1392.52 0
1393.84 0
1395.16 0
1396.49 0
1397.81 0
1399.14 0
1400.46 0
1401.78 0
1403.11 0
1404.43 0
1405.76 0
1407.08 0
1408.4 0
1409.73 0
1411.05 0
1412.38 0
1413.7 0
1415.02 0
1416.35 0
1417.67 0
1419 0
1420.32 0
1421.64 0
1422.97 0
1424.29 0
1425.62 0
1426.94 0
1428.26 0
1429.59 0
1430.91 0
1432.24 0
1433.56 0
1434.88 0
1436.21 0
1437.53 0
1438.86 0
1440.18 0
1441.5 0
1442.83 0
1444.15 0
1445.48 0
1446.8 0
1448.12 0
1449.45 0
1450.77 0
1452.1 0
1453.42 0
1454.75 0
1456.07 0
1457.39 0
1458.72 0
1460.04 0
1461.37 0
1462.69 0
1464.01 0
1465.34 0
1466.66 0
1467.99 0
1469.31 0
1470.63 0
1471.96 0
1473.28 0
1474.61 0
1475.93 0
1477.25 0
1478.58 0
1479.9 0
1481.23 0
1482.55 0
1483.87 0
1485.2 0
1486.52 0
1487.85 0
1489.17 0
1490.49 0
1491.82 0
1493.14 0
1494.47 0
1495.79 0
1497.11 0
1498.44 0
1499.76 0
1501.09 0
1502.41 0
1503.73 0
1505.06 0
1506.38 0
1507.71 0
1509.03 0
1510.35 0
1511.68 0
1513 0
1514.33 0
1515.65 0
1516.97 0
1518.3 0
1519.62 0
1520.95 0
1522.27 0
1523.59 0
1524.92 0
1526.24 0
1527.57 0
1528.89 0
1530.22 0
1531.54 0
1532.86 0
1534.19 0
1535.51 0
1536.84 0
1538.16 0
1539.48 0
1540.81 0
1542.13 0
1543.46 0
1544.78 0
1546.1 0
1547.43 0
1548.75 0
1550.08 0
1551.4 0
1552.72 0
1554.05 0
1555.37 0
1556.7 0
1558.02 0
1559.34 0
1560.67 0
1561.99 0
1563.32 0
1564.64 0
1565.96 0
1567.29 0
1568.61 270.447
1569.94 269.827
1571.26 269.208
1572.58 268.588
1573.91 267.968
1575.23 267.349
1576.56 266.729
1577.88 266.11
1579.2 265.49
1580.53 264.87
1581.85 264.251
1583.18 263.631
1584.5 263.012
1585.82 262.392
1587.15 261.773
1588.47 261.153
1589.8 260.533
1591.12 259.914
1592.44 259.294
1593.77 258.675
1595.09 258.055
1596.42 257.435
1597.74 256.816
1599.06 256.196
1600.39 0
1601.71 0
1603.04 0
1604.36 0
1605.69 0
1607.01 0
1608.33 0
1609.66 0
1610.98 0
1612.31 0
1613.63 0
1614.95 0
1616.28 0
1617.6 0
1618.93 0
1620.25 0
1621.57 0
1622.9 0
1624.22 0
1625.55 0
1626.87 0
1628.19 0
1629.52 0
1630.84 0
1632.17 0
1633.49 0
1634.81 0
1636.14 0
1637.46 0
1638.79 0
1640.11 0
1641.43 0
1642.76 0
1644.08 0
1645.41 0
1646.73 0
1648.05 0
1649.38 0
1650.7 0
1652.03 0
1653.35 0
1654.67 0
1656 0
1657.32 0
1658.65 0
1659.97 0
1661.29 0
1662.62 0
1663.94 0
1665.27 0
1666.59 0
1667.91 0
1669.24 0
1670.56 0
1671.89 9473.14
1673.21 10355.6
1674.53 11238.1
1675.86 12120.5
1677.18 13003
1678.51 0
1679.83 0
1681.16 0
1682.48 0
1683.8 0
1685.13 0
1686.45 0
1687.78 0
1689.1 0
1690.42 0
1691.75 0
1693.07 0
1694.4 0
1695.72 0
1697.04 0
1698.37 0
1699.69 0
1701.02 0
1702.34 0
1703.66 250.944
1704.99 240.851
1706.31 230.757
1707.64 220.663
1708.96 210.569
1710.28 200.475
1711.61 190.381
1712.93 180.287
1714.26 170.193
1715.58 160.099
1716.9 150.005
1718.23 139.912
1719.55 0
1720.88 0
1722.2 0
1723.52 0
1724.85 0
1726.17 0
1727.5 0
1728.82 0
1730.14 0
1731.47 0
1732.79 0
1734.12 0
1735.44 0
1736.76 0
1738.09 0
1739.41 0
1740.74 0
1742.06 0
1743.38 0
1744.71 0
1746.03 0
1747.36 0
1748.68 0
1750 0
1751.33 0
1752.65 0
1753.98 0
1755.3 0
1756.63 0
1757.95 0
1759.27 0
1760.6 0
1761.92 0
1763.25 0
1764.57 0
1765.89 0
1767.22 0
1768.54 0
1769.87 0
1771.19 0
1772.51 0
1773.84 0
1775.16 504.95
1776.49 462.186
1777.81 419.422
1779.13 376.659
1780.46 333.895
1781.78 291.131
1783.11 248.368
1784.43 205.604
1785.75 162.841
1787.08 120.077
1788.4 77.3135
1789.73 34.5499
1791.05 0
1792.37 0
1793.7 0
1795.02 0
1796.35 0
1797.67 0
1798.99 0
1800.32 0
1801.64 0
1802.97 0
1804.29 0
1805.61 0
1806.94 0
1808.26 0
1809.59 0
1810.91 0
1812.23 0
1813.56 0
1814.88 0
1816.21 0
1817.53 0
1818.85 0
1820.18 0
1821.5 0
1822.83 0
1824.15 0
1825.47 0
1826.8 0
1828.12 0
1829.45 0
1830.77 0
1832.1 0
1833.42 0
1834.74 0
1836.07 0
1837.39 0
1838.72 0
1840.04 0
1841.36 0
1842.69 0
1844.01 0
1845.34 0
1846.66 0
1847.98 0
1849.31 0
1850.63 0
1851.96 0
1853.28 0
1854.6 0
1855.93 0
1857.25 0
1858.58 0
1859.9 0
1861.22 0
1862.55 0
1863.87 0
1865.2 0
1866.52 0
1867.84 0
1869.17 0
1870.49 0
1871.82 0
1873.14 0
1874.46 0
1875.79 0
1877.11 0
1878.44 0
1879.76 0
1881.08 0
1882.41 0
1883.73 0
1885.06 0
1886.38 0
1887.7 0
1889.03 0
1890.35 0
1891.68 0
1893 0
1894.32 0
1895.65 0
1896.97 0
1898.3 0
1899.62 0
1900.94 0
1902.27 0
1903.59 0
1904.92 0
1906.24 0
1907.57 0
1908.89 0
1910.21 0
1911.54 0
1912.86 0
1914.19 0
1915.51 0
1916.83 0
1918.16 0
1919.48 0
1920.81 0
1922.13 1044.83
1923.45 1133.75
1924.78 1222.67
1926.1 1311.59
1927.43 1400.51
1928.75 1489.44
1930.07 1578.36
1931.4 1667.28
1932.72 1756.2
1934.05 1845.12
1935.37 1934.04
1936.69 2022.96
1938.02 2111.88
1939.34 2200.8
1940.67 2289.72
1941.99 2378.64
1943.31 0
1944.64 0
1945.96 0
1947.29 0
1948.61 0
1949.93 0
1951.26 0
1952.58 0
1953.91 0
1955.23 0
1956.55 0
1957.88 0
1959.2 0
1960.53 0
1961.85 0
1963.17 0
1964.5 0
1965.82 0
1967.15 0
1968.47 0
1969.79 0
1971.12 0
1972.44 0
1973.77 0
1975.09 0
1976.41 0
1977.74 0
1979.06 0
1980.39 0
1981.71 0
1983.03 0
1984.36 0
1985.68 0
1987.01 0
1988.33 0
1989.66 0
1990.98 0
1992.3 0
1993.63 0
1994.95 0
1996.28 0
1997.6 0
1998.92 0
2000.25 0
2001.57 0
2002.9 0
2004.22 0
2005.54 0
2006.87 0
2008.19 0
2009.52 0
2010.84 0
2012.16 0
2013.49 0
2014.81 0
2016.14 0
2017.46 0
2018.78 0
2020.11 0
2021.43 0
2022.76 0
2024.08 0
2025.4 0
2026.73 0
2028.05 0
2029.38 0
2030.7 0
2032.02 0
2033.35 0
2034.67 0
2036 0
2037.32 0
2038.64 0
2039.97 0
2041.29 0
2042.62 0
2043.94 0
2045.26 0
2046.59 0
2047.91 0
2049.24 0
2050.56 0
2051.88 0
2053.21 0
2054.53 0
2055.86 0
2057.18 0
2058.5 0
2059.83 0
2061.15 0
2062.48 0
2063.8 0
2065.13 0
2066.45 0
2067.77 0
2069.1 0
2070.42 0
2071.75 0
2073.07 0
2074.39 0
2075.72 0
2077.04 0
2078.37 0
2079.69 0
2081.01 0
2082.34 0
2083.66 0
2084.99 0
2086.31 0
2087.63 0
2088.96 0
2090.28 0
2091.61 0
2092.93 0
2094.25 0
2095.58 0
2096.9 0
2098.23 0
2099.55 0
2100.87 0
2102.2 0
2103.52 0
2104.85 0
2106.17 0
2107.49 0
2108.82 0
2110.14 0
2111.47 0
2112.79 0
2114.11 0
2115.44 0
2116.76 0
2118.09 0
2119.41 0
2120.73 0
2122.06 0
2123.38 0
2124.71 0
2126.03 0
2127.35 0
2128.68 0
2130 0
2131.33 0
2132.65 0
2133.97 0
2135.3 0
2136.62 0
2137.95 0
2139.27 0
2140.6 0
2141.92 0
2143.24 0
2144.57 0
2145.89 0
2147.22 0
2148.54 0
2149.86 0
2151.19 0
2152.51 0
2153.84 0
2155.16 0
2156.48 0
2157.81 0
2159.13 0
2160.46 0
2161.78 0
2163.1 0
2164.43 0
2165.75 0
2167.08 0
2168.4 0
2169.72 0
2171.05 0
2172.37 0
2173.7 0
2175.02 0
2176.34 0
2177.67 0
2178.99 0
2180.32 0
2181.64 0
2182.96 0
2184.29 0
2185.61 0
2186.94 0
2188.26 0
2189.58 0
2190.91 0
2192.23 0
2193.56 0
2194.88 0
2196.2 0
2197.53 0
2198.85 0
2200.18 0
2201.5 0
2202.82 0
2204.15 0
2205.47 0
2206.8 0
2208.12 0
2209.44 0
2210.77 0
2212.09 0
2213.42 0
2214.74 0
2216.07 0
2217.39 0
2218.71 0
2220.04 0
2221.36 0
2222.69 0
2224.01 0
2225.33 0
2226.66 0
2227.98 0
2229.31 0
2230.63 0
2231.95 0
2233.28 0
2234.6 0
2235.93 0
2237.25 0
2238.57 0
2239.9 0
2241.22 0
2242.55 0
2243.87 0
2245.19 0
2246.52 0
2247.84 0
2249.17 0
2250.49 0
2251.81 0
2253.14 0
2254.46 0
2255.79 0
2257.11 0
2258.43 0
2259.76 0
2261.08 0
2262.41 0
2263.73 0
2265.05 0
2266.38 0
2267.7 0
2269.03 0
2270.35 0
2271.67 0
2273 0
2274.32 0
2275.65 0
2276.97 0
2278.29 0
2279.62 0
2280.94 0
2282.27 0
2283.59 0
2284.91 0
2286.24 0
2287.56 0
2288.89 0
2290.21 0
2291.54 0
2292.86 0
2294.18 0
2295.51 0
2296.83 0
2298.16 0
2299.48 0
2300.8 0
2302.13 0
2303.45 0
2304.78 0
2306.1 0
2307.42 637.758
2308.75 624.535
2310.07 611.312
2311.4 598.089
2312.72 584.867
2314.04 571.644
2315.37 558.421
2316.69 545.198
2318.02 531.975
2319.34 518.752
2320.66 505.529
2321.99 492.306
2323.31 479.083
2324.64 465.861
2325.96 452.638
2327.28 439.415
2328.61 0
2329.93 0
2331.26 0
2332.58 0
2333.9 0
2335.23 0
2336.55 0
2337.88 0
2339.2 0
2340.52 0
2341.85 0
2343.17 0
2344.5 0
2345.82 0
2347.14 0
2348.47 0
2349.79 0
2351.12 0
2352.44 0
2353.76 0
2355.09 0
2356.41 0
2357.74 0
2359.06 0
2360.38 0
2361.71 0
2363.03 0
2364.36 0
2365.68 0
2367.01 0
2368.33 0
2369.65 0
2370.98 0
2372.3 0
2373.63 0
2374.95 0
2376.27 0
2377.6 0
2378.92 0
2380.25 634.561
2381.57 616.108
2382.89 597.656
2384.22 579.203
2385.54 560.75
2386.87 542.298
2388.19 523.845
2389.51 505.392
2390.84 486.939
2392.16 468.487
2393.49 450.034
2394.81 431.581
2396.13 413.129
2397.46 394.676
2398.78 376.223
2400.11 0
2401.43 0
2402.75 0
2404.08 0
2405.4 0
2406.73 0
2408.05 0
2409.37 0
2410.7 0
2412.02 0
2413.35 0
2414.67 0
2415.99 0
2417.32 7676
2418.64 7940.82
2419.97 8205.64
2421.29 8470.47
2422.61 8735.29
2423.94 9000.11
2425.26 9264.94
2426.59 9529.76
2427.91 9794.59
2429.23 10059.4
2430.56 10324.2
2431.88 10589.1
2433.21 10853.9
2434.53 11118.7
2435.85 11383.5
2437.18 11648.3
2438.5 0
2439.83 0
2441.15 0
2442.48 0
2443.8 0
2445.12 0
2446.45 0
2447.77 0
2449.1 0
2450.42 0
2451.74 0
2453.07 0
2454.39 0
2455.72 0
2457.04 0
2458.36 0
2459.69 0
2461.01 0
2462.34 0
2463.66 0
2464.98 0
2466.31 0
2467.63 0
2468.96 0
2470.28 0
2471.6 0
2472.93 0
2474.25 0
2475.58 0
2476.9 0
2478.22 0
2479.55 0
2480.87 0
2482.2 0
2483.52 0
2484.84 0
2486.17 0
2487.49 0
2488.82 0
2490.14 0
2491.46 0
2492.79 0
2494.11 0
2495.44 0
2496.76 0
2498.08 0
2499.41 0
2500.73 0
2502.06 0
2503.38 0
2504.7 0
2506.03 0
2507.35 0
2508.68 0
2510 0
2511.32 0
2512.65 0
2513.97 0
2515.3 0
2516.62 0
2517.95 0
2519.27 0
2520.59 0
2521.92 0
2523.24 0
2524.57 0
2525.89 0
2527.21 0
2528.54 0
2529.86 0
2531.19 0
2532.51 0
2533.83 0
2535.16 0
2536.48 0
2537.81 0
2539.13 0
2540.45 0
2541.78 0
2543.1 0
2544.43 0
2545.75 0
2547.07 0
2548.4 0
2549.72 0
2551.05 655.998
2552.37 769.513
2553.69 883.028
2555.02 996.542
2556.34 1110.06
2557.67 1223.57
2558.99 1337.09
2560.31 1450.6
2561.64 1564.12
2562.96 1677.63
2564.29 1791.15
2565.61 1904.66
2566.93 2018.17
2568.26 2131.69
2569.58 2245.2
2570.91 2358.72
2572.23 0
2573.55 0
2574.88 0
2576.2 0
2577.53 0
2578.85 0
2580.17 0
2581.5 0
2582.82 0
2584.15 0
2585.47 0
2586.79 0
2588.12 0
2589.44 0
2590.77 0
2592.09 0
2593.42 0
2594.74 0
2596.06 0
2597.39 0
2598.71 0
2600.04 0
2601.36 0
2602.68 0
2604.01 0
2605.33 0
2606.66 0
2607.98 0
2609.3 0
2610.63 0
2611.95 0
2613.28 0
2614.6 0
2615.92 0
2617.25 0
2618.57 0
2619.9 0
2621.22 0
2622.54 0
2623.87 0
2625.19 0
2626.52 0
2627.84 0
2629.16 0
2630.49 0
2631.81 0
2633.14 0
2634.46 0
2635.78 0
2637.11 0
2638.43 0
2639.76 103.545
2641.08 341.997
2642.4 580.449
2643.73 818.902
2645.05 1057.35
2646.38 1295.81
2647.7 1534.26
2649.02 1772.71
2650.35 2011.16
2651.67 2249.62
2653 2488.07
2654.32 2726.52
2655.64 2964.97
2656.97 3203.43
2658.29 3441.88
2659.62 3680.33
2660.94 0
2662.26 0
2663.59 0
2664.91 0
2666.24 0
2667.56 0
2668.88 0
2670.21 0
2671.53 0
2672.86 0
2674.18 0
2675.51 0
2676.83 0
2678.15 0
2679.48 0
2680.8 0
2682.13 0
2683.45 0
2684.77 0
2686.1 0
2687.42 0
2688.75 0
2690.07 0
2691.39 0
2692.72 0
2694.04 0
2695.37 0
2696.69 0
2698.01 0
2699.34 0
2700.66 0
2701.99 0
2703.31 0
2704.63 0
2705.96 0
2707.28 0
2708.61 0
2709.93 0
2711.25 0
2712.58 0
2713.9 0
2715.23 0
2716.55 0
2717.87 0
2719.2 0
2720.52 0
2721.85 0
2723.17 0
2724.49 0
2725.82 0
2727.14 0
2728.47 0
2729.79 0
2731.11 0
2732.44 0
2733.76 0
2735.09 0
2736.41 0
2737.73 0
2739.06 0
2740.38 0
2741.71 0
2743.03 0
2744.35 0
2745.68 0
2747 36.3657
2748.33 89.8503
2749.65 143.335
2750.98 196.82
2752.3 250.304
2753.62 303.789
2754.95 357.273
2756.27 410.758
2757.6 464.243
2758.92 517.727
2760.24 571.212
2761.57 624.696
2762.89 678.181
2764.22 731.666
2765.54 785.15
2766.86 0
2768.19 0
2769.51 0
2770.84 0
2772.16 0
2773.48 0
2774.81 0
2776.13 0
2777.46 0
2778.78 0
2780.1 0
2781.43 0
2782.75 0
2784.08 0
2785.4 0
2786.72 0
2788.05 0
2789.37 0
2790.7 0
2792.02 0
2793.34 0
2794.67 0
2795.99 0
2797.32 0
2798.64 0
2799.96 0
2801.29 0
2802.61 0
2803.94 0
2805.26 0
2806.58 0
2807.91 0
2809.23 0
2810.56 0
2811.88 0
2813.2 0
2814.53 0
2815.85 0
2817.18 0
2818.5 0
2819.82 0
2821.15 0
2822.47 0
2823.8 0
2825.12 0
2826.45 0
2827.77 0
2829.09 0
2830.42 0
2831.74 0
2833.07 0
2834.39 0
2835.71 0
2837.04 0
2838.36 0
2839.69 284.632
2841.01 356.747
2842.33 428.863
2843.66 500.978
2844.98 573.093
2846.31 645.209
2847.63 717.324
2848.95 789.439
2850.28 861.555
2851.6 933.67
2852.93 1005.79
2854.25 1077.9
2855.57 1150.02
2856.9 1222.13
2858.22 1294.25
2859.55 1366.36
2860.87 0
2862.19 0
2863.52 0
2864.84 0
2866.17 0
2867.49 0
2868.81 0
2870.14 0
2871.46 0
2872.79 0
2874.11 0
2875.43 0
2876.76 0
2878.08 0
2879.41 0
2880.73 0
2882.05 0
2883.38 0
2884.7 0
2886.03 0
2887.35 0
2888.67 0
2890 27.6461
2891.32 26.8891
2892.65 26.132
2893.97 25.3749
2895.29 24.6179
2896.62 23.8608
2897.94 23.1037
2899.27 22.3467
2900.59 21.5896
2901.92 20.8326
2903.24 20.0755
2904.56 19.3184
2905.89 18.5614
2907.21 17.8043
2908.54 17.0472
2909.86 16.2902
2911.18 15.5331
2912.51 14.776
2913.83 14.019
2915.16 13.2619
2916.48 12.5048
2917.8 11.7478
2919.13 10.9907
2920.45 10.2336
2921.78 9.47657
2923.1 0
2924.42 0
2925.75 0
2927.07 0
2928.4 0
2929.72 0
2931.04 0
2932.37 0
2933.69 0
2935.02 0
2936.34 0
2937.66 0
2938.99 0
2940.31 0
2941.64 0
2942.96 0
2944.28 0
2945.61 0
2946.93 0
2948.26 0
2949.58 0
2950.9 0
2952.23 0
2953.55 0
2954.88 0
2956.2 0
2957.52 0
2958.85 0
2960.17 0
2961.5 0
2962.82 0
2964.14 0
2965.47 0
2966.79 0
2968.12 0
2969.44 0
2970.76 0
2972.09 0
2973.41 0
2974.74 0
2976.06 0
2977.39 0
2978.71 0
2980.03 0
2981.36 0
2982.68 0
2984.01 0
2985.33 0
2986.65 0
2987.98 0
2989.3 0
2990.63 0
2991.95 0
2993.27 0
2994.6 0
2995.92 0
2997.25 0
2998.57 0
2999.89 0
3001.22 0
3002.54 0
3003.87 0
3005.19 0
3006.51 0
3007.84 0
3009.16 0
3010.49 0
3011.81 112.811
3013.13 118.987
3014.46 125.164
3015.78 131.34
3017.11 137.517
3018.43 143.693
3019.75 149.87
3021.08 156.046
3022.4 162.223
3023.73 168.399
3025.05 174.576
3026.37 180.752
3027.7 186.929
3029.02 193.105
3030.35 199.282
3031.67 205.458
3032.99 0
3034.32 0
3035.64 0
3036.97 0
3038.29 0
3039.61 0
3040.94 0
3042.26 0
3043.59 0
3044.91 0
3046.23 0
3047.56 0
3048.88 0
3050.21 0
3051.53 0
3052.86 0
3054.18 0
3055.5 0
3056.83 0
3058.15 0
3059.48 0
3060.8 0
3062.12 0
3063.45 0
3064.77 0
3066.1 0
3067.42 0
3068.74 0
3070.07 0
3071.39 0
3072.72 0
3074.04 0
3075.36 0
3076.69 0
3078.01 0
3079.34 0
3080.66 0
3081.98 0
3083.31 0
3084.63 0
3085.96 0
3087.28 0
3088.6 0
3089.93 0
3091.25 0
3092.58 0
3093.9 0
3095.22 0
3096.55 0
3097.87 0
3099.2 0
3100.52 0
3101.84 0
3103.17 0
3104.49 0
3105.82 0
3107.14 0
3108.46 0
3109.79 0
3111.11 0
3112.44 105.142
3113.76 108.536
3115.08 111.93
3116.41 115.324
3117.73 118.718
3119.06 122.112
3120.38 125.506
3121.7 128.9
3123.03 132.294
3124.35 135.688
3125.68 139.082
3127 142.476
3128.33 145.87
3129.65 149.264
3130.97 152.658
3132.3 0
3133.62 0
3134.95 0
3136.27 0
3137.59 0
3138.92 0
3140.24 0
3141.57 0
3142.89 0
3144.21 0
3145.54 0
3146.86 0
3148.19 0
3149.51 0
3150.83 0
3152.16 0
3153.48 0
3154.81 0
3156.13 0
3157.45 0
3158.78 0
3160.1 0
3161.43 0
3162.75 0
3164.07 0
3165.4 0
3166.72 0
3168.05 0
3169.37 0
3170.69 0
3172.02 0
3173.34 0
3174.67 0
3175.99 0
3177.31 0
3178.64 0
3179.96 0
3181.29 0
3182.61 0
3183.93 0
3185.26 0
3186.58 0
3187.91 0
3189.23 0
3190.55 0
3191.88 0
3193.2 0
3194.53 0
3195.85 0
3197.17 0
3198.5 0
3199.82 0
3201.15 0
3202.47 0
3203.8 0
3205.12 0
3206.44 0
3207.77 0
3209.09 0
3210.42 0
3211.74 0
3213.06 0
3214.39 0
3215.71 0
3217.04 0
3218.36 0
3219.68 0
3221.01 0
3222.33 0
3223.66 0
3224.98 0
3226.3 0
3227.63 0
3228.95 0
3230.28 0
3231.6 0
3232.92 0
3234.25 0
3235.57 0
3236.9 0
3238.22 0
3239.54 0
3240.87 0
3242.19 0
3243.52 0
3244.84 0
3246.16 0
3247.49 0
3248.81 0
3250.14 0
3251.46 0
3252.78 0
3254.11 0
3255.43 0
3256.76 0
3258.08 0
3259.4 0
3260.73 0
3262.05 0
3263.38 0
3264.7 0
3266.02 0
3267.35 0
3268.67 0
3270 0
3271.32 0
3272.64 0
3273.97 0
3275.29 0
3276.62 0
3277.94 0
3279.26 0
3280.59 0
3281.91 0
3283.24 0
3284.56 0
3285.89 0
3287.21 0
3288.53 0
3289.86 0
3291.18 0
3292.51 0
3293.83 0
3295.15 0
3296.48 0
3297.8 0
3299.13 0
3300.45 0
3301.77 0
3303.1 0
3304.42 0
3305.75 0
3307.07 0
3308.39 0
3309.72 0
3311.04 0
3312.37 0
3313.69 0
3315.01 0
3316.34 0
3317.66 0
3318.99 0
3320.31 0
3321.63 0
3322.96 0
3324.28 0
3325.61 0
3326.93 0
3328.25 0
3329.58 0
3330.9 0
3332.23 0
3333.55 0
3334.87 0
3336.2 0
3337.52 0
3338.85 0
3340.17 0
3341.49 0
3342.82 0
3344.14 0
3345.47 0
3346.79 0
3348.11 0
3349.44 0
3350.76 0
3352.09 0
3353.41 0
3354.73 0
3356.06 0
3357.38 0
3358.71 0
3360.03 0
3361.36 0
3362.68 0
3364 0
3365.33 0
3366.65 0
3367.98 0
3369.3 0
3370.62 0
3371.95 0
3373.27 0
3374.6 0
3375.92 0
3377.24 0
3378.57 0
3379.89 0
3381.22 0
3382.54 0
3383.86 0
3385.19 0
3386.51 0
3387.84 0
3389.16 0
3390.48 0
3391.81 0
3393.13 0
3394.46 0
3395.78 0
3397.1 0
3398.43 0
3399.75 0
3401.08 0
3402.4 0
3403.72 0
3405.05 0
3406.37 0
3407.7 0
3409.02 0
3410.34 0
3411.67 0
3412.99 0
3414.32 0
3415.64 0
3416.96 0
3418.29 0
3419.61 0
3420.94 0
3422.26 0
3423.58 0
3424.91 0
3426.23 0
3427.56 0
3428.88 0
3430.2 0
3431.53 0
3432.85 0
3434.18 0
3435.5 0
3436.83 0
3438.15 0
3439.47 0
3440.8 0
3442.12 0
3443.45 0
3444.77 0
3446.09 0
3447.42 0
3448.74 0
3450.07 0
3451.39 0
3452.71 0
3454.04 0
3455.36 0
3456.69 0
3458.01 0
3459.33 0
3460.66 0
3461.98 0
3463.31 0
3464.63 0
3465.95 0
3467.28 0
3468.6 0
3469.93 0
3471.25 0
3472.57 0
3473.9 0
3475.22 0
3476.55 0
3477.87 0
3479.19 0
3480.52 0
3481.84 0
3483.17 0
3484.49 0
3485.81 0
3487.14 0
3488.46 0
3489.79 0
3491.11 0
3492.43 0
3493.76 0
3495.08 0
3496.41 0
3497.73 0
3499.05 0
3500.38 0
3501.7 0
3503.03 0
3504.35 0
3505.67 0
3507 0
3508.32 0
3509.65 0
3510.97 0
3512.3 0
3513.62 0
3514.94 0
3516.27 0
3517.59 0
3518.92 0
3520.24 0
3521.56 0
3522.89 0
3524.21 0
3525.54 0
3526.86 0
3528.18 0
3529.51 0
3530.83 0
3532.16 0
3533.48 0
3534.8 0
3536.13 0
3537.45 0
3538.78 0
3540.1 0
3541.42 0
3542.75 0
3544.07 0
3545.4 0
3546.72 0
3548.04 0
3549.37 0
3550.69 0
3552.02 0
3553.34 0
3554.66 0
3555.99 0
3557.31 0
3558.64 0
3559.96 0
3561.28 0
3562.61 0
3563.93 0
3565.26 0
3566.58 0
3567.9 6.73407
3569.23 12.6892
3570.55 18.6444
3571.88 24.5996
3573.2 30.5547
3574.52 36.5099
3575.85 42.4651
3577.17 48.4202
3578.5 54.3754
3579.82 60.3306
3581.14 66.2857
3582.47 72.2409
3583.79 78.196
3585.12 84.1512
3586.44 90.1064
3587.77 96.0615
3589.09 0
3590.41 0
3591.74 0
3593.06 0
3594.39 0
3595.71 0
3597.03 0
3598.36 0
3599.68 0
3601.01 0
3602.33 0
3603.65 0
3604.98 0
3606.3 0
3607.63 0
3608.95 0
3610.27 0
3611.6 0
3612.92 0
3614.25 0
3615.57 0
3616.89 0
3618.22 0
3619.54 0
3620.87 0
3622.19 0
3623.51 0
3624.84 0
3626.16 0
3627.49 0
3628.81 0
3630.13 0
3631.46 0
3632.78 0
3634.11 0
3635.43 0
3636.75 0
3638.08 0
3639.4 0
3640.73 290.712
3642.05 292.236
3643.37 293.761
3644.7 295.285
3646.02 296.81
3647.35 298.334
3648.67 299.859
3649.99 301.383
3651.32 302.908
3652.64 304.432
3653.97 305.957
3655.29 307.481
3656.61 309.006
3657.94 310.53
3659.26 312.055
3660.59 0
3661.91 0
3663.24 0
3664.56 0
3665.88 0
3667.21 0
3668.53 0
3669.86 0
3671.18 0
3672.5 0
3673.83 0
3675.15 0
3676.48 0
3677.8 0
3679.12 0
3680.45 0
3681.77 0
3683.1 0
3684.42 0
3685.74 0
3687.07 0
3688.39 0
3689.72 0
3691.04 0
3692.36 0
3693.69 0
3695.01 0
3696.34 0
3697.66 0
3698.98 0
3700.31 0
3701.63 0
3702.96 0
3704.28 0
3705.6 0
3706.93 0
3708.25 0
3709.58 0
3710.9 0
3712.22 0
3713.55 0
3714.87 0
3716.2 0
3717.52 0
3718.84 0
3720.17 0
3721.49 0
3722.82 0
3724.14 0
3725.46 0
3726.79 0
3728.11 0
3729.44 0
3730.76 0
3732.08 0
3733.41 0
3734.73 0
3736.06 0
3737.38 0
3738.71 0
3740.03 0
3741.35 0
3742.68 0
3744 0
3745.33 0
3746.65 0
3747.97 0
3749.3 0
3750.62 0
3751.95 0
3753.27 0
3754.59 0
3755.92 0
3757.24 0
3758.57 0
3759.89 0
3761.21 0
3762.54 0
3763.86 0
3765.19 0
3766.51 0
3767.83 0
3769.16 0
3770.48 0
3771.81 0
3773.13 0
3774.45 0
3775.78 0
3777.1 0
3778.43 0
3779.75 0
3781.07 0
3782.4 0
3783.72 0
3785.05 0
3786.37 0
3787.69 0
3789.02 0
3790.34 0
3791.67 0
3792.99 0
3794.31 0
3795.64 0
3796.96 0
3798.29 0
3799.61 0
3800.93 0
3802.26 0
3803.58 0
3804.91 0
3806.23 0
3807.55 0
3808.88 0
3810.2 0
3811.53 238.461
3812.85 233.765
3814.18 229.07
3815.5 224.375
3816.82 219.68
3818.15 214.985
3819.47 210.289
3820.8 205.594
3822.12 200.899
3823.44 196.204
3824.77 191.508
3826.09 186.813
3827.42 182.118
3828.74 177.423
3830.06 172.728
3831.39 168.032
3832.71 0
3834.04 0
3835.36 0
3836.68 0
3838.01 0
3839.33 0
3840.66 0
3841.98 0
3843.3 0
3844.63 0
3845.95 0
3847.28 0
3848.6 0
3849.92 0
3851.25 0
3852.57 0
3853.9 0
3855.22 0
3856.54 0
3857.87 0
3859.19 0
3860.52 0
3861.84 0
3863.16 0
3864.49 0
3865.81 0
3867.14 0
3868.46 0
3869.78 0
3871.11 0
3872.43 0
3873.76 0
3875.08 0
3876.4 0
3877.73 0
3879.05 0
3880.38 0
3881.7 0
3883.02 0
3884.35 0
3885.67 0
3887 0
3888.32 0
3889.65 0
3890.97 0
3892.29 0
3893.62 0
3894.94 0
3896.27 0
3897.59 0
3898.91 0
3900.24 0
3901.56 0
3902.89 0
3904.21 0
3905.53 0
3906.86 0
3908.18 0
3909.51 0
3910.83 0
3912.15 0
3913.48 0
3914.8 0
3916.13 0
3917.45 0
3918.77 0
3920.1 0
3921.42 0
3922.75 0
3924.07 0
3925.39 0
3926.72 0
3928.04 0
3929.37 0
3930.69 0
3932.01 0
3933.34 0
3934.66 0
3935.99 0
3937.31 0
3938.63 0
3939.96 0
3941.28 0
3942.61 0
3943.93 0
3945.25 0
3946.58 0
3947.9 0
3949.23 0
3950.55 0
3951.87 0
3953.2 0
3954.52 0
3955.85 0
3957.17 0
3958.49 0
3959.82 0
3961.14 0
3962.47 0
3963.79 0
3965.11 0
3966.44 0
3967.76 0
3969.09 0
3970.41 0
3971.74 0
3973.06 0
3974.38 0
3975.71 0
3977.03 0
3978.36 0
3979.68 0
3981 0
3982.33 0
3983.65 0
3984.98 0
3986.3 0
3987.62 0
3988.95 0
3990.27 0
3991.6 0
3992.92 0
3994.24 0
3995.57 0
3996.89 0
3998.22 0
3999.54 0
4000.86 0
4002.19 0
4003.51 0
4004.84 0
4006.16 0
4007.48 0
4008.81 0
4010.13 0
4011.46 0
4012.78 0
4014.1 0
4015.43 0
4016.75 0
4018.08 0
4019.4 0
4020.72 0
4022.05 0
4023.37 0
4024.7 0
4026.02 0
4027.34 0
4028.67 0
4029.99 0
4031.32 0
4032.64 0
4033.96 0
4035.29 0
4036.61 0
4037.94 0
4039.26 0
4040.58 0
4041.91 0
4043.23 0
4044.56 0
4045.88 0
4047.21 0
4048.53 0
4049.85 0
4051.18 0
4052.5 0
4053.83 0
4055.15 0
4056.47 0
4057.8 0
4059.12 0
4060.45 0
4061.77 0
4063.09 0
4064.42 0
4065.74 0
4067.07 0
4068.39 0
4069.71 0
4071.04 0
4072.36 0
4073.69 0
4075.01 0
4076.33 0
4077.66 0
4078.98 0
4080.31 0
4081.63 0
4082.95 0
4084.28 0
4085.6 0
4086.93 0
4088.25 0
4089.57 0
4090.9 0
4092.22 0
4093.55 0
4094.87 0
4096.19 0
4097.52 0
4098.84 0
4100.17 0
4101.49 0
4102.81 0
4104.14 0
4105.46 0
4106.79 0
4108.11 0
4109.43 0
4110.76 0
4112.08 0
4113.41 0
4114.73 0
4116.05 0
4117.38 0
4118.7 0
4120.03 0
4121.35 0
4122.68 0
4124 0
4125.32 0
4126.65 0
4127.97 0
4129.3 0
4130.62 0
4131.94 0
4133.27 0
4134.59 0
4135.92 0
4137.24 0
4138.56 0
4139.89 0
4141.21 0
4142.54 0
4143.86 0
4145.18 0
4146.51 0
4147.83 0
4149.16 0
4150.48 0
4151.8 0
4153.13 0
4154.45 0
4155.78 0
4157.1 0
4158.42 0
4159.75 0
4161.07 0
4162.4 0
4163.72 0
4165.04 0
4166.37 0
4167.69 0
4169.02 0
4170.34 0
4171.66 0
4172.99 0
4174.31 0
4175.64 0
4176.96 0
4178.28 0
4179.61 0
4180.93 0
4182.26 0
4183.58 0
4184.9 0
4186.23 0
4187.55 0
4188.88 0
4190.2 0
4191.52 0
4192.85 0
4194.17 0
4195.5 0
4196.82 0
4198.15 0
4199.47 0
4200.79 0
4202.12 0
4203.44 0
4204.77 0
4206.09 0
4207.41 0
4208.74 0
4210.06 0
4211.39 0
4212.71 0
4214.03 0
4215.36 0
4216.68 0
4218.01 0
4219.33 0
4220.65 0
4221.98 0
4223.3 0
4224.63 0
4225.95 0
4227.27 0
4228.6 0
4229.92 0
4231.25 0
4232.57 0
4233.89 0
4235.22 0
4236.54 0
4237.87 0
4239.19 0
4240.51 0
4241.84 0
4243.16 0
4244.49 0
4245.81 0
4247.13 0
4248.46 0
4249.78 0
4251.11 0
4252.43 0
4253.75 0
4255.08 0
4256.4 0
4257.73 0
4259.05 0
4260.37 0
4261.7 0
4263.02 0
4264.35 0
4265.67 0
4266.99 0
4268.32 0
4269.64 0
4270.97 0
4272.29 0
4273.62 0
4274.94 0
4276.26 0
4277.59 0
4278.91 0
4280.24 0
4281.56 0
4282.88 0
4284.21 0
4285.53 0
4286.86 0
4288.18 0
4289.5 0
4290.83 0
4292.15 0
4293.48 0
4294.8 0
4296.12 0
4297.45 0
4298.77 0
4300.1 0
4301.42 0
4302.74 0
4304.07 0
4305.39 0
4306.72 0
4308.04 0
4309.36 0
4310.69 0
4312.01 0
4313.34 0
4314.66 0
4315.98 0
4317.31 0
4318.63 0
4319.96 0
4321.28 0
4322.6 0
4323.93 0
4325.25 0
4326.58 0
4327.9 0
4329.22 0
4330.55 0
4331.87 0
4333.2 0
4334.52 0
4335.84 0
4337.17 0
4338.49 0
4339.82 0
4341.14 0
4342.46 0
4343.79 0
4345.11 0
4346.44 0
4347.76 0
4349.09 0
4350.41 0
4351.73 0
4353.06 0
4354.38 0
4355.71 0
4357.03 0
4358.35 0
4359.68 0
4361 0
4362.33 0
4363.65 0
4364.97 0
4366.3 0
4367.62 0
4368.95 0
4370.27 0
4371.59 0
4372.92 14.9466
4374.24 14.9466
4375.57 14.9466
4376.89 14.9466
4378.21 14.9466
4379.54 14.9466
4380.86 14.9466
4382.19 14.9466
4383.51 14.9466
4384.83 14.9466
4386.16 14.9466
4387.48 14.9466
4388.81 14.9466
4390.13 14.9466
4391.45 14.9466
4392.78 0
4394.1 0
4395.43 0
4396.75 0
4398.07 0
4399.4 0
4400.72 0
4402.05 0
4403.37 0
4404.69 0
4406.02 0
4407.34 0
4408.67 0
4409.99 0
4411.31 0
4412.64 0
4413.96 0
4415.29 0
4416.61 0
4417.93 0
4419.26 0
4420.58 0
4421.91 0
4423.23 0
4424.56 0
4425.88 0
4427.2 0
4428.53 0
4429.85 0
4431.18 0
4432.5 0
4433.82 0
4435.15 0
4436.47 0
4437.8 0
4439.12 0
4440.44 0
4441.77 0
4443.09 0
4444.42 0
4445.74 0
4447.06 0
4448.39 0
4449.71 0
4451.04 0
4452.36 0
4453.68 0
4455.01 7.42374
4456.33 7.35229
4457.66 7.28083
4458.98 7.20938
4460.3 7.13792
4461.63 7.06647
4462.95 6.99501
4464.28 6.92356
4465.6 6.8521
4466.92 6.78065
4468.25 6.70919
4469.57 6.63773
4470.9 6.56628
4472.22 6.49482
4473.54 6.42337
4474.87 6.35191
4476.19 0
4477.52 0
4478.84 0
4480.16 0
4481.49 0
4482.81 0
4484.14 0
4485.46 0
4486.78 0
4488.11 0
4489.43 0
4490.76 0
4492.08 0
4493.4 0
4494.73 0
4496.05 0
4497.38 0
4498.7 0
4500.03 0
4501.35 0
4502.67 0
4504 0
4505.32 0
4506.65 0
4507.97 0
4509.29 0
4510.62 0
4511.94 0
4513.27 0
4514.59 0
4515.91 0
4517.24 0
4518.56 0
4519.89 0
4521.21 0
4522.53 0
4523.86 0
4525.18 0
4526.51 0
4527.83 0
4529.15 0
4530.48 0
4531.8 0
4533.13 0
4534.45 0
4535.77 0
4537.1 0
4538.42 0
4539.75 0
4541.07 0
4542.39 0
4543.72 0
4545.04 0
4546.37 0
4547.69 0
4549.01 5.80584
4550.34 6.71448
4551.66 7.62312
4552.99 8.53176
4554.31 9.4404
4555.63 10.349
4556.96 11.2577
4558.28 12.1663
4559.61 13.075
4560.93 13.9836
4562.25 14.8922
4563.58 15.8009
4564.9 16.7095
4566.23 17.6182
4567.55 18.5268
4568.87 19.4354
4570.2 0
4571.52 0
4572.85 0
4574.17 0
4575.49 0
4576.82 0
4578.14 0
4579.47 0
4580.79 0
4582.12 0
4583.44 0
4584.76 0
4586.09 0
4587.41 0
4588.74 0
4590.06 0
4591.38 0
4592.71 0
4594.03 0
4595.36 0
4596.68 0
4598 0
4599.33 0
4600.65 0
4601.98 0
4603.3 0
4604.62 0
4605.95 0
4607.27 0
4608.6 0
4609.92 0
4611.24 0
4612.57 0
4613.89 0
4615.22 0
4616.54 0
4617.86 0
4619.19 0
4620.51 0
4621.84 0
4623.16 0
4624.48 0
4625.81 0
4627.13 0
4628.46 0
4629.78 0
4631.1 0
4632.43 0
4633.75 0
4635.08 0
4636.4 0
4637.72 0
4639.05 0
4640.37 0
4641.7 0
4643.02 0
4644.34 0
4645.67 0
4646.99 0
4648.32 0
4649.64 0
4650.96 0
4652.29 0
4653.61 0
4654.94 0
4656.26 0
4657.59 0
4658.91 0
4660.23 0
4661.56 0
4662.88 0
4664.21 0
4665.53 0
4666.85 0
4668.18 0
4669.5 0
4670.83 0
4672.15 0
4673.47 0
4674.8 0
4676.12 0
4677.45 0
4678.77 0
4680.09 0
4681.42 0
4682.74 0
4684.07 0
4685.39 0
4686.71 0
4688.04 0
4689.36 0
4690.69 0
4692.01 0
4693.33 0
4694.66 0
4695.98 0
4697.31 0
4698.63 0
4699.95 0
4701.28 0
4702.6 0
4703.93 0
4705.25 0
4706.57 0
4707.9 0
4709.22 0
4710.55 0
4711.87 0
4713.19 0
4714.52 0
4715.84 0
4717.17 0
4718.49 0
4719.81 0
4721.14 0
4722.46 0
4723.79 0
4725.11 0
4726.43 0
4727.76 0
4729.08 0
4730.41 0
4731.73 0
4733.06 0
4734.38 0
4735.7 0
4737.03 0
4738.35 0
4739.68 0
4741 0
4742.32 0
4743.65 0
4744.97 0
4746.3 0
4747.62 0
4748.94 0
4750.27 0
4751.59 0
4752.92 0
4754.24 0
4755.56 0
4756.89 0
4758.21 0
4759.54 0
4760.86 0
4762.18 0
4763.51 0
4764.83 0
4766.16 0
4767.48 0
4768.8 0
4770.13 0
4771.45 0
4772.78 0
4774.1 0
4775.42 0
4776.75 0
4778.07 0
4779.4 0
4780.72 0
4782.04 0
4783.37 0
4784.69 0
4786.02 0
4787.34 0
4788.66 0
4789.99 0
4791.31 0
4792.64 0
4793.96 0
4795.28 0
4796.61 0
4797.93 0
4799.26 0
4800.58 0
4801.9 0
4803.23 0
4804.55 0
4805.88 0
4807.2 0
4808.53 0
4809.85 0
4811.17 0
4812.5 0
4813.82 0
4815.15 0
4816.47 0
4817.79 0
4819.12 0
4820.44 0
4821.77 0
4823.09 0
4824.41 0
4825.74 0
4827.06 0
4828.39 0
4829.71 0
4831.03 0
4832.36 0
4833.68 0
4835.01 0
4836.33 0
4837.65 0
4838.98 0
4840.3 0
4841.63 0
4842.95 0
4844.27 0
4845.6 0
4846.92 0
4848.25 0
4849.57 0
4850.89 0
4852.22 0
4853.54 0
4854.87 0
4856.19 0
4857.51 0
4858.84 0
4860.16 0
4861.49 0
4862.81 0
4864.13 0
4865.46 0
4866.78 0
4868.11 0
4869.43 0
4870.75 0
4872.08 0
4873.4 0
4874.73 0
4876.05 0
4877.37 0
4878.7 0
4880.02 0
4881.35 0
4882.67 0
4884 0
4885.32 0
4886.64 0
4887.97 0
4889.29 0
4890.62 0
4891.94 0
4893.26 0
4894.59 0
4895.91 0
4897.24 0
4898.56 0
4899.88 0
4901.21 0
4902.53 0
4903.86 0
4905.18 0
4906.5 0
4907.83 0
4909.15 0
4910.48 0
4911.8 0
4913.12 0
4914.45 0
4915.77 0
4917.1 0
4918.42 0
4919.74 0
4921.07 0
4922.39 0
4923.72 0
4925.04 0
4926.36 0
4927.69 0
4929.01 0
4930.34 0
4931.66 0
4932.98 0
4934.31 0
4935.63 0
4936.96 0
4938.28 0
4939.6 0
4940.93 0
4942.25 0
4943.58 0
4944.9 0
4946.22 0
4947.55 0
4948.87 0
4950.2 0
4951.52 0
4952.84 0
4954.17 0
4955.49 0
4956.82 0
4958.14 0
4959.47 0
4960.79 0
4962.11 0
4963.44 0
4964.76 0
4966.09 0
4967.41 0
4968.73 0
4970.06 0
4971.38 0
4972.71 0
4974.03 0
4975.35 0
4976.68 0
4978 0
4979.33 0
4980.65 0
4981.97 0
4983.3 0
4984.62 0
4985.95 0
4987.27 0
4988.59 0
4989.92 0
4991.24 0
4992.57 0
4993.89 0
4995.21 0
4996.54 0
4997.86 0
4999.19 0
5000.51 0
5001.83 0
5003.16 0
5004.48 0
5005.81 0
5007.13 0
5008.45 0
5009.78 0
5011.1 0
5012.43 0
5013.75 0
5015.07 0
5016.4 0
5017.72 0
5019.05 0
5020.37 0
5021.69 0
5023.02 0
5024.34 0
5025.67 0
5026.99 0
5028.31 0
5029.64 0
5030.96 0
5032.29 0
5033.61 0
5034.94 0
5036.26 0
5037.58 0
5038.91 0
5040.23 0
5041.56 0
5042.88 0
5044.2 0
5045.53 0
5046.85 0
5048.18 0
5049.5 0
5050.82 0
5052.15 0
5053.47 8.21383
5054.8 8.29451
5056.12 8.3752
5057.44 8.45589
5058.77 8.53658
5060.09 8.61727
5061.42 8.69796
5062.74 8.77864
5064.06 8.85933
5065.39 8.94002
5066.71 9.02071
5068.04 9.1014
5069.36 9.18209
5070.68 9.26278
5072.01 9.34346
5073.33 0
5074.66 0
5075.98 0
5077.3 0
5078.63 0
5079.95 0
5081.28 0
5082.6 0
5083.92 0
5085.25 0
5086.57 0
5087.9 0
5089.22 0
5090.54 0
5091.87 0
5093.19 0
5094.52 0
5095.84 0
5097.16 0
5098.49 0
5099.81 0
5101.14 0
5102.46 0
5103.78 0
5105.11 0
5106.43 0
5107.76 0
5109.08 0
5110.41 0
5111.73 0
5113.05 0
5114.38 0
5115.7 0
5117.03 0
5118.35 0
5119.67 0
5121 0
5122.32 0
5123.65 0
5124.97 0
5126.29 0
5127.62 0
5128.94 0
5130.27 0
5131.59 0
5132.91 0
5134.24 0
5135.56 0
5136.89 0
5138.21 0
5139.53 0
5140.86 0
5142.18 0
5143.51 0
5144.83 0
5146.15 0
5147.48 0
5148.8 0
5150.13 0
5151.45 0
5152.77 0
5154.1 0
5155.42 0
5156.75 0
5158.07 0
5159.39 0
5160.72 0
5162.04 0
5163.37 0
5164.69 0
5166.01 0
5167.34 0
5168.66 0
5169.99 0
5171.31 0
5172.63 0
5173.96 0
5175.28 0
5176.61 0
5177.93 0
5179.25 0
5180.58 0
5181.9 0
5183.23 0
5184.55 0
5185.87 0
5187.2 0
5188.52 0
5189.85 0
5191.17 0
5192.5 0
5193.82 0
5195.14 0
5196.47 0
5197.79 0
5199.12 0
5200.44 0
5201.76 0
5203.09 0
5204.41 0
5205.74 0
5207.06 0
5208.38 0
5209.71 0
5211.03 0
5212.36 0
5213.68 0
5215 0
5216.33 0
5217.65 0
5218.98 0
5220.3 0
5221.62 0
5222.95 0
5224.27 0
5225.6 0
5226.92 0
5228.24 0
5229.57 0
5230.89 0
5232.22 0
5233.54 0
5234.86 0
5236.19 0
5237.51 0
5238.84 0
5240.16 0
5241.48 0
5242.81 0
5244.13 0
5245.46 0
5246.78 0
5248.1 0
5249.43 0
5250.75 0
5252.08 0
5253.4 0
5254.72 0
5256.05 0
5257.37 0
5258.7 0
5260.02 0
5261.34 0
5262.67 0
5263.99 0
5265.32 0
5266.64 0
5267.97 0
5269.29 0
5270.61 0
5271.94 0
5273.26 0
5274.59 0
5275.91 0
5277.23 0
5278.56 0
5279.88 0
5281.21 0
5282.53 0
5283.85 0
5285.18 0
5286.5 0
5287.83 0
5289.15 0
5290.47 0
5291.8 0
5293.12 0
5294.45 0
5295.77 0
5297.09 0
5298.42 0
5299.74 0
5301.07 0
5302.39 0
5303.71 0
5305.04 0
5306.36 0
5307.69 0
5309.01 0
5310.33 0
5311.66 0
5312.98 0
5314.31 0
5315.63 0
5316.95 0
5318.28 0
5319.6 0
5320.93 0
5322.25 0
5323.57 0
5324.9 0
5326.22 0
5327.55 0
5328.87 0
5330.19 0
5331.52 0
5332.84 0
5334.17 0
5335.49 0
5336.81 0
5338.14 0
5339.46 0
5340.79 0
5342.11 0
5343.44 0
5344.76 0
5346.08 0
5347.41 0
5348.73 0
5350.06 0
5351.38 0
5352.7 0
5354.03 0
5355.35 0
5356.68 0
5358 0
5359.32 0
5360.65 0
5361.97 0
5363.3 0
5364.62 0
5365.94 0
5367.27 0
5368.59 0
5369.92 0
5371.24 0
5372.56 0
5373.89 0
5375.21 0
5376.54 0
5377.86 0
5379.18 0
5380.51 0
5381.83 0
5383.16 0
5384.48 0
5385.8 0
5387.13 0
5388.45 0
5389.78 0
5391.1 0
5392.42 0
5393.75 0
5395.07 0
5396.4 0
5397.72 461.752
5399.04 439.061
5400.37 416.37
5401.69 393.679
5403.02 370.987
5404.34 348.296
5405.66 325.605
5406.99 302.914
5408.31 280.223
5409.64 257.532
5410.96 234.841
5412.28 212.15
5413.61 189.458
5414.93 166.767
5416.26 144.076
5417.58 121.385
5418.91 0
5420.23 0
5421.55 0
5422.88 0
5424.2 0
5425.53 0
5426.85 0
5428.17 0
5429.5 0
5430.82 0
5432.15 0
5433.47 0
5434.79 0
5436.12 0
5437.44 0
5438.77 0
5440.09 0
5441.41 0
5442.74 0
5444.06 0
5445.39 0
5446.71 0
5448.03 0
5449.36 0
5450.68 0
5452.01 0
5453.33 0
5454.65 0
5455.98 0
5457.3 0
5458.63 0
5459.95 0
5461.27 0
5462.6 0
5463.92 0
5465.25 0
5466.57 0
5467.89 0
5469.22 0
5470.54 0
5471.87 0
5473.19 0
5474.51 0
5475.84 0
5477.16 0
5478.49 0
5479.81 0
5481.13 0
5482.46 0
5483.78 0
5485.11 0
5486.43 0
5487.75 0
5489.08 0
5490.4 0
5491.73 0
5493.05 0
5494.38 0
5495.7 0
5497.02 0
5498.35 0
5499.67 0
5501 0
5502.32 0
5503.64 0
5504.97 0
5506.29 0
5507.62 0
5508.94 0
5510.26 0
5511.59 0
5512.91 0
5514.24 0
5515.56 0
5516.88 0
5518.21 0
5519.53 0
5520.86 0
5522.18 0
5523.5 0
5524.83 0
5526.15 0
5527.48 0
5528.8 0
5530.12 0
5531.45 0
5532.77 0
5534.1 0
5535.42 0
5536.74 0
5538.07 0
5539.39 0
5540.72 0
5542.04 0
5543.36 0
5544.69 0
5546.01 0
5547.34 0
5548.66 0
5549.98 0
5551.31 0
5552.63 0
5553.96 0
5555.28 0
5556.6 0
5557.93 0
5559.25 0
5560.58 0
5561.9 0
5563.22 0
5564.55 0
5565.87 0
5567.2 0
5568.52 0
5569.85 0
5571.17 0
5572.49 0
5573.82 0
5575.14 0
5576.47 0
5577.79 0
5579.11 0
5580.44 0
5581.76 0
5583.09 0
5584.41 0
5585.73 0
5587.06 0
5588.38 0
5589.71 0
5591.03 0
5592.35 0
5593.68 0
5595 0
5596.33 0
5597.65 0
5598.97 0
5600.3 0
5601.62 0
5602.95 0
5604.27 0
5605.59 0
5606.92 0
5608.24 0
5609.57 0
5610.89 0
5612.21 0
5613.54 0
5614.86 0
5616.19 0
5617.51 0
5618.83 0
5620.16 0
5621.48 0
5622.81 0
5624.13 0
5625.45 0
5626.78 0
5628.1 0
5629.43 0
5630.75 0
5632.07 0
5633.4 0
5634.72 0
5636.05 0
5637.37 0
5638.69 0
5640.02 0
5641.34 0
5642.67 0
5643.99 0
5645.32 0
5646.64 0
5647.96 0
5649.29 0
5650.61 0
5651.94 0
5653.26 0
5654.58 0
5655.91 0
5657.23 0
5658.56 0
5659.88 0
5661.2 0
5662.53 0
5663.85 0
5665.18 0
5666.5 0
5667.82 0
5669.15 0
5670.47 0
5671.8 0
5673.12 0
5674.44 0
5675.77 0
5677.09 0
5678.42 0
5679.74 0
5681.06 0
5682.39 0
5683.71 0
5685.04 0
5686.36 0
5687.68 0
5689.01 0
5690.33 0
5691.66 0
5692.98 0
5694.3 0
5695.63 0
5696.95 0
5698.28 0
5699.6 0
5700.92 0
5702.25 0
5703.57 0
5704.9 0
5706.22 0
5707.54 0
5708.87 0
5710.19 0
5711.52 0
5712.84 0
5714.16 0
5715.49 0
5716.81 0
5718.14 0
5719.46 0
5720.79 0
5722.11 0
5723.43 0
5724.76 0
5726.08 0
5727.41 0
5728.73 0
5730.05 0
5731.38 0
5732.7 0
5734.03 0
5735.35 0
5736.67 0
5738 0
5739.32 0
5740.65 0
5741.97 0
5743.29 0
5744.62 0
5745.94 0
5747.27 0
5748.59 0
5749.91 0
5751.24 0
5752.56 0
5753.89 0
5755.21 0
5756.53 0
5757.86 0
5759.18 0
5760.51 0
5761.83 0
5763.15 0
5764.48 0
5765.8 0
5767.13 0
5768.45 0
5769.77 0
5771.1 0
5772.42 0
5773.75 0
5775.07 0
5776.39 0
5777.72 0
5779.04 0
5780.37 0
5781.69 0
5783.01 0
5784.34 0
5785.66 0
5786.99 0
5788.31 0
5789.63 0
5790.96 0
5792.28 0
5793.61 0
5794.93 0
5796.26 0
5797.58 0
5798.9 0
5800.23 0
5801.55 0
5802.88 0
5804.2 0
5805.52 0
5806.85 0
5808.17 0
5809.5 0
5810.82 0
5812.14 0
5813.47 0
5814.79 0
5816.12 0
5817.44 0
5818.76 0
5820.09 0
5821.41 0
5822.74 0
5824.06 0
5825.38 0
5826.71 0
5828.03 0
5829.36 0
5830.68 0
5832 0
5833.33 0
5834.65 0
5835.98 0
5837.3 0
5838.62 0
5839.95 0
5841.27 0
5842.6 0
5843.92 0
5845.24 0
5846.57 0
5847.89 0
5849.22 0
5850.54 0
5851.86 0
5853.19 0
5854.51 0
5855.84 0
5857.16 0
5858.48 0
5859.81 0
5861.13 0
5862.46 0
5863.78 0
5865.1 0
5866.43 0
5867.75 0
5869.08 0
5870.4 0
5871.72 0
5873.05 0
5874.37 0
5875.7 0
5877.02 0
5878.35 0
5879.67 0
5880.99 0
5882.32 0
5883.64 0
5884.97 0
5886.29 0
5887.61 0
5888.94 0
5890.26 0
5891.59 0
5892.91 0
5894.23 0
5895.56 0
5896.88 0
5898.21 0
5899.53 0
5900.85 0
5902.18 0
5903.5 0
5904.83 0
5906.15 0
5907.47 0
5908.8 0
5910.12 0
5911.45 0
5912.77 0
5914.09 0
5915.42 0
5916.74 0
5918.07 0
5919.39 0
5920.71 0
5922.04 0
5923.36 0
5924.69 0
5926.01 0
5927.33 0
5928.66 0
5929.98 0
5931.31 0
5932.63 0
5933.95 0
5935.28 0
5936.6 0
5937.93 0
5939.25 0
5940.57 0
5941.9 0
5943.22 0
5944.55 0
5945.87 0
5947.19 0
5948.52 0
5949.84 0
5951.17 0
5952.49 0
5953.82 0
5955.14 0
5956.46 0
5957.79 0
5959.11 0
5960.44 0
5961.76 0
5963.08 0
5964.41 0
5965.73 0
5967.06 0
5968.38 0
5969.7 0
5971.03 0
5972.35 0
5973.68 0
5975 0
5976.32 0
5977.65 0
5978.97 0
5980.3 0
5981.62 0
5982.94 0
5984.27 0
5985.59 0
5986.92 0
5988.24 0
5989.56 0
5990.89 0
5992.21 0
5993.54 0
5994.86 0
5996.18 0
5997.51 0
5998.83 0
6000.16 0
6001.48 0
6002.8 0
6004.13 0
6005.45 0
6006.78 0
6008.1 0
6009.42 0
6010.75 0
6012.07 0
6013.4 0
6014.72 0
6016.04 0
6017.37 0
6018.69 0
6020.02 0
6021.34 0
6022.66 0
6023.99 0
6025.31 0
6026.64 0
6027.96 0
6029.29 0
6030.61 0
6031.93 0
6033.26 0
6034.58 0
6035.91 0
6037.23 0
6038.55 0
6039.88 0
6041.2 0
6042.53 0
6043.85 0
6045.17 0
6046.5 0
6047.82 0
6049.15 0
6050.47 0
6051.79 0
6053.12 0
6054.44 0
6055.77 0
6057.09 0
6058.41 0
6059.74 0
6061.06 0
6062.39 0
6063.71 0
6065.03 0
6066.36 0
6067.68 0
6069.01 0
6070.33 0
6071.65 0
6072.98 0
6074.3 0
6075.63 0
6076.95 0
6078.27 0
6079.6 0
6080.92 0
6082.25 0
6083.57 0
6084.89 0
6086.22 0
6087.54 0
6088.87 0
6090.19 0
6091.51 0
6092.84 0
6094.16 0
6095.49 0
6096.81 0
6098.13 0
6099.46 0
6100.78 0
6102.11 0
6103.43 0
6104.76 0
6106.08 0
6107.4 0
6108.73 0
6110.05 0
6111.38 0
6112.7 0
6114.02 0
6115.35 0
6116.67 0
6118 0
6119.32 0
6120.64 0
6121.97 0
6123.29 0
6124.62 0
6125.94 0
6127.26 0
6128.59 0
6129.91 0
6131.24 0
6132.56 0
6133.88 0
6135.21 0
6136.53 0
6137.86 0
6139.18 0
6140.5 0
6141.83 0
6143.15 0
6144.48 0
6145.8 0
6147.12 0
6148.45 0
6149.77 0
6151.1 0
6152.42 0
6153.74 0
6155.07 0
6156.39 0
6157.72 0
6159.04 0
6160.36 0
6161.69 0
6163.01 0
6164.34 0
6165.66 0
6166.98 0
6168.31 0
6169.63 0
6170.96 0
6172.28 0
6173.6 0
6174.93 0
6176.25 0
6177.58 0
6178.9 0
6180.23 0
6181.55 0
6182.87 0
6184.2 0
6185.52 0
6186.85 0
6188.17 0
6189.49 0
6190.82 0
6192.14 0
6193.47 0
6194.79 0
6196.11 0
6197.44 0
6198.76 0
6200.09 0
6201.41 0
6202.73 0
6204.06 0
6205.38 0
6206.71 0
6208.03 0
6209.35 0
6210.68 0
6212 0
6213.33 0
6214.65 0
6215.97 0
6217.3 0
6218.62 0
6219.95 0
6221.27 0
6222.59 0
6223.92 0
6225.24 0
6226.57 0
6227.89 0
6229.21 0
6230.54 0
6231.86 0
6233.19 0
6234.51 0
6235.83 0
6237.16 0
6238.48 0
6239.81 0
6241.13 0
6242.45 0
6243.78 0
6245.1 0
6246.43 0
6247.75 0
6249.07 0
6250.4 0
6251.72 0
6253.05 0
6254.37 0
6255.7 0
6257.02 0
6258.34 0
6259.67 0
6260.99 0
6262.32 0
6263.64 0
6264.96 0
6266.29 0
6267.61 0
6268.94 0
6270.26 0
6271.58 0
6272.91 0
6274.23 0
6275.56 0
6276.88 0
6278.2 0
6279.53 0
6280.85 0
6282.18 0
6283.5 0
6284.82 0
6286.15 0
6287.47 0
6288.8 0
6290.12 0
6291.44 0
6292.77 0
6294.09 0
6295.42 0
6296.74 0
6298.06 0
6299.39 0
6300.71 0
6302.04 0
6303.36 0
6304.68 0
6306.01 0
6307.33 0
6308.66 0
6309.98 0
6311.3 0
6312.63 0
6313.95 0
6315.28 0
6316.6 0
6317.92 0
6319.25 0
6320.57 0
6321.9 0
6323.22 0
6324.54 0
6325.87 0
6327.19 0
6328.52 0
6329.84 0
6331.17 0
6332.49 0
6333.81 0
6335.14 0
6336.46 0
6337.79 0
6339.11 0
6340.43 0
6341.76 0
6343.08 0
6344.41 0
6345.73 0
6347.05 0
6348.38 0
6349.7 0
6351.03 0
6352.35 0
6353.67 0
6355 0
6356.32 0
6357.65 0
6358.97 0
6360.29 0
6361.62 0
6362.94 0
6364.27 0
6365.59 0
6366.91 0
6368.24 0
6369.56 0
6370.89 0
6372.21 0
6373.53 0
6374.86 0
6376.18 0
6377.51 0
6378.83 0
6380.15 0
6381.48 0
6382.8 0
6384.13 0
6385.45 0
6386.77 0
6388.1 0
6389.42 0
6390.75 0
6392.07 0
6393.39 0
6394.72 0
6396.04 0
6397.37 0
6398.69 0
6400.01 0
6401.34 0
6402.66 0
6403.99 0
6405.31 0
6406.64 0
6407.96 0
6409.28 0
6410.61 0
6411.93 0
6413.26 0
6414.58 0
6415.9 0
6417.23 0
6418.55 0
6419.88 0
6421.2 0
6422.52 0
6423.85 0
6425.17 0
6426.5 0
6427.82 0
6429.14 0
6430.47 0
6431.79 0
6433.12 0
6434.44 0
6435.76 0
6437.09 0
6438.41 0
6439.74 0
6441.06 0
6442.38 0
6443.71 0
6445.03 0
6446.36 0
6447.68 0
6449 0
6450.33 0
6451.65 0
6452.98 0
6454.3 0
6455.62 0
6456.95 0
6458.27 0
6459.6 0
6460.92 0
6462.24 0
6463.57 0
6464.89 0
6466.22 0
6467.54 0
6468.86 0
6470.19 0
6471.51 0
6472.84 0
6474.16 0
6475.48 0
6476.81 0
6478.13 0
6479.46 0
6480.78 0
6482.1 0
6483.43 0
6484.75 0
6486.08 0
6487.4 0
6488.73 0
6490.05 0
6491.37 0
6492.7 0
6494.02 0
6495.35 0
6496.67 0
6497.99 0
6499.32 0
6500.64 0
6501.97 0
6503.29 0
6504.61 0
6505.94 0
6507.26 0
6508.59 0
6509.91 0
6511.23 0
6512.56 0
6513.88 0
6515.21 0
6516.53 0
6517.85 0
6519.18 0
6520.5 0
6521.83 0
6523.15 0
6524.47 0
6525.8 0
6527.12 0
6528.45 0
6529.77 0
6531.09 0
6532.42 0
6533.74 0
6535.07 0
6536.39 0
6537.71 0
6539.04 0
6540.36 0
6541.69 0
6543.01 0
6544.33 0
6545.66 0
6546.98 0
6548.31 0
6549.63 0
6550.95 0
6552.28 0
6553.6 0
6554.93 0
6556.25 0
6557.57 0
6558.9 0
6560.22 0
6561.55 0
6562.87 0
6564.2 0
6565.52 0
6566.84 0
6568.17 0
6569.49 0
6570.82 0
6572.14 0
6573.46 0
6574.79 0
6576.11 0
6577.44 0
6578.76 0
6580.08 0
6581.41 0
6582.73 0
6584.06 0
6585.38 0
6586.7 0
6588.03 0
6589.35 0
6590.68 0
6592 0
6593.32 0
6594.65 0
6595.97 0
6597.3 0
6598.62 0
6599.94 0
6601.27 0
6602.59 0
6603.92 0
6605.24 0
6606.56 0
6607.89 0
6609.21 0
6610.54 0
6611.86 0
6613.18 0
6614.51 0
6615.83 0
6617.16 0
6618.48 0
6619.8 0
